<?xml version="1.0" encoding="UTF-8"?>
<!-- Generated by org.testng.reporters.JUnitXMLReporter -->
<testsuite ignored="0" hostname="Bloom-Mohit" failures="0" tests="88" name="Default test" time="504.47" errors="0" timestamp="2024-07-03T13:25:21 IST">
  <testcase classname="Eligibility_Automation.Smfg_Direct" name="TC_01" time="4.052"/>
  <testcase classname="Eligibility_Automation.Smfg_Direct" name="TC_01" time="3.86"/>
  <testcase classname="Eligibility_Automation.Smfg_Direct" name="TC_01" time="3.961"/>
  <testcase classname="Eligibility_Automation.Smfg_Direct" name="TC_01" time="3.407"/>
  <testcase classname="Eligibility_Automation.Smfg_Direct" name="TC_01" time="3.338"/>
  <testcase classname="Eligibility_Automation.Smfg_Direct" name="TC_01" time="3.813"/>
  <testcase classname="Eligibility_Automation.Smfg_Direct" name="TC_02" time="3.362"/>
  <testcase classname="Eligibility_Automation.Smfg_Direct" name="TC_02" time="3.566"/>
  <testcase classname="Eligibility_Automation.Smfg_Direct" name="TC_02" time="3.821"/>
  <testcase classname="Eligibility_Automation.Smfg_Direct" name="TC_02" time="3.166"/>
  <testcase classname="Eligibility_Automation.Smfg_Direct" name="TC_02" time="3.263"/>
  <testcase classname="Eligibility_Automation.Smfg_Direct" name="TC_02" time="3.562"/>
  <testcase classname="Eligibility_Automation.Smfg_Direct" name="TC_03" time="3.17"/>
  <testcase classname="Eligibility_Automation.Smfg_Direct" name="TC_03" time="3.247"/>
  <testcase classname="Eligibility_Automation.Smfg_Direct" name="TC_03" time="3.299"/>
  <testcase classname="Eligibility_Automation.Smfg_Direct" name="TC_03" time="3.808"/>
  <testcase classname="Eligibility_Automation.Smfg_Direct" name="TC_03" time="3.039"/>
  <testcase classname="Eligibility_Automation.Smfg_Direct" name="TC_03" time="3.218"/>
  <testcase classname="Eligibility_Automation.Smfg_Direct" name="TC_04" time="3.169"/>
  <testcase classname="Eligibility_Automation.Smfg_Direct" name="TC_04" time="3.837"/>
  <testcase classname="Eligibility_Automation.Smfg_Direct" name="TC_04" time="3.094"/>
  <testcase classname="Eligibility_Automation.Smfg_Direct" name="TC_04" time="4.813"/>
  <testcase classname="Eligibility_Automation.Smfg_Direct" name="TC_04" time="3.147"/>
  <testcase classname="Eligibility_Automation.Smfg_Direct" name="TC_04" time="4.181"/>
  <testcase classname="Eligibility_Automation.Smfg_Direct" name="TC_05" time="3.199"/>
  <testcase classname="Eligibility_Automation.Smfg_Direct" name="TC_05" time="3.169"/>
  <testcase classname="Eligibility_Automation.Smfg_Direct" name="TC_05" time="3.174"/>
  <testcase classname="Eligibility_Automation.Smfg_Direct" name="TC_05" time="3.776"/>
  <testcase classname="Eligibility_Automation.Smfg_Direct" name="TC_05" time="3.224"/>
  <testcase classname="Eligibility_Automation.Smfg_Direct" name="TC_05" time="3.344"/>
  <testcase classname="Eligibility_Automation.Smfg_Direct" name="TC_06" time="3.453"/>
  <testcase classname="Eligibility_Automation.Smfg_Direct" name="TC_06" time="3.457"/>
  <testcase classname="Eligibility_Automation.Smfg_Direct" name="TC_06" time="3.782"/>
  <testcase classname="Eligibility_Automation.Smfg_Direct" name="TC_06" time="3.444"/>
  <testcase classname="Eligibility_Automation.Smfg_Direct" name="TC_06" time="3.133"/>
  <testcase classname="Eligibility_Automation.Smfg_Direct" name="TC_06" time="3.101"/>
  <testcase classname="Eligibility_Automation.Smfg_Direct" name="TC_07" time="3.123"/>
  <testcase classname="Eligibility_Automation.Smfg_Direct" name="TC_07" time="3.679"/>
  <testcase classname="Eligibility_Automation.Smfg_Direct" name="TC_07" time="3.149"/>
  <testcase classname="Eligibility_Automation.Smfg_Direct" name="TC_07" time="3.247"/>
  <testcase classname="Eligibility_Automation.Smfg_Direct" name="TC_07" time="3.344"/>
  <testcase classname="Eligibility_Automation.Smfg_Direct" name="TC_07" time="3.337"/>
  <testcase classname="Eligibility_Automation.Smfg_Direct" name="TC_08" time="3.382"/>
  <testcase classname="Eligibility_Automation.Smfg_Direct" name="TC_08" time="3.658"/>
  <testcase classname="Eligibility_Automation.Smfg_Direct" name="TC_08" time="3.478"/>
  <testcase classname="Eligibility_Automation.Smfg_Direct" name="TC_08" time="3.14"/>
  <testcase classname="Eligibility_Automation.Smfg_Direct" name="TC_08" time="3.151"/>
  <testcase classname="Eligibility_Automation.Smfg_Direct" name="TC_08" time="3.383"/>
  <testcase classname="Eligibility_Automation.Smfg_Direct" name="TC_09" time="3.106"/>
  <testcase classname="Eligibility_Automation.Smfg_Direct" name="TC_09" time="3.609"/>
  <testcase classname="Eligibility_Automation.Smfg_Direct" name="TC_09" time="3.296"/>
  <testcase classname="Eligibility_Automation.Smfg_Direct" name="TC_09" time="3.647"/>
  <testcase classname="Eligibility_Automation.Smfg_Direct" name="TC_10" time="3.159"/>
  <testcase classname="Eligibility_Automation.Smfg_Direct" name="TC_10" time="3.561"/>
  <testcase classname="Eligibility_Automation.Smfg_Direct" name="TC_10" time="3.173"/>
  <testcase classname="Eligibility_Automation.Smfg_Direct" name="TC_10" time="3.369"/>
  <testcase classname="Eligibility_Automation.Smfg_Direct" name="TC_10" time="3.765"/>
  <testcase classname="Eligibility_Automation.Smfg_Direct" name="TC_10" time="3.133"/>
  <testcase classname="Eligibility_Automation.Smfg_Direct" name="TC_11" time="13.361"/>
  <testcase classname="Eligibility_Automation.Smfg_Direct" name="TC_11" time="14.015"/>
  <testcase classname="Eligibility_Automation.Smfg_Direct" name="TC_11" time="15.436"/>
  <testcase classname="Eligibility_Automation.Smfg_Direct" name="TC_11" time="15.076"/>
  <testcase classname="Eligibility_Automation.Smfg_Direct" name="TC_11" time="15.66"/>
  <testcase classname="Eligibility_Automation.Smfg_Direct" name="TC_11" time="14.601"/>
  <testcase classname="Eligibility_Automation.Smfg_Direct" name="TC_12" time="3.589"/>
  <testcase classname="Eligibility_Automation.Smfg_Direct" name="TC_12" time="3.858"/>
  <testcase classname="Eligibility_Automation.Smfg_Direct" name="TC_12" time="3.466"/>
  <testcase classname="Eligibility_Automation.Smfg_Direct" name="TC_12" time="3.681"/>
  <testcase classname="Eligibility_Automation.Smfg_Direct" name="TC_12" time="3.599"/>
  <testcase classname="Eligibility_Automation.Smfg_Direct" name="TC_12" time="3.516"/>
  <testcase classname="Eligibility_Automation.Smfg_Direct" name="TC_13" time="14.769"/>
  <testcase classname="Eligibility_Automation.Smfg_Direct" name="TC_13" time="15.514"/>
  <testcase classname="Eligibility_Automation.Smfg_Direct" name="TC_13" time="15.946"/>
  <testcase classname="Eligibility_Automation.Smfg_Direct" name="TC_13" time="16.692"/>
  <testcase classname="Eligibility_Automation.Smfg_Direct" name="TC_13" time="18.33"/>
  <testcase classname="Eligibility_Automation.Smfg_Direct" name="TC_13" time="15.149"/>
  <testcase classname="Eligibility_Automation.Smfg_Direct" name="TC_14" time="3.225"/>
  <testcase classname="Eligibility_Automation.Smfg_Direct" name="TC_14" time="3.209"/>
  <testcase classname="Eligibility_Automation.Smfg_Direct" name="TC_14" time="3.27"/>
  <testcase classname="Eligibility_Automation.Smfg_Direct" name="TC_14" time="3.211"/>
  <testcase classname="Eligibility_Automation.Smfg_Direct" name="TC_14" time="2.935"/>
  <testcase classname="Eligibility_Automation.Smfg_Direct" name="TC_14" time="3.6"/>
  <testcase classname="Eligibility_Automation.Smfg_Direct" name="TC_15" time="3.14"/>
  <testcase classname="Eligibility_Automation.Smfg_Direct" name="TC_15" time="3.162"/>
  <testcase classname="Eligibility_Automation.Smfg_Direct" name="TC_15" time="3.779"/>
  <testcase classname="Eligibility_Automation.Smfg_Direct" name="TC_15" time="3.236"/>
  <testcase classname="Eligibility_Automation.Smfg_Direct" name="TC_15" time="3.203"/>
  <testcase classname="Eligibility_Automation.Smfg_Direct" name="TC_15" time="3.385"/>
</testsuite> <!-- Default test -->
