<?xml version="1.0" encoding="UTF-8"?>
<testng-results ignored="0" total="88" passed="88" failed="0" skipped="0">
  <reporter-output>
    <line>
      <![CDATA[ DB Connection Successfull]]>
    </line>
    <line>
      <![CDATA[ DB Connection Successfull]]>
    </line>
    <line>
      <![CDATA[TC_01 : To verify the final capping if policy is Smfg_DIRECT , no experiment, ABB & BTO When Risk_Grade is =A]]>
    </line>
    <line>
      <![CDATA[ Test Loancode =669895efvnf3h]]>
    </line>
    <line>
      <![CDATA[Derived_BTO is =-109567.84 , No haircut and Max Capping is 1500000]]>
    </line>
    <line>
      <![CDATA[ Final Eligibility = -109567.84 since max cap is min of haircut and derived amount.]]>
    </line>
    <line>
      <![CDATA[Derived_ABB is =360903.28 , No haircut and Max Capping is 1500000]]>
    </line>
    <line>
      <![CDATA[ Final Eligibility = 360903.28 since max cap is min of haircut and derived amount.]]>
    </line>
    <line>
      <![CDATA[TC_01 : To verify the final capping if policy is Smfg_DIRECT , no experiment, ABB & BTO When Risk_Grade is =B]]>
    </line>
    <line>
      <![CDATA[ Test Loancode =669895efvnf3h]]>
    </line>
    <line>
      <![CDATA[Derived_BTO is =-91385.04 , No haircut and Max Capping is 1500000]]>
    </line>
    <line>
      <![CDATA[ Final Eligibility = -91385.04 since max cap is min of haircut and derived amount.]]>
    </line>
    <line>
      <![CDATA[Derived_ABB is =301011.3 , No haircut and Max Capping is 1500000]]>
    </line>
    <line>
      <![CDATA[ Final Eligibility = 301011.3 since max cap is min of haircut and derived amount.]]>
    </line>
    <line>
      <![CDATA[TC_01 : To verify the final capping if policy is Smfg_DIRECT , no experiment, ABB & BTO When Risk_Grade is =C]]>
    </line>
    <line>
      <![CDATA[ Test Loancode =669895efvnf3h]]>
    </line>
    <line>
      <![CDATA[Derived_BTO is =-71503.18 , No haircut and Max Capping is 1500000]]>
    </line>
    <line>
      <![CDATA[ Final Eligibility = -71503.18 since max cap is min of haircut and derived amount.]]>
    </line>
    <line>
      <![CDATA[Derived_ABB is =235522.84 , No haircut and Max Capping is 1500000]]>
    </line>
    <line>
      <![CDATA[ Final Eligibility = 235522.84 since max cap is min of haircut and derived amount.]]>
    </line>
    <line>
      <![CDATA[TC_01 : To verify the final capping if policy is Smfg_DIRECT , no experiment, ABB & BTO When Risk_Grade is =D]]>
    </line>
    <line>
      <![CDATA[ Test Loancode =669895efvnf3h]]>
    </line>
    <line>
      <![CDATA[Derived_BTO is =-49763.49 , No haircut and Max Capping is 1500000]]>
    </line>
    <line>
      <![CDATA[ Final Eligibility = -49763.49 since max cap is min of haircut and derived amount.]]>
    </line>
    <line>
      <![CDATA[Derived_ABB is =163914.92 , No haircut and Max Capping is 1500000]]>
    </line>
    <line>
      <![CDATA[ Final Eligibility = 163914.92 since max cap is min of haircut and derived amount.]]>
    </line>
    <line>
      <![CDATA[TC_01 : To verify the final capping if policy is Smfg_DIRECT , no experiment, ABB & BTO When Risk_Grade is =E]]>
    </line>
    <line>
      <![CDATA[ Test Loancode =669895efvnf3h]]>
    </line>
    <line>
      <![CDATA[Derived_BTO is =-49763.49 , No haircut and Max Capping is 1000000]]>
    </line>
    <line>
      <![CDATA[ Final Eligibility = -49763.49 since max cap is min of haircut and derived amount.]]>
    </line>
    <line>
      <![CDATA[Derived_ABB is =163914.92 , No haircut and Max Capping is 1500000]]>
    </line>
    <line>
      <![CDATA[ Final Eligibility = 163914.92 since max cap is min of haircut and derived amount.]]>
    </line>
    <line>
      <![CDATA[TC_01 : To verify the final capping if policy is Smfg_DIRECT , no experiment, ABB & BTO When Risk_Grade is =NA]]>
    </line>
    <line>
      <![CDATA[ Test Loancode =669895efvnf3h]]>
    </line>
    <line>
      <![CDATA[Derived_BTO is =-71503.18 , No haircut and Max Capping is 1500000]]>
    </line>
    <line>
      <![CDATA[ Final Eligibility = -71503.18 since max cap is min of haircut and derived amount.]]>
    </line>
    <line>
      <![CDATA[Derived_ABB is =235522.84 , No haircut and Max Capping is 1500000]]>
    </line>
    <line>
      <![CDATA[ Final Eligibility = 235522.84 since max cap is min of haircut and derived amount.]]>
    </line>
    <line>
      <![CDATA[TC_02 : When experiment is Both Rented, Policy Smfg_DIRECT When Risk_Grade is A]]>
    </line>
    <line>
      <![CDATA[ Test Loancode =669895efvnf3h]]>
    </line>
    <line>
      <![CDATA[Derived_BTO is =-109567.84 , No haircut and Max Capping is 1000000]]>
    </line>
    <line>
      <![CDATA[ Final Eligibility = -109567.84 since max cap is min of haircut and derived amount.]]>
    </line>
    <line>
      <![CDATA[Derived_ABB is =360903.28 , No haircut and Max Capping is 1000000]]>
    </line>
    <line>
      <![CDATA[ Final Eligibility = 360903.28 since max cap is min of haircut and derived amount.]]>
    </line>
    <line>
      <![CDATA[TC_02 : When experiment is Both Rented, Policy Smfg_DIRECT When Risk_Grade is B]]>
    </line>
    <line>
      <![CDATA[ Test Loancode =669895efvnf3h]]>
    </line>
    <line>
      <![CDATA[Derived_BTO is =-91385.04 , 15% haircut and Max Capping is 800000]]>
    </line>
    <line>
      <![CDATA[ Final Eligibility = -91385.04 since max cap is min of haircut and derived amount.]]>
    </line>
    <line>
      <![CDATA[Derived_ABB is =301011.3 ,15% haircut and Max Capping is 800000]]>
    </line>
    <line>
      <![CDATA[ Final Eligibility = 255859.6 since max cap is min of haircut and derived amount.]]>
    </line>
    <line>
      <![CDATA[TC_02 : When experiment is Both Rented, Policy Smfg_DIRECT When Risk_Grade is C]]>
    </line>
    <line>
      <![CDATA[ Test Loancode =669895efvnf3h]]>
    </line>
    <line>
      <![CDATA[Derived_BTO is =-71503.18 , 25% haircut and Max Capping is 600000]]>
    </line>
    <line>
      <![CDATA[ Final Eligibility = -71503.18 since max cap is min of haircut and derived amount.]]>
    </line>
    <line>
      <![CDATA[Derived_ABB is =235522.84 , 25% haircut and Max Capping is 600000]]>
    </line>
    <line>
      <![CDATA[ Final Eligibility = 176642.12 since max cap is min of haircut and derived amount.]]>
    </line>
    <line>
      <![CDATA[TC_02 : When experiment is Both Rented, Policy Smfg_DIRECT When Risk_Grade is D]]>
    </line>
    <line>
      <![CDATA[ Test Loancode =669895efvnf3h]]>
    </line>
    <line>
      <![CDATA[Derived_BTO is =-49763.49 , 25% haircut and Max Capping is 600000]]>
    </line>
    <line>
      <![CDATA[ Final Eligibility = -49763.49 since max cap is min of haircut and derived amount.]]>
    </line>
    <line>
      <![CDATA[Derived_ABB is =163914.92 , 25% haircut and Max Capping is 600000]]>
    </line>
    <line>
      <![CDATA[ Final Eligibility = 0.0 since max cap is min of haircut and derived amount.]]>
    </line>
    <line>
      <![CDATA[TC_02 : When experiment is Both Rented, Policy Smfg_DIRECT When Risk_Grade is E]]>
    </line>
    <line>
      <![CDATA[ Test Loancode =669895efvnf3h]]>
    </line>
    <line>
      <![CDATA[Derived_BTO is =-49763.49 , 25% haircut and Max Capping is 600000]]>
    </line>
    <line>
      <![CDATA[ Final Eligibility = -49763.49 since max cap is min of haircut and derived amount.]]>
    </line>
    <line>
      <![CDATA[Derived_ABB is =163914.92 , 25% haircut and Max Capping is 600000]]>
    </line>
    <line>
      <![CDATA[ Final Eligibility = 0.0 since max cap is min of haircut and derived amount.]]>
    </line>
    <line>
      <![CDATA[TC_02 : When experiment is Both Rented, Policy Smfg_DIRECT When Risk_Grade is NA]]>
    </line>
    <line>
      <![CDATA[ Test Loancode =669895efvnf3h]]>
    </line>
    <line>
      <![CDATA[Derived_BTO is =-71503.18 , 25% haircut and Max Capping is 600000]]>
    </line>
    <line>
      <![CDATA[ Final Eligibility = -71503.18 since max cap is min of haircut and derived amount.]]>
    </line>
    <line>
      <![CDATA[Derived_ABB is =235522.84 , 25% haircut and Max Capping is 600000]]>
    </line>
    <line>
      <![CDATA[ Final Eligibility = 0.0 since max cap is min of haircut and derived amount.]]>
    </line>
    <line>
      <![CDATA[TC_03 :When experiment is Cautious Profile, Policy Smfg_DIRECT When Risk_Grade is A]]>
    </line>
    <line>
      <![CDATA[ Test Loancode =669895efvnf3h]]>
    </line>
    <line>
      <![CDATA[Derived_BTO is =-109567.84 , No haircut and Max Capping is 1500000]]>
    </line>
    <line>
      <![CDATA[ Final Eligibility = -109567.84 since max cap is min of haircut and derived amount.]]>
    </line>
    <line>
      <![CDATA[Derived_ABB is =360903.28 , No haircut and Max Capping is 1500000]]>
    </line>
    <line>
      <![CDATA[ Final Eligibility = 360903.28 since max cap is min of haircut and derived amount.]]>
    </line>
    <line>
      <![CDATA[TC_03 :When experiment is Cautious Profile, Policy Smfg_DIRECT When Risk_Grade is B]]>
    </line>
    <line>
      <![CDATA[ Test Loancode =669895efvnf3h]]>
    </line>
    <line>
      <![CDATA[Derived_BTO is =-91385.04 , 15% haircut and Max Capping is 1500000]]>
    </line>
    <line>
      <![CDATA[ Final Eligibility = -91385.04 since max cap is min of haircut and derived amount.]]>
    </line>
    <line>
      <![CDATA[Derived_ABB is =301011.3 , 15% haircut and Max Capping is 1500000]]>
    </line>
    <line>
      <![CDATA[ Final Eligibility = 255859.6 since max cap is min of haircut and derived amount.]]>
    </line>
    <line>
      <![CDATA[TC_03 :When experiment is Cautious Profile, Policy Smfg_DIRECT When Risk_Grade is C]]>
    </line>
    <line>
      <![CDATA[ Test Loancode =669895efvnf3h]]>
    </line>
    <line>
      <![CDATA[Derived_BTO is =-71503.18 , 25% haircut and Max Capping is 1500000]]>
    </line>
    <line>
      <![CDATA[ Final Eligibility = -71503.18 since max cap is min of haircut and derived amount.]]>
    </line>
    <line>
      <![CDATA[Derived_ABB is =235522.84 , 25% haircut and Max Capping is 1500000]]>
    </line>
    <line>
      <![CDATA[ Final Eligibility = 176642.12 since max cap is min of haircut and derived amount.]]>
    </line>
    <line>
      <![CDATA[TC_03 :When experiment is Cautious Profile, Policy Smfg_DIRECT When Risk_Grade is D]]>
    </line>
    <line>
      <![CDATA[ Test Loancode =669895efvnf3h]]>
    </line>
    <line>
      <![CDATA[Derived_BTO is =-49763.49 , 25% haircut and Max Capping is 1500000]]>
    </line>
    <line>
      <![CDATA[ Final Eligibility = -49763.49 since max cap is min of haircut and derived amount.]]>
    </line>
    <line>
      <![CDATA[Derived_ABB is =163914.92 , 25% haircut and Max Capping is 1500000]]>
    </line>
    <line>
      <![CDATA[ Final Eligibility = 122936.19 since max cap is min of haircut and derived amount.]]>
    </line>
    <line>
      <![CDATA[TC_03 :When experiment is Cautious Profile, Policy Smfg_DIRECT When Risk_Grade is E]]>
    </line>
    <line>
      <![CDATA[ Test Loancode =669895efvnf3h]]>
    </line>
    <line>
      <![CDATA[Derived_BTO is =-49763.49 , 25% haircut and Max Capping is 1500000]]>
    </line>
    <line>
      <![CDATA[ Final Eligibility = -49763.49 since max cap is min of haircut and derived amount.]]>
    </line>
    <line>
      <![CDATA[Derived_ABB is =163914.92 , 25% haircut and Max Capping is 1500000]]>
    </line>
    <line>
      <![CDATA[ Final Eligibility = 0.0 since max cap is min of haircut and derived amount.]]>
    </line>
    <line>
      <![CDATA[TC_03 :When experiment is Cautious Profile, Policy Smfg_DIRECT When Risk_Grade is NA]]>
    </line>
    <line>
      <![CDATA[ Test Loancode =669895efvnf3h]]>
    </line>
    <line>
      <![CDATA[Derived_BTO is =-71503.18 , 25% haircut and Max Capping is 1500000]]>
    </line>
    <line>
      <![CDATA[ Final Eligibility = -71503.18 since max cap is min of haircut and derived amount.]]>
    </line>
    <line>
      <![CDATA[Derived_ABB is =235522.84 , 25% haircut and Max Capping is 1500000]]>
    </line>
    <line>
      <![CDATA[ Final Eligibility = 0.0 since max cap is min of haircut and derived amount.]]>
    </line>
    <line>
      <![CDATA[TC_04 :When experiment is Toxic Profile, Policy Smfg_DIRECT When Risk_Grade is A]]>
    </line>
    <line>
      <![CDATA[ Test Loancode =669895efvnf3h]]>
    </line>
    <line>
      <![CDATA[Derived_BTO is =-109567.84 , No haircut and Max Capping is 1000000]]>
    </line>
    <line>
      <![CDATA[ Final Eligibility = -109567.84 since max cap is min of haircut and derived amount.]]>
    </line>
    <line>
      <![CDATA[Derived_ABB is =360903.28 , No haircut and Max Capping is 1000000]]>
    </line>
    <line>
      <![CDATA[ Final Eligibility = 360903.28 since max cap is min of haircut and derived amount.]]>
    </line>
    <line>
      <![CDATA[TC_04 :When experiment is Toxic Profile, Policy Smfg_DIRECT When Risk_Grade is B]]>
    </line>
    <line>
      <![CDATA[ Test Loancode =669895efvnf3h]]>
    </line>
    <line>
      <![CDATA[Derived_BTO is =-91385.04 ,15.0% haircut and Max Capping is 1000000]]>
    </line>
    <line>
      <![CDATA[ Final Eligibility = -91385.04 since max cap is min of haircut and derived amount.]]>
    </line>
    <line>
      <![CDATA[Derived_ABB is =301011.3 ,15.0% haircut and Max Capping is 1000000]]>
    </line>
    <line>
      <![CDATA[ Final Eligibility = 255859.6 since max cap is min of haircut and derived amount.]]>
    </line>
    <line>
      <![CDATA[TC_04 :When experiment is Toxic Profile, Policy Smfg_DIRECT When Risk_Grade is C]]>
    </line>
    <line>
      <![CDATA[ Test Loancode =669895efvnf3h]]>
    </line>
    <line>
      <![CDATA[Derived_BTO is =-71503.18 ,25.0% haircut and Max Capping is 1000000]]>
    </line>
    <line>
      <![CDATA[ Final Eligibility = -71503.18 since max cap is min of haircut and derived amount.]]>
    </line>
    <line>
      <![CDATA[Derived_ABB is =235522.84 ,25.0% haircut and Max Capping is 1000000]]>
    </line>
    <line>
      <![CDATA[ Final Eligibility = 176642.12 since max cap is min of haircut and derived amount.]]>
    </line>
    <line>
      <![CDATA[TC_04 :When experiment is Toxic Profile, Policy Smfg_DIRECT When Risk_Grade is D]]>
    </line>
    <line>
      <![CDATA[ Test Loancode =669895efvnf3h]]>
    </line>
    <line>
      <![CDATA[Derived_BTO is =-49763.49 ,25.0% haircut and Max Capping is 1000000]]>
    </line>
    <line>
      <![CDATA[ Final Eligibility = -49763.49 since max cap is min of haircut and derived amount.]]>
    </line>
    <line>
      <![CDATA[Derived_ABB is =163914.92 ,25.0% haircut and Max Capping is 1000000]]>
    </line>
    <line>
      <![CDATA[ Final Eligibility = 0.0 since max cap is min of haircut and derived amount.]]>
    </line>
    <line>
      <![CDATA[TC_04 :When experiment is Toxic Profile, Policy Smfg_DIRECT When Risk_Grade is E]]>
    </line>
    <line>
      <![CDATA[ Test Loancode =669895efvnf3h]]>
    </line>
    <line>
      <![CDATA[Derived_BTO is =-49763.49 ,25.0% haircut and Max Capping is 1000000]]>
    </line>
    <line>
      <![CDATA[ Final Eligibility = -49763.49 since max cap is min of haircut and derived amount.]]>
    </line>
    <line>
      <![CDATA[Derived_ABB is =163914.92 ,25.0% haircut and Max Capping is 1000000]]>
    </line>
    <line>
      <![CDATA[ Final Eligibility = 0.0 since max cap is min of haircut and derived amount.]]>
    </line>
    <line>
      <![CDATA[TC_04 :When experiment is Toxic Profile, Policy Smfg_DIRECT When Risk_Grade is NA]]>
    </line>
    <line>
      <![CDATA[ Test Loancode =669895efvnf3h]]>
    </line>
    <line>
      <![CDATA[Derived_BTO is =-71503.18 ,25.0% haircut and Max Capping is 1000000]]>
    </line>
    <line>
      <![CDATA[ Final Eligibility = -71503.18 since max cap is min of haircut and derived amount.]]>
    </line>
    <line>
      <![CDATA[Derived_ABB is =235522.84 ,25.0% haircut and Max Capping is 1000000]]>
    </line>
    <line>
      <![CDATA[ Final Eligibility = 0.0 since max cap is min of haircut and derived amount.]]>
    </line>
    <line>
      <![CDATA[TC_05 : When experiment is Cautious Location, Policy Smfg_DIRECT when Risk_Grade is A]]>
    </line>
    <line>
      <![CDATA[ Test Loancode =669895efvnf3h]]>
    </line>
    <line>
      <![CDATA[Derived_BTO is =-109567.84 , No haircut and Max Capping is 1500000]]>
    </line>
    <line>
      <![CDATA[ Final Eligibility = -109567.84 since max cap is min of haircut and derived amount.]]>
    </line>
    <line>
      <![CDATA[Derived_ABB is =360903.28 , No haircut and Max Capping is 1500000]]>
    </line>
    <line>
      <![CDATA[ Final Eligibility = 360903.28 since max cap is min of haircut and derived amount.]]>
    </line>
    <line>
      <![CDATA[TC_05 : When experiment is Cautious Location, Policy Smfg_DIRECT when Risk_Grade is B]]>
    </line>
    <line>
      <![CDATA[ Test Loancode =669895efvnf3h]]>
    </line>
    <line>
      <![CDATA[Derived_BTO is =-91385.04 , 15% haircut and Max Capping is 1500000]]>
    </line>
    <line>
      <![CDATA[ Final Eligibility = -91385.04 since max cap is min of haircut and derived amount.]]>
    </line>
    <line>
      <![CDATA[Derived_ABB is =301011.3 , 15% haircut and Max Capping is 1500000]]>
    </line>
    <line>
      <![CDATA[ Final Eligibility = 255859.6 since max cap is min of haircut and derived amount.]]>
    </line>
    <line>
      <![CDATA[TC_05 : When experiment is Cautious Location, Policy Smfg_DIRECT when Risk_Grade is C]]>
    </line>
    <line>
      <![CDATA[ Test Loancode =669895efvnf3h]]>
    </line>
    <line>
      <![CDATA[Derived_BTO is =-71503.18 , 25% haircut and Max Capping is 1000000]]>
    </line>
    <line>
      <![CDATA[ Final Eligibility = -71503.18 since max cap is min of haircut and derived amount.]]>
    </line>
    <line>
      <![CDATA[Derived_ABB is =235522.84 , 25% haircut and Max Capping is 1000000]]>
    </line>
    <line>
      <![CDATA[ Final Eligibility = 176642.12 since max cap is min of haircut and derived amount.]]>
    </line>
    <line>
      <![CDATA[TC_05 : When experiment is Cautious Location, Policy Smfg_DIRECT when Risk_Grade is D]]>
    </line>
    <line>
      <![CDATA[ Test Loancode =669895efvnf3h]]>
    </line>
    <line>
      <![CDATA[Derived_BTO is =-49763.49 , 25% haircut and Max Capping is 1000000]]>
    </line>
    <line>
      <![CDATA[ Final Eligibility = -49763.49 since max cap is min of haircut and derived amount.]]>
    </line>
    <line>
      <![CDATA[Derived_ABB is =163914.92 , 25% haircut and Max Capping is 1000000]]>
    </line>
    <line>
      <![CDATA[ Final Eligibility = 122936.19 since max cap is min of haircut and derived amount.]]>
    </line>
    <line>
      <![CDATA[TC_05 : When experiment is Cautious Location, Policy Smfg_DIRECT when Risk_Grade is E]]>
    </line>
    <line>
      <![CDATA[ Test Loancode =669895efvnf3h]]>
    </line>
    <line>
      <![CDATA[Derived_BTO is =-49763.49 , 25% haircut and Max Capping is 1000000]]>
    </line>
    <line>
      <![CDATA[ Final Eligibility = -49763.49 since max cap is min of haircut and derived amount.]]>
    </line>
    <line>
      <![CDATA[Derived_ABB is =163914.92 , 25% haircut and Max Capping is 1000000]]>
    </line>
    <line>
      <![CDATA[ Final Eligibility = 0.0 since max cap is min of haircut and derived amount.]]>
    </line>
    <line>
      <![CDATA[TC_05 : When experiment is Cautious Location, Policy Smfg_DIRECT when Risk_Grade is NA]]>
    </line>
    <line>
      <![CDATA[ Test Loancode =669895efvnf3h]]>
    </line>
    <line>
      <![CDATA[Derived_BTO is =-71503.18 , 25% haircut and Max Capping is 1000000]]>
    </line>
    <line>
      <![CDATA[ Final Eligibility = -71503.18 since max cap is min of haircut and derived amount.]]>
    </line>
    <line>
      <![CDATA[Derived_ABB is =235522.84 , 25% haircut and Max Capping is 1000000]]>
    </line>
    <line>
      <![CDATA[ Final Eligibility = 0.0 since max cap is min of haircut and derived amount.]]>
    </line>
    <line>
      <![CDATA[TC_06 : When experiment is Salaried, Policy Smfg_DIRECT When Risk_Grade is A]]>
    </line>
    <line>
      <![CDATA[ Test Loancode =669895efvnf3h]]>
    </line>
    <line>
      <![CDATA[Derived_BTO is =-109567.84 , No haircut and Max Capping is 1000000]]>
    </line>
    <line>
      <![CDATA[ Final Eligibility = -109567.84 since max cap is min of haircut and derived amount.]]>
    </line>
    <line>
      <![CDATA[Derived_ABB is =360903.28 , No haircut and Max Capping is 1000000]]>
    </line>
    <line>
      <![CDATA[ Final Eligibility = 360903.28 since max cap is min of haircut and derived amount.]]>
    </line>
    <line>
      <![CDATA[TC_06 : When experiment is Salaried, Policy Smfg_DIRECT When Risk_Grade is B]]>
    </line>
    <line>
      <![CDATA[ Test Loancode =669895efvnf3h]]>
    </line>
    <line>
      <![CDATA[Derived_BTO is =-91385.04 , 15% haircut and Max Capping is 800000]]>
    </line>
    <line>
      <![CDATA[ Final Eligibility = -91385.04 since max cap is min of haircut and derived amount.]]>
    </line>
    <line>
      <![CDATA[Derived_ABB is =301011.3 , 15% haircut and Max Capping is 800000]]>
    </line>
    <line>
      <![CDATA[ Final Eligibility = 255859.6 since max cap is min of haircut and derived amount.]]>
    </line>
    <line>
      <![CDATA[TC_06 : When experiment is Salaried, Policy Smfg_DIRECT When Risk_Grade is C]]>
    </line>
    <line>
      <![CDATA[ Test Loancode =669895efvnf3h]]>
    </line>
    <line>
      <![CDATA[Derived_BTO is =-71503.18 , 25% haircut and Max Capping is 600000]]>
    </line>
    <line>
      <![CDATA[ Final Eligibility = -71503.18 since max cap is min of haircut and derived amount.]]>
    </line>
    <line>
      <![CDATA[Derived_ABB is =235522.84 , 25% haircut and Max Capping is 600000]]>
    </line>
    <line>
      <![CDATA[ Final Eligibility = 176642.12 since max cap is min of haircut and derived amount.]]>
    </line>
    <line>
      <![CDATA[TC_06 : When experiment is Salaried, Policy Smfg_DIRECT When Risk_Grade is D]]>
    </line>
    <line>
      <![CDATA[ Test Loancode =669895efvnf3h]]>
    </line>
    <line>
      <![CDATA[Eligibility is not getting calculated properly..!!!]]>
    </line>
    <line>
      <![CDATA[Capping Amount After Haircut = 0]]>
    </line>
    <line>
      <![CDATA[Final Eligibility = 0]]>
    </line>
    <line>
      <![CDATA[Derived_ABB is =163914.92 , 25% haircut and Max Capping is 00.00 ]]>
    </line>
    <line>
      <![CDATA[ Final Eligibility = 0.0 since max cap is min of haircut and derived amount.]]>
    </line>
    <line>
      <![CDATA[TC_06 : When experiment is Salaried, Policy Smfg_DIRECT When Risk_Grade is E]]>
    </line>
    <line>
      <![CDATA[ Test Loancode =669895efvnf3h]]>
    </line>
    <line>
      <![CDATA[Eligibility is not getting calculated properly..!!!]]>
    </line>
    <line>
      <![CDATA[Capping Amount After Haircut = 0]]>
    </line>
    <line>
      <![CDATA[Final Eligibility = 0]]>
    </line>
    <line>
      <![CDATA[Derived_ABB is =163914.92 , 25% haircut and Max Capping is 00.00 ]]>
    </line>
    <line>
      <![CDATA[ Final Eligibility = 0.0 since max cap is min of haircut and derived amount.]]>
    </line>
    <line>
      <![CDATA[TC_06 : When experiment is Salaried, Policy Smfg_DIRECT When Risk_Grade is NA]]>
    </line>
    <line>
      <![CDATA[ Test Loancode =669895efvnf3h]]>
    </line>
    <line>
      <![CDATA[Derived_BTO is =-71503.18 , 25% haircut and Max Capping is 600000]]>
    </line>
    <line>
      <![CDATA[ Final Eligibility = -71503.18 since max cap is min of haircut and derived amount.]]>
    </line>
    <line>
      <![CDATA[Derived_ABB is =235522.84 , 25% haircut and Max Capping is 600000]]>
    </line>
    <line>
      <![CDATA[ Final Eligibility = 0.0 since max cap is min of haircut and derived amount.]]>
    </line>
    <line>
      <![CDATA[TC_07 :When Experiment is Personal Loan, Policy Smfg_DIRECT When Risk_Grade is A]]>
    </line>
    <line>
      <![CDATA[ Test Loancode =669895efvnf3h]]>
    </line>
    <line>
      <![CDATA[Derived_BTO is =-109567.84 , No haircut and Max Capping is 500000]]>
    </line>
    <line>
      <![CDATA[ Final Eligibility = -109567.84 since max cap is min of haircut and derived amount.]]>
    </line>
    <line>
      <![CDATA[Derived_ABB is =360903.28 , No haircut and Max Capping is 500000]]>
    </line>
    <line>
      <![CDATA[ Final Eligibility = 360903.28 since max cap is min of haircut and derived amount.]]>
    </line>
    <line>
      <![CDATA[TC_07 :When Experiment is Personal Loan, Policy Smfg_DIRECT When Risk_Grade is B]]>
    </line>
    <line>
      <![CDATA[ Test Loancode =669895efvnf3h]]>
    </line>
    <line>
      <![CDATA[Derived_BTO is =-91385.04 , 15.0% haircut and Max Capping is 500000]]>
    </line>
    <line>
      <![CDATA[ Final Eligibility = -91385.04 since max cap is min of haircut and derived amount.]]>
    </line>
    <line>
      <![CDATA[Derived_ABB is =301011.3 , 15.0% haircut and Max Capping is 500000]]>
    </line>
    <line>
      <![CDATA[ Final Eligibility = 255859.6 since max cap is min of haircut and derived amount.]]>
    </line>
    <line>
      <![CDATA[TC_07 :When Experiment is Personal Loan, Policy Smfg_DIRECT When Risk_Grade is C]]>
    </line>
    <line>
      <![CDATA[ Test Loancode =669895efvnf3h]]>
    </line>
    <line>
      <![CDATA[Derived_BTO is =-71503.18 , 25.0% haircut and Max Capping is 500000]]>
    </line>
    <line>
      <![CDATA[ Final Eligibility = -71503.18 since max cap is min of haircut and derived amount.]]>
    </line>
    <line>
      <![CDATA[Derived_ABB is =235522.84 , 25.0% haircut and Max Capping is 500000]]>
    </line>
    <line>
      <![CDATA[ Final Eligibility = 176642.12 since max cap is min of haircut and derived amount.]]>
    </line>
    <line>
      <![CDATA[TC_07 :When Experiment is Personal Loan, Policy Smfg_DIRECT When Risk_Grade is D]]>
    </line>
    <line>
      <![CDATA[ Test Loancode =669895efvnf3h]]>
    </line>
    <line>
      <![CDATA[Derived_BTO is =-49763.49 , 25.0% haircut and Max Capping is 00.00]]>
    </line>
    <line>
      <![CDATA[ Final Eligibility = -49763.49 since max cap is min of haircut and derived amount.]]>
    </line>
    <line>
      <![CDATA[Derived_ABB is =163914.92 , 25.0% haircut and Max Capping is 00.00]]>
    </line>
    <line>
      <![CDATA[ Final Eligibility = 0.0 since max cap is min of haircut and derived amount.]]>
    </line>
    <line>
      <![CDATA[TC_07 :When Experiment is Personal Loan, Policy Smfg_DIRECT When Risk_Grade is E]]>
    </line>
    <line>
      <![CDATA[ Test Loancode =669895efvnf3h]]>
    </line>
    <line>
      <![CDATA[Derived_BTO is =-49763.49 , 25.0% haircut and Max Capping is 00.00]]>
    </line>
    <line>
      <![CDATA[ Final Eligibility = -49763.49 since max cap is min of haircut and derived amount.]]>
    </line>
    <line>
      <![CDATA[Derived_ABB is =163914.92 , 25.0% haircut and Max Capping is 00.00]]>
    </line>
    <line>
      <![CDATA[ Final Eligibility = 0.0 since max cap is min of haircut and derived amount.]]>
    </line>
    <line>
      <![CDATA[TC_07 :When Experiment is Personal Loan, Policy Smfg_DIRECT When Risk_Grade is NA]]>
    </line>
    <line>
      <![CDATA[ Test Loancode =669895efvnf3h]]>
    </line>
    <line>
      <![CDATA[Derived_BTO is =-71503.18 , 25.0% haircut and Max Capping is 500000]]>
    </line>
    <line>
      <![CDATA[ Final Eligibility = -71503.18 since max cap is min of haircut and derived amount.]]>
    </line>
    <line>
      <![CDATA[Derived_ABB is =235522.84 , 25.0% haircut and Max Capping is 500000]]>
    </line>
    <line>
      <![CDATA[ Final Eligibility = 0.0 since max cap is min of haircut and derived amount.]]>
    </line>
    <line>
      <![CDATA[TC_08 : When Experiment is Saving Account, Policy Smfg_DIRECT When Risk_Grade is A]]>
    </line>
    <line>
      <![CDATA[ Test Loancode =669895efvnf3h]]>
    </line>
    <line>
      <![CDATA[Derived_BTO is =-109567.84 , 30% haircut and Max Capping is 500000]]>
    </line>
    <line>
      <![CDATA[ Final Eligibility = -109567.84 since max cap is min of haircut and derived amount.]]>
    </line>
    <line>
      <![CDATA[Derived_ABB is =360903.28 , 30% haircut and Max Capping is 500000]]>
    </line>
    <line>
      <![CDATA[ Final Eligibility = 252632.3 since max cap is min of haircut and derived amount.]]>
    </line>
    <line>
      <![CDATA[TC_08 : When Experiment is Saving Account, Policy Smfg_DIRECT When Risk_Grade is B]]>
    </line>
    <line>
      <![CDATA[ Test Loancode =669895efvnf3h]]>
    </line>
    <line>
      <![CDATA[Derived_BTO is =-91385.04 , 30% haircut and Max Capping is 500000]]>
    </line>
    <line>
      <![CDATA[ Final Eligibility = -91385.04 since max cap is min of haircut and derived amount.]]>
    </line>
    <line>
      <![CDATA[Derived_ABB is =301011.3 , 30% haircut and Max Capping is 500000]]>
    </line>
    <line>
      <![CDATA[ Final Eligibility = 210707.9 since max cap is min of haircut and derived amount.]]>
    </line>
    <line>
      <![CDATA[TC_08 : When Experiment is Saving Account, Policy Smfg_DIRECT When Risk_Grade is C]]>
    </line>
    <line>
      <![CDATA[ Test Loancode =669895efvnf3h]]>
    </line>
    <line>
      <![CDATA[Derived_BTO is =-71503.18 , 30% haircut and Max Capping is 500000]]>
    </line>
    <line>
      <![CDATA[ Final Eligibility = -71503.18 since max cap is min of haircut and derived amount.]]>
    </line>
    <line>
      <![CDATA[Derived_ABB is =235522.84 , 30% haircut and Max Capping is 500000]]>
    </line>
    <line>
      <![CDATA[ Final Eligibility = 164865.98 since max cap is min of haircut and derived amount.]]>
    </line>
    <line>
      <![CDATA[TC_08 : When Experiment is Saving Account, Policy Smfg_DIRECT When Risk_Grade is D]]>
    </line>
    <line>
      <![CDATA[ Test Loancode =669895efvnf3h]]>
    </line>
    <line>
      <![CDATA[Eligibility is not getting calculated properly..!!!]]>
    </line>
    <line>
      <![CDATA[Capping Amount After Haircut = 0]]>
    </line>
    <line>
      <![CDATA[Final Eligibility = 0]]>
    </line>
    <line>
      <![CDATA[Derived_ABB is =163914.92 , 30% haircut and Max Capping is 00.00]]>
    </line>
    <line>
      <![CDATA[ Final Eligibility = 114740.44 since max cap is min of haircut and derived amount.]]>
    </line>
    <line>
      <![CDATA[TC_08 : When Experiment is Saving Account, Policy Smfg_DIRECT When Risk_Grade is E]]>
    </line>
    <line>
      <![CDATA[ Test Loancode =669895efvnf3h]]>
    </line>
    <line>
      <![CDATA[Eligibility is not getting calculated properly..!!!]]>
    </line>
    <line>
      <![CDATA[Capping Amount After Haircut = 0]]>
    </line>
    <line>
      <![CDATA[Final Eligibility = 0]]>
    </line>
    <line>
      <![CDATA[Derived_ABB is =163914.92 , 30% haircut and Max Capping is 00.00]]>
    </line>
    <line>
      <![CDATA[ Final Eligibility = 114740.44 since max cap is min of haircut and derived amount.]]>
    </line>
    <line>
      <![CDATA[TC_08 : When Experiment is Saving Account, Policy Smfg_DIRECT When Risk_Grade is NA]]>
    </line>
    <line>
      <![CDATA[ Test Loancode =669895efvnf3h]]>
    </line>
    <line>
      <![CDATA[Derived_BTO is =-71503.18 , 30% haircut and Max Capping is 500000]]>
    </line>
    <line>
      <![CDATA[ Final Eligibility = -71503.18 since max cap is min of haircut and derived amount.]]>
    </line>
    <line>
      <![CDATA[Derived_ABB is =235522.84 , 30% haircut and Max Capping is 500000]]>
    </line>
    <line>
      <![CDATA[ Final Eligibility = 0.0 since max cap is min of haircut and derived amount.]]>
    </line>
    <line>
      <![CDATA[TC_09 : Max capping where “no experiment” is applied (excl DSA,) where Business vintage is > 3 years & one property is owned When Risk_Grade isA]]>
    </line>
    <line>
      <![CDATA[ Test Loancode =669895efvnf3h]]>
    </line>
    <line>
      <![CDATA[Derived_BTO is =-109567.84 , No haircut and Max Capping is 2000000]]>
    </line>
    <line>
      <![CDATA[ Final Eligibility = -109567.84 since max cap is min of haircut and derived amount.]]>
    </line>
    <line>
      <![CDATA[Derived_ABB is =360903.28 , No haircut and Max Capping is 2000000]]>
    </line>
    <line>
      <![CDATA[ Final Eligibility = 252632.3 since max cap is min of haircut and derived amount.]]>
    </line>
    <line>
      <![CDATA[TC_09 : Max capping where “no experiment” is applied (excl DSA,) where Business vintage is > 3 years & one property is owned When Risk_Grade isB]]>
    </line>
    <line>
      <![CDATA[ Test Loancode =669895efvnf3h]]>
    </line>
    <line>
      <![CDATA[Derived_BTO is =-91385.04 , No haircut and Max Capping is 2000000]]>
    </line>
    <line>
      <![CDATA[ Final Eligibility = -91385.04 since max cap is min of haircut and derived amount.]]>
    </line>
    <line>
      <![CDATA[Derived_ABB is =301011.3 , No haircut and Max Capping is 2000000]]>
    </line>
    <line>
      <![CDATA[ Final Eligibility = 210707.9 since max cap is min of haircut and derived amount.]]>
    </line>
    <line>
      <![CDATA[TC_09 : Max capping where “no experiment” is applied (excl DSA,) where Business vintage is > 3 years & one property is owned When Risk_Grade isC]]>
    </line>
    <line>
      <![CDATA[ Test Loancode =669895efvnf3h]]>
    </line>
    <line>
      <![CDATA[Derived_BTO is =-71503.18 , No haircut and Max Capping is 1500000]]>
    </line>
    <line>
      <![CDATA[ Final Eligibility = -71503.18 since max cap is min of haircut and derived amount.]]>
    </line>
    <line>
      <![CDATA[Derived_ABB is =235522.84 , No haircut and Max Capping is 2000000]]>
    </line>
    <line>
      <![CDATA[ Final Eligibility = 164865.98 since max cap is min of haircut and derived amount.]]>
    </line>
    <line>
      <![CDATA[TC_09 : Max capping where “no experiment” is applied (excl DSA,) where Business vintage is > 3 years & one property is owned When Risk_Grade isD]]>
    </line>
    <line>
      <![CDATA[ Test Loancode =669895efvnf3h]]>
    </line>
    <line>
      <![CDATA[Derived_BTO is =-49763.49 , No haircut and Max Capping is 1500000]]>
    </line>
    <line>
      <![CDATA[ Final Eligibility = -49763.49 since max cap is min of haircut and derived amount.]]>
    </line>
    <line>
      <![CDATA[Derived_ABB is =163914.92 , No haircut and Max Capping is 2000000]]>
    </line>
    <line>
      <![CDATA[ Final Eligibility = 114740.44 since max cap is min of haircut and derived amount.]]>
    </line>
    <line>
      <![CDATA[TC_10 : Max Capping of NTC and Thin Cibil When Risk_Grade is A]]>
    </line>
    <line>
      <![CDATA[ Test Loancode =669895efvnf3h]]>
    </line>
    <line>
      <![CDATA[Derived_BTO is =-109567.84 , No haircut and Max Capping is 500000]]>
    </line>
    <line>
      <![CDATA[ Final Eligibility = -109567.84 since max cap is min of haircut and derived amount.]]>
    </line>
    <line>
      <![CDATA[Derived_ABB is =360903.28 , No haircut and Max Capping is 500000]]>
    </line>
    <line>
      <![CDATA[ Final Eligibility = 252632.3 since max cap is min of haircut and derived amount.]]>
    </line>
    <line>
      <![CDATA[TC_10 : Max Capping of NTC and Thin Cibil When Risk_Grade is B]]>
    </line>
    <line>
      <![CDATA[ Test Loancode =669895efvnf3h]]>
    </line>
    <line>
      <![CDATA[Derived_BTO is =-91385.04 , No haircut and Max Capping is 500000]]>
    </line>
    <line>
      <![CDATA[ Final Eligibility = -91385.04 since max cap is min of haircut and derived amount.]]>
    </line>
    <line>
      <![CDATA[Derived_ABB is =301011.3 , No haircut and Max Capping is 500000]]>
    </line>
    <line>
      <![CDATA[ Final Eligibility = 210707.9 since max cap is min of haircut and derived amount.]]>
    </line>
    <line>
      <![CDATA[TC_10 : Max Capping of NTC and Thin Cibil When Risk_Grade is C]]>
    </line>
    <line>
      <![CDATA[ Test Loancode =669895efvnf3h]]>
    </line>
    <line>
      <![CDATA[Derived_BTO is =-71503.18 , No haircut and Max Capping is 500000]]>
    </line>
    <line>
      <![CDATA[ Final Eligibility = -71503.18 since max cap is min of haircut and derived amount.]]>
    </line>
    <line>
      <![CDATA[Derived_ABB is =235522.84 , No haircut and Max Capping is 500000]]>
    </line>
    <line>
      <![CDATA[ Final Eligibility = 164865.98 since max cap is min of haircut and derived amount.]]>
    </line>
    <line>
      <![CDATA[TC_10 : Max Capping of NTC and Thin Cibil When Risk_Grade is D]]>
    </line>
    <line>
      <![CDATA[ Test Loancode =669895efvnf3h]]>
    </line>
    <line>
      <![CDATA[Derived_BTO is =-49763.49 , No haircut and Max Capping is 500000]]>
    </line>
    <line>
      <![CDATA[ Final Eligibility = -49763.49 since max cap is min of haircut and derived amount.]]>
    </line>
    <line>
      <![CDATA[Derived_ABB is =163914.92 , No haircut and Max Capping is 500000]]>
    </line>
    <line>
      <![CDATA[ Final Eligibility = 114740.44 since max cap is min of haircut and derived amount.]]>
    </line>
    <line>
      <![CDATA[TC_10 : Max Capping of NTC and Thin Cibil When Risk_Grade is E]]>
    </line>
    <line>
      <![CDATA[ Test Loancode =669895efvnf3h]]>
    </line>
    <line>
      <![CDATA[Derived_BTO is =-49763.49 , No haircut and Max Capping is 500000]]>
    </line>
    <line>
      <![CDATA[ Final Eligibility = -49763.49 since max cap is min of haircut and derived amount.]]>
    </line>
    <line>
      <![CDATA[Derived_ABB is =163914.92 , No haircut and Max Capping is 500000]]>
    </line>
    <line>
      <![CDATA[ Final Eligibility = 114740.44 since max cap is min of haircut and derived amount.]]>
    </line>
    <line>
      <![CDATA[TC_10 : Max Capping of NTC and Thin Cibil When Risk_Grade is NA]]>
    </line>
    <line>
      <![CDATA[ Test Loancode =669895efvnf3h]]>
    </line>
    <line>
      <![CDATA[Derived_BTO is =-71503.18 , No haircut and Max Capping is 500000]]>
    </line>
    <line>
      <![CDATA[ Final Eligibility = -71503.18 since max cap is min of haircut and derived amount.]]>
    </line>
    <line>
      <![CDATA[Derived_ABB is =235522.84 , No haircut and Max Capping is 500000]]>
    </line>
    <line>
      <![CDATA[ Final Eligibility = 0.0 since max cap is min of haircut and derived amount.]]>
    </line>
    <line>
      <![CDATA[TC_11 : NTC with limit When Policy Direct Risk_Grade is A]]>
    </line>
    <line>
      <![CDATA[ Test Loancode =669895efvnf3h]]>
    </line>
    <line>
      <![CDATA[Derived_capping_BTO = -109567.84]]>
    </line>
    <line>
      <![CDATA[IF Risk_Garde IS 'A And Fixed capping is 500000 Lakh, Cibil_Score IS -1 Then Final Capping IS = -109567.84]]>
    </line>
    <line>
      <![CDATA[Derived_capping_ABB = 360903.28]]>
    </line>
    <line>
      <![CDATA[IF Risk_Garde IS 'A And Fixed capping is 500000 Lakh, Cibil_Score IS -1 Then Final Capping IS = 252632.3]]>
    </line>
    <line>
      <![CDATA[Derived_capping_BTO = -109567.84]]>
    </line>
    <line>
      <![CDATA[IF Risk_Garde IS 'A And Fixed capping is 500000 Lakh, Cibil_Score IS 0 Then Final Capping IS = -109567.84]]>
    </line>
    <line>
      <![CDATA[Derived_capping_ABB = 360903.28]]>
    </line>
    <line>
      <![CDATA[IF Risk_Garde IS 'A And Fixed capping is 500000 Lakh, Cibil_Score IS 0 Then Final Capping IS = 252632.3]]>
    </line>
    <line>
      <![CDATA[Derived_capping_BTO = -109567.84]]>
    </line>
    <line>
      <![CDATA[IF Risk_Garde IS 'A And Fixed capping is 500000 Lakh, Cibil_Score IS 200 Then Final Capping IS = -109567.84]]>
    </line>
    <line>
      <![CDATA[Derived_capping_ABB = 360903.28]]>
    </line>
    <line>
      <![CDATA[IF Risk_Garde IS 'A And Fixed capping is 500000 Lakh, Cibil_Score IS 200 Then Final Capping IS = 252632.3]]>
    </line>
    <line>
      <![CDATA[Derived_capping_BTO = -109567.84]]>
    </line>
    <line>
      <![CDATA[IF Risk_Garde IS 'A And Fixed capping is 500000 Lakh, Cibil_Score IS 300 Then Final Capping IS = -109567.84]]>
    </line>
    <line>
      <![CDATA[Derived_capping_ABB = 360903.28]]>
    </line>
    <line>
      <![CDATA[IF Risk_Garde IS 'A And Fixed capping is 500000 Lakh, Cibil_Score IS 300 Then Final Capping IS = 252632.3]]>
    </line>
    <line>
      <![CDATA[TC_11 : NTC with limit When Policy Direct Risk_Grade is B]]>
    </line>
    <line>
      <![CDATA[ Test Loancode =669895efvnf3h]]>
    </line>
    <line>
      <![CDATA[Derived_capping_BTO = -91385.04]]>
    </line>
    <line>
      <![CDATA[IF Risk_Garde IS 'B And Fixed capping is 500000 Lakh, Cibil_Score IS -1 Then Final Capping IS = -91385.04]]>
    </line>
    <line>
      <![CDATA[Derived_capping_ABB = 301011.3]]>
    </line>
    <line>
      <![CDATA[IF Risk_Garde IS 'B And Fixed capping is 500000 Lakh, Cibil_Score IS -1 Then Final Capping IS = 210707.9]]>
    </line>
    <line>
      <![CDATA[Derived_capping_BTO = -91385.04]]>
    </line>
    <line>
      <![CDATA[IF Risk_Garde IS 'B And Fixed capping is 500000 Lakh, Cibil_Score IS 0 Then Final Capping IS = -91385.04]]>
    </line>
    <line>
      <![CDATA[Derived_capping_ABB = 301011.3]]>
    </line>
    <line>
      <![CDATA[IF Risk_Garde IS 'B And Fixed capping is 500000 Lakh, Cibil_Score IS 0 Then Final Capping IS = 210707.9]]>
    </line>
    <line>
      <![CDATA[Derived_capping_BTO = -91385.04]]>
    </line>
    <line>
      <![CDATA[IF Risk_Garde IS 'B And Fixed capping is 500000 Lakh, Cibil_Score IS 200 Then Final Capping IS = -91385.04]]>
    </line>
    <line>
      <![CDATA[Derived_capping_ABB = 301011.3]]>
    </line>
    <line>
      <![CDATA[IF Risk_Garde IS 'B And Fixed capping is 500000 Lakh, Cibil_Score IS 200 Then Final Capping IS = 210707.9]]>
    </line>
    <line>
      <![CDATA[Derived_capping_BTO = -91385.04]]>
    </line>
    <line>
      <![CDATA[IF Risk_Garde IS 'B And Fixed capping is 500000 Lakh, Cibil_Score IS 300 Then Final Capping IS = -91385.04]]>
    </line>
    <line>
      <![CDATA[Derived_capping_ABB = 301011.3]]>
    </line>
    <line>
      <![CDATA[IF Risk_Garde IS 'B And Fixed capping is 500000 Lakh, Cibil_Score IS 300 Then Final Capping IS = 210707.9]]>
    </line>
    <line>
      <![CDATA[TC_11 : NTC with limit When Policy Direct Risk_Grade is C]]>
    </line>
    <line>
      <![CDATA[ Test Loancode =669895efvnf3h]]>
    </line>
    <line>
      <![CDATA[Derived_capping_BTO = -71503.18]]>
    </line>
    <line>
      <![CDATA[IF Risk_Garde IS 'C And Fixed capping is 500000 Lakh, Cibil_Score IS -1 Then Final Capping IS = -71503.18]]>
    </line>
    <line>
      <![CDATA[Derived_capping_ABB = 235522.84]]>
    </line>
    <line>
      <![CDATA[IF Risk_Garde IS 'C And Fixed capping is 500000 Lakh, Cibil_Score IS -1 Then Final Capping IS = 164865.98]]>
    </line>
    <line>
      <![CDATA[Derived_capping_BTO = -71503.18]]>
    </line>
    <line>
      <![CDATA[IF Risk_Garde IS 'C And Fixed capping is 500000 Lakh, Cibil_Score IS 0 Then Final Capping IS = -71503.18]]>
    </line>
    <line>
      <![CDATA[Derived_capping_ABB = 235522.84]]>
    </line>
    <line>
      <![CDATA[IF Risk_Garde IS 'C And Fixed capping is 500000 Lakh, Cibil_Score IS 0 Then Final Capping IS = 164865.98]]>
    </line>
    <line>
      <![CDATA[Derived_capping_BTO = -71503.18]]>
    </line>
    <line>
      <![CDATA[IF Risk_Garde IS 'C And Fixed capping is 500000 Lakh, Cibil_Score IS 200 Then Final Capping IS = -71503.18]]>
    </line>
    <line>
      <![CDATA[Derived_capping_ABB = 235522.84]]>
    </line>
    <line>
      <![CDATA[IF Risk_Garde IS 'C And Fixed capping is 500000 Lakh, Cibil_Score IS 200 Then Final Capping IS = 164865.98]]>
    </line>
    <line>
      <![CDATA[Derived_capping_BTO = -71503.18]]>
    </line>
    <line>
      <![CDATA[IF Risk_Garde IS 'C And Fixed capping is 500000 Lakh, Cibil_Score IS 300 Then Final Capping IS = -71503.18]]>
    </line>
    <line>
      <![CDATA[Derived_capping_ABB = 235522.84]]>
    </line>
    <line>
      <![CDATA[IF Risk_Garde IS 'C And Fixed capping is 500000 Lakh, Cibil_Score IS 300 Then Final Capping IS = 164865.98]]>
    </line>
    <line>
      <![CDATA[TC_11 : NTC with limit When Policy Direct Risk_Grade is D]]>
    </line>
    <line>
      <![CDATA[ Test Loancode =669895efvnf3h]]>
    </line>
    <line>
      <![CDATA[Derived_capping_BTO = -49763.49]]>
    </line>
    <line>
      <![CDATA[IF Risk_Garde IS 'D And Fixed capping is 500000 Lakh, Cibil_Score IS -1 Then Final Capping IS = -49763.49]]>
    </line>
    <line>
      <![CDATA[Derived_capping_ABB = 163914.92]]>
    </line>
    <line>
      <![CDATA[IF Risk_Garde IS 'D And Fixed capping is 500000 Lakh, Cibil_Score IS -1 Then Final Capping IS = 114740.44]]>
    </line>
    <line>
      <![CDATA[Derived_capping_BTO = -49763.49]]>
    </line>
    <line>
      <![CDATA[IF Risk_Garde IS 'D And Fixed capping is 500000 Lakh, Cibil_Score IS 0 Then Final Capping IS = -49763.49]]>
    </line>
    <line>
      <![CDATA[Derived_capping_ABB = 163914.92]]>
    </line>
    <line>
      <![CDATA[IF Risk_Garde IS 'D And Fixed capping is 500000 Lakh, Cibil_Score IS 0 Then Final Capping IS = 114740.44]]>
    </line>
    <line>
      <![CDATA[Derived_capping_BTO = -49763.49]]>
    </line>
    <line>
      <![CDATA[IF Risk_Garde IS 'D And Fixed capping is 500000 Lakh, Cibil_Score IS 200 Then Final Capping IS = -49763.49]]>
    </line>
    <line>
      <![CDATA[Derived_capping_ABB = 163914.92]]>
    </line>
    <line>
      <![CDATA[IF Risk_Garde IS 'D And Fixed capping is 500000 Lakh, Cibil_Score IS 200 Then Final Capping IS = 114740.44]]>
    </line>
    <line>
      <![CDATA[Derived_capping_BTO = -49763.49]]>
    </line>
    <line>
      <![CDATA[IF Risk_Garde IS 'D And Fixed capping is 500000 Lakh, Cibil_Score IS 300 Then Final Capping IS = -49763.49]]>
    </line>
    <line>
      <![CDATA[Derived_capping_ABB = 163914.92]]>
    </line>
    <line>
      <![CDATA[IF Risk_Garde IS 'D And Fixed capping is 500000 Lakh, Cibil_Score IS 300 Then Final Capping IS = 114740.44]]>
    </line>
    <line>
      <![CDATA[TC_11 : NTC with limit When Policy Direct Risk_Grade is E]]>
    </line>
    <line>
      <![CDATA[ Test Loancode =669895efvnf3h]]>
    </line>
    <line>
      <![CDATA[Derived_capping_BTO = -49763.49]]>
    </line>
    <line>
      <![CDATA[IF Risk_Garde IS 'E And Fixed capping is 500000 Lakh, Cibil_Score IS -1 Then Final Capping IS = -49763.49]]>
    </line>
    <line>
      <![CDATA[Derived_capping_ABB = 163914.92]]>
    </line>
    <line>
      <![CDATA[IF Risk_Garde IS 'E And Fixed capping is 500000 Lakh, Cibil_Score IS -1 Then Final Capping IS = 114740.44]]>
    </line>
    <line>
      <![CDATA[Derived_capping_BTO = -49763.49]]>
    </line>
    <line>
      <![CDATA[IF Risk_Garde IS 'E And Fixed capping is 500000 Lakh, Cibil_Score IS 0 Then Final Capping IS = -49763.49]]>
    </line>
    <line>
      <![CDATA[Derived_capping_ABB = 163914.92]]>
    </line>
    <line>
      <![CDATA[IF Risk_Garde IS 'E And Fixed capping is 500000 Lakh, Cibil_Score IS 0 Then Final Capping IS = 114740.44]]>
    </line>
    <line>
      <![CDATA[Derived_capping_BTO = -49763.49]]>
    </line>
    <line>
      <![CDATA[IF Risk_Garde IS 'E And Fixed capping is 500000 Lakh, Cibil_Score IS 200 Then Final Capping IS = -49763.49]]>
    </line>
    <line>
      <![CDATA[Derived_capping_ABB = 163914.92]]>
    </line>
    <line>
      <![CDATA[IF Risk_Garde IS 'E And Fixed capping is 500000 Lakh, Cibil_Score IS 200 Then Final Capping IS = 114740.44]]>
    </line>
    <line>
      <![CDATA[Derived_capping_BTO = -49763.49]]>
    </line>
    <line>
      <![CDATA[IF Risk_Garde IS 'E And Fixed capping is 500000 Lakh, Cibil_Score IS 300 Then Final Capping IS = -49763.49]]>
    </line>
    <line>
      <![CDATA[Derived_capping_ABB = 163914.92]]>
    </line>
    <line>
      <![CDATA[IF Risk_Garde IS 'E And Fixed capping is 500000 Lakh, Cibil_Score IS 300 Then Final Capping IS = 114740.44]]>
    </line>
    <line>
      <![CDATA[TC_11 : NTC with limit When Policy Direct Risk_Grade is NA]]>
    </line>
    <line>
      <![CDATA[ Test Loancode =669895efvnf3h]]>
    </line>
    <line>
      <![CDATA[Derived_capping_BTO = -71503.18]]>
    </line>
    <line>
      <![CDATA[IF Risk_Garde IS 'NA And Fixed capping is 500000 Lakh, Cibil_Score IS -1 Then Final Capping IS = -71503.18]]>
    </line>
    <line>
      <![CDATA[Derived_capping_ABB = 235522.84]]>
    </line>
    <line>
      <![CDATA[IF Risk_Garde IS 'NA And Fixed capping is 500000 Lakh, Cibil_Score IS -1 Then Final Capping IS = 0.0]]>
    </line>
    <line>
      <![CDATA[Derived_capping_BTO = -71503.18]]>
    </line>
    <line>
      <![CDATA[IF Risk_Garde IS 'NA And Fixed capping is 500000 Lakh, Cibil_Score IS 0 Then Final Capping IS = -71503.18]]>
    </line>
    <line>
      <![CDATA[Derived_capping_ABB = 235522.84]]>
    </line>
    <line>
      <![CDATA[IF Risk_Garde IS 'NA And Fixed capping is 500000 Lakh, Cibil_Score IS 0 Then Final Capping IS = 0.0]]>
    </line>
    <line>
      <![CDATA[Derived_capping_BTO = -71503.18]]>
    </line>
    <line>
      <![CDATA[IF Risk_Garde IS 'NA And Fixed capping is 500000 Lakh, Cibil_Score IS 200 Then Final Capping IS = -71503.18]]>
    </line>
    <line>
      <![CDATA[Derived_capping_ABB = 235522.84]]>
    </line>
    <line>
      <![CDATA[IF Risk_Garde IS 'NA And Fixed capping is 500000 Lakh, Cibil_Score IS 200 Then Final Capping IS = 0.0]]>
    </line>
    <line>
      <![CDATA[Derived_capping_BTO = -71503.18]]>
    </line>
    <line>
      <![CDATA[IF Risk_Garde IS 'NA And Fixed capping is 500000 Lakh, Cibil_Score IS 300 Then Final Capping IS = -71503.18]]>
    </line>
    <line>
      <![CDATA[Derived_capping_ABB = 235522.84]]>
    </line>
    <line>
      <![CDATA[IF Risk_Garde IS 'NA And Fixed capping is 500000 Lakh, Cibil_Score IS 300 Then Final Capping IS = 0.0]]>
    </line>
    <line>
      <![CDATA[TC_12 : When ODCC, Policy Smfg_DIRECT (only ABB) When Risk_Grade isA]]>
    </line>
    <line>
      <![CDATA[ Test Loancode =669895efvnf3h]]>
    </line>
    <line>
      <![CDATA[Derived_ABB is =257788.05 , No haircut and Max Capping is 1000000]]>
    </line>
    <line>
      <![CDATA[ Final Eligibility = 180451.62 since max cap is min of haircut and derived amount.]]>
    </line>
    <line>
      <![CDATA[TC_12 : When ODCC, Policy Smfg_DIRECT (only ABB) When Risk_Grade isB]]>
    </line>
    <line>
      <![CDATA[ Test Loancode =669895efvnf3h]]>
    </line>
    <line>
      <![CDATA[Derived_ABB is =215008.06 , 15% haircut and Max Capping is 1000000]]>
    </line>
    <line>
      <![CDATA[ Final Eligibility = 150505.66 since max cap is min of haircut and derived amount.]]>
    </line>
    <line>
      <![CDATA[TC_12 : When ODCC, Policy Smfg_DIRECT (only ABB) When Risk_Grade isC]]>
    </line>
    <line>
      <![CDATA[ Test Loancode =669895efvnf3h]]>
    </line>
    <line>
      <![CDATA[Derived_ABB is =168230.6 , 25% haircut and Max Capping is 1000000]]>
    </line>
    <line>
      <![CDATA[ Final Eligibility = 117761.42 since max cap is min of haircut and derived amount.]]>
    </line>
    <line>
      <![CDATA[TC_12 : When ODCC, Policy Smfg_DIRECT (only ABB) When Risk_Grade isD]]>
    </line>
    <line>
      <![CDATA[ Test Loancode =669895efvnf3h]]>
    </line>
    <line>
      <![CDATA[Derived_ABB is =117082.09 , 25% haircut and Max Capping is 1000000]]>
    </line>
    <line>
      <![CDATA[ Final Eligibility = 81957.46 since max cap is min of haircut and derived amount.]]>
    </line>
    <line>
      <![CDATA[TC_12 : When ODCC, Policy Smfg_DIRECT (only ABB) When Risk_Grade isE]]>
    </line>
    <line>
      <![CDATA[ Test Loancode =669895efvnf3h]]>
    </line>
    <line>
      <![CDATA[Derived_ABB is =117082.09 , 25% haircut and Max Capping is 1000000]]>
    </line>
    <line>
      <![CDATA[ Final Eligibility = 0.0 since max cap is min of haircut and derived amount.]]>
    </line>
    <line>
      <![CDATA[TC_12 : When ODCC, Policy Smfg_DIRECT (only ABB) When Risk_Grade isNA]]>
    </line>
    <line>
      <![CDATA[ Test Loancode =669895efvnf3h]]>
    </line>
    <line>
      <![CDATA[Derived_ABB is =168230.6 , 25% haircut and Max Capping is 1000000]]>
    </line>
    <line>
      <![CDATA[ Final Eligibility = 0.0 since max cap is min of haircut and derived amount.]]>
    </line>
    <line>
      <![CDATA[TC_13 : When experiment is Both Rented, Policy Smfg_DIRECT and account is NTC When Risk_Grade is A]]>
    </line>
    <line>
      <![CDATA[ Test Loancode =669895efvnf3h]]>
    </line>
    <line>
      <![CDATA[Derived_BTO is =-109567.84 , No haircut and Max Capping is 500000]]>
    </line>
    <line>
      <![CDATA[ Final Eligibility = 0 since max cap is min of haircut and derived amount.]]>
    </line>
    <line>
      <![CDATA[Derived_ABB is =257788.05 , No haircut and Max Capping is 500000]]>
    </line>
    <line>
      <![CDATA[ Final Eligibility = 0 since max cap is min of haircut and derived amount.]]>
    </line>
    <line>
      <![CDATA[TC_13 : When experiment is Both Rented, Policy Smfg_DIRECT and account is NTC When Risk_Grade is B]]>
    </line>
    <line>
      <![CDATA[ Test Loancode =669895efvnf3h]]>
    </line>
    <line>
      <![CDATA[Derived_BTO is =-91385.04 , No haircut and Max Capping is 500000]]>
    </line>
    <line>
      <![CDATA[ Final Eligibility = 0 since max cap is min of haircut and derived amount.]]>
    </line>
    <line>
      <![CDATA[Derived_ABB is =215008.06 , No haircut and Max Capping is 500000]]>
    </line>
    <line>
      <![CDATA[ Final Eligibility = 0 since max cap is min of haircut and derived amount.]]>
    </line>
    <line>
      <![CDATA[TC_13 : When experiment is Both Rented, Policy Smfg_DIRECT and account is NTC When Risk_Grade is C]]>
    </line>
    <line>
      <![CDATA[ Test Loancode =669895efvnf3h]]>
    </line>
    <line>
      <![CDATA[Derived_BTO is =-71503.18 , No haircut and Max Capping is 500000]]>
    </line>
    <line>
      <![CDATA[ Final Eligibility = 0 since max cap is min of haircut and derived amount.]]>
    </line>
    <line>
      <![CDATA[Derived_ABB is =168230.6 , No haircut and Max Capping is 500000]]>
    </line>
    <line>
      <![CDATA[ Final Eligibility = 0 since max cap is min of haircut and derived amount.]]>
    </line>
    <line>
      <![CDATA[TC_13 : When experiment is Both Rented, Policy Smfg_DIRECT and account is NTC When Risk_Grade is D]]>
    </line>
    <line>
      <![CDATA[ Test Loancode =669895efvnf3h]]>
    </line>
    <line>
      <![CDATA[Derived_BTO is =-49763.49 , No haircut and Max Capping is 500000]]>
    </line>
    <line>
      <![CDATA[ Final Eligibility = 0 since max cap is min of haircut and derived amount.]]>
    </line>
    <line>
      <![CDATA[Derived_ABB is =117082.09 , No haircut and Max Capping is 500000]]>
    </line>
    <line>
      <![CDATA[ Final Eligibility = 0 since max cap is min of haircut and derived amount.]]>
    </line>
    <line>
      <![CDATA[TC_13 : When experiment is Both Rented, Policy Smfg_DIRECT and account is NTC When Risk_Grade is E]]>
    </line>
    <line>
      <![CDATA[ Test Loancode =669895efvnf3h]]>
    </line>
    <line>
      <![CDATA[Derived_BTO is =-49763.49 , No haircut and Max Capping is 500000]]>
    </line>
    <line>
      <![CDATA[ Final Eligibility = 0 since max cap is min of haircut and derived amount.]]>
    </line>
    <line>
      <![CDATA[Derived_ABB is =117082.09 , No haircut and Max Capping is 500000]]>
    </line>
    <line>
      <![CDATA[ Final Eligibility = 0 since max cap is min of haircut and derived amount.]]>
    </line>
    <line>
      <![CDATA[TC_13 : When experiment is Both Rented, Policy Smfg_DIRECT and account is NTC When Risk_Grade is NA]]>
    </line>
    <line>
      <![CDATA[ Test Loancode =669895efvnf3h]]>
    </line>
    <line>
      <![CDATA[Derived_BTO is =-71503.18 , No haircut and Max Capping is 500000]]>
    </line>
    <line>
      <![CDATA[ Final Eligibility = 0 since max cap is min of haircut and derived amount.]]>
    </line>
    <line>
      <![CDATA[Derived_ABB is =168230.6 , No haircut and Max Capping is 500000]]>
    </line>
    <line>
      <![CDATA[ Final Eligibility = 0 since max cap is min of haircut and derived amount.]]>
    </line>
    <line>
      <![CDATA[TC_14 : When experiment is Both Rented, Policy Smfg_DIRECT and account is Thin cibil When Risk_Grade is A]]>
    </line>
    <line>
      <![CDATA[ Test Loancode =669895efvnf3h]]>
    </line>
    <line>
      <![CDATA[Derived_BTO is =-109567.84 , No haircut and Max Capping is 500000]]>
    </line>
    <line>
      <![CDATA[ Final Eligibility = -109567.84 since max cap is min of haircut and derived amount.]]>
    </line>
    <line>
      <![CDATA[Derived_BTO is =257788.05 , No haircut and Max Capping is 500000]]>
    </line>
    <line>
      <![CDATA[ Final Eligibility = 257788.05 since max cap is min of haircut and derived amount.]]>
    </line>
    <line>
      <![CDATA[TC_14 : When experiment is Both Rented, Policy Smfg_DIRECT and account is Thin cibil When Risk_Grade is B]]>
    </line>
    <line>
      <![CDATA[ Test Loancode =669895efvnf3h]]>
    </line>
    <line>
      <![CDATA[Derived_BTO is =-91385.04 , No haircut and Max Capping is 500000]]>
    </line>
    <line>
      <![CDATA[ Final Eligibility = -91385.04 since max cap is min of haircut and derived amount.]]>
    </line>
    <line>
      <![CDATA[Derived_BTO is =215008.06 , No haircut and Max Capping is 500000]]>
    </line>
    <line>
      <![CDATA[ Final Eligibility = 182756.86 since max cap is min of haircut and derived amount.]]>
    </line>
    <line>
      <![CDATA[TC_14 : When experiment is Both Rented, Policy Smfg_DIRECT and account is Thin cibil When Risk_Grade is C]]>
    </line>
    <line>
      <![CDATA[ Test Loancode =669895efvnf3h]]>
    </line>
    <line>
      <![CDATA[Derived_BTO is =-71503.18 , No haircut and Max Capping is 500000]]>
    </line>
    <line>
      <![CDATA[ Final Eligibility = -71503.18 since max cap is min of haircut and derived amount.]]>
    </line>
    <line>
      <![CDATA[Derived_BTO is =168230.6 , No haircut and Max Capping is 500000]]>
    </line>
    <line>
      <![CDATA[ Final Eligibility = 126172.95 since max cap is min of haircut and derived amount.]]>
    </line>
    <line>
      <![CDATA[TC_14 : When experiment is Both Rented, Policy Smfg_DIRECT and account is Thin cibil When Risk_Grade is D]]>
    </line>
    <line>
      <![CDATA[ Test Loancode =669895efvnf3h]]>
    </line>
    <line>
      <![CDATA[Derived_BTO is =-49763.49 , No haircut and Max Capping is 500000]]>
    </line>
    <line>
      <![CDATA[ Final Eligibility = -49763.49 since max cap is min of haircut and derived amount.]]>
    </line>
    <line>
      <![CDATA[Derived_BTO is =117082.09 , No haircut and Max Capping is 500000]]>
    </line>
    <line>
      <![CDATA[ Final Eligibility = 0.0 since max cap is min of haircut and derived amount.]]>
    </line>
    <line>
      <![CDATA[TC_14 : When experiment is Both Rented, Policy Smfg_DIRECT and account is Thin cibil When Risk_Grade is E]]>
    </line>
    <line>
      <![CDATA[ Test Loancode =669895efvnf3h]]>
    </line>
    <line>
      <![CDATA[Derived_BTO is =-49763.49 , No haircut and Max Capping is 500000]]>
    </line>
    <line>
      <![CDATA[ Final Eligibility = -49763.49 since max cap is min of haircut and derived amount.]]>
    </line>
    <line>
      <![CDATA[Derived_BTO is =117082.09 , No haircut and Max Capping is 500000]]>
    </line>
    <line>
      <![CDATA[ Final Eligibility = 0.0 since max cap is min of haircut and derived amount.]]>
    </line>
    <line>
      <![CDATA[TC_14 : When experiment is Both Rented, Policy Smfg_DIRECT and account is Thin cibil When Risk_Grade is NA]]>
    </line>
    <line>
      <![CDATA[ Test Loancode =669895efvnf3h]]>
    </line>
    <line>
      <![CDATA[Derived_BTO is =-71503.18 , No haircut and Max Capping is 500000]]>
    </line>
    <line>
      <![CDATA[ Final Eligibility = -71503.18 since max cap is min of haircut and derived amount.]]>
    </line>
    <line>
      <![CDATA[Derived_BTO is =168230.6 , No haircut and Max Capping is 500000]]>
    </line>
    <line>
      <![CDATA[ Final Eligibility = 0.0 since max cap is min of haircut and derived amount.]]>
    </line>
    <line>
      <![CDATA[TC_15 : When experiment is Both Rented, Policy Smfg_DIRECT and account is ODCC When Risk_Grade is A]]>
    </line>
    <line>
      <![CDATA[ Test Loancode =669895efvnf3h]]>
    </line>
    <line>
      <![CDATA[Derived_ABB is =257788.05 , No haircut and Max Capping is 1000000]]>
    </line>
    <line>
      <![CDATA[ Final Eligibility = 257788.05 since max cap is min of haircut and derived amount.]]>
    </line>
    <line>
      <![CDATA[TC_15 : When experiment is Both Rented, Policy Smfg_DIRECT and account is ODCC When Risk_Grade is B]]>
    </line>
    <line>
      <![CDATA[ Test Loancode =669895efvnf3h]]>
    </line>
    <line>
      <![CDATA[Derived_ABB is =215008.06 , 15% haircut and Max Capping is 1000000]]>
    </line>
    <line>
      <![CDATA[ Final Eligibility = 0 since max cap is min of haircut and derived amount.]]>
    </line>
    <line>
      <![CDATA[TC_15 : When experiment is Both Rented, Policy Smfg_DIRECT and account is ODCC When Risk_Grade is C]]>
    </line>
    <line>
      <![CDATA[ Test Loancode =669895efvnf3h]]>
    </line>
    <line>
      <![CDATA[Derived_ABB is =168230.6 , 25% haircut and Max Capping is 1000000]]>
    </line>
    <line>
      <![CDATA[ Final Eligibility = 0 since max cap is min of haircut and derived amount.]]>
    </line>
    <line>
      <![CDATA[TC_15 : When experiment is Both Rented, Policy Smfg_DIRECT and account is ODCC When Risk_Grade is D]]>
    </line>
    <line>
      <![CDATA[ Test Loancode =669895efvnf3h]]>
    </line>
    <line>
      <![CDATA[Derived_ABB is =117082.09 , 25% haircut and Max Capping is 1000000]]>
    </line>
    <line>
      <![CDATA[ Final Eligibility = 0 since max cap is min of haircut and derived amount.]]>
    </line>
    <line>
      <![CDATA[TC_15 : When experiment is Both Rented, Policy Smfg_DIRECT and account is ODCC When Risk_Grade is E]]>
    </line>
    <line>
      <![CDATA[ Test Loancode =669895efvnf3h]]>
    </line>
    <line>
      <![CDATA[Derived_ABB is =117082.09 , 25% haircut and Max Capping is 1000000]]>
    </line>
    <line>
      <![CDATA[ Final Eligibility = 0 since max cap is min of haircut and derived amount.]]>
    </line>
    <line>
      <![CDATA[TC_15 : When experiment is Both Rented, Policy Smfg_DIRECT and account is ODCC When Risk_Grade is NA]]>
    </line>
    <line>
      <![CDATA[ Test Loancode =669895efvnf3h]]>
    </line>
    <line>
      <![CDATA[Derived_ABB is =168230.6 , 25% haircut and Max Capping is 1000000]]>
    </line>
    <line>
      <![CDATA[ Final Eligibility = 0 since max cap is min of haircut and derived amount.]]>
    </line>
  </reporter-output>
  <suite started-at="2024-07-18T09:41:30 IST" name="Default suite" finished-at="2024-07-18T09:49:46 IST" duration-ms="496261">
    <groups>
    </groups>
    <test started-at="2024-07-18T09:41:30 IST" name="Default test" finished-at="2024-07-18T09:49:46 IST" duration-ms="496261">
      <class name="Eligibility_Automation.Smfg_Direct">
        <test-method is-config="true" signature="preCondition()[pri:0, instance:Eligibility_Automation.Smfg_Direct@2233cac0]" started-at="2024-07-18T09:41:30 IST" name="preCondition" finished-at="2024-07-18T09:42:14 IST" duration-ms="43998" status="PASS">
          <reporter-output>
            <line>
              <![CDATA[ DB Connection Successfull]]>
            </line>
            <line>
              <![CDATA[ DB Connection Successfull]]>
            </line>
          </reporter-output>
        </test-method> <!-- preCondition -->
        <test-method signature="TC_01(java.lang.String)[pri:0, instance:Eligibility_Automation.Smfg_Direct@2233cac0]" started-at="2024-07-18T09:42:14 IST" name="TC_01" data-provider="final_grade" finished-at="2024-07-18T09:42:20 IST" duration-ms="5708" status="PASS">
          <params>
            <param index="0">
              <value>
                <![CDATA[A]]>
              </value>
            </param>
          </params>
          <reporter-output>
            <line>
              <![CDATA[TC_01 : To verify the final capping if policy is Smfg_DIRECT , no experiment, ABB & BTO When Risk_Grade is =A]]>
            </line>
            <line>
              <![CDATA[ Test Loancode =669895efvnf3h]]>
            </line>
            <line>
              <![CDATA[Derived_BTO is =-109567.84 , No haircut and Max Capping is 1500000]]>
            </line>
            <line>
              <![CDATA[ Final Eligibility = -109567.84 since max cap is min of haircut and derived amount.]]>
            </line>
            <line>
              <![CDATA[Derived_ABB is =360903.28 , No haircut and Max Capping is 1500000]]>
            </line>
            <line>
              <![CDATA[ Final Eligibility = 360903.28 since max cap is min of haircut and derived amount.]]>
            </line>
          </reporter-output>
        </test-method> <!-- TC_01 -->
        <test-method signature="TC_01(java.lang.String)[pri:0, instance:Eligibility_Automation.Smfg_Direct@2233cac0]" started-at="2024-07-18T09:42:20 IST" name="TC_01" data-provider="final_grade" finished-at="2024-07-18T09:42:23 IST" duration-ms="3076" status="PASS">
          <params>
            <param index="0">
              <value>
                <![CDATA[B]]>
              </value>
            </param>
          </params>
          <reporter-output>
            <line>
              <![CDATA[TC_01 : To verify the final capping if policy is Smfg_DIRECT , no experiment, ABB & BTO When Risk_Grade is =B]]>
            </line>
            <line>
              <![CDATA[ Test Loancode =669895efvnf3h]]>
            </line>
            <line>
              <![CDATA[Derived_BTO is =-91385.04 , No haircut and Max Capping is 1500000]]>
            </line>
            <line>
              <![CDATA[ Final Eligibility = -91385.04 since max cap is min of haircut and derived amount.]]>
            </line>
            <line>
              <![CDATA[Derived_ABB is =301011.3 , No haircut and Max Capping is 1500000]]>
            </line>
            <line>
              <![CDATA[ Final Eligibility = 301011.3 since max cap is min of haircut and derived amount.]]>
            </line>
          </reporter-output>
        </test-method> <!-- TC_01 -->
        <test-method signature="TC_01(java.lang.String)[pri:0, instance:Eligibility_Automation.Smfg_Direct@2233cac0]" started-at="2024-07-18T09:42:23 IST" name="TC_01" data-provider="final_grade" finished-at="2024-07-18T09:42:26 IST" duration-ms="3003" status="PASS">
          <params>
            <param index="0">
              <value>
                <![CDATA[C]]>
              </value>
            </param>
          </params>
          <reporter-output>
            <line>
              <![CDATA[TC_01 : To verify the final capping if policy is Smfg_DIRECT , no experiment, ABB & BTO When Risk_Grade is =C]]>
            </line>
            <line>
              <![CDATA[ Test Loancode =669895efvnf3h]]>
            </line>
            <line>
              <![CDATA[Derived_BTO is =-71503.18 , No haircut and Max Capping is 1500000]]>
            </line>
            <line>
              <![CDATA[ Final Eligibility = -71503.18 since max cap is min of haircut and derived amount.]]>
            </line>
            <line>
              <![CDATA[Derived_ABB is =235522.84 , No haircut and Max Capping is 1500000]]>
            </line>
            <line>
              <![CDATA[ Final Eligibility = 235522.84 since max cap is min of haircut and derived amount.]]>
            </line>
          </reporter-output>
        </test-method> <!-- TC_01 -->
        <test-method signature="TC_01(java.lang.String)[pri:0, instance:Eligibility_Automation.Smfg_Direct@2233cac0]" started-at="2024-07-18T09:42:26 IST" name="TC_01" data-provider="final_grade" finished-at="2024-07-18T09:42:29 IST" duration-ms="2784" status="PASS">
          <params>
            <param index="0">
              <value>
                <![CDATA[D]]>
              </value>
            </param>
          </params>
          <reporter-output>
            <line>
              <![CDATA[TC_01 : To verify the final capping if policy is Smfg_DIRECT , no experiment, ABB & BTO When Risk_Grade is =D]]>
            </line>
            <line>
              <![CDATA[ Test Loancode =669895efvnf3h]]>
            </line>
            <line>
              <![CDATA[Derived_BTO is =-49763.49 , No haircut and Max Capping is 1500000]]>
            </line>
            <line>
              <![CDATA[ Final Eligibility = -49763.49 since max cap is min of haircut and derived amount.]]>
            </line>
            <line>
              <![CDATA[Derived_ABB is =163914.92 , No haircut and Max Capping is 1500000]]>
            </line>
            <line>
              <![CDATA[ Final Eligibility = 163914.92 since max cap is min of haircut and derived amount.]]>
            </line>
          </reporter-output>
        </test-method> <!-- TC_01 -->
        <test-method signature="TC_01(java.lang.String)[pri:0, instance:Eligibility_Automation.Smfg_Direct@2233cac0]" started-at="2024-07-18T09:42:29 IST" name="TC_01" data-provider="final_grade" finished-at="2024-07-18T09:42:32 IST" duration-ms="3356" status="PASS">
          <params>
            <param index="0">
              <value>
                <![CDATA[E]]>
              </value>
            </param>
          </params>
          <reporter-output>
            <line>
              <![CDATA[TC_01 : To verify the final capping if policy is Smfg_DIRECT , no experiment, ABB & BTO When Risk_Grade is =E]]>
            </line>
            <line>
              <![CDATA[ Test Loancode =669895efvnf3h]]>
            </line>
            <line>
              <![CDATA[Derived_BTO is =-49763.49 , No haircut and Max Capping is 1000000]]>
            </line>
            <line>
              <![CDATA[ Final Eligibility = -49763.49 since max cap is min of haircut and derived amount.]]>
            </line>
            <line>
              <![CDATA[Derived_ABB is =163914.92 , No haircut and Max Capping is 1500000]]>
            </line>
            <line>
              <![CDATA[ Final Eligibility = 163914.92 since max cap is min of haircut and derived amount.]]>
            </line>
          </reporter-output>
        </test-method> <!-- TC_01 -->
        <test-method signature="TC_01(java.lang.String)[pri:0, instance:Eligibility_Automation.Smfg_Direct@2233cac0]" started-at="2024-07-18T09:42:33 IST" name="TC_01" data-provider="final_grade" finished-at="2024-07-18T09:42:36 IST" duration-ms="3101" status="PASS">
          <params>
            <param index="0">
              <value>
                <![CDATA[NA]]>
              </value>
            </param>
          </params>
          <reporter-output>
            <line>
              <![CDATA[TC_01 : To verify the final capping if policy is Smfg_DIRECT , no experiment, ABB & BTO When Risk_Grade is =NA]]>
            </line>
            <line>
              <![CDATA[ Test Loancode =669895efvnf3h]]>
            </line>
            <line>
              <![CDATA[Derived_BTO is =-71503.18 , No haircut and Max Capping is 1500000]]>
            </line>
            <line>
              <![CDATA[ Final Eligibility = -71503.18 since max cap is min of haircut and derived amount.]]>
            </line>
            <line>
              <![CDATA[Derived_ABB is =235522.84 , No haircut and Max Capping is 1500000]]>
            </line>
            <line>
              <![CDATA[ Final Eligibility = 235522.84 since max cap is min of haircut and derived amount.]]>
            </line>
          </reporter-output>
        </test-method> <!-- TC_01 -->
        <test-method signature="TC_02(java.lang.String)[pri:0, instance:Eligibility_Automation.Smfg_Direct@2233cac0]" started-at="2024-07-18T09:42:36 IST" name="TC_02" data-provider="final_grade" finished-at="2024-07-18T09:42:42 IST" duration-ms="6016" status="PASS">
          <params>
            <param index="0">
              <value>
                <![CDATA[A]]>
              </value>
            </param>
          </params>
          <reporter-output>
            <line>
              <![CDATA[TC_02 : When experiment is Both Rented, Policy Smfg_DIRECT When Risk_Grade is A]]>
            </line>
            <line>
              <![CDATA[ Test Loancode =669895efvnf3h]]>
            </line>
            <line>
              <![CDATA[Derived_BTO is =-109567.84 , No haircut and Max Capping is 1000000]]>
            </line>
            <line>
              <![CDATA[ Final Eligibility = -109567.84 since max cap is min of haircut and derived amount.]]>
            </line>
            <line>
              <![CDATA[Derived_ABB is =360903.28 , No haircut and Max Capping is 1000000]]>
            </line>
            <line>
              <![CDATA[ Final Eligibility = 360903.28 since max cap is min of haircut and derived amount.]]>
            </line>
          </reporter-output>
        </test-method> <!-- TC_02 -->
        <test-method signature="TC_02(java.lang.String)[pri:0, instance:Eligibility_Automation.Smfg_Direct@2233cac0]" started-at="2024-07-18T09:42:42 IST" name="TC_02" data-provider="final_grade" finished-at="2024-07-18T09:42:49 IST" duration-ms="6851" status="PASS">
          <params>
            <param index="0">
              <value>
                <![CDATA[B]]>
              </value>
            </param>
          </params>
          <reporter-output>
            <line>
              <![CDATA[TC_02 : When experiment is Both Rented, Policy Smfg_DIRECT When Risk_Grade is B]]>
            </line>
            <line>
              <![CDATA[ Test Loancode =669895efvnf3h]]>
            </line>
            <line>
              <![CDATA[Derived_BTO is =-91385.04 , 15% haircut and Max Capping is 800000]]>
            </line>
            <line>
              <![CDATA[ Final Eligibility = -91385.04 since max cap is min of haircut and derived amount.]]>
            </line>
            <line>
              <![CDATA[Derived_ABB is =301011.3 ,15% haircut and Max Capping is 800000]]>
            </line>
            <line>
              <![CDATA[ Final Eligibility = 255859.6 since max cap is min of haircut and derived amount.]]>
            </line>
          </reporter-output>
        </test-method> <!-- TC_02 -->
        <test-method signature="TC_02(java.lang.String)[pri:0, instance:Eligibility_Automation.Smfg_Direct@2233cac0]" started-at="2024-07-18T09:42:49 IST" name="TC_02" data-provider="final_grade" finished-at="2024-07-18T09:42:55 IST" duration-ms="6303" status="PASS">
          <params>
            <param index="0">
              <value>
                <![CDATA[C]]>
              </value>
            </param>
          </params>
          <reporter-output>
            <line>
              <![CDATA[TC_02 : When experiment is Both Rented, Policy Smfg_DIRECT When Risk_Grade is C]]>
            </line>
            <line>
              <![CDATA[ Test Loancode =669895efvnf3h]]>
            </line>
            <line>
              <![CDATA[Derived_BTO is =-71503.18 , 25% haircut and Max Capping is 600000]]>
            </line>
            <line>
              <![CDATA[ Final Eligibility = -71503.18 since max cap is min of haircut and derived amount.]]>
            </line>
            <line>
              <![CDATA[Derived_ABB is =235522.84 , 25% haircut and Max Capping is 600000]]>
            </line>
            <line>
              <![CDATA[ Final Eligibility = 176642.12 since max cap is min of haircut and derived amount.]]>
            </line>
          </reporter-output>
        </test-method> <!-- TC_02 -->
        <test-method signature="TC_02(java.lang.String)[pri:0, instance:Eligibility_Automation.Smfg_Direct@2233cac0]" started-at="2024-07-18T09:42:55 IST" name="TC_02" data-provider="final_grade" finished-at="2024-07-18T09:43:02 IST" duration-ms="6576" status="PASS">
          <params>
            <param index="0">
              <value>
                <![CDATA[D]]>
              </value>
            </param>
          </params>
          <reporter-output>
            <line>
              <![CDATA[TC_02 : When experiment is Both Rented, Policy Smfg_DIRECT When Risk_Grade is D]]>
            </line>
            <line>
              <![CDATA[ Test Loancode =669895efvnf3h]]>
            </line>
            <line>
              <![CDATA[Derived_BTO is =-49763.49 , 25% haircut and Max Capping is 600000]]>
            </line>
            <line>
              <![CDATA[ Final Eligibility = -49763.49 since max cap is min of haircut and derived amount.]]>
            </line>
            <line>
              <![CDATA[Derived_ABB is =163914.92 , 25% haircut and Max Capping is 600000]]>
            </line>
            <line>
              <![CDATA[ Final Eligibility = 0.0 since max cap is min of haircut and derived amount.]]>
            </line>
          </reporter-output>
        </test-method> <!-- TC_02 -->
        <test-method signature="TC_02(java.lang.String)[pri:0, instance:Eligibility_Automation.Smfg_Direct@2233cac0]" started-at="2024-07-18T09:43:02 IST" name="TC_02" data-provider="final_grade" finished-at="2024-07-18T09:43:08 IST" duration-ms="6291" status="PASS">
          <params>
            <param index="0">
              <value>
                <![CDATA[E]]>
              </value>
            </param>
          </params>
          <reporter-output>
            <line>
              <![CDATA[TC_02 : When experiment is Both Rented, Policy Smfg_DIRECT When Risk_Grade is E]]>
            </line>
            <line>
              <![CDATA[ Test Loancode =669895efvnf3h]]>
            </line>
            <line>
              <![CDATA[Derived_BTO is =-49763.49 , 25% haircut and Max Capping is 600000]]>
            </line>
            <line>
              <![CDATA[ Final Eligibility = -49763.49 since max cap is min of haircut and derived amount.]]>
            </line>
            <line>
              <![CDATA[Derived_ABB is =163914.92 , 25% haircut and Max Capping is 600000]]>
            </line>
            <line>
              <![CDATA[ Final Eligibility = 0.0 since max cap is min of haircut and derived amount.]]>
            </line>
          </reporter-output>
        </test-method> <!-- TC_02 -->
        <test-method signature="TC_02(java.lang.String)[pri:0, instance:Eligibility_Automation.Smfg_Direct@2233cac0]" started-at="2024-07-18T09:43:08 IST" name="TC_02" data-provider="final_grade" finished-at="2024-07-18T09:43:15 IST" duration-ms="6866" status="PASS">
          <params>
            <param index="0">
              <value>
                <![CDATA[NA]]>
              </value>
            </param>
          </params>
          <reporter-output>
            <line>
              <![CDATA[TC_02 : When experiment is Both Rented, Policy Smfg_DIRECT When Risk_Grade is NA]]>
            </line>
            <line>
              <![CDATA[ Test Loancode =669895efvnf3h]]>
            </line>
            <line>
              <![CDATA[Derived_BTO is =-71503.18 , 25% haircut and Max Capping is 600000]]>
            </line>
            <line>
              <![CDATA[ Final Eligibility = -71503.18 since max cap is min of haircut and derived amount.]]>
            </line>
            <line>
              <![CDATA[Derived_ABB is =235522.84 , 25% haircut and Max Capping is 600000]]>
            </line>
            <line>
[...]
            </line>
          </reporter-output>
        </test-method> <!-- TC_13 -->
        <test-method signature="TC_13(java.lang.String)[pri:0, instance:Eligibility_Automation.Smfg_Direct@2233cac0]" started-at="2024-07-18T09:48:44 IST" name="TC_13" data-provider="final_grade" finished-at="2024-07-18T09:48:48 IST" duration-ms="4138" status="PASS">
          <params>
            <param index="0">
              <value>
                <![CDATA[C]]>
              </value>
            </param>
          </params>
          <reporter-output>
            <line>
              <![CDATA[TC_13 : When experiment is Both Rented, Policy Smfg_DIRECT and account is NTC When Risk_Grade is C]]>
            </line>
            <line>
              <![CDATA[ Test Loancode =669895efvnf3h]]>
            </line>
            <line>
              <![CDATA[Derived_BTO is =-71503.18 , No haircut and Max Capping is 500000]]>
            </line>
            <line>
              <![CDATA[ Final Eligibility = 0 since max cap is min of haircut and derived amount.]]>
            </line>
            <line>
              <![CDATA[Derived_ABB is =168230.6 , No haircut and Max Capping is 500000]]>
            </line>
            <line>
              <![CDATA[ Final Eligibility = 0 since max cap is min of haircut and derived amount.]]>
            </line>
          </reporter-output>
        </test-method> <!-- TC_13 -->
        <test-method signature="TC_13(java.lang.String)[pri:0, instance:Eligibility_Automation.Smfg_Direct@2233cac0]" started-at="2024-07-18T09:48:48 IST" name="TC_13" data-provider="final_grade" finished-at="2024-07-18T09:48:51 IST" duration-ms="3082" status="PASS">
          <params>
            <param index="0">
              <value>
                <![CDATA[D]]>
              </value>
            </param>
          </params>
          <reporter-output>
            <line>
              <![CDATA[TC_13 : When experiment is Both Rented, Policy Smfg_DIRECT and account is NTC When Risk_Grade is D]]>
            </line>
            <line>
              <![CDATA[ Test Loancode =669895efvnf3h]]>
            </line>
            <line>
              <![CDATA[Derived_BTO is =-49763.49 , No haircut and Max Capping is 500000]]>
            </line>
            <line>
              <![CDATA[ Final Eligibility = 0 since max cap is min of haircut and derived amount.]]>
            </line>
            <line>
              <![CDATA[Derived_ABB is =117082.09 , No haircut and Max Capping is 500000]]>
            </line>
            <line>
              <![CDATA[ Final Eligibility = 0 since max cap is min of haircut and derived amount.]]>
            </line>
          </reporter-output>
        </test-method> <!-- TC_13 -->
        <test-method signature="TC_13(java.lang.String)[pri:0, instance:Eligibility_Automation.Smfg_Direct@2233cac0]" started-at="2024-07-18T09:48:51 IST" name="TC_13" data-provider="final_grade" finished-at="2024-07-18T09:48:54 IST" duration-ms="3084" status="PASS">
          <params>
            <param index="0">
              <value>
                <![CDATA[E]]>
              </value>
            </param>
          </params>
          <reporter-output>
            <line>
              <![CDATA[TC_13 : When experiment is Both Rented, Policy Smfg_DIRECT and account is NTC When Risk_Grade is E]]>
            </line>
            <line>
              <![CDATA[ Test Loancode =669895efvnf3h]]>
            </line>
            <line>
              <![CDATA[Derived_BTO is =-49763.49 , No haircut and Max Capping is 500000]]>
            </line>
            <line>
              <![CDATA[ Final Eligibility = 0 since max cap is min of haircut and derived amount.]]>
            </line>
            <line>
              <![CDATA[Derived_ABB is =117082.09 , No haircut and Max Capping is 500000]]>
            </line>
            <line>
              <![CDATA[ Final Eligibility = 0 since max cap is min of haircut and derived amount.]]>
            </line>
          </reporter-output>
        </test-method> <!-- TC_13 -->
        <test-method signature="TC_13(java.lang.String)[pri:0, instance:Eligibility_Automation.Smfg_Direct@2233cac0]" started-at="2024-07-18T09:48:54 IST" name="TC_13" data-provider="final_grade" finished-at="2024-07-18T09:48:58 IST" duration-ms="3755" status="PASS">
          <params>
            <param index="0">
              <value>
                <![CDATA[NA]]>
              </value>
            </param>
          </params>
          <reporter-output>
            <line>
              <![CDATA[TC_13 : When experiment is Both Rented, Policy Smfg_DIRECT and account is NTC When Risk_Grade is NA]]>
            </line>
            <line>
              <![CDATA[ Test Loancode =669895efvnf3h]]>
            </line>
            <line>
              <![CDATA[Derived_BTO is =-71503.18 , No haircut and Max Capping is 500000]]>
            </line>
            <line>
              <![CDATA[ Final Eligibility = 0 since max cap is min of haircut and derived amount.]]>
            </line>
            <line>
              <![CDATA[Derived_ABB is =168230.6 , No haircut and Max Capping is 500000]]>
            </line>
            <line>
              <![CDATA[ Final Eligibility = 0 since max cap is min of haircut and derived amount.]]>
            </line>
          </reporter-output>
        </test-method> <!-- TC_13 -->
        <test-method signature="TC_14(java.lang.String)[pri:0, instance:Eligibility_Automation.Smfg_Direct@2233cac0]" started-at="2024-07-18T09:48:58 IST" name="TC_14" data-provider="final_grade" finished-at="2024-07-18T09:49:02 IST" duration-ms="3929" status="PASS">
          <params>
            <param index="0">
              <value>
                <![CDATA[A]]>
              </value>
            </param>
          </params>
          <reporter-output>
            <line>
              <![CDATA[TC_14 : When experiment is Both Rented, Policy Smfg_DIRECT and account is Thin cibil When Risk_Grade is A]]>
            </line>
            <line>
              <![CDATA[ Test Loancode =669895efvnf3h]]>
            </line>
            <line>
              <![CDATA[Derived_BTO is =-109567.84 , No haircut and Max Capping is 500000]]>
            </line>
            <line>
              <![CDATA[ Final Eligibility = -109567.84 since max cap is min of haircut and derived amount.]]>
            </line>
            <line>
              <![CDATA[Derived_BTO is =257788.05 , No haircut and Max Capping is 500000]]>
            </line>
            <line>
              <![CDATA[ Final Eligibility = 257788.05 since max cap is min of haircut and derived amount.]]>
            </line>
          </reporter-output>
        </test-method> <!-- TC_14 -->
        <test-method signature="TC_14(java.lang.String)[pri:0, instance:Eligibility_Automation.Smfg_Direct@2233cac0]" started-at="2024-07-18T09:49:02 IST" name="TC_14" data-provider="final_grade" finished-at="2024-07-18T09:49:06 IST" duration-ms="4153" status="PASS">
          <params>
            <param index="0">
              <value>
                <![CDATA[B]]>
              </value>
            </param>
          </params>
          <reporter-output>
            <line>
              <![CDATA[TC_14 : When experiment is Both Rented, Policy Smfg_DIRECT and account is Thin cibil When Risk_Grade is B]]>
            </line>
            <line>
              <![CDATA[ Test Loancode =669895efvnf3h]]>
            </line>
            <line>
              <![CDATA[Derived_BTO is =-91385.04 , No haircut and Max Capping is 500000]]>
            </line>
            <line>
              <![CDATA[ Final Eligibility = -91385.04 since max cap is min of haircut and derived amount.]]>
            </line>
            <line>
              <![CDATA[Derived_BTO is =215008.06 , No haircut and Max Capping is 500000]]>
            </line>
            <line>
              <![CDATA[ Final Eligibility = 182756.86 since max cap is min of haircut and derived amount.]]>
            </line>
          </reporter-output>
        </test-method> <!-- TC_14 -->
        <test-method signature="TC_14(java.lang.String)[pri:0, instance:Eligibility_Automation.Smfg_Direct@2233cac0]" started-at="2024-07-18T09:49:06 IST" name="TC_14" data-provider="final_grade" finished-at="2024-07-18T09:49:10 IST" duration-ms="3541" status="PASS">
          <params>
            <param index="0">
              <value>
                <![CDATA[C]]>
              </value>
            </param>
          </params>
          <reporter-output>
            <line>
              <![CDATA[TC_14 : When experiment is Both Rented, Policy Smfg_DIRECT and account is Thin cibil When Risk_Grade is C]]>
            </line>
            <line>
              <![CDATA[ Test Loancode =669895efvnf3h]]>
            </line>
            <line>
              <![CDATA[Derived_BTO is =-71503.18 , No haircut and Max Capping is 500000]]>
            </line>
            <line>
              <![CDATA[ Final Eligibility = -71503.18 since max cap is min of haircut and derived amount.]]>
            </line>
            <line>
              <![CDATA[Derived_BTO is =168230.6 , No haircut and Max Capping is 500000]]>
            </line>
            <line>
              <![CDATA[ Final Eligibility = 126172.95 since max cap is min of haircut and derived amount.]]>
            </line>
          </reporter-output>
        </test-method> <!-- TC_14 -->
        <test-method signature="TC_14(java.lang.String)[pri:0, instance:Eligibility_Automation.Smfg_Direct@2233cac0]" started-at="2024-07-18T09:49:10 IST" name="TC_14" data-provider="final_grade" finished-at="2024-07-18T09:49:14 IST" duration-ms="3736" status="PASS">
          <params>
            <param index="0">
              <value>
                <![CDATA[D]]>
              </value>
            </param>
          </params>
          <reporter-output>
            <line>
              <![CDATA[TC_14 : When experiment is Both Rented, Policy Smfg_DIRECT and account is Thin cibil When Risk_Grade is D]]>
            </line>
            <line>
              <![CDATA[ Test Loancode =669895efvnf3h]]>
            </line>
            <line>
              <![CDATA[Derived_BTO is =-49763.49 , No haircut and Max Capping is 500000]]>
            </line>
            <line>
              <![CDATA[ Final Eligibility = -49763.49 since max cap is min of haircut and derived amount.]]>
            </line>
            <line>
              <![CDATA[Derived_BTO is =117082.09 , No haircut and Max Capping is 500000]]>
            </line>
            <line>
              <![CDATA[ Final Eligibility = 0.0 since max cap is min of haircut and derived amount.]]>
            </line>
          </reporter-output>
        </test-method> <!-- TC_14 -->
        <test-method signature="TC_14(java.lang.String)[pri:0, instance:Eligibility_Automation.Smfg_Direct@2233cac0]" started-at="2024-07-18T09:49:14 IST" name="TC_14" data-provider="final_grade" finished-at="2024-07-18T09:49:18 IST" duration-ms="4472" status="PASS">
          <params>
            <param index="0">
              <value>
                <![CDATA[E]]>
              </value>
            </param>
          </params>
          <reporter-output>
            <line>
              <![CDATA[TC_14 : When experiment is Both Rented, Policy Smfg_DIRECT and account is Thin cibil When Risk_Grade is E]]>
            </line>
            <line>
              <![CDATA[ Test Loancode =669895efvnf3h]]>
            </line>
            <line>
              <![CDATA[Derived_BTO is =-49763.49 , No haircut and Max Capping is 500000]]>
            </line>
            <line>
              <![CDATA[ Final Eligibility = -49763.49 since max cap is min of haircut and derived amount.]]>
            </line>
            <line>
              <![CDATA[Derived_BTO is =117082.09 , No haircut and Max Capping is 500000]]>
            </line>
            <line>
              <![CDATA[ Final Eligibility = 0.0 since max cap is min of haircut and derived amount.]]>
            </line>
          </reporter-output>
        </test-method> <!-- TC_14 -->
        <test-method signature="TC_14(java.lang.String)[pri:0, instance:Eligibility_Automation.Smfg_Direct@2233cac0]" started-at="2024-07-18T09:49:18 IST" name="TC_14" data-provider="final_grade" finished-at="2024-07-18T09:49:23 IST" duration-ms="4814" status="PASS">
          <params>
            <param index="0">
              <value>
                <![CDATA[NA]]>
              </value>
            </param>
          </params>
          <reporter-output>
            <line>
              <![CDATA[TC_14 : When experiment is Both Rented, Policy Smfg_DIRECT and account is Thin cibil When Risk_Grade is NA]]>
            </line>
            <line>
              <![CDATA[ Test Loancode =669895efvnf3h]]>
            </line>
            <line>
              <![CDATA[Derived_BTO is =-71503.18 , No haircut and Max Capping is 500000]]>
            </line>
            <line>
              <![CDATA[ Final Eligibility = -71503.18 since max cap is min of haircut and derived amount.]]>
            </line>
            <line>
              <![CDATA[Derived_BTO is =168230.6 , No haircut and Max Capping is 500000]]>
            </line>
            <line>
              <![CDATA[ Final Eligibility = 0.0 since max cap is min of haircut and derived amount.]]>
            </line>
          </reporter-output>
        </test-method> <!-- TC_14 -->
        <test-method signature="TC_15(java.lang.String)[pri:0, instance:Eligibility_Automation.Smfg_Direct@2233cac0]" started-at="2024-07-18T09:49:23 IST" name="TC_15" data-provider="final_grade" finished-at="2024-07-18T09:49:26 IST" duration-ms="3221" status="PASS">
          <params>
            <param index="0">
              <value>
                <![CDATA[A]]>
              </value>
            </param>
          </params>
          <reporter-output>
            <line>
              <![CDATA[TC_15 : When experiment is Both Rented, Policy Smfg_DIRECT and account is ODCC When Risk_Grade is A]]>
            </line>
            <line>
              <![CDATA[ Test Loancode =669895efvnf3h]]>
            </line>
            <line>
              <![CDATA[Derived_ABB is =257788.05 , No haircut and Max Capping is 1000000]]>
            </line>
            <line>
              <![CDATA[ Final Eligibility = 257788.05 since max cap is min of haircut and derived amount.]]>
            </line>
          </reporter-output>
        </test-method> <!-- TC_15 -->
        <test-method signature="TC_15(java.lang.String)[pri:0, instance:Eligibility_Automation.Smfg_Direct@2233cac0]" started-at="2024-07-18T09:49:26 IST" name="TC_15" data-provider="final_grade" finished-at="2024-07-18T09:49:30 IST" duration-ms="3372" status="PASS">
          <params>
            <param index="0">
              <value>
                <![CDATA[B]]>
              </value>
            </param>
          </params>
          <reporter-output>
            <line>
              <![CDATA[TC_15 : When experiment is Both Rented, Policy Smfg_DIRECT and account is ODCC When Risk_Grade is B]]>
            </line>
            <line>
              <![CDATA[ Test Loancode =669895efvnf3h]]>
            </line>
            <line>
              <![CDATA[Derived_ABB is =215008.06 , 15% haircut and Max Capping is 1000000]]>
            </line>
            <line>
              <![CDATA[ Final Eligibility = 0 since max cap is min of haircut and derived amount.]]>
            </line>
          </reporter-output>
        </test-method> <!-- TC_15 -->
        <test-method signature="TC_15(java.lang.String)[pri:0, instance:Eligibility_Automation.Smfg_Direct@2233cac0]" started-at="2024-07-18T09:49:30 IST" name="TC_15" data-provider="final_grade" finished-at="2024-07-18T09:49:34 IST" duration-ms="4797" status="PASS">
          <params>
            <param index="0">
              <value>
                <![CDATA[C]]>
              </value>
            </param>
          </params>
          <reporter-output>
            <line>
              <![CDATA[TC_15 : When experiment is Both Rented, Policy Smfg_DIRECT and account is ODCC When Risk_Grade is C]]>
            </line>
            <line>
              <![CDATA[ Test Loancode =669895efvnf3h]]>
            </line>
            <line>
              <![CDATA[Derived_ABB is =168230.6 , 25% haircut and Max Capping is 1000000]]>
            </line>
            <line>
              <![CDATA[ Final Eligibility = 0 since max cap is min of haircut and derived amount.]]>
            </line>
          </reporter-output>
        </test-method> <!-- TC_15 -->
        <test-method signature="TC_15(java.lang.String)[pri:0, instance:Eligibility_Automation.Smfg_Direct@2233cac0]" started-at="2024-07-18T09:49:34 IST" name="TC_15" data-provider="final_grade" finished-at="2024-07-18T09:49:38 IST" duration-ms="3272" status="PASS">
          <params>
            <param index="0">
              <value>
                <![CDATA[D]]>
              </value>
            </param>
          </params>
          <reporter-output>
            <line>
              <![CDATA[TC_15 : When experiment is Both Rented, Policy Smfg_DIRECT and account is ODCC When Risk_Grade is D]]>
            </line>
            <line>
              <![CDATA[ Test Loancode =669895efvnf3h]]>
            </line>
            <line>
              <![CDATA[Derived_ABB is =117082.09 , 25% haircut and Max Capping is 1000000]]>
            </line>
            <line>
              <![CDATA[ Final Eligibility = 0 since max cap is min of haircut and derived amount.]]>
            </line>
          </reporter-output>
        </test-method> <!-- TC_15 -->
        <test-method signature="TC_15(java.lang.String)[pri:0, instance:Eligibility_Automation.Smfg_Direct@2233cac0]" started-at="2024-07-18T09:49:38 IST" name="TC_15" data-provider="final_grade" finished-at="2024-07-18T09:49:42 IST" duration-ms="4197" status="PASS">
          <params>
            <param index="0">
              <value>
                <![CDATA[E]]>
              </value>
            </param>
          </params>
          <reporter-output>
            <line>
              <![CDATA[TC_15 : When experiment is Both Rented, Policy Smfg_DIRECT and account is ODCC When Risk_Grade is E]]>
            </line>
            <line>
              <![CDATA[ Test Loancode =669895efvnf3h]]>
            </line>
            <line>
              <![CDATA[Derived_ABB is =117082.09 , 25% haircut and Max Capping is 1000000]]>
            </line>
            <line>
              <![CDATA[ Final Eligibility = 0 since max cap is min of haircut and derived amount.]]>
            </line>
          </reporter-output>
        </test-method> <!-- TC_15 -->
        <test-method signature="TC_15(java.lang.String)[pri:0, instance:Eligibility_Automation.Smfg_Direct@2233cac0]" started-at="2024-07-18T09:49:42 IST" name="TC_15" data-provider="final_grade" finished-at="2024-07-18T09:49:46 IST" duration-ms="3939" status="PASS">
          <params>
            <param index="0">
              <value>
                <![CDATA[NA]]>
              </value>
            </param>
          </params>
          <reporter-output>
            <line>
              <![CDATA[TC_15 : When experiment is Both Rented, Policy Smfg_DIRECT and account is ODCC When Risk_Grade is NA]]>
            </line>
            <line>
              <![CDATA[ Test Loancode =669895efvnf3h]]>
            </line>
            <line>
              <![CDATA[Derived_ABB is =168230.6 , 25% haircut and Max Capping is 1000000]]>
            </line>
            <line>
              <![CDATA[ Final Eligibility = 0 since max cap is min of haircut and derived amount.]]>
            </line>
          </reporter-output>
        </test-method> <!-- TC_15 -->
      </class> <!-- Eligibility_Automation.Smfg_Direct -->
    </test> <!-- Default test -->
  </suite> <!-- Default suite -->
</testng-results>
