<?xml version="1.0" encoding="UTF-8"?>
<!-- Generated by org.testng.reporters.JUnitReportReporter -->
<testsuite hostname="Bloom-Mohit" failures="0" tests="90" name="Eligibility_Automation.Smfg_Direct" time="387.474" errors="0" timestamp="2024-07-08T13:56:03 IST" skipped="0">
  <testcase classname="Eligibility_Automation.Smfg_Direct" name="TC_10" time="4.375">
    <system-out>
      <![CDATA[TC_10 : To verify that Max Capping of NTC and Thin Cibil when Risk_Grade is E
capped_banking_eligibility   = -49763.49 When Fixed capping is 500000 Lakh, Eligibility is getting calculated properly..!!!]]>
    </system-out>
  </testcase> <!-- TC_10 -->
  <testcase classname="Eligibility_Automation.Smfg_Direct" name="TC_02" time="2.678">
    <system-out>
      <![CDATA[TC_02 : To verify that When experiment is Both Rented, Policy SMFG_Direct when Risk_Grade is C
Eligibility is getting calculated properly..!!!   When Fixed capping is 600000 Lakh , capped_banking_eligibility after Haircut is = -53627.384999999995]]>
    </system-out>
  </testcase> <!-- TC_02 -->
  <testcase classname="Eligibility_Automation.Smfg_Direct" name="TC_10" time="4.014">
    <system-out>
      <![CDATA[TC_10 : To verify that Max Capping of NTC and Thin Cibil when Risk_Grade is NA
capped_banking_eligibility   = -71503.18 When Fixed capping is 500000 Lakh, Eligibility is getting calculated properly..!!!]]>
    </system-out>
  </testcase> <!-- TC_10 -->
  <testcase classname="Eligibility_Automation.Smfg_Direct" name="TC_13" time="11.899">
    <system-out>
      <![CDATA[TC_13 : To verify that When experiment is Both Rented, Policy SMFG_Direct and account is NTC Risk_Grade is B
When Fixed capping is 500000 Lakh And Cibil_Score IS -1 Experiment Is Both_Rented Then capped_banking_eligibility IS -91385.04 ... Eligibility Capping is calculated Properly..!!!!
When Fixed capping is 500000 Lakh And Cibil_Score IS 0 Experiment Is Both_Rented Then capped_banking_eligibility IS -91385.04 ... Eligibility Capping is calculated Properly..!!!!
When Fixed capping is 500000 Lakh And Cibil_Score IS 200 Experiment Is Both_Rented Then capped_banking_eligibility IS -91385.04 ... Eligibility Capping is calculated Properly..!!!!
When Fixed capping is 500000 Lakh And Cibil_Score IS 300 Experiment Is Both_Rented Then capped_banking_eligibility IS -91385.04 ... Eligibility Capping is calculated Properly..!!!!]]>
    </system-out>
  </testcase> <!-- TC_13 -->
  <testcase classname="Eligibility_Automation.Smfg_Direct" name="TC_03" time="2.828">
    <system-out>
      <![CDATA[TC_03 : To verify that When experiment is Both Cautious Profile, Policy SMFG_Direct when Risk_Grade is D
capped_banking_eligibility = -12440.8725 When Fixed capping is 00.00 ,  Eligibility is getting calculated properly..!!!
capped_banking_eligibility = -37322.6175 When Fixed capping is 1000000 Lakh,  Eligibility is getting calculated properly..!!!]]>
    </system-out>
  </testcase> <!-- TC_03 -->
  <testcase classname="Eligibility_Automation.Smfg_Direct" name="TC_15" time="3.093">
    <system-out>
      <![CDATA[TC_01 : To verify that When experiment is Both Rented, Policy SMFG_Direct and account is ODCC Risk_Grade is NA
 When Fixed capping is 00.00 Lakh And Experiment Is Both Rented Then ODCC Capping Is '0.0'  ... Eligibility is getting calculated Properly.!!! ]]>
    </system-out>
  </testcase> <!-- TC_15 -->
  <testcase classname="Eligibility_Automation.Smfg_Direct" name="TC_01" time="3.588">
    <system-out>
      <![CDATA[TC_01 : To verify the final capping if policy is SMFG , ALL risk grade , no experiment, ABB & BTO when Risk_Grade is NA
 Test Loancode =668ba0e7pp16m
capped_banking_eligibility = -71503.18 When Fixed capping is 1500000 Lakh , Eligibility is getting calculated properly..!!!
capped_abb_eligibility = 235522.84 When Fixed capping is 1500000.0 Lakh , Eligibility is getting calculated properly..!!!]]>
    </system-out>
  </testcase> <!-- TC_01 -->
  <testcase classname="Eligibility_Automation.Smfg_Direct" name="TC_07" time="2.906">
    <system-out>
      <![CDATA[TC_07 : To verify that When Experiment is Personal Loan, Policy SMFG_Direct whwn Risk_Grade is A
capped_banking_eligibility = -109567.84 When Fixed capping is 500000 Lakh, Eligibility is getting calculated properly..!!!]]>
    </system-out>
  </testcase> <!-- TC_07 -->
  <testcase classname="Eligibility_Automation.Smfg_Direct" name="TC_12" time="2.965">
    <system-out>
      <![CDATA[TC_12 : To verify that When ODCC, Policy SMFG_Direct (only ABB) Risk_Grade is E
capped_abb_eligibility  = 0.0 And Fixed capping is 1000000 Lakh, Eligibility is getting calculated properly..!!!]]>
    </system-out>
  </testcase> <!-- TC_12 -->
  <testcase classname="Eligibility_Automation.Smfg_Direct" name="TC_07" time="3.071">
    <system-out>
      <![CDATA[TC_07 : To verify that When Experiment is Personal Loan, Policy SMFG_Direct whwn Risk_Grade is B
BTO Capping = -91385.04 And Grade = B when fixed capping =500000.0  Eligibility is getting calculated properly..!!!
capped_banking_eligibility = -77677.284 When Fixed capping is 500000 Lakh,Eligibility is getting calculated properly..!!!]]>
    </system-out>
  </testcase> <!-- TC_07 -->
  <testcase classname="Eligibility_Automation.Smfg_Direct" name="TC_10" time="4.689">
    <system-out>
      <![CDATA[TC_10 : To verify that Max Capping of NTC and Thin Cibil when Risk_Grade is D
capped_banking_eligibility   = -49763.49 When Fixed capping is 500000 Lakh, Eligibility is getting calculated properly..!!!]]>
    </system-out>
  </testcase> <!-- TC_10 -->
  <testcase classname="Eligibility_Automation.Smfg_Direct" name="TC_06" time="2.843">
    <system-out>
      <![CDATA[TC_06 : To verify that When experiment is Salaried, Policy SMFG_Direct when Risk_Grade is E
capped_banking_eligibility = -37322.6175 When Fixed capping is 600000 Lakh, Eligibility is getting calculated properly..!!!]]>
    </system-out>
  </testcase> <!-- TC_06 -->
  <testcase classname="Eligibility_Automation.Smfg_Direct" name="TC_14" time="2.897">
    <system-out>
      <![CDATA[TC_14 : To verify that When experiment is Both Rented, Policy SMFG_Direct and account is Thin cibil Risk_Grade is C
When Fixed capping is 500000 Lakh Then capped_banking_eligibility IS '-71503.18' ... Eligibility Capping is calculated Properly..!!!!]]>
    </system-out>
  </testcase> <!-- TC_14 -->
  <testcase classname="Eligibility_Automation.Smfg_Direct" name="TC_12" time="2.737">
    <system-out>
      <![CDATA[TC_12 : To verify that When ODCC, Policy SMFG_Direct (only ABB) Risk_Grade is C
capped_abb_eligibility  = 88321.065 And Fixed capping is 1000000 Lakh, Eligibility is getting calculated properly..!!!]]>
    </system-out>
  </testcase> <!-- TC_12 -->
  <testcase classname="Eligibility_Automation.Smfg_Direct" name="TC_13" time="12.874">
    <system-out>
      <![CDATA[TC_13 : To verify that When experiment is Both Rented, Policy SMFG_Direct and account is NTC Risk_Grade is C
When Fixed capping is 500000 Lakh And Cibil_Score IS -1 Experiment Is Both_Rented Then capped_banking_eligibility IS -71503.18 ... Eligibility Capping is calculated Properly..!!!!
When Fixed capping is 500000 Lakh And Cibil_Score IS 0 Experiment Is Both_Rented Then capped_banking_eligibility IS -71503.18 ... Eligibility Capping is calculated Properly..!!!!
When Fixed capping is 500000 Lakh And Cibil_Score IS 200 Experiment Is Both_Rented Then capped_banking_eligibility IS -71503.18 ... Eligibility Capping is calculated Properly..!!!!
When Fixed capping is 500000 Lakh And Cibil_Score IS 300 Experiment Is Both_Rented Then capped_banking_eligibility IS -71503.18 ... Eligibility Capping is calculated Properly..!!!!]]>
    </system-out>
  </testcase> <!-- TC_13 -->
  <testcase classname="Eligibility_Automation.Smfg_Direct" name="TC_11" time="12.346">
    <system-out>
      <![CDATA[TC_11 : To verify that NTC with limit when Risk_Grade is D
IF Risk_Garde IS 'D And Fixed capping is 500000 Lakh, Cibil_Score IS -1 Then capped_banking_eligibility IS -49763.49 ... Eligibility Capping is calculated Properly..!!!!
IF Risk_Garde IS 'D And Fixed capping is 500000 Lakh, Cibil_Score IS 0 Then capped_banking_eligibility IS -49763.49 ... Eligibility Capping is calculated Properly..!!!!
IF Risk_Garde IS 'D And Fixed capping is 500000 Lakh, Cibil_Score IS 200 Then capped_banking_eligibility IS -49763.49 ... Eligibility Capping is calculated Properly..!!!!
IF Risk_Garde IS 'D And Fixed capping is 500000 Lakh, Cibil_Score IS 300 Then capped_banking_eligibility IS -49763.49 ... Eligibility Capping is calculated Properly..!!!!]]>
    </system-out>
  </testcase> <!-- TC_11 -->
  <testcase classname="Eligibility_Automation.Smfg_Direct" name="TC_13" time="12.392">
    <system-out>
      <![CDATA[TC_13 : To verify that When experiment is Both Rented, Policy SMFG_Direct and account is NTC Risk_Grade is A
When Fixed capping is 500000 Lakh And Cibil_Score IS -1 Experiment Is Both_Rented Then capped_banking_eligibility IS -109567.84 ... Eligibility Capping is calculated Properly..!!!!
When Fixed capping is 500000 Lakh And Cibil_Score IS 0 Experiment Is Both_Rented Then capped_banking_eligibility IS -109567.84 ... Eligibility Capping is calculated Properly..!!!!
When Fixed capping is 500000 Lakh And Cibil_Score IS 200 Experiment Is Both_Rented Then capped_banking_eligibility IS -109567.84 ... Eligibility Capping is calculated Properly..!!!!
When Fixed capping is 500000 Lakh And Cibil_Score IS 300 Experiment Is Both_Rented Then capped_banking_eligibility IS -109567.84 ... Eligibility Capping is calculated Properly..!!!!]]>
    </system-out>
  </testcase> <!-- TC_13 -->
  <testcase classname="Eligibility_Automation.Smfg_Direct" name="TC_05" time="3.300">
    <system-out>
      <![CDATA[TC_05 : To verify that When experiment is  Cautious Location, Policy SMFG_Direct when Risk_Grade is B
capped_banking_eligibility = -77677.284When Fixed capping is 1000000 Lakh, Eligibility is getting calculated properly..!!!]]>
    </system-out>
  </testcase> <!-- TC_05 -->
  <testcase classname="Eligibility_Automation.Smfg_Direct" name="TC_07" time="2.887">
    <system-out>
      <![CDATA[TC_07 : To verify that When Experiment is Personal Loan, Policy SMFG_Direct whwn Risk_Grade is E
capped_banking_eligibility = -37322.6175 When Fixed capping is 500000 Lakh,Eligibility is getting calculated properly..!!!]]>
    </system-out>
  </testcase> <!-- TC_07 -->
  <testcase classname="Eligibility_Automation.Smfg_Direct" name="TC_13" time="11.945">
    <system-out>
      <![CDATA[TC_13 : To verify that When experiment is Both Rented, Policy SMFG_Direct and account is NTC Risk_Grade is E
When Fixed capping is 500000 Lakh And Cibil_Score IS -1 Experiment Is Both_Rented Then capped_banking_eligibility IS -49763.49 ... Eligibility Capping is calculated Properly..!!!!
When Fixed capping is 500000 Lakh And Cibil_Score IS 0 Experiment Is Both_Rented Then capped_banking_eligibility IS -49763.49 ... Eligibility Capping is calculated Properly..!!!!
When Fixed capping is 500000 Lakh And Cibil_Score IS 200 Experiment Is Both_Rented Then capped_banking_eligibility IS -49763.49 ... Eligibility Capping is calculated Properly..!!!!
When Fixed capping is 500000 Lakh And Cibil_Score IS 300 Experiment Is Both_Rented Then capped_banking_eligibility IS -49763.49 ... Eligibility Capping is calculated Properly..!!!!]]>
    </system-out>
  </testcase> <!-- TC_13 -->
  <testcase classname="Eligibility_Automation.Smfg_Direct" name="TC_07" time="2.868">
    <system-out>
      <![CDATA[TC_07 : To verify that When Experiment is Personal Loan, Policy SMFG_Direct whwn Risk_Grade is NA
capped_banking_eligibility = -53627.384999999995 When Fixed capping is 500000 Lakh,Eligibility is getting calculated properly..!!!]]>
    </system-out>
  </testcase> <!-- TC_07 -->
  <testcase classname="Eligibility_Automation.Smfg_Direct" name="TC_09" time="3.190">
    <system-out>
      <![CDATA[TC_09 : Max capping where “no experiment” is applied (excl DSA,) where Business vintage is > 3 years & one property is owned when Risk_Grade is E
Eligibility is not getting calculated properly..!!!
Eligibility is not getting calculated properly..!!!]]>
    </system-out>
  </testcase> <!-- TC_09 -->
  <testcase classname="Eligibility_Automation.Smfg_Direct" name="TC_12" time="2.822">
    <system-out>
      <![CDATA[TC_12 : To verify that When ODCC, Policy SMFG_Direct (only ABB) Risk_Grade is A
capped_abb_eligibility  = 180451.62 And Fixed capping is 1000000 Lakh, Eligibility is getting calculated properly..!!!]]>
    </system-out>
  </testcase> <!-- TC_12 -->
  <testcase classname="Eligibility_Automation.Smfg_Direct" name="TC_01" time="2.771">
    <system-out>
      <![CDATA[TC_01 : To verify the final capping if policy is SMFG , ALL risk grade , no experiment, ABB & BTO when Risk_Grade is C
 Test Loancode =668ba0e7pp16m
capped_banking_eligibility = -71503.18 When Fixed capping is 1500000 Lakh , Eligibility is getting calculated properly..!!!
capped_abb_eligibility = 235522.84 When Fixed capping is 1500000.0 Lakh , Eligibility is getting calculated properly..!!!]]>
    </system-out>
  </testcase> <!-- TC_01 -->
  <testcase classname="Eligibility_Automation.Smfg_Direct" name="TC_06" time="2.815">
    <system-out>
      <![CDATA[TC_06 : To verify that When experiment is Salaried, Policy SMFG_Direct when Risk_Grade is A
capped_banking_eligibility = -109567.84 And Grade = A Eligibility is getting calculated properly..!!!]]>
    </system-out>
  </testcase> <!-- TC_06 -->
  <testcase classname="Eligibility_Automation.Smfg_Direct" name="TC_05" time="2.811">
    <system-out>
      <![CDATA[TC_05 : To verify that When experiment is  Cautious Location, Policy SMFG_Direct when Risk_Grade is D
capped_banking_eligibility = -37322.6175When Fixed capping is 1000000 Lakh, Eligibility is getting calculated properly..!!!]]>
    </system-out>
  </testcase> <!-- TC_05 -->
  <testcase classname="Eligibility_Automation.Smfg_Direct" name="TC_12" time="3.374">
    <system-out>
      <![CDATA[TC_12 : To verify that When ODCC, Policy SMFG_Direct (only ABB) Risk_Grade is D
capped_abb_eligibility  = 61468.095 And Fixed capping is 1000000 Lakh, Eligibility is getting calculated properly..!!!]]>
    </system-out>
  </testcase> <!-- TC_12 -->
  <testcase classname="Eligibility_Automation.Smfg_Direct" name="TC_03" time="2.701">
    <system-out>
      <![CDATA[TC_03 : To verify that When experiment is Both Cautious Profile, Policy SMFG_Direct when Risk_Grade is A
capped_banking_eligibility = -109567.84When Fixed capping is 1500000 Lakh ,  Eligibility is getting calculated properly..!!!]]>
    </system-out>
  </testcase> <!-- TC_03 -->
  <testcase classname="Eligibility_Automation.Smfg_Direct" name="TC_08" time="2.897">
    <system-out>
      <![CDATA[TC_08 : To verify that When Experiment is Saving Account, Policy SMFG_Direct when Risk_Grade is NA
capped_banking_eligibility = -50052.225999999995 When Fixed capping is 500000 Lakh,Eligibility is getting calculated properly..!!!]]>
    </system-out>
  </testcase> <!-- TC_08 -->
  <testcase classname="Eligibility_Automation.Smfg_Direct" name="TC_10" time="3.980">
    <system-out>
      <![CDATA[TC_10 : To verify that Max Capping of NTC and Thin Cibil when Risk_Grade is A
capped_banking_eligibility   = -109567.84 When Fixed capping is 500000 Lakh, Eligibility is getting calculated properly..!!!]]>
    </system-out>
  </testcase> <!-- TC_10 -->
  <testcase classname="Eligibility_Automation.Smfg_Direct" name="TC_04" time="2.838">
    <system-out>
      <![CDATA[TC_04 : To verify that When experiment is Both Toxic Profile, Policy SMFG_Direct when Risk_Grade is NA
capped_banking_eligibility = -53627.384999999995 When Fixed capping is 1000000 Lakh, Eligibility is getting calculated properly..!!!]]>
    </system-out>
  </testcase> <!-- TC_04 -->
  <testcase classname="Eligibility_Automation.Smfg_Direct" name="TC_08" time="2.988">
    <system-out>
      <![CDATA[TC_08 : To verify that When Experiment is Saving Account, Policy SMFG_Direct when Risk_Grade is B
capped_banking_eligibility = -63969.52799999999 When Fixed capping is 500000 Lakh,Eligibility is getting calculated properly..!!!]]>
    </system-out>
  </testcase> <!-- TC_08 -->
  <testcase classname="Eligibility_Automation.Smfg_Direct" name="TC_06" time="2.875">
    <system-out>
      <![CDATA[TC_06 : To verify that When experiment is Salaried, Policy SMFG_Direct when Risk_Grade is NA
capped_banking_eligibility = -53627.384999999995 When Fixed capping is 600000 Lakh, Eligibility is getting calculated properly..!!!]]>
    </system-out>
  </testcase> <!-- TC_06 -->
  <testcase classname="Eligibility_Automation.Smfg_Direct" name="TC_15" time="3.076">
    <system-out>
      <![CDATA[TC_01 : To verify that When experiment is Both Rented, Policy SMFG_Direct and account is ODCC Risk_Grade is D
 When Fixed capping is 1000000 Lakh And Experiment Is Both Rented Then ODCC capped_abb_eligibility  Is '0.0'  ... Eligibility is getting calculated Properly.!!! ]]>
    </system-out>
  </testcase> <!-- TC_15 -->
  <testcase classname="Eligibility_Automation.Smfg_Direct" name="TC_04" time="2.827">
    <system-out>
      <![CDATA[TC_04 : To verify that When experiment is Both Toxic Profile, Policy SMFG_Direct when Risk_Grade is E
capped_banking_eligibility = -37322.6175 When Fixed capping is 1000000 Lakh, Eligibility is getting calculated properly..!!!]]>
    </system-out>
  </testcase> <!-- TC_04 -->
  <testcase classname="Eligibility_Automation.Smfg_Direct" name="TC_07" time="3.070">
    <system-out>
      <![CDATA[TC_07 : To verify that When Experiment is Personal Loan, Policy SMFG_Direct whwn Risk_Grade is D
capped_banking_eligibility = -37322.6175 When Fixed capping is 500000 Lakh,Eligibility is getting calculated properly..!!!]]>
    </system-out>
  </testcase> <!-- TC_07 -->
  <testcase classname="Eligibility_Automation.Smfg_Direct" name="TC_12" time="2.961">
    <system-out>
      <![CDATA[TC_12 : To verify that When ODCC, Policy SMFG_Direct (only ABB) Risk_Grade is NA
capped_abb_eligibility  = 0.0 And Fixed capping is 1000000 Lakh, Eligibility is getting calculated properly..!!!]]>
    </system-out>
  </testcase> <!-- TC_12 -->
  <testcase classname="Eligibility_Automation.Smfg_Direct" name="TC_09" time="3.145">
    <system-out>
      <![CDATA[TC_09 : Max capping where “no experiment” is applied (excl DSA,) where Business vintage is > 3 years & one property is owned when Risk_Grade is B
capped_abb_eligibility = 415677.0 When Fixed capping is 2000000 Lakh, Eligibility is getting calculated properly..!!!
capped_abb_eligibility  = 415677.0 When Fixed capping is 2000000 Lakh, Eligibility is getting calculated properly..!!!]]>
    </system-out>
  </testcase> <!-- TC_09 -->
  <testcase classname="Eligibility_Automation.Smfg_Direct" name="TC_11" time="12.083">
    <system-out>
      <![CDATA[TC_11 : To verify that NTC with limit when Risk_Grade is B
IF Risk_Garde IS 'B And Fixed capping is 500000 Lakh, Cibil_Score IS -1 Then capped_banking_eligibility IS -91385.04 ... Eligibility Capping is calculated Properly..!!!!
IF Risk_Garde IS 'B And Fixed capping is 500000 Lakh, Cibil_Score IS 0 Then capped_banking_eligibility IS -91385.04 ... Eligibility Capping is calculated Properly..!!!!
IF Risk_Garde IS 'B And Fixed capping is 500000 Lakh, Cibil_Score IS 200 Then capped_banking_eligibility IS -91385.04 ... Eligibility Capping is calculated Properly..!!!!
IF Risk_Garde IS 'B And Fixed capping is 500000 Lakh, Cibil_Score IS 300 Then capped_banking_eligibility IS -91385.04 ... Eligibility Capping is calculated Properly..!!!!]]>
    </system-out>
  </testcase> <!-- TC_11 -->
  <testcase classname="Eligibility_Automation.Smfg_Direct" name="TC_08" time="3.225">
    <system-out>
      <![CDATA[TC_08 : To verify that When Experiment is Saving Account, Policy SMFG_Direct when Risk_Grade is D
capped_banking_eligibility = -34834.443 When Fixed capping is 500000 Lakh, Eligibility is getting calculated properly..!!!]]>
    </system-out>
  </testcase> <!-- TC_08 -->
  <testcase classname="Eligibility_Automation.Smfg_Direct" name="TC_11" time="12.151">
    <system-out>
      <![CDATA[TC_11 : To verify that NTC with limit when Risk_Grade is C
IF Risk_Garde IS 'C And Fixed capping is 500000 Lakh, Cibil_Score IS -1 Then capped_banking_eligibility IS -71503.18 ... Eligibility Capping is calculated Properly..!!!!
IF Risk_Garde IS 'C And Fixed capping is 500000 Lakh, Cibil_Score IS 0 Then capped_banking_eligibility IS -71503.18 ... Eligibility Capping is calculated Properly..!!!!
IF Risk_Garde IS 'C And Fixed capping is 500000 Lakh, Cibil_Score IS 200 Then capped_banking_eligibility IS -71503.18 ... Eligibility Capping is calculated Properly..!!!!
IF Risk_Garde IS 'C And Fixed capping is 500000 Lakh, Cibil_Score IS 300 Then capped_banking_eligibility IS -71503.18 ... Eligibility Capping is calculated Properly..!!!!]]>
    </system-out>
  </testcase> <!-- TC_11 -->
  <testcase classname="Eligibility_Automation.Smfg_Direct" name="TC_03" time="2.795">
    <system-out>
      <![CDATA[TC_03 : To verify that When experiment is Both Cautious Profile, Policy SMFG_Direct when Risk_Grade is B
capped_banking_eligibility = -13707.756 When Fixed capping is 00.00 , Eligibility is getting calculated properly..!!!
capped_banking_eligibility = -77677.284 When Fixed capping is 1500000 Lakh,  Eligibility is getting calculated properly..!!!]]>
    </system-out>
  </testcase> <!-- TC_03 -->
  <testcase classname="Eligibility_Automation.Smfg_Direct" name="TC_03" time="2.777">
    <system-out>
      <![CDATA[TC_03 : To verify that When experiment is Both Cautious Profile, Policy SMFG_Direct when Risk_Grade is E
capped_banking_eligibility = -12440.8725 When Fixed capping is 00.00 ,  Eligibility is getting calculated properly..!!!
capped_banking_eligibility = -37322.6175 When Fixed capping is 1000000 Lakh,  Eligibility is getting calculated properly..!!!]]>
    </system-out>
  </testcase> <!-- TC_03 -->
  <testcase classname="Eligibility_Automation.Smfg_Direct" name="TC_01" time="2.655">
    <system-out>
      <![CDATA[TC_01 : To verify the final capping if policy is SMFG , ALL risk grade , no experiment, ABB & BTO when Risk_Grade is E
 Test Loancode =668ba0e7pp16m
capped_banking_eligibility = -49763.49 When Fixed capping is 1000000 Lakh , Eligibility is getting calculated properly..!!!
capped_abb_eligibility = 163914.92 When Fixed capping is 1500000.0 Lakh , Eligibility is getting calculated properly..!!!]]>
    </system-out>
  </testcase> <!-- TC_01 -->
  <testcase classname="Eligibility_Automation.Smfg_Direct" name="TC_14" time="3.056">
    <system-out>
      <![CDATA[TC_14 : To verify that When experiment is Both Rented, Policy SMFG_Direct and account is Thin cibil Risk_Grade is E
When Fixed capping is 500000 Lakh Then capped_banking_eligibility IS '-49763.49' ... Eligibility Capping is calculated Properly..!!!!]]>
    </system-out>
  </testcase> <!-- TC_14 -->
  <testcase classname="Eligibility_Automation.Smfg_Direct" name="TC_04" time="3.198">
    <system-out>
      <![CDATA[TC_04 : To verify that When experiment is Both Toxic Profile, Policy SMFG_Direct when Risk_Grade is D
capped_banking_eligibility = -37322.6175 When Fixed capping is 1000000 Lakh, Eligibility is getting calculated properly..!!!]]>
    </system-out>
  </testcase> <!-- TC_04 -->
  <testcase classname="Eligibility_Automation.Smfg_Direct" name="TC_14" time="2.926">
    <system-out>
      <![CDATA[TC_14 : To verify that When experiment is Both Rented, Policy SMFG_Direct and account is Thin cibil Risk_Grade is A
When Fixed capping is 500000 Lakh Then capped_banking_eligibility IS '-109567.84' ... Eligibility Capping is calculated Properly..!!!!]]>
    </system-out>
  </testcase> <!-- TC_14 -->
  <testcase classname="Eligibility_Automation.Smfg_Direct" name="TC_03" time="3.262">
    <system-out>
      <![CDATA[TC_03 : To verify that When experiment is Both Cautious Profile, Policy SMFG_Direct when Risk_Grade is C
capped_banking_eligibility = -17875.795 When Fixed capping is 00.00 ,  Eligibility is getting calculated properly..!!!
capped_banking_eligibility = -53627.384999999995 When Fixed capping is 1000000 Lakh,  Eligibility is getting calculated properly..!!!]]>
    </system-out>
  </testcase> <!-- TC_03 -->
  <testcase classname="Eligibility_Automation.Smfg_Direct" name="TC_15" time="3.153">
    <system-out>
      <![CDATA[TC_01 : To verify that When experiment is Both Rented, Policy SMFG_Direct and account is ODCC Risk_Grade is C
 When Fixed capping is 1000000 Lakh And Experiment Is Both Rented Then ODCC capped_abb_eligibility  Is '126172.95'  ... Eligibility is getting calculated Properly.!!! ]]>
    </system-out>
  </testcase> <!-- TC_15 -->
  <testcase classname="Eligibility_Automation.Smfg_Direct" name="TC_15" time="2.795">
    <system-out>
      <![CDATA[TC_01 : To verify that When experiment is Both Rented, Policy SMFG_Direct and account is ODCC Risk_Grade is E
 When Fixed capping is 1000000 Lakh And Experiment Is Both Rented Then ODCC capped_abb_eligibility  Is '0.0'  ... Eligibility is getting calculated Properly.!!! ]]>
    </system-out>
  </testcase> <!-- TC_15 -->
  <testcase classname="Eligibility_Automation.Smfg_Direct" name="TC_02" time="2.779">
    <system-out>
      <![CDATA[TC_02 : To verify that When experiment is Both Rented, Policy SMFG_Direct when Risk_Grade is A
Eligibility is getting calculated properly..!!!  When Fixed capping is 1000000 Lakh ,capped_banking_eligibility after Haircut is = 0.0]]>
    </system-out>
  </testcase> <!-- TC_02 -->
  <testcase classname="Eligibility_Automation.Smfg_Direct" name="TC_09" time="2.876">
    <system-out>
      <![CDATA[TC_09 : Max capping where “no experiment” is applied (excl DSA,) where Business vintage is > 3 years & one property is owned when Risk_Grade is A
capped_abb_eligibility = 415677.0 When Fixed capping is 2000000 Lakh, Eligibility is getting calculated properly..!!!
capped_abb_eligibility  = 415677.0 When Fixed capping is 2000000 Lakh, Eligibility is getting calculated properly..!!!]]>
    </system-out>
  </testcase> <!-- TC_09 -->
  <testcase classname="Eligibility_Automation.Smfg_Direct" name="TC_13" time="12.470">
    <system-out>
      <![CDATA[TC_13 : To verify that When experiment is Both Rented, Policy SMFG_Direct and account is NTC Risk_Grade is D
When Fixed capping is 500000 Lakh And Cibil_Score IS -1 Experiment Is Both_Rented Then capped_banking_eligibility IS -49763.49 ... Eligibility Capping is calculated Properly..!!!!
When Fixed capping is 500000 Lakh And Cibil_Score IS 0 Experiment Is Both_Rented Then capped_banking_eligibility IS -49763.49 ... Eligibility Capping is calculated Properly..!!!!
When Fixed capping is 500000 Lakh And Cibil_Score IS 200 Experiment Is Both_Rented Then capped_banking_eligibility IS -49763.49 ... Eligibility Capping is calculated Properly..!!!!
When Fixed capping is 500000 Lakh And Cibil_Score IS 300 Experiment Is Both_Rented Then capped_banking_eligibility IS -49763.49 ... Eligibility Capping is calculated Properly..!!!!]]>
    </system-out>
  </testcase> <!-- TC_13 -->
  <testcase classname="Eligibility_Automation.Smfg_Direct" name="TC_14" time="2.771">
    <system-out>
      <![CDATA[TC_14 : To verify that When experiment is Both Rented, Policy SMFG_Direct and account is Thin cibil Risk_Grade is D
When Fixed capping is 500000 Lakh Then capped_banking_eligibility IS '-49763.49' ... Eligibility Capping is calculated Properly..!!!!]]>
    </system-out>
  </testcase> <!-- TC_14 -->
  <testcase classname="Eligibility_Automation.Smfg_Direct" name="TC_09" time="2.809">
    <system-out>
      <![CDATA[TC_09 : Max capping where “no experiment” is applied (excl DSA,) where Business vintage is > 3 years & one property is owned when Risk_Grade is NA
Eligibility is not getting calculated properly..!!!
Eligibility is not getting calculated properly..!!!]]>
    </system-out>
  </testcase> <!-- TC_09 -->
  <testcase classname="Eligibility_Automation.Smfg_Direct" name="TC_05" time="2.857">
    <system-out>
      <![CDATA[TC_05 : To verify that When experiment is  Cautious Location, Policy SMFG_Direct when Risk_Grade is C
capped_banking_eligibility = -53627.384999999995When Fixed capping is 1000000 Lakh, Eligibility is getting calculated properly..!!!]]>
    </system-out>
  </testcase> <!-- TC_05 -->
  <testcase classname="Eligibility_Automation.Smfg_Direct" name="TC_04" time="2.735">
    <system-out>
      <![CDATA[TC_04 : To verify that When experiment is Both Toxic Profile, Policy SMFG_Direct when Risk_Grade is A
capped_banking_eligibility = -109567.84 When Fixed capping is 1000000 Lakh, Eligibility is getting calculated properly..!!!]]>
    </system-out>
  </testcase> <!-- TC_04 -->
  <testcase classname="Eligibility_Automation.Smfg_Direct" name="TC_01" time="4.192">
    <system-out>
      <![CDATA[TC_01 : To verify the final capping if policy is SMFG , ALL risk grade , no experiment, ABB & BTO when Risk_Grade is A
 Test Loancode =668ba0e7pp16m
capped_banking_eligibility = -109567.84 When Fixed capping is 1500000 Lakh , Eligibility is getting calculated properly..!!!
capped_abb_eligibility = 360903.28 When Fixed capping is 1500000.0 Lakh , Eligibility is getting calculated properly..!!!]]>
    </system-out>
  </testcase> <!-- TC_01 -->
  <testcase classname="Eligibility_Automation.Smfg_Direct" name="TC_09" time="3.205">
    <system-out>
      <![CDATA[TC_09 : Max capping where “no experiment” is applied (excl DSA,) where Business vintage is > 3 years & one property is owned when Risk_Grade is D
capped_abb_eligibility  = 334657.88 When Fixed capping is 1500000 Lakh, Eligibility is getting calculated properly..!!!
capped_abb_eligibility  = 415677.0 When Fixed capping is 2000000 Lakh, Eligibility is getting calculated properly..!!!]]>
    </system-out>
  </testcase> <!-- TC_09 -->
  <testcase classname="Eligibility_Automation.Smfg_Direct" name="TC_12" time="2.863">
    <system-out>
      <![CDATA[TC_12 : To verify that When ODCC, Policy SMFG_Direct (only ABB) Risk_Grade is B
capped_abb_eligibility  = 127929.811 And Fixed capping is 1000000 Lakh, Eligibility is getting calculated properly..!!!]]>
    </system-out>
  </testcase> <!-- TC_12 -->
  <testcase classname="Eligibility_Automation.Smfg_Direct" name="TC_15" time="3.150">
    <system-out>
      <![CDATA[TC_01 : To verify that When experiment is Both Rented, Policy SMFG_Direct and account is ODCC Risk_Grade is B
 When Fixed capping is 1000000 Lakh And Experiment Is Both Rented Then ODCC capped_abb_eligibility  Is '182756.86'  ... Eligibility is getting calculated Properly.!!! ]]>
    </system-out>
  </testcase> <!-- TC_15 -->
  <testcase classname="Eligibility_Automation.Smfg_Direct" name="TC_14" time="3.273">
    <system-out>
      <![CDATA[TC_14 : To verify that When experiment is Both Rented, Policy SMFG_Direct and account is Thin cibil Risk_Grade is NA
When Fixed capping is 500000 Lakh Then capped_banking_eligibility IS '-71503.18' ... Eligibility Capping is calculated Properly..!!!!]]>
    </system-out>
  </testcase> <!-- TC_14 -->
  <testcase classname="Eligibility_Automation.Smfg_Direct" name="TC_01" time="3.315">
    <system-out>
      <![CDATA[TC_01 : To verify the final capping if policy is SMFG , ALL risk grade , no experiment, ABB & BTO when Risk_Grade is B
 Test Loancode =668ba0e7pp16m
capped_banking_eligibility = -91385.04 When Fixed capping is 1500000 Lakh , Eligibility is getting calculated properly..!!!
capped_abb_eligibility = 301011.3 When Fixed capping is 1500000.0 Lakh , Eligibility is getting calculated properly..!!!]]>
    </system-out>
  </testcase> <!-- TC_01 -->
  <testcase classname="Eligibility_Automation.Smfg_Direct" name="TC_02" time="3.086">
    <system-out>
      <![CDATA[TC_02 : To verify that When experiment is Both Rented, Policy SMFG_Direct when Risk_Grade is NA
Eligibility is getting calculated properly..!!!   When Fixed capping is 600000 Lakh , capped_banking_eligibility after Haircut is = -53627.384999999995]]>
    </system-out>
  </testcase> <!-- TC_02 -->
  <testcase classname="Eligibility_Automation.Smfg_Direct" name="TC_08" time="3.423">
    <system-out>
      <![CDATA[TC_08 : To verify that When Experiment is Saving Account, Policy SMFG_Direct when Risk_Grade is A
capped_banking_eligibility = -76697.488 When Fixed capping is 500000 Lakh,Eligibility is getting calculated properly..!!!]]>
    </system-out>
  </testcase> <!-- TC_08 -->
  <testcase classname="Eligibility_Automation.Smfg_Direct" name="TC_06" time="3.087">
    <system-out>
      <![CDATA[TC_06 : To verify that When experiment is Salaried, Policy SMFG_Direct when Risk_Grade is B
capped_banking_eligibility = -77677.284 When Fixed capping is 800000 Lakh, Eligibility is getting calculated properly..!!!]]>
    </system-out>
  </testcase> <!-- TC_06 -->
  <testcase classname="Eligibility_Automation.Smfg_Direct" name="TC_11" time="11.849">
    <system-out>
      <![CDATA[TC_11 : To verify that NTC with limit when Risk_Grade is E
IF Risk_Garde IS 'E And Fixed capping is 500000 Lakh, Cibil_Score IS -1 Then capped_banking_eligibility IS -49763.49 ... Eligibility Capping is calculated Properly..!!!!
IF Risk_Garde IS 'E And Fixed capping is 500000 Lakh, Cibil_Score IS 0 Then capped_banking_eligibility IS -49763.49 ... Eligibility Capping is calculated Properly..!!!!
IF Risk_Garde IS 'E And Fixed capping is 500000 Lakh, Cibil_Score IS 200 Then capped_banking_eligibility IS -49763.49 ... Eligibility Capping is calculated Properly..!!!!
IF Risk_Garde IS 'E And Fixed capping is 500000 Lakh, Cibil_Score IS 300 Then capped_banking_eligibility IS -49763.49 ... Eligibility Capping is calculated Properly..!!!!]]>
    </system-out>
  </testcase> <!-- TC_11 -->
  <testcase classname="Eligibility_Automation.Smfg_Direct" name="TC_08" time="2.719">
    <system-out>
      <![CDATA[TC_08 : To verify that When Experiment is Saving Account, Policy SMFG_Direct when Risk_Grade is E
capped_banking_eligibility = -34834.443 When Fixed capping is 500000 Lakh, Eligibility is getting calculated properly..!!!]]>
    </system-out>
  </testcase> <!-- TC_08 -->
  <testcase classname="Eligibility_Automation.Smfg_Direct" name="TC_14" time="3.083">
    <system-out>
      <![CDATA[TC_14 : To verify that When experiment is Both Rented, Policy SMFG_Direct and account is Thin cibil Risk_Grade is B
When Fixed capping is 500000 Lakh Then capped_banking_eligibility IS '-91385.04' ... Eligibility Capping is calculated Properly..!!!!]]>
    </system-out>
  </testcase> <!-- TC_14 -->
  <testcase classname="Eligibility_Automation.Smfg_Direct" name="TC_01" time="2.817">
    <system-out>
      <![CDATA[TC_01 : To verify the final capping if policy is SMFG , ALL risk grade , no experiment, ABB & BTO when Risk_Grade is D
 Test Loancode =668ba0e7pp16m
capped_banking_eligibility = -49763.49 When Fixed capping is 1500000 Lakh , Eligibility is getting calculated properly..!!!
capped_abb_eligibility = 163914.92 When Fixed capping is 1500000.0 Lakh , Eligibility is getting calculated properly..!!!]]>
    </system-out>
  </testcase> <!-- TC_01 -->
  <testcase classname="Eligibility_Automation.Smfg_Direct" name="TC_03" time="2.939">
    <system-out>
      <![CDATA[TC_03 : To verify that When experiment is Both Cautious Profile, Policy SMFG_Direct when Risk_Grade is NA
capped_banking_eligibility = -17875.795 When Fixed capping is 00.00 ,  Eligibility is getting calculated properly..!!!
capped_banking_eligibility = -53627.384999999995 When Fixed capping is 1000000 Lakh,  Eligibility is getting calculated properly..!!!]]>
    </system-out>
  </testcase> <!-- TC_03 -->
  <testcase classname="Eligibility_Automation.Smfg_Direct" name="TC_09" time="4.158">
    <system-out>
      <![CDATA[TC_09 : Max capping where “no experiment” is applied (excl DSA,) where Business vintage is > 3 years & one property is owned when Risk_Grade is C
capped_abb_eligibility  = 334657.88 When Fixed capping is 1500000 Lakh, Eligibility is getting calculated properly..!!!
capped_abb_eligibility  = 415677.0 When Fixed capping is 2000000 Lakh, Eligibility is getting calculated properly..!!!]]>
    </system-out>
  </testcase> <!-- TC_09 -->
  <testcase classname="Eligibility_Automation.Smfg_Direct" name="TC_06" time="2.782">
    <system-out>
      <![CDATA[TC_06 : To verify that When experiment is Salaried, Policy SMFG_Direct when Risk_Grade is C
capped_banking_eligibility = -53627.384999999995 When Fixed capping is 600000 Lakh, Eligibility is getting calculated properly..!!!]]>
    </system-out>
  </testcase> <!-- TC_06 -->
  <testcase classname="Eligibility_Automation.Smfg_Direct" name="TC_05" time="3.531">
    <system-out>
      <![CDATA[TC_05 : To verify that When experiment is  Cautious Location, Policy SMFG_Direct when Risk_Grade is NA
capped_banking_eligibility = -53627.384999999995When Fixed capping is 1000000 Lakh, Eligibility is getting calculated properly..!!!]]>
    </system-out>
  </testcase> <!-- TC_05 -->
  <testcase classname="Eligibility_Automation.Smfg_Direct" name="TC_02" time="2.844">
    <system-out>
      <![CDATA[TC_02 : To verify that When experiment is Both Rented, Policy SMFG_Direct when Risk_Grade is E
Eligibility is getting calculated properly..!!!   When Fixed capping is 600000 Lakh , capped_banking_eligibility after Haircut is = -37322.6175]]>
    </system-out>
  </testcase> <!-- TC_02 -->
  <testcase classname="Eligibility_Automation.Smfg_Direct" name="TC_06" time="3.107">
    <system-out>
      <![CDATA[TC_06 : To verify that When experiment is Salaried, Policy SMFG_Direct when Risk_Grade is D
capped_banking_eligibility = -37322.6175 When Fixed capping is 600000 Lakh, Eligibility is getting calculated properly..!!!]]>
    </system-out>
  </testcase> <!-- TC_06 -->
  <testcase classname="Eligibility_Automation.Smfg_Direct" name="TC_08" time="2.845">
    <system-out>
      <![CDATA[TC_08 : To verify that When Experiment is Saving Account, Policy SMFG_Direct when Risk_Grade is C
capped_banking_eligibility = -50052.225999999995 When Fixed capping is 500000 Lakh,Eligibility is getting calculated properly..!!!]]>
    </system-out>
  </testcase> <!-- TC_08 -->
  <testcase classname="Eligibility_Automation.Smfg_Direct" name="TC_05" time="2.726">
    <system-out>
      <![CDATA[TC_05 : To verify that When experiment is  Cautious Location, Policy SMFG_Direct when Risk_Grade is E
capped_banking_eligibility = -37322.6175When Fixed capping is 1000000 Lakh, Eligibility is getting calculated properly..!!!]]>
    </system-out>
  </testcase> <!-- TC_05 -->
  <testcase classname="Eligibility_Automation.Smfg_Direct" name="TC_11" time="11.750">
    <system-out>
      <![CDATA[TC_11 : To verify that NTC with limit when Risk_Grade is A
IF Risk_Garde IS 'A And Fixed capping is 500000 Lakh, Cibil_Score IS -1 Then capped_banking_eligibility IS -109567.84 ... Eligibility Capping is calculated Properly..!!!!
IF Risk_Garde IS 'A And Fixed capping is 500000 Lakh, Cibil_Score IS 0 Then capped_banking_eligibility IS -109567.84 ... Eligibility Capping is calculated Properly..!!!!
IF Risk_Garde IS 'A And Fixed capping is 500000 Lakh, Cibil_Score IS 200 Then capped_banking_eligibility IS -109567.84 ... Eligibility Capping is calculated Properly..!!!!
IF Risk_Garde IS 'A And Fixed capping is 500000 Lakh, Cibil_Score IS 300 Then capped_banking_eligibility IS -109567.84 ... Eligibility Capping is calculated Properly..!!!!]]>
    </system-out>
  </testcase> <!-- TC_11 -->
  <testcase classname="Eligibility_Automation.Smfg_Direct" name="TC_04" time="2.770">
    <system-out>
      <![CDATA[TC_04 : To verify that When experiment is Both Toxic Profile, Policy SMFG_Direct when Risk_Grade is B
capped_banking_eligibility = -77677.284 When Fixed capping is 1000000 Lakh, Eligibility is getting calculated properly..!!!]]>
    </system-out>
  </testcase> <!-- TC_04 -->
  <testcase classname="Eligibility_Automation.Smfg_Direct" name="TC_10" time="4.506">
    <system-out>
      <![CDATA[TC_10 : To verify that Max Capping of NTC and Thin Cibil when Risk_Grade is B
capped_banking_eligibility   = -91385.04 When Fixed capping is 500000 Lakh, Eligibility is getting calculated properly..!!!]]>
    </system-out>
  </testcase> <!-- TC_10 -->
  <testcase classname="Eligibility_Automation.Smfg_Direct" name="TC_02" time="2.769">
    <system-out>
      <![CDATA[TC_02 : To verify that When experiment is Both Rented, Policy SMFG_Direct when Risk_Grade is B
Eligibility is getting calculated properly..!!!  When Fixed capping is 800000 Lakh , capped_banking_eligibility after Haircut is = -77677.284]]>
    </system-out>
  </testcase> <!-- TC_02 -->
  <testcase classname="Eligibility_Automation.Smfg_Direct" name="TC_11" time="11.943">
    <system-out>
      <![CDATA[TC_11 : To verify that NTC with limit when Risk_Grade is NA
IF Risk_Garde IS 'NA And Fixed capping is 500000 Lakh, Cibil_Score IS -1 Then capped_banking_eligibility IS -71503.18 ... Eligibility Capping is calculated Properly..!!!!
IF Risk_Garde IS 'NA And Fixed capping is 500000 Lakh, Cibil_Score IS 0 Then capped_banking_eligibility IS -71503.18 ... Eligibility Capping is calculated Properly..!!!!
IF Risk_Garde IS 'NA And Fixed capping is 500000 Lakh, Cibil_Score IS 200 Then capped_banking_eligibility IS -71503.18 ... Eligibility Capping is calculated Properly..!!!!
IF Risk_Garde IS 'NA And Fixed capping is 500000 Lakh, Cibil_Score IS 300 Then capped_banking_eligibility IS -71503.18 ... Eligibility Capping is calculated Properly..!!!!]]>
    </system-out>
  </testcase> <!-- TC_11 -->
  <testcase classname="Eligibility_Automation.Smfg_Direct" name="TC_04" time="2.884">
    <system-out>
      <![CDATA[TC_04 : To verify that When experiment is Both Toxic Profile, Policy SMFG_Direct when Risk_Grade is C
capped_banking_eligibility = -53627.384999999995 When Fixed capping is 1000000 Lakh, Eligibility is getting calculated properly..!!!]]>
    </system-out>
  </testcase> <!-- TC_04 -->
  <testcase classname="Eligibility_Automation.Smfg_Direct" name="TC_10" time="4.090">
    <system-out>
      <![CDATA[TC_10 : To verify that Max Capping of NTC and Thin Cibil when Risk_Grade is C
capped_banking_eligibility   = -71503.18 When Fixed capping is 500000 Lakh, Eligibility is getting calculated properly..!!!]]>
    </system-out>
  </testcase> <!-- TC_10 -->
  <testcase classname="Eligibility_Automation.Smfg_Direct" name="TC_13" time="11.941">
    <system-out>
      <![CDATA[TC_13 : To verify that When experiment is Both Rented, Policy SMFG_Direct and account is NTC Risk_Grade is NA
When Fixed capping is 500000 Lakh And Cibil_Score IS -1 Experiment Is Both_Rented Then capped_banking_eligibility IS -71503.18 ... Eligibility Capping is calculated Properly..!!!!
When Fixed capping is 500000 Lakh And Cibil_Score IS 0 Experiment Is Both_Rented Then capped_banking_eligibility IS -71503.18 ... Eligibility Capping is calculated Properly..!!!!
When Fixed capping is 500000 Lakh And Cibil_Score IS 200 Experiment Is Both_Rented Then capped_banking_eligibility IS -71503.18 ... Eligibility Capping is calculated Properly..!!!!
When Fixed capping is 500000 Lakh And Cibil_Score IS 300 Experiment Is Both_Rented Then capped_banking_eligibility IS -71503.18 ... Eligibility Capping is calculated Properly..!!!!]]>
    </system-out>
  </testcase> <!-- TC_13 -->
  <testcase classname="Eligibility_Automation.Smfg_Direct" name="TC_02" time="3.706">
    <system-out>
      <![CDATA[TC_02 : To verify that When experiment is Both Rented, Policy SMFG_Direct when Risk_Grade is D
Eligibility is getting calculated properly..!!!   When Fixed capping is 600000 Lakh , capped_banking_eligibility after Haircut is = -37322.6175]]>
    </system-out>
  </testcase> <!-- TC_02 -->
  <testcase classname="Eligibility_Automation.Smfg_Direct" name="TC_15" time="2.930">
    <system-out>
      <![CDATA[TC_01 : To verify that When experiment is Both Rented, Policy SMFG_Direct and account is ODCC Risk_Grade is A
 When Fixed capping is 1000000 Lakh And Experiment Is Both Rented Then ODCC capped_abb_eligibility  Is '257788.05'  ... Eligibility is getting calculated Properly.!!! ]]>
    </system-out>
  </testcase> <!-- TC_15 -->
  <testcase classname="Eligibility_Automation.Smfg_Direct" name="TC_07" time="2.758">
    <system-out>
      <![CDATA[TC_07 : To verify that When Experiment is Personal Loan, Policy SMFG_Direct whwn Risk_Grade is C
capped_banking_eligibility = -53627.384999999995 When Fixed capping is 500000 Lakh,Eligibility is getting calculated properly..!!!]]>
    </system-out>
  </testcase> <!-- TC_07 -->
  <testcase classname="Eligibility_Automation.Smfg_Direct" name="TC_05" time="2.724">
    <system-out>
      <![CDATA[TC_05 : To verify that When experiment is  Cautious Location, Policy SMFG_Direct when Risk_Grade is A
capped_banking_eligibility = -109567.84When Fixed capping is 1500000 Lakh, Eligibility is getting calculated properly..!!!]]>
    </system-out>
  </testcase> <!-- TC_05 -->
  <system-out>
    <![CDATA[ DB Connection Successfull
 DB Connection Successfull
TC_01 : To verify the final capping if policy is SMFG , ALL risk grade , no experiment, ABB & BTO when Risk_Grade is A
 Test Loancode =668ba0e7pp16m
capped_banking_eligibility = -109567.84 When Fixed capping is 1500000 Lakh , Eligibility is getting calculated properly..!!!
capped_abb_eligibility = 360903.28 When Fixed capping is 1500000.0 Lakh , Eligibility is getting calculated properly..!!!
TC_01 : To verify the final capping if policy is SMFG , ALL risk grade , no experiment, ABB & BTO when Risk_Grade is B
 Test Loancode =668ba0e7pp16m
capped_banking_eligibility = -91385.04 When Fixed capping is 1500000 Lakh , Eligibility is getting calculated properly..!!!
capped_abb_eligibility = 301011.3 When Fixed capping is 1500000.0 Lakh , Eligibility is getting calculated properly..!!!
TC_01 : To verify the final capping if policy is SMFG , ALL risk grade , no experiment, ABB & BTO when Risk_Grade is C
 Test Loancode =668ba0e7pp16m
capped_banking_eligibility = -71503.18 When Fixed capping is 1500000 Lakh , Eligibility is getting calculated properly..!!!
capped_abb_eligibility = 235522.84 When Fixed capping is 1500000.0 Lakh , Eligibility is getting calculated properly..!!!
TC_01 : To verify the final capping if policy is SMFG , ALL risk grade , no experiment, ABB & BTO when Risk_Grade is D
 Test Loancode =668ba0e7pp16m
capped_banking_eligibility = -49763.49 When Fixed capping is 1500000 Lakh , Eligibility is getting calculated properly..!!!
capped_abb_eligibility = 163914.92 When Fixed capping is 1500000.0 Lakh , Eligibility is getting calculated properly..!!!
TC_01 : To verify the final capping if policy is SMFG , ALL risk grade , no experiment, ABB & BTO when Risk_Grade is E
 Test Loancode =668ba0e7pp16m
capped_banking_eligibility = -49763.49 When Fixed capping is 1000000 Lakh , Eligibility is getting calculated properly..!!!
capped_abb_eligibility = 163914.92 When Fixed capping is 1500000.0 Lakh , Eligibility is getting calculated properly..!!!
TC_01 : To verify the final capping if policy is SMFG , ALL risk grade , no experiment, ABB & BTO when Risk_Grade is NA
 Test Loancode =668ba0e7pp16m
capped_banking_eligibility = -71503.18 When Fixed capping is 1500000 Lakh , Eligibility is getting calculated properly..!!!
capped_abb_eligibility = 235522.84 When Fixed capping is 1500000.0 Lakh , Eligibility is getting calculated properly..!!!
TC_02 : To verify that When experiment is Both Rented, Policy SMFG_Direct when Risk_Grade is A
Eligibility is getting calculated properly..!!!  When Fixed capping is 1000000 Lakh ,capped_banking_eligibility after Haircut is = 0.0
TC_02 : To verify that When experiment is Both Rented, Policy SMFG_Direct when Risk_Grade is B
Eligibility is getting calculated properly..!!!  When Fixed capping is 800000 Lakh , capped_banking_eligibility after Haircut is = -77677.284
TC_02 : To verify that When experiment is Both Rented, Policy SMFG_Direct when Risk_Grade is C
Eligibility is getting calculated properly..!!!   When Fixed capping is 600000 Lakh , capped_banking_eligibility after Haircut is = -53627.384999999995
TC_02 : To verify that When experiment is Both Rented, Policy SMFG_Direct when Risk_Grade is D
Eligibility is getting calculated properly..!!!   When Fixed capping is 600000 Lakh , capped_banking_eligibility after Haircut is = -37322.6175
TC_02 : To verify that When experiment is Both Rented, Policy SMFG_Direct when Risk_Grade is E
Eligibility is getting calculated properly..!!!   When Fixed capping is 600000 Lakh , capped_banking_eligibility after Haircut is = -37322.6175
TC_02 : To verify that When experiment is Both Rented, Policy SMFG_Direct when Risk_Grade is NA
Eligibility is getting calculated properly..!!!   When Fixed capping is 600000 Lakh , capped_banking_eligibility after Haircut is = -53627.384999999995
TC_03 : To verify that When experiment is Both Cautious Profile, Policy SMFG_Direct when Risk_Grade is A
capped_banking_eligibility = -109567.84When Fixed capping is 1500000 Lakh ,  Eligibility is getting calculated properly..!!!
TC_03 : To verify that When experiment is Both Cautious Profile, Policy SMFG_Direct when Risk_Grade is B
capped_banking_eligibility = -13707.756 When Fixed capping is 00.00 , Eligibility is getting calculated properly..!!!
capped_banking_eligibility = -77677.284 When Fixed capping is 1500000 Lakh,  Eligibility is getting calculated properly..!!!
TC_03 : To verify that When experiment is Both Cautious Profile, Policy SMFG_Direct when Risk_Grade is C
capped_banking_eligibility = -17875.795 When Fixed capping is 00.00 ,  Eligibility is getting calculated properly..!!!
capped_banking_eligibility = -53627.384999999995 When Fixed capping is 1000000 Lakh,  Eligibility is getting calculated properly..!!!
TC_03 : To verify that When experiment is Both Cautious Profile, Policy SMFG_Direct when Risk_Grade is D
capped_banking_eligibility = -12440.8725 When Fixed capping is 00.00 ,  Eligibility is getting calculated properly..!!!
capped_banking_eligibility = -37322.6175 When Fixed capping is 1000000 Lakh,  Eligibility is getting calculated properly..!!!
TC_03 : To verify that When experiment is Both Cautious Profile, Policy SMFG_Direct when Risk_Grade is E
capped_banking_eligibility = -12440.8725 When Fixed capping is 00.00 ,  Eligibility is getting calculated properly..!!!
capped_banking_eligibility = -37322.6175 When Fixed capping is 1000000 Lakh,  Eligibility is getting calculated properly..!!!
TC_03 : To verify that When experiment is Both Cautious Profile, Policy SMFG_Direct when Risk_Grade is NA
capped_banking_eligibility = -17875.795 When Fixed capping is 00.00 ,  Eligibility is getting calculated properly..!!!
capped_banking_eligibility = -53627.384999999995 When Fixed capping is 1000000 Lakh,  Eligibility is getting calculated properly..!!!
TC_04 : To verify that When experiment is Both Toxic Profile, Policy SMFG_Direct when Risk_Grade is A
capped_banking_eligibility = -109567.84 When Fixed capping is 1000000 Lakh, Eligibility is getting calculated properly..!!!
TC_04 : To verify that When experiment is Both Toxic Profile, Policy SMFG_Direct when Risk_Grade is B
capped_banking_eligibility = -77677.284 When Fixed capping is 1000000 Lakh, Eligibility is getting calculated properly..!!!
TC_04 : To verify that When experiment is Both Toxic Profile, Policy SMFG_Direct when Risk_Grade is C
capped_banking_eligibility = -53627.384999999995 When Fixed capping is 1000000 Lakh, Eligibility is getting calculated properly..!!!
TC_04 : To verify that When experiment is Both Toxic Profile, Policy SMFG_Direct when Risk_Grade is D
capped_banking_eligibility = -37322.6175 When Fixed capping is 1000000 Lakh, Eligibility is getting calculated properly..!!!
TC_04 : To verify that When experiment is Both Toxic Profile, Policy SMFG_Direct when Risk_Grade is E
capped_banking_eligibility = -37322.6175 When Fixed capping is 1000000 Lakh, Eligibility is getting calculated properly..!!!
TC_04 : To verify that When experiment is Both Toxic Profile, Policy SMFG_Direct when Risk_Grade is NA
capped_banking_eligibility = -53627.384999999995 When Fixed capping is 1000000 Lakh, Eligibility is getting calculated properly..!!!
TC_05 : To verify that When experiment is  Cautious Location, Policy SMFG_Direct when Risk_Grade is A
capped_banking_eligibility = -109567.84When Fixed capping is 1500000 Lakh, Eligibility is getting calculated properly..!!!
TC_05 : To verify that When experiment is  Cautious Location, Policy SMFG_Direct when Risk_Grade is B
capped_banking_eligibility = -77677.284When Fixed capping is 1000000 Lakh, Eligibility is getting calculated properly..!!!
TC_05 : To verify that When experiment is  Cautious Location, Policy SMFG_Direct when Risk_Grade is C
capped_banking_eligibility = -53627.384999999995When Fixed capping is 1000000 Lakh, Eligibility is getting calculated properly..!!!
TC_05 : To verify that When experiment is  Cautious Location, Policy SMFG_Direct when Risk_Grade is D
capped_banking_eligibility = -37322.6175When Fixed capping is 1000000 Lakh, Eligibility is getting calculated properly..!!!
TC_05 : To verify that When experiment is  Cautious Location, Policy SMFG_Direct when Risk_Grade is E
capped_banking_eligibility = -37322.6175When Fixed capping is 1000000 Lakh, Eligibility is getting calculated properly..!!!
TC_05 : To verify that When experiment is  Cautious Location, Policy SMFG_Direct when Risk_Grade is NA
capped_banking_eligibility = -53627.384999999995When Fixed capping is 1000000 Lakh, Eligibility is getting calculated properly..!!!
TC_06 : To verify that When experiment is Salaried, Policy SMFG_Direct when Risk_Grade is A
capped_banking_eligibility = -109567.84 And Grade = A Eligibility is getting calculated properly..!!!
TC_06 : To verify that When experiment is Salaried, Policy SMFG_Direct when Risk_Grade is B
capped_banking_eligibility = -77677.284 When Fixed capping is 800000 Lakh, Eligibility is getting calculated properly..!!!
TC_06 : To verify that When experiment is Salaried, Policy SMFG_Direct when Risk_Grade is C
capped_banking_eligibility = -53627.384999999995 When Fixed capping is 600000 Lakh, Eligibility is getting calculated properly..!!!
TC_06 : To verify that When experiment is Salaried, Policy SMFG_Direct when Risk_Grade is D
capped_banking_eligibility = -37322.6175 When Fixed capping is 600000 Lakh, Eligibility is getting calculated properly..!!!
TC_06 : To verify that When experiment is Salaried, Policy SMFG_Direct when Risk_Grade is E
capped_banking_eligibility = -37322.6175 When Fixed capping is 600000 Lakh, Eligibility is getting calculated properly..!!!
TC_06 : To verify that When experiment is Salaried, Policy SMFG_Direct when Risk_Grade is NA
capped_banking_eligibility = -53627.384999999995 When Fixed capping is 600000 Lakh, Eligibility is getting calculated properly..!!!
TC_07 : To verify that When Experiment is Personal Loan, Policy SMFG_Direct whwn Risk_Grade is A
capped_banking_eligibility = -109567.84 When Fixed capping is 500000 Lakh, Eligibility is getting calculated properly..!!!
TC_07 : To verify that When Experiment is Personal Loan, Policy SMFG_Direct whwn Risk_Grade is B
BTO Capping = -91385.04 And Grade = B when fixed capping =500000.0  Eligibility is getting calculated properly..!!!
capped_banking_eligibility = -77677.284 When Fixed capping is 500000 Lakh,Eligibility is getting calculated properly..!!!
TC_07 : To verify that When Experiment is Personal Loan, Policy SMFG_Direct whwn Risk_Grade is C
capped_banking_eligibility = -53627.384999999995 When Fixed capping is 500000 Lakh,Eligibility is getting calculated properly..!!!
TC_07 : To verify that When Experiment is Personal Loan, Policy SMFG_Direct whwn Risk_Grade is D
capped_banking_eligibility = -37322.6175 When Fixed capping is 500000 Lakh,Eligibility is getting calculated properly..!!!
TC_07 : To verify that When Experiment is Personal Loan, Policy SMFG_Direct whwn Risk_Grade is E
capped_banking_eligibility = -37322.6175 When Fixed capping is 500000 Lakh,Eligibility is getting calculated properly..!!!
TC_07 : To verify that When Experiment is Personal Loan, Policy SMFG_Direct whwn Risk_Grade is NA
capped_banking_eligibility = -53627.384999999995 When Fixed capping is 500000 Lakh,Eligibility is getting calculated properly..!!!
TC_08 : To verify that When Experiment is Saving Account, Policy SMFG_Direct when Risk_Grade is A
capped_banking_eligibility = -76697.488 When Fixed capping is 500000 Lakh,Eligibility is getting calculated properly..!!!
TC_08 : To verify that When Experiment is Saving Account, Policy SMFG_Direct when Risk_Grade is B
capped_banking_eligibility = -63969.52799999999 When Fixed capping is 500000 Lakh,Eligibility is getting calculated properly..!!!
TC_08 : To verify that When Experiment is Saving Account, Policy SMFG_Direct when Risk_Grade is C
capped_banking_eligibility = -50052.225999999995 When Fixed capping is 500000 Lakh,Eligibility is getting calculated properly..!!!
TC_08 : To verify that When Experiment is Saving Account, Policy SMFG_Direct when Risk_Grade is D
capped_banking_eligibility = -34834.443 When Fixed capping is 500000 Lakh, Eligibility is getting calculated properly..!!!
TC_08 : To verify that When Experiment is Saving Account, Policy SMFG_Direct when Risk_Grade is E
capped_banking_eligibility = -34834.443 When Fixed capping is 500000 Lakh, Eligibility is getting calculated properly..!!!
TC_08 : To verify that When Experiment is Saving Account, Policy SMFG_Direct when Risk_Grade is NA
capped_banking_eligibility = -50052.225999999995 When Fixed capping is 500000 Lakh,Eligibility is getting calculated properly..!!!
TC_09 : Max capping where “no experiment” is applied (excl DSA,) where Business vintage is > 3 years & one property is owned when Risk_Grade is A
capped_abb_eligibility = 415677.0 When Fixed capping is 2000000 Lakh, Eligibility is getting calculated properly..!!!
capped_abb_eligibility  = 415677.0 When Fixed capping is 2000000 Lakh, Eligibility is getting calculated properly..!!!
TC_09 : Max capping where “no experiment” is applied (excl DSA,) where Business vintage is > 3 years & one property is owned when Risk_Grade is B
capped_abb_eligibility = 415677.0 When Fixed capping is 2000000 Lakh, Eligibility is getting calculated properly..!!!
capped_abb_eligibility  = 415677.0 When Fixed capping is 2000000 Lakh, Eligibility is getting calculated properly..!!!
TC_09 : Max capping where “no experiment” is applied (excl DSA,) where Business vintage is > 3 years & one property is owned when Risk_Grade is C
capped_abb_eligibility  = 334657.88 When Fixed capping is 1500000 Lakh, Eligibility is getting calculated properly..!!!
capped_abb_eligibility  = 415677.0 When Fixed capping is 2000000 Lakh, Eligibility is getting calculated properly..!!!
TC_09 : Max capping where “no experiment” is applied (excl DSA,) where Business vintage is > 3 years & one property is owned when Risk_Grade is D
capped_abb_eligibility  = 334657.88 When Fixed capping is 1500000 Lakh, Eligibility is getting calculated properly..!!!
capped_abb_eligibility  = 415677.0 When Fixed capping is 2000000 Lakh, Eligibility is getting calculated properly..!!!
TC_09 : Max capping where “no experiment” is applied (excl DSA,) where Business vintage is > 3 years & one property is owned when Risk_Grade is E
Eligibility is not getting calculated properly..!!!
Eligibility is not getting calculated properly..!!!
TC_09 : Max capping where “no experiment” is applied (excl DSA,) where Business vintage is > 3 years & one property is owned when Risk_Grade is NA
Eligibility is not getting calculated properly..!!!
Eligibility is not getting calculated properly..!!!
TC_10 : To verify that Max Capping of NTC and Thin Cibil when Risk_Grade is A
capped_banking_eligibility   = -109567.84 When Fixed capping is 500000 Lakh, Eligibility is getting calculated properly..!!!
TC_10 : To verify that Max Capping of NTC and Thin Cibil when Risk_Grade is B
capped_banking_eligibility   = -91385.04 When Fixed capping is 500000 Lakh, Eligibility is getting calculated properly..!!!
TC_10 : To verify that Max Capping of NTC and Thin Cibil when Risk_Grade is C
capped_banking_eligibility   = -71503.18 When Fixed capping is 500000 Lakh, Eligibility is getting calculated properly..!!!
TC_10 : To verify that Max Capping of NTC and Thin Cibil when Risk_Grade is D
capped_banking_eligibility   = -49763.49 When Fixed capping is 500000 Lakh, Eligibility is getting calculated properly..!!!
TC_10 : To verify that Max Capping of NTC and Thin Cibil when Risk_Grade is E
capped_banking_eligibility   = -49763.49 When Fixed capping is 500000 Lakh, Eligibility is getting calculated properly..!!!
TC_10 : To verify that Max Capping of NTC and Thin Cibil when Risk_Grade is NA
capped_banking_eligibility   = -71503.18 When Fixed capping is 500000 Lakh, Eligibility is getting calculated properly..!!!
TC_11 : To verify that NTC with limit when Risk_Grade is A
IF Risk_Garde IS 'A And Fixed capping is 500000 Lakh, Cibil_Score IS -1 Then capped_banking_eligibility IS -109567.84 ... Eligibility Capping is calculated Properly..!!!!
IF Risk_Garde IS 'A And Fixed capping is 500000 Lakh, Cibil_Score IS 0 Then capped_banking_eligibility IS -109567.84 ... Eligibility Capping is calculated Properly..!!!!
IF Risk_Garde IS 'A And Fixed capping is 500000 Lakh, Cibil_Score IS 200 Then capped_banking_eligibility IS -109567.84 ... Eligibility Capping is calculated Properly..!!!!
IF Risk_Garde IS 'A And Fixed capping is 500000 Lakh, Cibil_Score IS 300 Then capped_banking_eligibility IS -109567.84 ... Eligibility Capping is calculated Properly..!!!!
TC_11 : To verify that NTC with limit when Risk_Grade is B
IF Risk_Garde IS 'B And Fixed capping is 500000 Lakh, Cibil_Score IS -1 Then capped_banking_eligibility IS -91385.04 ... Eligibility Capping is calculated Properly..!!!!
IF Risk_Garde IS 'B And Fixed capping is 500000 Lakh, Cibil_Score IS 0 Then capped_banking_eligibility IS -91385.04 ... Eligibility Capping is calculated Properly..!!!!
IF Risk_Garde IS 'B And Fixed capping is 500000 Lakh, Cibil_Score IS 200 Then capped_banking_eligibility IS -91385.04 ... Eligibility Capping is calculated Properly..!!!!
IF Risk_Garde IS 'B And Fixed capping is 500000 Lakh, Cibil_Score IS 300 Then capped_banking_eligibility IS -91385.04 ... Eligibility Capping is calculated Properly..!!!!
TC_11 : To verify that NTC with limit when Risk_Grade is C
IF Risk_Garde IS 'C And Fixed capping is 500000 Lakh, Cibil_Score IS -1 Then capped_banking_eligibility IS -71503.18 ... Eligibility Capping is calculated Properly..!!!!
IF Risk_Garde IS 'C And Fixed capping is 500000 Lakh, Cibil_Score IS 0 Then capped_banking_eligibility IS -71503.18 ... Eligibility Capping is calculated Properly..!!!!
IF Risk_Garde IS 'C And Fixed capping is 500000 Lakh, Cibil_Score IS 200 Then capped_banking_eligibility IS -71503.18 ... Eligibility Capping is calculated Properly..!!!!
IF Risk_Garde IS 'C And Fixed capping is 500000 Lakh, Cibil_Score IS 300 Then capped_banking_eligibility IS -71503.18 ... Eligibility Capping is calculated Properly..!!!!
TC_11 : To verify that NTC with limit when Risk_Grade is D
IF Risk_Garde IS 'D And Fixed capping is 500000 Lakh, Cibil_Score IS -1 Then capped_banking_eligibility IS -49763.49 ... Eligibility Capping is calculated Properly..!!!!
IF Risk_Garde IS 'D And Fixed capping is 500000 Lakh, Cibil_Score IS 0 Then capped_banking_eligibility IS -49763.49 ... Eligibility Capping is calculated Properly..!!!!
IF Risk_Garde IS 'D And Fixed capping is 500000 Lakh, Cibil_Score IS 200 Then capped_banking_eligibility IS -49763.49 ... Eligibility Capping is calculated Properly..!!!!
IF Risk_Garde IS 'D And Fixed capping is 500000 Lakh, Cibil_Score IS 300 Then capped_banking_eligibility IS -49763.49 ... Eligibility Capping is calculated Properly..!!!!
TC_11 : To verify that NTC with limit when Risk_Grade is E
IF Risk_Garde IS 'E And Fixed capping is 500000 Lakh, Cibil_Score IS -1 Then capped_banking_eligibility IS -49763.49 ... Eligibility Capping is calculated Properly..!!!!
IF Risk_Garde IS 'E And Fixed capping is 500000 Lakh, Cibil_Score IS 0 Then capped_banking_eligibility IS -49763.49 ... Eligibility Capping is calculated Properly..!!!!
IF Risk_Garde IS 'E And Fixed capping is 500000 Lakh, Cibil_Score IS 200 Then capped_banking_eligibility IS -49763.49 ... Eligibility Capping is calculated Properly..!!!!
IF Risk_Garde IS 'E And Fixed capping is 500000 Lakh, Cibil_Score IS 300 Then capped_banking_eligibility IS -49763.49 ... Eligibility Capping is calculated Properly..!!!!
TC_11 : To verify that NTC with limit when Risk_Grade is NA
IF Risk_Garde IS 'NA And Fixed capping is 500000 Lakh, Cibil_Score IS -1 Then capped_banking_eligibility IS -71503.18 ... Eligibility Capping is calculated Properly..!!!!
IF Risk_Garde IS 'NA And Fixed capping is 500000 Lakh, Cibil_Score IS 0 Then capped_banking_eligibility IS -71503.18 ... Eligibility Capping is calculated Properly..!!!!
IF Risk_Garde IS 'NA And Fixed capping is 500000 Lakh, Cibil_Score IS 200 Then capped_banking_eligibility IS -71503.18 ... Eligibility Capping is calculated Properly..!!!!
IF Risk_Garde IS 'NA And Fixed capping is 500000 Lakh, Cibil_Score IS 300 Then capped_banking_eligibility IS -71503.18 ... Eligibility Capping is calculated Properly..!!!!
TC_12 : To verify that When ODCC, Policy SMFG_Direct (only ABB) Risk_Grade is A
capped_abb_eligibility  = 180451.62 And Fixed capping is 1000000 Lakh, Eligibility is getting calculated properly..!!!
TC_12 : To verify that When ODCC, Policy SMFG_Direct (only ABB) Risk_Grade is B
capped_abb_eligibility  = 127929.811 And Fixed capping is 1000000 Lakh, Eligibility is getting calculated properly..!!!
TC_12 : To verify that When ODCC, Policy SMFG_Direct (only ABB) Risk_Grade is C
capped_abb_eligibility  = 88321.065 And Fixed capping is 1000000 Lakh, Eligibility is getting calculated properly..!!!
TC_12 : To verify that When ODCC, Policy SMFG_Direct (only ABB) Risk_Grade is D
capped_abb_eligibility  = 61468.095 And Fixed capping is 1000000 Lakh, Eligibility is getting calculated properly..!!!
TC_12 : To verify that When ODCC, Policy SMFG_Direct (only ABB) Risk_Grade is E
capped_abb_eligibility  = 0.0 And Fixed capping is 1000000 Lakh, Eligibility is getting calculated properly..!!!
TC_12 : To verify that When ODCC, Policy SMFG_Direct (only ABB) Risk_Grade is NA
capped_abb_eligibility  = 0.0 And Fixed capping is 1000000 Lakh, Eligibility is getting calculated properly..!!!
TC_13 : To verify that When experiment is Both Rented, Policy SMFG_Direct and account is NTC Risk_Grade is A
When Fixed capping is 500000 Lakh And Cibil_Score IS -1 Experiment Is Both_Rented Then capped_banking_eligibility IS -109567.84 ... Eligibility Capping is calculated Properly..!!!!
When Fixed capping is 500000 Lakh And Cibil_Score IS 0 Experiment Is Both_Rented Then capped_banking_eligibility IS -109567.84 ... Eligibility Capping is calculated Properly..!!!!
When Fixed capping is 500000 Lakh And Cibil_Score IS 200 Experiment Is Both_Rented Then capped_banking_eligibility IS -109567.84 ... Eligibility Capping is calculated Properly..!!!!
When Fixed capping is 500000 Lakh And Cibil_Score IS 300 Experiment Is Both_Rented Then capped_banking_eligibility IS -109567.84 ... Eligibility Capping is calculated Properly..!!!!
TC_13 : To verify that When experiment is Both Rented, Policy SMFG_Direct and account is NTC Risk_Grade is B
When Fixed capping is 500000 Lakh And Cibil_Score IS -1 Experiment Is Both_Rented Then capped_banking_eligibility IS -91385.04 ... Eligibility Capping is calculated Properly..!!!!
When Fixed capping is 500000 Lakh And Cibil_Score IS 0 Experiment Is Both_Rented Then capped_banking_eligibility IS -91385.04 ... Eligibility Capping is calculated Properly..!!!!
When Fixed capping is 500000 Lakh And Cibil_Score IS 200 Experiment Is Both_Rented Then capped_banking_eligibility IS -91385.04 ... Eligibility Capping is calculated Properly..!!!!
When Fixed capping is 500000 Lakh And Cibil_Score IS 300 Experiment Is Both_Rented Then capped_banking_eligibility IS -91385.04 ... Eligibility Capping is calculated Properly..!!!!
TC_13 : To verify that When experiment is Both Rented, Policy SMFG_Direct and account is NTC Risk_Grade is C
When Fixed capping is 500000 Lakh And Cibil_Score IS -1 Experiment Is Both_Rented Then capped_banking_eligibility IS -71503.18 ... Eligibility Capping is calculated Properly..!!!!
When Fixed capping is 500000 Lakh And Cibil_Score IS 0 Experiment Is Both_Rented Then capped_banking_eligibility IS -71503.18 ... Eligibility Capping is calculated Properly..!!!!
When Fixed capping is 500000 Lakh And Cibil_Score IS 200 Experiment Is Both_Rented Then capped_banking_eligibility IS -71503.18 ... Eligibility Capping is calculated Properly..!!!!
When Fixed capping is 500000 Lakh And Cibil_Score IS 300 Experiment Is Both_Rented Then capped_banking_eligibility IS -71503.18 ... Eligibility Capping is calculated Properly..!!!!
TC_13 : To verify that When experiment is Both Rented, Policy SMFG_Direct and account is NTC Risk_Grade is D
When Fixed capping is 500000 Lakh And Cibil_Score IS -1 Experiment Is Both_Rented Then capped_banking_eligibility IS -49763.49 ... Eligibility Capping is calculated Properly..!!!!
When Fixed capping is 500000 Lakh And Cibil_Score IS 0 Experiment Is Both_Rented Then capped_banking_eligibility IS -49763.49 ... Eligibility Capping is calculated Properly..!!!!
When Fixed capping is 500000 Lakh And Cibil_Score IS 200 Experiment Is Both_Rented Then capped_banking_eligibility IS -49763.49 ... Eligibility Capping is calculated Properly..!!!!
When Fixed capping is 500000 Lakh And Cibil_Score IS 300 Experiment Is Both_Rented Then capped_banking_eligibility IS -49763.49 ... Eligibility Capping is calculated Properly..!!!!
TC_13 : To verify that When experiment is Both Rented, Policy SMFG_Direct and account is NTC Risk_Grade is E
When Fixed capping is 500000 Lakh And Cibil_Score IS -1 Experiment Is Both_Rented Then capped_banking_eligibility IS -49763.49 ... Eligibility Capping is calculated Properly..!!!!
When Fixed capping is 500000 Lakh And Cibil_Score IS 0 Experiment Is Both_Rented Then capped_banking_eligibility IS -49763.49 ... Eligibility Capping is calculated Properly..!!!!
When Fixed capping is 500000 Lakh And Cibil_Score IS 200 Experiment Is Both_Rented Then capped_banking_eligibility IS -49763.49 ... Eligibility Capping is calculated Properly..!!!!
When Fixed capping is 500000 Lakh And Cibil_Score IS 300 Experiment Is Both_Rented Then capped_banking_eligibility IS -49763.49 ... Eligibility Capping is calculated Properly..!!!!
TC_13 : To verify that When experiment is Both Rented, Policy SMFG_Direct and account is NTC Risk_Grade is NA
When Fixed capping is 500000 Lakh And Cibil_Score IS -1 Experiment Is Both_Rented Then capped_banking_eligibility IS -71503.18 ... Eligibility Capping is calculated Properly..!!!!
When Fixed capping is 500000 Lakh And Cibil_Score IS 0 Experiment Is Both_Rented Then capped_banking_eligibility IS -71503.18 ... Eligibility Capping is calculated Properly..!!!!
When Fixed capping is 500000 Lakh And Cibil_Score IS 200 Experiment Is Both_Rented Then capped_banking_eligibility IS -71503.18 ... Eligibility Capping is calculated Properly..!!!!
When Fixed capping is 500000 Lakh And Cibil_Score IS 300 Experiment Is Both_Rented Then capped_banking_eligibility IS -71503.18 ... Eligibility Capping is calculated Properly..!!!!
TC_14 : To verify that When experiment is Both Rented, Policy SMFG_Direct and account is Thin cibil Risk_Grade is A
When Fixed capping is 500000 Lakh Then capped_banking_eligibility IS '-109567.84' ... Eligibility Capping is calculated Properly..!!!!
TC_14 : To verify that When experiment is Both Rented, Policy SMFG_Direct and account is Thin cibil Risk_Grade is B
When Fixed capping is 500000 Lakh Then capped_banking_eligibility IS '-91385.04' ... Eligibility Capping is calculated Properly..!!!!
TC_14 : To verify that When experiment is Both Rented, Policy SMFG_Direct and account is Thin cibil Risk_Grade is C
When Fixed capping is 500000 Lakh Then capped_banking_eligibility IS '-71503.18' ... Eligibility Capping is calculated Properly..!!!!
TC_14 : To verify that When experiment is Both Rented, Policy SMFG_Direct and account is Thin cibil Risk_Grade is D
When Fixed capping is 500000 Lakh Then capped_banking_eligibility IS '-49763.49' ... Eligibility Capping is calculated Properly..!!!!
TC_14 : To verify that When experiment is Both Rented, Policy SMFG_Direct and account is Thin cibil Risk_Grade is E
When Fixed capping is 500000 Lakh Then capped_banking_eligibility IS '-49763.49' ... Eligibility Capping is calculated Properly..!!!!
TC_14 : To verify that When experiment is Both Rented, Policy SMFG_Direct and account is Thin cibil Risk_Grade is NA
When Fixed capping is 500000 Lakh Then capped_banking_eligibility IS '-71503.18' ... Eligibility Capping is calculated Properly..!!!!
TC_01 : To verify that When experiment is Both Rented, Policy SMFG_Direct and account is ODCC Risk_Grade is A
 When Fixed capping is 1000000 Lakh And Experiment Is Both Rented Then ODCC capped_abb_eligibility  Is '257788.05'  ... Eligibility is getting calculated Properly.!!! 
TC_01 : To verify that When experiment is Both Rented, Policy SMFG_Direct and account is ODCC Risk_Grade is B
 When Fixed capping is 1000000 Lakh And Experiment Is Both Rented Then ODCC capped_abb_eligibility  Is '182756.86'  ... Eligibility is getting calculated Properly.!!! 
TC_01 : To verify that When experiment is Both Rented, Policy SMFG_Direct and account is ODCC Risk_Grade is C
 When Fixed capping is 1000000 Lakh And Experiment Is Both Rented Then ODCC capped_abb_eligibility  Is '126172.95'  ... Eligibility is getting calculated Properly.!!! 
TC_01 : To verify that When experiment is Both Rented, Policy SMFG_Direct and account is ODCC Risk_Grade is D
 When Fixed capping is 1000000 Lakh And Experiment Is Both Rented Then ODCC capped_abb_eligibility  Is '0.0'  ... Eligibility is getting calculated Properly.!!! 
TC_01 : To verify that When experiment is Both Rented, Policy SMFG_Direct and account is ODCC Risk_Grade is E
 When Fixed capping is 1000000 Lakh And Experiment Is Both Rented Then ODCC capped_abb_eligibility  Is '0.0'  ... Eligibility is getting calculated Properly.!!! 
TC_01 : To verify that When experiment is Both Rented, Policy SMFG_Direct and account is ODCC Risk_Grade is NA
 When Fixed capping is 00.00 Lakh And Experiment Is Both Rented Then ODCC Capping Is '0.0'  ... Eligibility is getting calculated Properly.!!! ]]>
  </system-out>
</testsuite> <!-- Eligibility_Automation.Smfg_Direct -->
