<?xml version="1.0" encoding="UTF-8"?>
<!-- Generated by org.testng.reporters.JUnitReportReporter -->
<testsuite hostname="Bloom-Mohit" failures="0" tests="88" name="Eligibility_Automation.Smfg_Direct" time="625.156" errors="1" timestamp="2024-07-03T15:18:36 IST" skipped="0">
  <testcase classname="Eligibility_Automation.Smfg_Direct" name="TC_14" time="3.139">
    <system-out>
      <![CDATA[TC_14 : To verify that When experiment is Both Rented, Policy SMFG_Direct and account is Thin cibil
IF Risk_Garde IS 'E Than Final_BTO_Capping IS '0.0' when fixed capping = '500000'  ... Eligibility Capping is calculated Properly..!!!!]]>
    </system-out>
  </testcase> <!-- TC_14 -->
  <testcase classname="Eligibility_Automation.Smfg_Direct" name="TC_02" time="7.367">
    <system-out>
      <![CDATA[TC_02 : To verify that When experiment is Both Rented, Policy SMFG_Direct
Capping = 0.0 And Grade = NA when fixed capping =600000  Eligibility is getting calculated properly..!!!]]>
    </system-out>
  </testcase> <!-- TC_02 -->
  <testcase classname="Eligibility_Automation.Smfg_Direct" name="TC_05" time="5.003">
    <system-out>
      <![CDATA[TC_05 : To verify that When experiment is  Cautious Location, Policy SMFG_Direct
Capping = 773597.4099999999 And Grade = B when fixed capping =1000000  Eligibility is getting calculated properly..!!!]]>
    </system-out>
  </testcase> <!-- TC_05 -->
  <testcase classname="Eligibility_Automation.Smfg_Direct" name="TC_06" time="5.078">
    <system-out>
      <![CDATA[TC_06 : To verify that When experiment is Salaried, Policy SMFG_Direct
Capping = 800000.0 And Grade = B when fixed capping =800000  Eligibility is getting calculated properly..!!!]]>
    </system-out>
  </testcase> <!-- TC_06 -->
  <testcase classname="Eligibility_Automation.Smfg_Direct" name="TC_13" time="18.974">
    <system-out>
      <![CDATA[TC_13 : To verify that When experiment is Both Rented, Policy SMFG_Direct and account is NTC
IF Risk_Garde IS 'E' And Cibil_Score IS '-1' Experiment Is Both_Rented Then Final_BTO_Capping IS '500000.0' when fixed capping = '500000' ... Eligibility Capping is calculated Properly..!!!!
IF Risk_Garde IS 'E' And Cibil_Score IS '0' Experiment Is Both_Rented Then Final_BTO_Capping IS '500000.0' when fixed capping = '500000' ... Eligibility Capping is calculated Properly..!!!!
IF Risk_Garde IS 'E' And Cibil_Score IS '200' Experiment Is Both_Rented Then Final_BTO_Capping IS '500000.0' when fixed capping = '500000' ... Eligibility Capping is calculated Properly..!!!!
Eligibility is not getting calculated properly..!!!]]>
    </system-out>
  </testcase> <!-- TC_13 -->
  <testcase classname="Eligibility_Automation.Smfg_Direct" name="TC_14" time="4.252">
    <system-out>
      <![CDATA[TC_14 : To verify that When experiment is Both Rented, Policy SMFG_Direct and account is Thin cibil
IF Risk_Garde IS 'A Than Final_BTO_Capping IS '1000000.0' when fixed capping = '500000'  ... Eligibility Capping is calculated Properly..!!!!]]>
    </system-out>
  </testcase> <!-- TC_14 -->
  <testcase classname="Eligibility_Automation.Smfg_Direct" name="TC_04" time="5.354">
    <system-out>
      <![CDATA[TC_04 : To verify that When experiment is Both Toxic Profile, Policy SMFG_Direct
Capping = 628331.25 And Grade = C when fixed capping =1000000  Eligibility is getting calculated properly..!!!]]>
    </system-out>
  </testcase> <!-- TC_04 -->
  <testcase classname="Eligibility_Automation.Smfg_Direct" name="TC_09" time="5.564">
    <system-out>
      <![CDATA[TC_09 : To verify that Max capping where “no experiment” is applied (excl DSA,) where Business vintage is > 3 years & one property is owned
BTO Capping = 408141.62 And Grade = D when fixed capping =2000000.0 Eligibility is getting calculated properly..!!!
ABB Capping = 85169.68 And Grade = D when fixed capping =1500000.0 Eligibility is getting calculated properly..!!!]]>
    </system-out>
  </testcase> <!-- TC_09 -->
  <testcase classname="Eligibility_Automation.Smfg_Direct" name="TC_10" time="7.775">
    <system-out>
      <![CDATA[TC_10 : To verify that Max Capping of NTC and Thin Cibil
BTO Capping = 0.0 And Grade = NA when fixed capping =500000 Eligibility is getting calculated properly..!!!]]>
    </system-out>
  </testcase> <!-- TC_10 -->
  <testcase classname="Eligibility_Automation.Smfg_Direct" name="TC_06" time="5.101">
    <system-out>
      <![CDATA[TC_06 : To verify that When experiment is Salaried, Policy SMFG_Direct
Capping = 1000000.0 And Grade = A when fixed capping =1000000  Eligibility is getting calculated properly..!!!]]>
    </system-out>
  </testcase> <!-- TC_06 -->
  <testcase classname="Eligibility_Automation.Smfg_Direct" name="TC_14" time="3.279">
    <system-out>
      <![CDATA[TC_14 : To verify that When experiment is Both Rented, Policy SMFG_Direct and account is Thin cibil
IF Risk_Garde IS 'B Than Final_BTO_Capping IS '800000.0' when fixed capping = '500000'  ... Eligibility Capping is calculated Properly..!!!!]]>
    </system-out>
  </testcase> <!-- TC_14 -->
  <testcase classname="Eligibility_Automation.Smfg_Direct" name="TC_11" time="20.295">
    <system-out>
      <![CDATA[TC_11 : To verify that NTC with limit
IF Risk_Garde IS 'E' And Cibil_Score IS '-1' Than Final_BTO_Capping IS '408141.62' when fixed capping = '500000' ... Eligibility Capping is calculated Properly..!!!!
IF Risk_Garde IS 'E' And Cibil_Score IS '0' Than Final_BTO_Capping IS '408141.62' when fixed capping = '500000' ... Eligibility Capping is calculated Properly..!!!!
IF Risk_Garde IS 'E' And Cibil_Score IS '200' Than Final_BTO_Capping IS '408141.62' when fixed capping = '500000' ... Eligibility Capping is calculated Properly..!!!!
IF Risk_Garde IS 'E' And Cibil_Score IS '300' Than Final_BTO_Capping IS '408141.62' when fixed capping = '500000' ... Eligibility Capping is calculated Properly..!!!!]]>
    </system-out>
  </testcase> <!-- TC_11 -->
  <testcase classname="Eligibility_Automation.Smfg_Direct" name="TC_04" time="4.742">
    <system-out>
      <![CDATA[TC_04 : To verify that When experiment is Both Toxic Profile, Policy SMFG_Direct
Capping = 0.0 And Grade = D when fixed capping =1000000  Eligibility is getting calculated properly..!!!]]>
    </system-out>
  </testcase> <!-- TC_04 -->
  <testcase classname="Eligibility_Automation.Smfg_Direct" name="TC_04" time="6.045">
    <system-out>
      <![CDATA[TC_04 : To verify that When experiment is Both Toxic Profile, Policy SMFG_Direct
Capping = 0.0 And Grade = NA when fixed capping =1000000  Eligibility is getting calculated properly..!!!]]>
    </system-out>
  </testcase> <!-- TC_04 -->
  <testcase classname="Eligibility_Automation.Smfg_Direct" name="TC_01" time="5.009">
    <system-out>
      <![CDATA[TC_01 : To verify the final capping if policy is SMFG , ALL risk grade , no experiment, ABB & BTO
 Test Loancode =66851bd2rxmh6
BTO Capping = 500000.0 And Grade = D when fixed capping =1500000 Eligibility is getting calculated properly..!!!
ABB Capping = 121670.97 And Grade = D when fixed capping =1500000 Eligibility is getting calculated properly..!!!]]>
    </system-out>
  </testcase> <!-- TC_01 -->
  <testcase classname="Eligibility_Automation.Smfg_Direct" name="TC_11" time="18.077">
    <system-out>
      <![CDATA[TC_11 : To verify that NTC with limit
IF Risk_Garde IS 'C' And Cibil_Score IS '-1' Than Final_BTO_Capping IS '500000.0' when fixed capping = '500000' ... Eligibility Capping is calculated Properly..!!!!
IF Risk_Garde IS 'C' And Cibil_Score IS '0' Than Final_BTO_Capping IS '500000.0' when fixed capping = '500000' ... Eligibility Capping is calculated Properly..!!!!
IF Risk_Garde IS 'C' And Cibil_Score IS '200' Than Final_BTO_Capping IS '500000.0' when fixed capping = '500000' ... Eligibility Capping is calculated Properly..!!!!
IF Risk_Garde IS 'C' And Cibil_Score IS '300' Than Final_BTO_Capping IS '500000.0' when fixed capping = '500000' ... Eligibility Capping is calculated Properly..!!!!]]>
    </system-out>
  </testcase> <!-- TC_11 -->
  <testcase classname="Eligibility_Automation.Smfg_Direct" name="TC_10" time="5.034">
    <system-out>
      <![CDATA[TC_10 : To verify that Max Capping of NTC and Thin Cibil
BTO Capping = 500000.0 And Grade = B when fixed capping =500000 Eligibility is getting calculated properly..!!!]]>
    </system-out>
  </testcase> <!-- TC_10 -->
  <testcase classname="Eligibility_Automation.Smfg_Direct" name="TC_03" time="4.027">
    <system-out>
      <![CDATA[TC_01 : To verify that When experiment is Both Cautious Profile, Policy SMFG_Direct
Capping = 0.0 And Grade = NA when fixed capping =1000000  Eligibility is getting calculated properly..!!!]]>
    </system-out>
  </testcase> <!-- TC_03 -->
  <testcase classname="Eligibility_Automation.Smfg_Direct" name="TC_01" time="5.209">
    <system-out>
      <![CDATA[TC_01 : To verify the final capping if policy is SMFG , ALL risk grade , no experiment, ABB & BTO
 Test Loancode =66851bd2rxmh6
BTO Capping = 500000.0 And Grade = NA when fixed capping =1500000 Eligibility is getting calculated properly..!!!
ABB Capping = 174824.19 And Grade = NA when fixed capping =1500000 Eligibility is getting calculated properly..!!!]]>
    </system-out>
  </testcase> <!-- TC_01 -->
  <testcase classname="Eligibility_Automation.Smfg_Direct" name="TC_12" time="4.550">
    <system-out>
      <![CDATA[TC_12 : To verify that When ODCC, Policy SMFG_Direct (only ABB)
ABB Capping = 0.0 And Grade = Ewhen fixed capping =1000000  Eligibility is getting calculated properly..!!!]]>
    </system-out>
  </testcase> <!-- TC_12 -->
  <testcase classname="Eligibility_Automation.Smfg_Direct" name="TC_05" time="1.537">
    <error message="For input string: &quot;null&quot;" type="java.lang.NumberFormatException">
      <![CDATA[java.lang.NumberFormatException: For input string: "null"
at java.base/jdk.internal.math.FloatingDecimal.readJavaFormatString(FloatingDecimal.java:2054)
at java.base/jdk.internal.math.FloatingDecimal.parseDouble(FloatingDecimal.java:110)
at java.base/java.lang.Double.parseDouble(Double.java:651)
at Eligibility_Automation.Smfg_Direct.TC_05(Smfg_Direct.java:420)
at java.base/jdk.internal.reflect.NativeMethodAccessorImpl.invoke0(Native Method)
at java.base/jdk.internal.reflect.NativeMethodAccessorImpl.invoke(NativeMethodAccessorImpl.java:77)
at java.base/jdk.internal.reflect.DelegatingMethodAccessorImpl.invoke(DelegatingMethodAccessorImpl.java:43)
at java.base/java.lang.reflect.Method.invoke(Method.java:568)
at org.testng.internal.invokers.MethodInvocationHelper.invokeMethod(MethodInvocationHelper.java:141)
at org.testng.internal.invokers.TestInvoker.invokeMethod(TestInvoker.java:686)
at org.testng.internal.invokers.TestInvoker.invokeTestMethod(TestInvoker.java:230)
at org.testng.internal.invokers.MethodRunner.runInSequence(MethodRunner.java:63)
at org.testng.internal.invokers.TestInvoker$MethodInvocationAgent.invoke(TestInvoker.java:992)
at org.testng.internal.invokers.TestInvoker.invokeTestMethods(TestInvoker.java:203)
at org.testng.internal.invokers.TestMethodWorker.invokeTestMethods(TestMethodWorker.java:154)
at org.testng.internal.invokers.TestMethodWorker.run(TestMethodWorker.java:134)
at java.base/java.util.ArrayList.forEach(ArrayList.java:1511)
at org.testng.TestRunner.privateRun(TestRunner.java:739)
at org.testng.TestRunner.run(TestRunner.java:614)
at org.testng.SuiteRunner.runTest(SuiteRunner.java:421)
at org.testng.SuiteRunner.runSequentially(SuiteRunner.java:413)
at org.testng.SuiteRunner.privateRun(SuiteRunner.java:373)
at org.testng.SuiteRunner.run(SuiteRunner.java:312)
at org.testng.SuiteRunnerWorker.runSuite(SuiteRunnerWorker.java:52)
at org.testng.SuiteRunnerWorker.run(SuiteRunnerWorker.java:95)
at org.testng.TestNG.runSuitesSequentially(TestNG.java:1274)
at org.testng.TestNG.runSuitesLocally(TestNG.java:1208)
at org.testng.TestNG.runSuites(TestNG.java:1112)
at org.testng.TestNG.run(TestNG.java:1079)
at org.testng.remote.AbstractRemoteTestNG.run(AbstractRemoteTestNG.java:115)
at org.testng.remote.RemoteTestNG.initAndRun(RemoteTestNG.java:293)
at org.testng.remote.RemoteTestNG.main(RemoteTestNG.java:91)
]]>
    </error>
    <system-out>
      <![CDATA[TC_05 : To verify that When experiment is  Cautious Location, Policy SMFG_Direct]]>
    </system-out>
  </testcase> <!-- TC_05 -->
  <testcase classname="Eligibility_Automation.Smfg_Direct" name="TC_12" time="5.466">
    <system-out>
      <![CDATA[TC_12 : To verify that When ODCC, Policy SMFG_Direct (only ABB)
ABB Capping = 45626.6175 And Grade = Dwhen fixed capping =1000000  Eligibility is getting calculated properly..!!!]]>
    </system-out>
  </testcase> <!-- TC_12 -->
  <testcase classname="Eligibility_Automation.Smfg_Direct" name="TC_02" time="4.923">
    <system-out>
      <![CDATA[TC_02 : To verify that When experiment is Both Rented, Policy SMFG_Direct
Capping = 800000.0 And Grade = B when fixed capping =800000  Eligibility is getting calculated properly..!!!]]>
    </system-out>
  </testcase> <!-- TC_02 -->
  <testcase classname="Eligibility_Automation.Smfg_Direct" name="TC_06" time="5.084">
    <system-out>
      <![CDATA[TC_06 : To verify that When experiment is Salaried, Policy SMFG_Direct
Capping = 0.0 And Grade = E when fixed capping =0  Eligibility is getting calculated properly..!!!]]>
    </system-out>
  </testcase> <!-- TC_06 -->
  <testcase classname="Eligibility_Automation.Smfg_Direct" name="TC_02" time="7.183">
    <system-out>
      <![CDATA[TC_02 : To verify that When experiment is Both Rented, Policy SMFG_Direct
Capping = 0.0 And Grade = D when fixed capping =600000  Eligibility is getting calculated properly..!!!]]>
    </system-out>
  </testcase> <!-- TC_02 -->
  <testcase classname="Eligibility_Automation.Smfg_Direct" name="TC_01" time="4.498">
    <system-out>
      <![CDATA[TC_01 : To verify the final capping if policy is SMFG , ALL risk grade , no experiment, ABB & BTO
 Test Loancode =66851bd2rxmh6
BTO Capping = 500000.0 And Grade = E when fixed capping =1000000 Eligibility is getting calculated properly..!!!
ABB Capping = 121670.97 And Grade = E when fixed capping =1500000 Eligibility is getting calculated properly..!!!]]>
    </system-out>
  </testcase> <!-- TC_01 -->
  <testcase classname="Eligibility_Automation.Smfg_Direct" name="TC_10" time="4.592">
    <system-out>
      <![CDATA[TC_10 : To verify that Max Capping of NTC and Thin Cibil
BTO Capping = 500000.0 And Grade = A when fixed capping =500000 Eligibility is getting calculated properly..!!!]]>
    </system-out>
  </testcase> <!-- TC_10 -->
  <testcase classname="Eligibility_Automation.Smfg_Direct" name="TC_11" time="19.684">
    <system-out>
      <![CDATA[TC_11 : To verify that NTC with limit
IF Risk_Garde IS 'NA' And Cibil_Score IS '-1' Than Final_BTO_Capping IS '0.0' when fixed capping = '500000' ... Eligibility Capping is calculated Properly..!!!!
IF Risk_Garde IS 'NA' And Cibil_Score IS '0' Than Final_BTO_Capping IS '0.0' when fixed capping = '500000' ... Eligibility Capping is calculated Properly..!!!!
IF Risk_Garde IS 'NA' And Cibil_Score IS '200' Than Final_BTO_Capping IS '0.0' when fixed capping = '500000' ... Eligibility Capping is calculated Properly..!!!!
IF Risk_Garde IS 'NA' And Cibil_Score IS '300' Than Final_BTO_Capping IS '0.0' when fixed capping = '500000' ... Eligibility Capping is calculated Properly..!!!!]]>
    </system-out>
  </testcase> <!-- TC_11 -->
  <testcase classname="Eligibility_Automation.Smfg_Direct" name="TC_12" time="5.388">
    <system-out>
      <![CDATA[TC_12 : To verify that When ODCC, Policy SMFG_Direct (only ABB)
ABB Capping = 65559.0675 And Grade = Cwhen fixed capping =1000000  Eligibility is getting calculated properly..!!!]]>
    </system-out>
  </testcase> <!-- TC_12 -->
  <testcase classname="Eligibility_Automation.Smfg_Direct" name="TC_09" time="5.022">
    <system-out>
      <![CDATA[TC_09 : To verify that Max capping where “no experiment” is applied (excl DSA,) where Business vintage is > 3 years & one property is owned
BTO Capping = 500000.0 And Grade = A when fixed capping =2000000.0 Eligibility is getting calculated properly..!!!
ABB Capping = 187524.2 And Grade = A when fixed capping =1500000.0 Eligibility is getting calculated properly..!!!]]>
    </system-out>
  </testcase> <!-- TC_09 -->
  <testcase classname="Eligibility_Automation.Smfg_Direct" name="TC_06" time="5.069">
    <system-out>
      <![CDATA[TC_06 : To verify that When experiment is Salaried, Policy SMFG_Direct
Capping = 600000.0 And Grade = C when fixed capping =600000  Eligibility is getting calculated properly..!!!]]>
    </system-out>
  </testcase> <!-- TC_06 -->
  <testcase classname="Eligibility_Automation.Smfg_Direct" name="TC_01" time="6.938">
    <system-out>
      <![CDATA[TC_01 : To verify the final capping if policy is SMFG , ALL risk grade , no experiment, ABB & BTO
 Test Loancode =66851bd2rxmh6
BTO Capping = 500000.0 And Grade = A when fixed capping =1500000 Eligibility is getting calculated properly..!!!
ABB Capping = 267891.72 And Grade = A when fixed capping =1500000 Eligibility is getting calculated properly..!!!]]>
    </system-out>
  </testcase> <!-- TC_01 -->
  <testcase classname="Eligibility_Automation.Smfg_Direct" name="TC_03" time="4.982">
    <system-out>
      <![CDATA[TC_01 : To verify that When experiment is Both Cautious Profile, Policy SMFG_Direct
Capping = 437294.6 And Grade = D when fixed capping =1000000  Eligibility is getting calculated properly..!!!]]>
    </system-out>
  </testcase> <!-- TC_03 -->
  <testcase classname="Eligibility_Automation.Smfg_Direct" name="TC_10" time="5.898">
    <system-out>
      <![CDATA[TC_10 : To verify that Max Capping of NTC and Thin Cibil
BTO Capping = 500000.0 And Grade = C when fixed capping =500000 Eligibility is getting calculated properly..!!!]]>
    </system-out>
  </testcase> <!-- TC_10 -->
  <testcase classname="Eligibility_Automation.Smfg_Direct" name="TC_12" time="6.287">
    <system-out>
      <![CDATA[TC_12 : To verify that When ODCC, Policy SMFG_Direct (only ABB)
ABB Capping = 94959.892 And Grade = Bwhen fixed capping =1000000  Eligibility is getting calculated properly..!!!]]>
    </system-out>
  </testcase> <!-- TC_12 -->
  <testcase classname="Eligibility_Automation.Smfg_Direct" name="TC_05" time="5.223">
    <system-out>
      <![CDATA[TC_05 : To verify that When experiment is  Cautious Location, Policy SMFG_Direct
Capping = 0.0 And Grade = NA when fixed capping =1000000  Eligibility is getting calculated properly..!!!]]>
    </system-out>
  </testcase> <!-- TC_05 -->
  <testcase classname="Eligibility_Automation.Smfg_Direct" name="TC_06" time="4.930">
    <system-out>
      <![CDATA[TC_06 : To verify that When experiment is Salaried, Policy SMFG_Direct
Capping = 0.0 And Grade = NA when fixed capping =600000  Eligibility is getting calculated properly..!!!]]>
    </system-out>
  </testcase> <!-- TC_06 -->
  <testcase classname="Eligibility_Automation.Smfg_Direct" name="TC_03" time="4.488">
    <system-out>
      <![CDATA[TC_01 : To verify that When experiment is Both Cautious Profile, Policy SMFG_Direct
Capping = 910114.6 And Grade = B when fixed capping =1500000  Eligibility is getting calculated properly..!!!]]>
    </system-out>
  </testcase> <!-- TC_03 -->
  <testcase classname="Eligibility_Automation.Smfg_Direct" name="TC_14" time="3.371">
    <system-out>
      <![CDATA[TC_14 : To verify that When experiment is Both Rented, Policy SMFG_Direct and account is Thin cibil
IF Risk_Garde IS 'D Than Final_BTO_Capping IS '0.0' when fixed capping = '500000'  ... Eligibility Capping is calculated Properly..!!!!]]>
    </system-out>
  </testcase> <!-- TC_14 -->
  <testcase classname="Eligibility_Automation.Smfg_Direct" name="TC_13" time="19.967">
    <system-out>
      <![CDATA[TC_13 : To verify that When experiment is Both Rented, Policy SMFG_Direct and account is NTC
IF Risk_Garde IS 'D' And Cibil_Score IS '-1' Experiment Is Both_Rented Then Final_BTO_Capping IS '500000.0' when fixed capping = '500000' ... Eligibility Capping is calculated Properly..!!!!
IF Risk_Garde IS 'D' And Cibil_Score IS '0' Experiment Is Both_Rented Then Final_BTO_Capping IS '500000.0' when fixed capping = '500000' ... Eligibility Capping is calculated Properly..!!!!
IF Risk_Garde IS 'D' And Cibil_Score IS '200' Experiment Is Both_Rented Then Final_BTO_Capping IS '500000.0' when fixed capping = '500000' ... Eligibility Capping is calculated Properly..!!!!
Eligibility is not getting calculated properly..!!!]]>
    </system-out>
  </testcase> <!-- TC_13 -->
  <testcase classname="Eligibility_Automation.Smfg_Direct" name="TC_08" time="5.102">
    <system-out>
      <![CDATA[TC_08 : To verify that When Experiment is Saving Account, Policy SMFG_Direct
Capping = 350000.0 And Grade = B when fixed capping =500000  Eligibility is getting calculated properly..!!!]]>
    </system-out>
  </testcase> <!-- TC_08 -->
  <testcase classname="Eligibility_Automation.Smfg_Direct" name="TC_03" time="4.539">
    <system-out>
      <![CDATA[TC_01 : To verify that When experiment is Both Cautious Profile, Policy SMFG_Direct
Capping = 0.0 And Grade = E when fixed capping =1000000  Eligibility is getting calculated properly..!!!]]>
    </system-out>
  </testcase> <!-- TC_03 -->
  <testcase classname="Eligibility_Automation.Smfg_Direct" name="TC_11" time="19.102">
    <system-out>
      <![CDATA[TC_11 : To verify that NTC with limit
IF Risk_Garde IS 'D' And Cibil_Score IS '-1' Than Final_BTO_Capping IS '408141.62' when fixed capping = '500000' ... Eligibility Capping is calculated Properly..!!!!
IF Risk_Garde IS 'D' And Cibil_Score IS '0' Than Final_BTO_Capping IS '408141.62' when fixed capping = '500000' ... Eligibility Capping is calculated Properly..!!!!
IF Risk_Garde IS 'D' And Cibil_Score IS '200' Than Final_BTO_Capping IS '408141.62' when fixed capping = '500000' ... Eligibility Capping is calculated Properly..!!!!
IF Risk_Garde IS 'D' And Cibil_Score IS '300' Than Final_BTO_Capping IS '408141.62' when fixed capping = '500000' ... Eligibility Capping is calculated Properly..!!!!]]>
    </system-out>
  </testcase> <!-- TC_11 -->
  <testcase classname="Eligibility_Automation.Smfg_Direct" name="TC_15" time="3.578">
    <system-out>
      <![CDATA[TC_01 : To verify that When experiment is Both Rented, Policy SMFG_Direct and account is ODCC
 Risk Grade Is 'E'  And Experiment Is Both Rented Then ODCC Capping Is '0.0' when fixed capping = '1000000'  ... Eligibility is getting calculated Properly.!!! ]]>
    </system-out>
  </testcase> <!-- TC_15 -->
  <testcase classname="Eligibility_Automation.Smfg_Direct" name="TC_02" time="5.100">
    <system-out>
      <![CDATA[TC_02 : To verify that When experiment is Both Rented, Policy SMFG_Direct
Capping = 1000000.0 And Grade = A when fixed capping =1000000  Eligibility is getting calculated properly..!!!]]>
    </system-out>
  </testcase> <!-- TC_02 -->
  <testcase classname="Eligibility_Automation.Smfg_Direct" name="TC_12" time="5.296">
    <system-out>
      <![CDATA[TC_12 : To verify that When ODCC, Policy SMFG_Direct (only ABB)
ABB Capping = 0.0 And Grade = NAwhen fixed capping =1000000  Eligibility is getting calculated properly..!!!]]>
    </system-out>
  </testcase> <!-- TC_12 -->
  <testcase classname="Eligibility_Automation.Smfg_Direct" name="TC_08" time="5.188">
    <system-out>
      <![CDATA[TC_08 : To verify that When Experiment is Saving Account, Policy SMFG_Direct
Eligibility is not getting calculated properly..!!!]]>
    </system-out>
  </testcase> <!-- TC_08 -->
  <testcase classname="Eligibility_Automation.Smfg_Direct" name="TC_13" time="16.912">
    <system-out>
      <![CDATA[TC_13 : To verify that When experiment is Both Rented, Policy SMFG_Direct and account is NTC
IF Risk_Garde IS 'NA' And Cibil_Score IS '-1' Experiment Is Both_Rented Then Final_BTO_Capping IS '0.0' when fixed capping = '500000' ... Eligibility Capping is calculated Properly..!!!!
IF Risk_Garde IS 'NA' And Cibil_Score IS '0' Experiment Is Both_Rented Then Final_BTO_Capping IS '0.0' when fixed capping = '500000' ... Eligibility Capping is calculated Properly..!!!!
IF Risk_Garde IS 'NA' And Cibil_Score IS '200' Experiment Is Both_Rented Then Final_BTO_Capping IS '0.0' when fixed capping = '500000' ... Eligibility Capping is calculated Properly..!!!!
IF Risk_Garde IS 'NA' And Cibil_Score IS '300' Experiment Is Both_Rented Then Final_BTO_Capping IS '0.0' when fixed capping = '500000' ... Eligibility Capping is calculated Properly..!!!!]]>
    </system-out>
  </testcase> <!-- TC_13 -->
  <testcase classname="Eligibility_Automation.Smfg_Direct" name="TC_15" time="3.183">
    <system-out>
      <![CDATA[TC_01 : To verify that When experiment is Both Rented, Policy SMFG_Direct and account is ODCC
 Risk Grade Is 'NA'  And Experiment Is Both Rented Then ODCC Capping Is '0.0' when fixed capping = '0'  ... Eligibility is getting calculated Properly.!!! ]]>
    </system-out>
  </testcase> <!-- TC_15 -->
  <testcase classname="Eligibility_Automation.Smfg_Direct" name="TC_14" time="3.677">
    <system-out>
      <![CDATA[TC_14 : To verify that When experiment is Both Rented, Policy SMFG_Direct and account is Thin cibil
IF Risk_Garde IS 'C Than Final_BTO_Capping IS '600000.0' when fixed capping = '500000'  ... Eligibility Capping is calculated Properly..!!!!]]>
    </system-out>
  </testcase> <!-- TC_14 -->
  <testcase classname="Eligibility_Automation.Smfg_Direct" name="TC_10" time="6.351">
    <system-out>
      <![CDATA[TC_10 : To verify that Max Capping of NTC and Thin Cibil
BTO Capping = 408141.62 And Grade = D when fixed capping =500000 Eligibility is getting calculated properly..!!!]]>
    </system-out>
  </testcase> <!-- TC_10 -->
  <testcase classname="Eligibility_Automation.Smfg_Direct" name="TC_10" time="10.695">
    <system-out>
      <![CDATA[TC_10 : To verify that Max Capping of NTC and Thin Cibil
BTO Capping = 408141.62 And Grade = E when fixed capping =500000 Eligibility is getting calculated properly..!!!]]>
    </system-out>
  </testcase> <!-- TC_10 -->
  <testcase classname="Eligibility_Automation.Smfg_Direct" name="TC_01" time="6.551">
    <system-out>
      <![CDATA[TC_01 : To verify the final capping if policy is SMFG , ALL risk grade , no experiment, ABB & BTO
 Test Loancode =66851bd2rxmh6
BTO Capping = 500000.0 And Grade = C when fixed capping =1500000 Eligibility is getting calculated properly..!!!
ABB Capping = 174824.19 And Grade = C when fixed capping =1500000 Eligibility is getting calculated properly..!!!]]>
    </system-out>
  </testcase> <!-- TC_01 -->
  <testcase classname="Eligibility_Automation.Smfg_Direct" name="TC_08" time="5.216">
    <system-out>
      <![CDATA[TC_08 : To verify that When Experiment is Saving Account, Policy SMFG_Direct
Eligibility is not getting calculated properly..!!!]]>
    </system-out>
  </testcase> <!-- TC_08 -->
  <testcase classname="Eligibility_Automation.Smfg_Direct" name="TC_13" time="20.576">
    <system-out>
      <![CDATA[TC_13 : To verify that When experiment is Both Rented, Policy SMFG_Direct and account is NTC
IF Risk_Garde IS 'C' And Cibil_Score IS '-1' Experiment Is Both_Rented Then Final_BTO_Capping IS '500000.0' when fixed capping = '500000' ... Eligibility Capping is calculated Properly..!!!!
IF Risk_Garde IS 'C' And Cibil_Score IS '0' Experiment Is Both_Rented Then Final_BTO_Capping IS '500000.0' when fixed capping = '500000' ... Eligibility Capping is calculated Properly..!!!!
IF Risk_Garde IS 'C' And Cibil_Score IS '200' Experiment Is Both_Rented Then Final_BTO_Capping IS '500000.0' when fixed capping = '500000' ... Eligibility Capping is calculated Properly..!!!!
Eligibility is not getting calculated properly..!!!]]>
    </system-out>
  </testcase> <!-- TC_13 -->
  <testcase classname="Eligibility_Automation.Smfg_Direct" name="TC_13" time="21.891">
    <system-out>
      <![CDATA[TC_13 : To verify that When experiment is Both Rented, Policy SMFG_Direct and account is NTC
IF Risk_Garde IS 'A' And Cibil_Score IS '-1' Experiment Is Both_Rented Then Final_BTO_Capping IS '500000.0' when fixed capping = '500000' ... Eligibility Capping is calculated Properly..!!!!
IF Risk_Garde IS 'A' And Cibil_Score IS '0' Experiment Is Both_Rented Then Final_BTO_Capping IS '500000.0' when fixed capping = '500000' ... Eligibility Capping is calculated Properly..!!!!
IF Risk_Garde IS 'A' And Cibil_Score IS '200' Experiment Is Both_Rented Then Final_BTO_Capping IS '500000.0' when fixed capping = '500000' ... Eligibility Capping is calculated Properly..!!!!
Eligibility is not getting calculated properly..!!!]]>
    </system-out>
  </testcase> <!-- TC_13 -->
  <testcase classname="Eligibility_Automation.Smfg_Direct" name="TC_14" time="3.073">
    <system-out>
      <![CDATA[TC_14 : To verify that When experiment is Both Rented, Policy SMFG_Direct and account is Thin cibil
IF Risk_Garde IS 'NA Than Final_BTO_Capping IS '0.0' when fixed capping = '500000'  ... Eligibility Capping is calculated Properly..!!!!]]>
    </system-out>
  </testcase> <!-- TC_14 -->
  <testcase classname="Eligibility_Automation.Smfg_Direct" name="TC_15" time="3.768">
    <system-out>
      <![CDATA[TC_01 : To verify that When experiment is Both Rented, Policy SMFG_Direct and account is ODCC
 Risk Grade Is 'A'  And Experiment Is Both Rented Then ODCC Capping Is '191351.23' when fixed capping = '1000000'  ... Eligibility is getting calculated Properly.!!! ]]>
    </system-out>
  </testcase> <!-- TC_15 -->
  <testcase classname="Eligibility_Automation.Smfg_Direct" name="TC_02" time="7.716">
    <system-out>
      <![CDATA[TC_02 : To verify that When experiment is Both Rented, Policy SMFG_Direct
Capping = 0.0 And Grade = E when fixed capping =600000  Eligibility is getting calculated properly..!!!]]>
    </system-out>
  </testcase> <!-- TC_02 -->
  <testcase classname="Eligibility_Automation.Smfg_Direct" name="TC_03" time="5.272">
    <system-out>
      <![CDATA[TC_01 : To verify that When experiment is Both Cautious Profile, Policy SMFG_Direct
Capping = 1283763.9 And Grade = Awhen fixed capping =1500000  Eligibility is getting calculated properly..!!!]]>
    </system-out>
  </testcase> <!-- TC_03 -->
  <testcase classname="Eligibility_Automation.Smfg_Direct" name="TC_11" time="18.793">
    <system-out>
      <![CDATA[TC_11 : To verify that NTC with limit
IF Risk_Garde IS 'B' And Cibil_Score IS '-1' Than Final_BTO_Capping IS '500000.0' when fixed capping = '500000' ... Eligibility Capping is calculated Properly..!!!!
IF Risk_Garde IS 'B' And Cibil_Score IS '0' Than Final_BTO_Capping IS '500000.0' when fixed capping = '500000' ... Eligibility Capping is calculated Properly..!!!!
IF Risk_Garde IS 'B' And Cibil_Score IS '200' Than Final_BTO_Capping IS '500000.0' when fixed capping = '500000' ... Eligibility Capping is calculated Properly..!!!!
IF Risk_Garde IS 'B' And Cibil_Score IS '300' Than Final_BTO_Capping IS '500000.0' when fixed capping = '500000' ... Eligibility Capping is calculated Properly..!!!!]]>
    </system-out>
  </testcase> <!-- TC_11 -->
  <testcase classname="Eligibility_Automation.Smfg_Direct" name="TC_05" time="3.766">
    <system-out>
      <![CDATA[TC_05 : To verify that When experiment is  Cautious Location, Policy SMFG_Direct
Capping = 1283763.9 And Grade = A when fixed capping =1500000  Eligibility is getting calculated properly..!!!]]>
    </system-out>
  </testcase> <!-- TC_05 -->
  <testcase classname="Eligibility_Automation.Smfg_Direct" name="TC_05" time="4.198">
    <system-out>
      <![CDATA[TC_05 : To verify that When experiment is  Cautious Location, Policy SMFG_Direct
Capping = 0.0 And Grade = E when fixed capping =1000000  Eligibility is getting calculated properly..!!!]]>
    </system-out>
  </testcase> <!-- TC_05 -->
  <testcase classname="Eligibility_Automation.Smfg_Direct" name="TC_07" time="6.325">
    <system-out>
      <![CDATA[TC_07 : To verify that When Experiment is Personal Loan, Policy SMFG_Direct
BTO Capping = 0.0 And Grade = D when fixed capping =0.0  Eligibility is getting calculated properly..!!!]]>
    </system-out>
  </testcase> <!-- TC_07 -->
  <testcase classname="Eligibility_Automation.Smfg_Direct" name="TC_07" time="6.940">
    <system-out>
      <![CDATA[TC_07 : To verify that When Experiment is Personal Loan, Policy SMFG_Direct]]>
    </system-out>
  </testcase> <!-- TC_07 -->
  <testcase classname="Eligibility_Automation.Smfg_Direct" name="TC_15" time="3.261">
    <system-out>
      <![CDATA[TC_01 : To verify that When experiment is Both Rented, Policy SMFG_Direct and account is ODCC
 Risk Grade Is 'B'  And Experiment Is Both Rented Then ODCC Capping Is '135656.98' when fixed capping = '1000000'  ... Eligibility is getting calculated Properly.!!! ]]>
    </system-out>
  </testcase> <!-- TC_15 -->
  <testcase classname="Eligibility_Automation.Smfg_Direct" name="TC_05" time="4.967">
    <system-out>
      <![CDATA[TC_05 : To verify that When experiment is  Cautious Location, Policy SMFG_Direct
Capping = 327970.94999999995 And Grade = D when fixed capping =1000000  Eligibility is getting calculated properly..!!!]]>
    </system-out>
  </testcase> <!-- TC_05 -->
  <testcase classname="Eligibility_Automation.Smfg_Direct" name="TC_02" time="5.417">
    <system-out>
      <![CDATA[TC_02 : To verify that When experiment is Both Rented, Policy SMFG_Direct
Capping = 600000.0 And Grade = C when fixed capping =600000  Eligibility is getting calculated properly..!!!]]>
    </system-out>
  </testcase> <!-- TC_02 -->
  <testcase classname="Eligibility_Automation.Smfg_Direct" name="TC_07" time="8.599">
    <system-out>
      <![CDATA[TC_07 : To verify that When Experiment is Personal Loan, Policy SMFG_Direct
BTO Capping = 500000.0 And Grade = A when fixed capping =500000.0  Eligibility is getting calculated properly..!!!]]>
    </system-out>
  </testcase> <!-- TC_07 -->
  <testcase classname="Eligibility_Automation.Smfg_Direct" name="TC_07" time="6.866">
    <system-out>
      <![CDATA[TC_07 : To verify that When Experiment is Personal Loan, Policy SMFG_Direct
BTO Capping = 500000.0 And Grade = B when fixed capping =500000.0  Eligibility is getting calculated properly..!!!]]>
    </system-out>
  </testcase> <!-- TC_07 -->
  <testcase classname="Eligibility_Automation.Smfg_Direct" name="TC_08" time="5.048">
    <system-out>
      <![CDATA[TC_08 : To verify that When Experiment is Saving Account, Policy SMFG_Direct
Capping = 0.0 And Grade = NA when fixed capping =500000  Eligibility is getting calculated properly..!!!]]>
    </system-out>
  </testcase> <!-- TC_08 -->
  <testcase classname="Eligibility_Automation.Smfg_Direct" name="TC_07" time="4.717">
    <system-out>
      <![CDATA[TC_07 : To verify that When Experiment is Personal Loan, Policy SMFG_Direct
BTO Capping = 0.0 And Grade = E when fixed capping =0.0  Eligibility is getting calculated properly..!!!]]>
    </system-out>
  </testcase> <!-- TC_07 -->
  <testcase classname="Eligibility_Automation.Smfg_Direct" name="TC_04" time="5.101">
    <system-out>
      <![CDATA[TC_04 : To verify that When experiment is Both Toxic Profile, Policy SMFG_Direct
Capping = 0.0 And Grade = E when fixed capping =1000000  Eligibility is getting calculated properly..!!!]]>
    </system-out>
  </testcase> <!-- TC_04 -->
  <testcase classname="Eligibility_Automation.Smfg_Direct" name="TC_09" time="5.630">
    <system-out>
      <![CDATA[TC_09 : To verify that Max capping where “no experiment” is applied (excl DSA,) where Business vintage is > 3 years & one property is owned
BTO Capping = 500000.0 And Grade = C when fixed capping =2000000.0 Eligibility is getting calculated properly..!!!
ABB Capping = 122376.93 And Grade = C when fixed capping =1500000.0 Eligibility is getting calculated properly..!!!]]>
    </system-out>
  </testcase> <!-- TC_09 -->
  <testcase classname="Eligibility_Automation.Smfg_Direct" name="TC_15" time="3.137">
    <system-out>
      <![CDATA[TC_01 : To verify that When experiment is Both Rented, Policy SMFG_Direct and account is ODCC
 Risk Grade Is 'D'  And Experiment Is Both Rented Then ODCC Capping Is '0.0' when fixed capping = '1000000'  ... Eligibility is getting calculated Properly.!!! ]]>
    </system-out>
  </testcase> <!-- TC_15 -->
  <testcase classname="Eligibility_Automation.Smfg_Direct" name="TC_06" time="5.199">
    <system-out>
      <![CDATA[TC_06 : To verify that When experiment is Salaried, Policy SMFG_Direct
Capping = 0.0 And Grade = D when fixed capping =0  Eligibility is getting calculated properly..!!!]]>
    </system-out>
  </testcase> <!-- TC_06 -->
  <testcase classname="Eligibility_Automation.Smfg_Direct" name="TC_12" time="4.673">
    <system-out>
      <![CDATA[TC_12 : To verify that When ODCC, Policy SMFG_Direct (only ABB)
ABB Capping = 133945.86 And Grade = Awhen fixed capping =1000000  Eligibility is getting calculated properly..!!!]]>
    </system-out>
  </testcase> <!-- TC_12 -->
  <testcase classname="Eligibility_Automation.Smfg_Direct" name="TC_04" time="4.984">
    <system-out>
      <![CDATA[TC_04 : To verify that When experiment is Both Toxic Profile, Policy SMFG_Direct
Capping = 1000000.0 And Grade = A when fixed capping =1000000  Eligibility is getting calculated properly..!!!]]>
    </system-out>
  </testcase> <!-- TC_04 -->
  <testcase classname="Eligibility_Automation.Smfg_Direct" name="TC_08" time="4.600">
    <system-out>
      <![CDATA[TC_08 : To verify that When Experiment is Saving Account, Policy SMFG_Direct
Capping = 350000.0 And Grade = A when fixed capping =500000  Eligibility is getting calculated properly..!!!]]>
    </system-out>
  </testcase> <!-- TC_08 -->
  <testcase classname="Eligibility_Automation.Smfg_Direct" name="TC_09" time="5.172">
    <system-out>
      <![CDATA[TC_09 : To verify that Max capping where “no experiment” is applied (excl DSA,) where Business vintage is > 3 years & one property is owned
BTO Capping = 500000.0 And Grade = B when fixed capping =2000000.0 Eligibility is getting calculated properly..!!!
ABB Capping = 156404.53 And Grade = B when fixed capping =1500000.0 Eligibility is getting calculated properly..!!!]]>
    </system-out>
  </testcase> <!-- TC_09 -->
  <testcase classname="Eligibility_Automation.Smfg_Direct" name="TC_15" time="3.309">
    <system-out>
      <![CDATA[TC_01 : To verify that When experiment is Both Rented, Policy SMFG_Direct and account is ODCC
 Risk Grade Is 'C'  And Experiment Is Both Rented Then ODCC Capping Is '93655.82' when fixed capping = '1000000'  ... Eligibility is getting calculated Properly.!!! ]]>
    </system-out>
  </testcase> <!-- TC_15 -->
  <testcase classname="Eligibility_Automation.Smfg_Direct" name="TC_11" time="22.472">
    <system-out>
      <![CDATA[TC_11 : To verify that NTC with limit
IF Risk_Garde IS 'A' And Cibil_Score IS '-1' Than Final_BTO_Capping IS '500000.0' when fixed capping = '500000' ... Eligibility Capping is calculated Properly..!!!!
IF Risk_Garde IS 'A' And Cibil_Score IS '0' Than Final_BTO_Capping IS '500000.0' when fixed capping = '500000' ... Eligibility Capping is calculated Properly..!!!!
IF Risk_Garde IS 'A' And Cibil_Score IS '200' Than Final_BTO_Capping IS '500000.0' when fixed capping = '500000' ... Eligibility Capping is calculated Properly..!!!!
IF Risk_Garde IS 'A' And Cibil_Score IS '300' Than Final_BTO_Capping IS '500000.0' when fixed capping = '500000' ... Eligibility Capping is calculated Properly..!!!!]]>
    </system-out>
  </testcase> <!-- TC_11 -->
  <testcase classname="Eligibility_Automation.Smfg_Direct" name="TC_08" time="4.760">
    <system-out>
      <![CDATA[TC_08 : To verify that When Experiment is Saving Account, Policy SMFG_Direct
Capping = 350000.0 And Grade = C when fixed capping =500000  Eligibility is getting calculated properly..!!!]]>
    </system-out>
  </testcase> <!-- TC_08 -->
  <testcase classname="Eligibility_Automation.Smfg_Direct" name="TC_01" time="4.456">
    <system-out>
      <![CDATA[TC_01 : To verify the final capping if policy is SMFG , ALL risk grade , no experiment, ABB & BTO
 Test Loancode =66851bd2rxmh6
BTO Capping = 500000.0 And Grade = B when fixed capping =1500000 Eligibility is getting calculated properly..!!!
ABB Capping = 223435.05 And Grade = B when fixed capping =1500000 Eligibility is getting calculated properly..!!!]]>
    </system-out>
  </testcase> <!-- TC_01 -->
  <testcase classname="Eligibility_Automation.Smfg_Direct" name="TC_07" time="5.603">
    <system-out>
      <![CDATA[TC_07 : To verify that When Experiment is Personal Loan, Policy SMFG_Direct]]>
    </system-out>
  </testcase> <!-- TC_07 -->
  <testcase classname="Eligibility_Automation.Smfg_Direct" name="TC_13" time="20.609">
    <system-out>
      <![CDATA[TC_13 : To verify that When experiment is Both Rented, Policy SMFG_Direct and account is NTC
IF Risk_Garde IS 'B' And Cibil_Score IS '-1' Experiment Is Both_Rented Then Final_BTO_Capping IS '500000.0' when fixed capping = '500000' ... Eligibility Capping is calculated Properly..!!!!
IF Risk_Garde IS 'B' And Cibil_Score IS '0' Experiment Is Both_Rented Then Final_BTO_Capping IS '500000.0' when fixed capping = '500000' ... Eligibility Capping is calculated Properly..!!!!
IF Risk_Garde IS 'B' And Cibil_Score IS '200' Experiment Is Both_Rented Then Final_BTO_Capping IS '500000.0' when fixed capping = '500000' ... Eligibility Capping is calculated Properly..!!!!
Eligibility is not getting calculated properly..!!!]]>
    </system-out>
  </testcase> <!-- TC_13 -->
  <testcase classname="Eligibility_Automation.Smfg_Direct" name="TC_03" time="4.147">
    <system-out>
      <![CDATA[TC_01 : To verify that When experiment is Both Cautious Profile, Policy SMFG_Direct
Capping = 628331.25 And Grade = C when fixed capping =1000000  Eligibility is getting calculated properly..!!!]]>
    </system-out>
  </testcase> <!-- TC_03 -->
  <testcase classname="Eligibility_Automation.Smfg_Direct" name="TC_04" time="5.217">
    <system-out>
      <![CDATA[TC_04 : To verify that When experiment is Both Toxic Profile, Policy SMFG_Direct
Capping = 910114.6 And Grade = B when fixed capping =1000000  Eligibility is getting calculated properly..!!!]]>
    </system-out>
  </testcase> <!-- TC_04 -->
  <system-out>
    <![CDATA[ DB Connection Successfull
 DB Connection Successfull
TC_01 : To verify the final capping if policy is SMFG , ALL risk grade , no experiment, ABB & BTO
 Test Loancode =66851bd2rxmh6
BTO Capping = 500000.0 And Grade = A when fixed capping =1500000 Eligibility is getting calculated properly..!!!
ABB Capping = 267891.72 And Grade = A when fixed capping =1500000 Eligibility is getting calculated properly..!!!
TC_01 : To verify the final capping if policy is SMFG , ALL risk grade , no experiment, ABB & BTO
 Test Loancode =66851bd2rxmh6
BTO Capping = 500000.0 And Grade = B when fixed capping =1500000 Eligibility is getting calculated properly..!!!
ABB Capping = 223435.05 And Grade = B when fixed capping =1500000 Eligibility is getting calculated properly..!!!
TC_01 : To verify the final capping if policy is SMFG , ALL risk grade , no experiment, ABB & BTO
 Test Loancode =66851bd2rxmh6
BTO Capping = 500000.0 And Grade = C when fixed capping =1500000 Eligibility is getting calculated properly..!!!
ABB Capping = 174824.19 And Grade = C when fixed capping =1500000 Eligibility is getting calculated properly..!!!
TC_01 : To verify the final capping if policy is SMFG , ALL risk grade , no experiment, ABB & BTO
 Test Loancode =66851bd2rxmh6
BTO Capping = 500000.0 And Grade = D when fixed capping =1500000 Eligibility is getting calculated properly..!!!
ABB Capping = 121670.97 And Grade = D when fixed capping =1500000 Eligibility is getting calculated properly..!!!
TC_01 : To verify the final capping if policy is SMFG , ALL risk grade , no experiment, ABB & BTO
 Test Loancode =66851bd2rxmh6
BTO Capping = 500000.0 And Grade = E when fixed capping =1000000 Eligibility is getting calculated properly..!!!
ABB Capping = 121670.97 And Grade = E when fixed capping =1500000 Eligibility is getting calculated properly..!!!
TC_01 : To verify the final capping if policy is SMFG , ALL risk grade , no experiment, ABB & BTO
 Test Loancode =66851bd2rxmh6
BTO Capping = 500000.0 And Grade = NA when fixed capping =1500000 Eligibility is getting calculated properly..!!!
ABB Capping = 174824.19 And Grade = NA when fixed capping =1500000 Eligibility is getting calculated properly..!!!
TC_02 : To verify that When experiment is Both Rented, Policy SMFG_Direct
Capping = 1000000.0 And Grade = A when fixed capping =1000000  Eligibility is getting calculated properly..!!!
TC_02 : To verify that When experiment is Both Rented, Policy SMFG_Direct
Capping = 800000.0 And Grade = B when fixed capping =800000  Eligibility is getting calculated properly..!!!
TC_02 : To verify that When experiment is Both Rented, Policy SMFG_Direct
Capping = 600000.0 And Grade = C when fixed capping =600000  Eligibility is getting calculated properly..!!!
TC_02 : To verify that When experiment is Both Rented, Policy SMFG_Direct
Capping = 0.0 And Grade = D when fixed capping =600000  Eligibility is getting calculated properly..!!!
TC_02 : To verify that When experiment is Both Rented, Policy SMFG_Direct
Capping = 0.0 And Grade = E when fixed capping =600000  Eligibility is getting calculated properly..!!!
TC_02 : To verify that When experiment is Both Rented, Policy SMFG_Direct
Capping = 0.0 And Grade = NA when fixed capping =600000  Eligibility is getting calculated properly..!!!
TC_01 : To verify that When experiment is Both Cautious Profile, Policy SMFG_Direct
Capping = 1283763.9 And Grade = Awhen fixed capping =1500000  Eligibility is getting calculated properly..!!!
TC_01 : To verify that When experiment is Both Cautious Profile, Policy SMFG_Direct
Capping = 910114.6 And Grade = B when fixed capping =1500000  Eligibility is getting calculated properly..!!!
TC_01 : To verify that When experiment is Both Cautious Profile, Policy SMFG_Direct
Capping = 628331.25 And Grade = C when fixed capping =1000000  Eligibility is getting calculated properly..!!!
TC_01 : To verify that When experiment is Both Cautious Profile, Policy SMFG_Direct
Capping = 437294.6 And Grade = D when fixed capping =1000000  Eligibility is getting calculated properly..!!!
TC_01 : To verify that When experiment is Both Cautious Profile, Policy SMFG_Direct
Capping = 0.0 And Grade = E when fixed capping =1000000  Eligibility is getting calculated properly..!!!
TC_01 : To verify that When experiment is Both Cautious Profile, Policy SMFG_Direct
Capping = 0.0 And Grade = NA when fixed capping =1000000  Eligibility is getting calculated properly..!!!
TC_04 : To verify that When experiment is Both Toxic Profile, Policy SMFG_Direct
Capping = 1000000.0 And Grade = A when fixed capping =1000000  Eligibility is getting calculated properly..!!!
TC_04 : To verify that When experiment is Both Toxic Profile, Policy SMFG_Direct
Capping = 910114.6 And Grade = B when fixed capping =1000000  Eligibility is getting calculated properly..!!!
TC_04 : To verify that When experiment is Both Toxic Profile, Policy SMFG_Direct
Capping = 628331.25 And Grade = C when fixed capping =1000000  Eligibility is getting calculated properly..!!!
TC_04 : To verify that When experiment is Both Toxic Profile, Policy SMFG_Direct
Capping = 0.0 And Grade = D when fixed capping =1000000  Eligibility is getting calculated properly..!!!
TC_04 : To verify that When experiment is Both Toxic Profile, Policy SMFG_Direct
Capping = 0.0 And Grade = E when fixed capping =1000000  Eligibility is getting calculated properly..!!!
TC_04 : To verify that When experiment is Both Toxic Profile, Policy SMFG_Direct
Capping = 0.0 And Grade = NA when fixed capping =1000000  Eligibility is getting calculated properly..!!!
TC_05 : To verify that When experiment is  Cautious Location, Policy SMFG_Direct
Capping = 1283763.9 And Grade = A when fixed capping =1500000  Eligibility is getting calculated properly..!!!
TC_05 : To verify that When experiment is  Cautious Location, Policy SMFG_Direct
Capping = 773597.4099999999 And Grade = B when fixed capping =1000000  Eligibility is getting calculated properly..!!!
TC_05 : To verify that When experiment is  Cautious Location, Policy SMFG_Direct
TC_05 : To verify that When experiment is  Cautious Location, Policy SMFG_Direct
Capping = 327970.94999999995 And Grade = D when fixed capping =1000000  Eligibility is getting calculated properly..!!!
TC_05 : To verify that When experiment is  Cautious Location, Policy SMFG_Direct
Capping = 0.0 And Grade = E when fixed capping =1000000  Eligibility is getting calculated properly..!!!
TC_05 : To verify that When experiment is  Cautious Location, Policy SMFG_Direct
Capping = 0.0 And Grade = NA when fixed capping =1000000  Eligibility is getting calculated properly..!!!
TC_06 : To verify that When experiment is Salaried, Policy SMFG_Direct
Capping = 1000000.0 And Grade = A when fixed capping =1000000  Eligibility is getting calculated properly..!!!
TC_06 : To verify that When experiment is Salaried, Policy SMFG_Direct
Capping = 800000.0 And Grade = B when fixed capping =800000  Eligibility is getting calculated properly..!!!
TC_06 : To verify that When experiment is Salaried, Policy SMFG_Direct
Capping = 600000.0 And Grade = C when fixed capping =600000  Eligibility is getting calculated properly..!!!
TC_06 : To verify that When experiment is Salaried, Policy SMFG_Direct
Capping = 0.0 And Grade = D when fixed capping =0  Eligibility is getting calculated properly..!!!
TC_06 : To verify that When experiment is Salaried, Policy SMFG_Direct
Capping = 0.0 And Grade = E when fixed capping =0  Eligibility is getting calculated properly..!!!
TC_06 : To verify that When experiment is Salaried, Policy SMFG_Direct
Capping = 0.0 And Grade = NA when fixed capping =600000  Eligibility is getting calculated properly..!!!
TC_07 : To verify that When Experiment is Personal Loan, Policy SMFG_Direct
BTO Capping = 500000.0 And Grade = A when fixed capping =500000.0  Eligibility is getting calculated properly..!!!
TC_07 : To verify that When Experiment is Personal Loan, Policy SMFG_Direct
BTO Capping = 500000.0 And Grade = B when fixed capping =500000.0  Eligibility is getting calculated properly..!!!
TC_07 : To verify that When Experiment is Personal Loan, Policy SMFG_Direct
TC_07 : To verify that When Experiment is Personal Loan, Policy SMFG_Direct
BTO Capping = 0.0 And Grade = D when fixed capping =0.0  Eligibility is getting calculated properly..!!!
TC_07 : To verify that When Experiment is Personal Loan, Policy SMFG_Direct
BTO Capping = 0.0 And Grade = E when fixed capping =0.0  Eligibility is getting calculated properly..!!!
TC_07 : To verify that When Experiment is Personal Loan, Policy SMFG_Direct
TC_08 : To verify that When Experiment is Saving Account, Policy SMFG_Direct
Capping = 350000.0 And Grade = A when fixed capping =500000  Eligibility is getting calculated properly..!!!
TC_08 : To verify that When Experiment is Saving Account, Policy SMFG_Direct
Capping = 350000.0 And Grade = B when fixed capping =500000  Eligibility is getting calculated properly..!!!
TC_08 : To verify that When Experiment is Saving Account, Policy SMFG_Direct
Capping = 350000.0 And Grade = C when fixed capping =500000  Eligibility is getting calculated properly..!!!
TC_08 : To verify that When Experiment is Saving Account, Policy SMFG_Direct
Eligibility is not getting calculated properly..!!!
TC_08 : To verify that When Experiment is Saving Account, Policy SMFG_Direct
Eligibility is not getting calculated properly..!!!
TC_08 : To verify that When Experiment is Saving Account, Policy SMFG_Direct
Capping = 0.0 And Grade = NA when fixed capping =500000  Eligibility is getting calculated properly..!!!
TC_09 : To verify that Max capping where “no experiment” is applied (excl DSA,) where Business vintage is > 3 years & one property is owned
BTO Capping = 500000.0 And Grade = A when fixed capping =2000000.0 Eligibility is getting calculated properly..!!!
ABB Capping = 187524.2 And Grade = A when fixed capping =1500000.0 Eligibility is getting calculated properly..!!!
TC_09 : To verify that Max capping where “no experiment” is applied (excl DSA,) where Business vintage is > 3 years & one property is owned
BTO Capping = 500000.0 And Grade = B when fixed capping =2000000.0 Eligibility is getting calculated properly..!!!
ABB Capping = 156404.53 And Grade = B when fixed capping =1500000.0 Eligibility is getting calculated properly..!!!
TC_09 : To verify that Max capping where “no experiment” is applied (excl DSA,) where Business vintage is > 3 years & one property is owned
BTO Capping = 500000.0 And Grade = C when fixed capping =2000000.0 Eligibility is getting calculated properly..!!!
ABB Capping = 122376.93 And Grade = C when fixed capping =1500000.0 Eligibility is getting calculated properly..!!!
TC_09 : To verify that Max capping where “no experiment” is applied (excl DSA,) where Business vintage is > 3 years & one property is owned
BTO Capping = 408141.62 And Grade = D when fixed capping =2000000.0 Eligibility is getting calculated properly..!!!
ABB Capping = 85169.68 And Grade = D when fixed capping =1500000.0 Eligibility is getting calculated properly..!!!
TC_10 : To verify that Max Capping of NTC and Thin Cibil
BTO Capping = 500000.0 And Grade = A when fixed capping =500000 Eligibility is getting calculated properly..!!!
TC_10 : To verify that Max Capping of NTC and Thin Cibil
BTO Capping = 500000.0 And Grade = B when fixed capping =500000 Eligibility is getting calculated properly..!!!
TC_10 : To verify that Max Capping of NTC and Thin Cibil
BTO Capping = 500000.0 And Grade = C when fixed capping =500000 Eligibility is getting calculated properly..!!!
TC_10 : To verify that Max Capping of NTC and Thin Cibil
BTO Capping = 408141.62 And Grade = D when fixed capping =500000 Eligibility is getting calculated properly..!!!
TC_10 : To verify that Max Capping of NTC and Thin Cibil
BTO Capping = 408141.62 And Grade = E when fixed capping =500000 Eligibility is getting calculated properly..!!!
TC_10 : To verify that Max Capping of NTC and Thin Cibil
BTO Capping = 0.0 And Grade = NA when fixed capping =500000 Eligibility is getting calculated properly..!!!
TC_11 : To verify that NTC with limit
IF Risk_Garde IS 'A' And Cibil_Score IS '-1' Than Final_BTO_Capping IS '500000.0' when fixed capping = '500000' ... Eligibility Capping is calculated Properly..!!!!
IF Risk_Garde IS 'A' And Cibil_Score IS '0' Than Final_BTO_Capping IS '500000.0' when fixed capping = '500000' ... Eligibility Capping is calculated Properly..!!!!
IF Risk_Garde IS 'A' And Cibil_Score IS '200' Than Final_BTO_Capping IS '500000.0' when fixed capping = '500000' ... Eligibility Capping is calculated Properly..!!!!
IF Risk_Garde IS 'A' And Cibil_Score IS '300' Than Final_BTO_Capping IS '500000.0' when fixed capping = '500000' ... Eligibility Capping is calculated Properly..!!!!
TC_11 : To verify that NTC with limit
IF Risk_Garde IS 'B' And Cibil_Score IS '-1' Than Final_BTO_Capping IS '500000.0' when fixed capping = '500000' ... Eligibility Capping is calculated Properly..!!!!
IF Risk_Garde IS 'B' And Cibil_Score IS '0' Than Final_BTO_Capping IS '500000.0' when fixed capping = '500000' ... Eligibility Capping is calculated Properly..!!!!
IF Risk_Garde IS 'B' And Cibil_Score IS '200' Than Final_BTO_Capping IS '500000.0' when fixed capping = '500000' ... Eligibility Capping is calculated Properly..!!!!
IF Risk_Garde IS 'B' And Cibil_Score IS '300' Than Final_BTO_Capping IS '500000.0' when fixed capping = '500000' ... Eligibility Capping is calculated Properly..!!!!
TC_11 : To verify that NTC with limit
IF Risk_Garde IS 'C' And Cibil_Score IS '-1' Than Final_BTO_Capping IS '500000.0' when fixed capping = '500000' ... Eligibility Capping is calculated Properly..!!!!
IF Risk_Garde IS 'C' And Cibil_Score IS '0' Than Final_BTO_Capping IS '500000.0' when fixed capping = '500000' ... Eligibility Capping is calculated Properly..!!!!
IF Risk_Garde IS 'C' And Cibil_Score IS '200' Than Final_BTO_Capping IS '500000.0' when fixed capping = '500000' ... Eligibility Capping is calculated Properly..!!!!
IF Risk_Garde IS 'C' And Cibil_Score IS '300' Than Final_BTO_Capping IS '500000.0' when fixed capping = '500000' ... Eligibility Capping is calculated Properly..!!!!
TC_11 : To verify that NTC with limit
IF Risk_Garde IS 'D' And Cibil_Score IS '-1' Than Final_BTO_Capping IS '408141.62' when fixed capping = '500000' ... Eligibility Capping is calculated Properly..!!!!
IF Risk_Garde IS 'D' And Cibil_Score IS '0' Than Final_BTO_Capping IS '408141.62' when fixed capping = '500000' ... Eligibility Capping is calculated Properly..!!!!
IF Risk_Garde IS 'D' And Cibil_Score IS '200' Than Final_BTO_Capping IS '408141.62' when fixed capping = '500000' ... Eligibility Capping is calculated Properly..!!!!
IF Risk_Garde IS 'D' And Cibil_Score IS '300' Than Final_BTO_Capping IS '408141.62' when fixed capping = '500000' ... Eligibility Capping is calculated Properly..!!!!
TC_11 : To verify that NTC with limit
IF Risk_Garde IS 'E' And Cibil_Score IS '-1' Than Final_BTO_Capping IS '408141.62' when fixed capping = '500000' ... Eligibility Capping is calculated Properly..!!!!
IF Risk_Garde IS 'E' And Cibil_Score IS '0' Than Final_BTO_Capping IS '408141.62' when fixed capping = '500000' ... Eligibility Capping is calculated Properly..!!!!
IF Risk_Garde IS 'E' And Cibil_Score IS '200' Than Final_BTO_Capping IS '408141.62' when fixed capping = '500000' ... Eligibility Capping is calculated Properly..!!!!
IF Risk_Garde IS 'E' And Cibil_Score IS '300' Than Final_BTO_Capping IS '408141.62' when fixed capping = '500000' ... Eligibility Capping is calculated Properly..!!!!
TC_11 : To verify that NTC with limit
IF Risk_Garde IS 'NA' And Cibil_Score IS '-1' Than Final_BTO_Capping IS '0.0' when fixed capping = '500000' ... Eligibility Capping is calculated Properly..!!!!
IF Risk_Garde IS 'NA' And Cibil_Score IS '0' Than Final_BTO_Capping IS '0.0' when fixed capping = '500000' ... Eligibility Capping is calculated Properly..!!!!
IF Risk_Garde IS 'NA' And Cibil_Score IS '200' Than Final_BTO_Capping IS '0.0' when fixed capping = '500000' ... Eligibility Capping is calculated Properly..!!!!
IF Risk_Garde IS 'NA' And Cibil_Score IS '300' Than Final_BTO_Capping IS '0.0' when fixed capping = '500000' ... Eligibility Capping is calculated Properly..!!!!
TC_12 : To verify that When ODCC, Policy SMFG_Direct (only ABB)
ABB Capping = 133945.86 And Grade = Awhen fixed capping =1000000  Eligibility is getting calculated properly..!!!
TC_12 : To verify that When ODCC, Policy SMFG_Direct (only ABB)
ABB Capping = 94959.892 And Grade = Bwhen fixed capping =1000000  Eligibility is getting calculated properly..!!!
TC_12 : To verify that When ODCC, Policy SMFG_Direct (only ABB)
ABB Capping = 65559.0675 And Grade = Cwhen fixed capping =1000000  Eligibility is getting calculated properly..!!!
TC_12 : To verify that When ODCC, Policy SMFG_Direct (only ABB)
ABB Capping = 45626.6175 And Grade = Dwhen fixed capping =1000000  Eligibility is getting calculated properly..!!!
TC_12 : To verify that When ODCC, Policy SMFG_Direct (only ABB)
ABB Capping = 0.0 And Grade = Ewhen fixed capping =1000000  Eligibility is getting calculated properly..!!!
TC_12 : To verify that When ODCC, Policy SMFG_Direct (only ABB)
ABB Capping = 0.0 And Grade = NAwhen fixed capping =1000000  Eligibility is getting calculated properly..!!!
TC_13 : To verify that When experiment is Both Rented, Policy SMFG_Direct and account is NTC
IF Risk_Garde IS 'A' And Cibil_Score IS '-1' Experiment Is Both_Rented Then Final_BTO_Capping IS '500000.0' when fixed capping = '500000' ... Eligibility Capping is calculated Properly..!!!!
IF Risk_Garde IS 'A' And Cibil_Score IS '0' Experiment Is Both_Rented Then Final_BTO_Capping IS '500000.0' when fixed capping = '500000' ... Eligibility Capping is calculated Properly..!!!!
IF Risk_Garde IS 'A' And Cibil_Score IS '200' Experiment Is Both_Rented Then Final_BTO_Capping IS '500000.0' when fixed capping = '500000' ... Eligibility Capping is calculated Properly..!!!!
Eligibility is not getting calculated properly..!!!
TC_13 : To verify that When experiment is Both Rented, Policy SMFG_Direct and account is NTC
IF Risk_Garde IS 'B' And Cibil_Score IS '-1' Experiment Is Both_Rented Then Final_BTO_Capping IS '500000.0' when fixed capping = '500000' ... Eligibility Capping is calculated Properly..!!!!
IF Risk_Garde IS 'B' And Cibil_Score IS '0' Experiment Is Both_Rented Then Final_BTO_Capping IS '500000.0' when fixed capping = '500000' ... Eligibility Capping is calculated Properly..!!!!
IF Risk_Garde IS 'B' And Cibil_Score IS '200' Experiment Is Both_Rented Then Final_BTO_Capping IS '500000.0' when fixed capping = '500000' ... Eligibility Capping is calculated Properly..!!!!
Eligibility is not getting calculated properly..!!!
TC_13 : To verify that When experiment is Both Rented, Policy SMFG_Direct and account is NTC
IF Risk_Garde IS 'C' And Cibil_Score IS '-1' Experiment Is Both_Rented Then Final_BTO_Capping IS '500000.0' when fixed capping = '500000' ... Eligibility Capping is calculated Properly..!!!!
IF Risk_Garde IS 'C' And Cibil_Score IS '0' Experiment Is Both_Rented Then Final_BTO_Capping IS '500000.0' when fixed capping = '500000' ... Eligibility Capping is calculated Properly..!!!!
IF Risk_Garde IS 'C' And Cibil_Score IS '200' Experiment Is Both_Rented Then Final_BTO_Capping IS '500000.0' when fixed capping = '500000' ... Eligibility Capping is calculated Properly..!!!!
Eligibility is not getting calculated properly..!!!
TC_13 : To verify that When experiment is Both Rented, Policy SMFG_Direct and account is NTC
IF Risk_Garde IS 'D' And Cibil_Score IS '-1' Experiment Is Both_Rented Then Final_BTO_Capping IS '500000.0' when fixed capping = '500000' ... Eligibility Capping is calculated Properly..!!!!
IF Risk_Garde IS 'D' And Cibil_Score IS '0' Experiment Is Both_Rented Then Final_BTO_Capping IS '500000.0' when fixed capping = '500000' ... Eligibility Capping is calculated Properly..!!!!
IF Risk_Garde IS 'D' And Cibil_Score IS '200' Experiment Is Both_Rented Then Final_BTO_Capping IS '500000.0' when fixed capping = '500000' ... Eligibility Capping is calculated Properly..!!!!
Eligibility is not getting calculated properly..!!!
TC_13 : To verify that When experiment is Both Rented, Policy SMFG_Direct and account is NTC
IF Risk_Garde IS 'E' And Cibil_Score IS '-1' Experiment Is Both_Rented Then Final_BTO_Capping IS '500000.0' when fixed capping = '500000' ... Eligibility Capping is calculated Properly..!!!!
IF Risk_Garde IS 'E' And Cibil_Score IS '0' Experiment Is Both_Rented Then Final_BTO_Capping IS '500000.0' when fixed capping = '500000' ... Eligibility Capping is calculated Properly..!!!!
IF Risk_Garde IS 'E' And Cibil_Score IS '200' Experiment Is Both_Rented Then Final_BTO_Capping IS '500000.0' when fixed capping = '500000' ... Eligibility Capping is calculated Properly..!!!!
Eligibility is not getting calculated properly..!!!
TC_13 : To verify that When experiment is Both Rented, Policy SMFG_Direct and account is NTC
IF Risk_Garde IS 'NA' And Cibil_Score IS '-1' Experiment Is Both_Rented Then Final_BTO_Capping IS '0.0' when fixed capping = '500000' ... Eligibility Capping is calculated Properly..!!!!
IF Risk_Garde IS 'NA' And Cibil_Score IS '0' Experiment Is Both_Rented Then Final_BTO_Capping IS '0.0' when fixed capping = '500000' ... Eligibility Capping is calculated Properly..!!!!
IF Risk_Garde IS 'NA' And Cibil_Score IS '200' Experiment Is Both_Rented Then Final_BTO_Capping IS '0.0' when fixed capping = '500000' ... Eligibility Capping is calculated Properly..!!!!
IF Risk_Garde IS 'NA' And Cibil_Score IS '300' Experiment Is Both_Rented Then Final_BTO_Capping IS '0.0' when fixed capping = '500000' ... Eligibility Capping is calculated Properly..!!!!
TC_14 : To verify that When experiment is Both Rented, Policy SMFG_Direct and account is Thin cibil
IF Risk_Garde IS 'A Than Final_BTO_Capping IS '1000000.0' when fixed capping = '500000'  ... Eligibility Capping is calculated Properly..!!!!
TC_14 : To verify that When experiment is Both Rented, Policy SMFG_Direct and account is Thin cibil
IF Risk_Garde IS 'B Than Final_BTO_Capping IS '800000.0' when fixed capping = '500000'  ... Eligibility Capping is calculated Properly..!!!!
TC_14 : To verify that When experiment is Both Rented, Policy SMFG_Direct and account is Thin cibil
IF Risk_Garde IS 'C Than Final_BTO_Capping IS '600000.0' when fixed capping = '500000'  ... Eligibility Capping is calculated Properly..!!!!
TC_14 : To verify that When experiment is Both Rented, Policy SMFG_Direct and account is Thin cibil
IF Risk_Garde IS 'D Than Final_BTO_Capping IS '0.0' when fixed capping = '500000'  ... Eligibility Capping is calculated Properly..!!!!
TC_14 : To verify that When experiment is Both Rented, Policy SMFG_Direct and account is Thin cibil
IF Risk_Garde IS 'E Than Final_BTO_Capping IS '0.0' when fixed capping = '500000'  ... Eligibility Capping is calculated Properly..!!!!
TC_14 : To verify that When experiment is Both Rented, Policy SMFG_Direct and account is Thin cibil
IF Risk_Garde IS 'NA Than Final_BTO_Capping IS '0.0' when fixed capping = '500000'  ... Eligibility Capping is calculated Properly..!!!!
TC_01 : To verify that When experiment is Both Rented, Policy SMFG_Direct and account is ODCC
 Risk Grade Is 'A'  And Experiment Is Both Rented Then ODCC Capping Is '191351.23' when fixed capping = '1000000'  ... Eligibility is getting calculated Properly.!!! 
TC_01 : To verify that When experiment is Both Rented, Policy SMFG_Direct and account is ODCC
 Risk Grade Is 'B'  And Experiment Is Both Rented Then ODCC Capping Is '135656.98' when fixed capping = '1000000'  ... Eligibility is getting calculated Properly.!!! 
TC_01 : To verify that When experiment is Both Rented, Policy SMFG_Direct and account is ODCC
 Risk Grade Is 'C'  And Experiment Is Both Rented Then ODCC Capping Is '93655.82' when fixed capping = '1000000'  ... Eligibility is getting calculated Properly.!!! 
TC_01 : To verify that When experiment is Both Rented, Policy SMFG_Direct and account is ODCC
 Risk Grade Is 'D'  And Experiment Is Both Rented Then ODCC Capping Is '0.0' when fixed capping = '1000000'  ... Eligibility is getting calculated Properly.!!! 
TC_01 : To verify that When experiment is Both Rented, Policy SMFG_Direct and account is ODCC
 Risk Grade Is 'E'  And Experiment Is Both Rented Then ODCC Capping Is '0.0' when fixed capping = '1000000'  ... Eligibility is getting calculated Properly.!!! 
TC_01 : To verify that When experiment is Both Rented, Policy SMFG_Direct and account is ODCC
 Risk Grade Is 'NA'  And Experiment Is Both Rented Then ODCC Capping Is '0.0' when fixed capping = '0'  ... Eligibility is getting calculated Properly.!!! ]]>
  </system-out>
</testsuite> <!-- Eligibility_Automation.Smfg_Direct -->
