<?xml version="1.0" encoding="UTF-8"?>
<!-- Generated by org.testng.reporters.JUnitReportReporter -->
<testsuite hostname="Bloom-Mohit" failures="0" tests="88" name="Eligibility_Automation.Smfg_Direct" time="444.951" errors="0" timestamp="2024-07-03T13:25:21 IST" skipped="0">
  <testcase classname="Eligibility_Automation.Smfg_Direct" name="TC_10" time="3.173">
    <system-out>
      <![CDATA[TC_10 : To verify that Max Capping of NTC and Thin Cibil
BTO Capping = 500000.0 And Grade = C when fixed capping =500000 Eligibility is getting calculated properly..!!!]]>
    </system-out>
  </testcase> <!-- TC_10 -->
  <testcase classname="Eligibility_Automation.Smfg_Direct" name="TC_03" time="3.218">
    <system-out>
      <![CDATA[TC_01 : To verify that When experiment is Both Cautious Profile, Policy SMFG_Direct
Capping = 0.0 And Grade = NA when fixed capping =1000000  Eligibility is getting calculated properly..!!!]]>
    </system-out>
  </testcase> <!-- TC_03 -->
  <testcase classname="Eligibility_Automation.Smfg_Direct" name="TC_02" time="3.562">
    <system-out>
      <![CDATA[TC_02 : To verify that When experiment is Both Rented, Policy SMFG_Direct
Capping = 0.0 And Grade = NA when fixed capping =600000  Eligibility is getting calculated properly..!!!]]>
    </system-out>
  </testcase> <!-- TC_02 -->
  <testcase classname="Eligibility_Automation.Smfg_Direct" name="TC_09" time="3.296">
    <system-out>
      <![CDATA[TC_09 : To verify that Max capping where “no experiment” is applied (excl DSA,) where Business vintage is > 3 years & one property is owned
BTO Capping = 500000.0 And Grade = C when fixed capping =2000000.0 Eligibility is getting calculated properly..!!!
ABB Capping = 122376.93 And Grade = C when fixed capping =1500000.0 Eligibility is getting calculated properly..!!!]]>
    </system-out>
  </testcase> <!-- TC_09 -->
  <testcase classname="Eligibility_Automation.Smfg_Direct" name="TC_04" time="4.813">
    <system-out>
      <![CDATA[TC_04 : To verify that When experiment is Both Toxic Profile, Policy SMFG_Direct
Capping = 0.0 And Grade = D when fixed capping =1000000  Eligibility is getting calculated properly..!!!]]>
    </system-out>
  </testcase> <!-- TC_04 -->
  <testcase classname="Eligibility_Automation.Smfg_Direct" name="TC_03" time="3.039">
    <system-out>
      <![CDATA[TC_01 : To verify that When experiment is Both Cautious Profile, Policy SMFG_Direct
Capping = 0.0 And Grade = E when fixed capping =1000000  Eligibility is getting calculated properly..!!!]]>
    </system-out>
  </testcase> <!-- TC_03 -->
  <testcase classname="Eligibility_Automation.Smfg_Direct" name="TC_13" time="15.514">
    <system-out>
      <![CDATA[TC_13 : To verify that When experiment is Both Rented, Policy SMFG_Direct and account is NTC
IF Risk_Garde IS 'B' And Cibil_Score IS '-1' Experiment Is Both_Rented Then Final_BTO_Capping IS '500000.0' when fixed capping = '500000' ... Eligibility Capping is calculated Properly..!!!!
IF Risk_Garde IS 'B' And Cibil_Score IS '0' Experiment Is Both_Rented Then Final_BTO_Capping IS '500000.0' when fixed capping = '500000' ... Eligibility Capping is calculated Properly..!!!!
IF Risk_Garde IS 'B' And Cibil_Score IS '200' Experiment Is Both_Rented Then Final_BTO_Capping IS '500000.0' when fixed capping = '500000' ... Eligibility Capping is calculated Properly..!!!!
Eligibility is not getting calculated properly..!!!]]>
    </system-out>
  </testcase> <!-- TC_13 -->
  <testcase classname="Eligibility_Automation.Smfg_Direct" name="TC_14" time="3.225">
    <system-out>
      <![CDATA[TC_14 : To verify that When experiment is Both Rented, Policy SMFG_Direct and account is Thin cibil
IF Risk_Garde IS 'A Than Final_BTO_Capping IS '1000000.0' when fixed capping = '500000'  ... Eligibility Capping is calculated Properly..!!!!]]>
    </system-out>
  </testcase> <!-- TC_14 -->
  <testcase classname="Eligibility_Automation.Smfg_Direct" name="TC_14" time="2.935">
    <system-out>
      <![CDATA[TC_14 : To verify that When experiment is Both Rented, Policy SMFG_Direct and account is Thin cibil
IF Risk_Garde IS 'E Than Final_BTO_Capping IS '0.0' when fixed capping = '500000'  ... Eligibility Capping is calculated Properly..!!!!]]>
    </system-out>
  </testcase> <!-- TC_14 -->
  <testcase classname="Eligibility_Automation.Smfg_Direct" name="TC_12" time="3.681">
    <system-out>
      <![CDATA[TC_12 : To verify that When ODCC, Policy SMFG_Direct (only ABB)
ABB Capping = 45626.6175 And Grade = Dwhen fixed capping =1000000  Eligibility is getting calculated properly..!!!]]>
    </system-out>
  </testcase> <!-- TC_12 -->
  <testcase classname="Eligibility_Automation.Smfg_Direct" name="TC_02" time="3.166">
    <system-out>
      <![CDATA[TC_02 : To verify that When experiment is Both Rented, Policy SMFG_Direct
Capping = 0.0 And Grade = D when fixed capping =600000  Eligibility is getting calculated properly..!!!]]>
    </system-out>
  </testcase> <!-- TC_02 -->
  <testcase classname="Eligibility_Automation.Smfg_Direct" name="TC_11" time="14.015">
    <system-out>
      <![CDATA[TC_11 : To verify that NTC with limit
IF Risk_Garde IS 'B' And Cibil_Score IS '-1' Than Final_BTO_Capping IS '500000.0' when fixed capping = '500000' ... Eligibility Capping is calculated Properly..!!!!
IF Risk_Garde IS 'B' And Cibil_Score IS '0' Than Final_BTO_Capping IS '500000.0' when fixed capping = '500000' ... Eligibility Capping is calculated Properly..!!!!
IF Risk_Garde IS 'B' And Cibil_Score IS '200' Than Final_BTO_Capping IS '500000.0' when fixed capping = '500000' ... Eligibility Capping is calculated Properly..!!!!
IF Risk_Garde IS 'B' And Cibil_Score IS '300' Than Final_BTO_Capping IS '500000.0' when fixed capping = '500000' ... Eligibility Capping is calculated Properly..!!!!]]>
    </system-out>
  </testcase> <!-- TC_11 -->
  <testcase classname="Eligibility_Automation.Smfg_Direct" name="TC_04" time="3.147">
    <system-out>
      <![CDATA[TC_04 : To verify that When experiment is Both Toxic Profile, Policy SMFG_Direct
Capping = 0.0 And Grade = E when fixed capping =1000000  Eligibility is getting calculated properly..!!!]]>
    </system-out>
  </testcase> <!-- TC_04 -->
  <testcase classname="Eligibility_Automation.Smfg_Direct" name="TC_10" time="3.133">
    <system-out>
      <![CDATA[TC_10 : To verify that Max Capping of NTC and Thin Cibil
BTO Capping = 0.0 And Grade = NA when fixed capping =500000 Eligibility is getting calculated properly..!!!]]>
    </system-out>
  </testcase> <!-- TC_10 -->
  <testcase classname="Eligibility_Automation.Smfg_Direct" name="TC_01" time="3.813">
    <system-out>
      <![CDATA[TC_01 : To verify the final capping if policy is SMFG , ALL risk grade , no experiment, ABB & BTO
 Test Loancode =668501edndf59
BTO Capping = 500000.0 And Grade = NA when fixed capping =1500000 Eligibility is getting calculated properly..!!!
ABB Capping = 174824.19 And Grade = NA when fixed capping =1500000 Eligibility is getting calculated properly..!!!]]>
    </system-out>
  </testcase> <!-- TC_01 -->
  <testcase classname="Eligibility_Automation.Smfg_Direct" name="TC_13" time="14.769">
    <system-out>
      <![CDATA[TC_13 : To verify that When experiment is Both Rented, Policy SMFG_Direct and account is NTC
IF Risk_Garde IS 'A' And Cibil_Score IS '-1' Experiment Is Both_Rented Then Final_BTO_Capping IS '500000.0' when fixed capping = '500000' ... Eligibility Capping is calculated Properly..!!!!
IF Risk_Garde IS 'A' And Cibil_Score IS '0' Experiment Is Both_Rented Then Final_BTO_Capping IS '500000.0' when fixed capping = '500000' ... Eligibility Capping is calculated Properly..!!!!
IF Risk_Garde IS 'A' And Cibil_Score IS '200' Experiment Is Both_Rented Then Final_BTO_Capping IS '500000.0' when fixed capping = '500000' ... Eligibility Capping is calculated Properly..!!!!
Eligibility is not getting calculated properly..!!!]]>
    </system-out>
  </testcase> <!-- TC_13 -->
  <testcase classname="Eligibility_Automation.Smfg_Direct" name="TC_06" time="3.453">
    <system-out>
      <![CDATA[TC_06 : To verify that When experiment is Salaried, Policy SMFG_Direct
Capping = 1000000.0 And Grade = A when fixed capping =1000000  Eligibility is getting calculated properly..!!!]]>
    </system-out>
  </testcase> <!-- TC_06 -->
  <testcase classname="Eligibility_Automation.Smfg_Direct" name="TC_06" time="3.782">
    <system-out>
      <![CDATA[TC_06 : To verify that When experiment is Salaried, Policy SMFG_Direct
Capping = 600000.0 And Grade = C when fixed capping =600000  Eligibility is getting calculated properly..!!!]]>
    </system-out>
  </testcase> <!-- TC_06 -->
  <testcase classname="Eligibility_Automation.Smfg_Direct" name="TC_11" time="15.660">
    <system-out>
      <![CDATA[TC_11 : To verify that NTC with limit
IF Risk_Garde IS 'E' And Cibil_Score IS '-1' Than Final_BTO_Capping IS '408141.62' when fixed capping = '500000' ... Eligibility Capping is calculated Properly..!!!!
IF Risk_Garde IS 'E' And Cibil_Score IS '0' Than Final_BTO_Capping IS '408141.62' when fixed capping = '500000' ... Eligibility Capping is calculated Properly..!!!!
IF Risk_Garde IS 'E' And Cibil_Score IS '200' Than Final_BTO_Capping IS '408141.62' when fixed capping = '500000' ... Eligibility Capping is calculated Properly..!!!!
IF Risk_Garde IS 'E' And Cibil_Score IS '300' Than Final_BTO_Capping IS '408141.62' when fixed capping = '500000' ... Eligibility Capping is calculated Properly..!!!!]]>
    </system-out>
  </testcase> <!-- TC_11 -->
  <testcase classname="Eligibility_Automation.Smfg_Direct" name="TC_12" time="3.599">
    <system-out>
      <![CDATA[TC_12 : To verify that When ODCC, Policy SMFG_Direct (only ABB)
ABB Capping = 0.0 And Grade = Ewhen fixed capping =1000000  Eligibility is getting calculated properly..!!!]]>
    </system-out>
  </testcase> <!-- TC_12 -->
  <testcase classname="Eligibility_Automation.Smfg_Direct" name="TC_08" time="3.382">
    <system-out>
      <![CDATA[TC_08 : To verify that When Experiment is Saving Account, Policy SMFG_Direct
Capping = 350000.0 And Grade = A when fixed capping =500000  Eligibility is getting calculated properly..!!!]]>
    </system-out>
  </testcase> <!-- TC_08 -->
  <testcase classname="Eligibility_Automation.Smfg_Direct" name="TC_06" time="3.457">
    <system-out>
      <![CDATA[TC_06 : To verify that When experiment is Salaried, Policy SMFG_Direct
Capping = 800000.0 And Grade = B when fixed capping =800000  Eligibility is getting calculated properly..!!!]]>
    </system-out>
  </testcase> <!-- TC_06 -->
  <testcase classname="Eligibility_Automation.Smfg_Direct" name="TC_11" time="15.436">
    <system-out>
      <![CDATA[TC_11 : To verify that NTC with limit
IF Risk_Garde IS 'C' And Cibil_Score IS '-1' Than Final_BTO_Capping IS '500000.0' when fixed capping = '500000' ... Eligibility Capping is calculated Properly..!!!!
IF Risk_Garde IS 'C' And Cibil_Score IS '0' Than Final_BTO_Capping IS '500000.0' when fixed capping = '500000' ... Eligibility Capping is calculated Properly..!!!!
IF Risk_Garde IS 'C' And Cibil_Score IS '200' Than Final_BTO_Capping IS '500000.0' when fixed capping = '500000' ... Eligibility Capping is calculated Properly..!!!!
IF Risk_Garde IS 'C' And Cibil_Score IS '300' Than Final_BTO_Capping IS '500000.0' when fixed capping = '500000' ... Eligibility Capping is calculated Properly..!!!!]]>
    </system-out>
  </testcase> <!-- TC_11 -->
  <testcase classname="Eligibility_Automation.Smfg_Direct" name="TC_07" time="3.123">
    <system-out>
      <![CDATA[TC_07 : To verify that When Experiment is Personal Loan, Policy SMFG_Direct
BTO Capping = 500000.0 And Grade = A when fixed capping =500000.0  Eligibility is getting calculated properly..!!!]]>
    </system-out>
  </testcase> <!-- TC_07 -->
  <testcase classname="Eligibility_Automation.Smfg_Direct" name="TC_15" time="3.385">
    <system-out>
      <![CDATA[TC_01 : To verify that When experiment is Both Rented, Policy SMFG_Direct and account is ODCC
 Risk Grade Is 'NA'  And Experiment Is Both Rented Then ODCC Capping Is '0.0' when fixed capping = '0'  ... Eligibility is getting calculated Properly.!!! ]]>
    </system-out>
  </testcase> <!-- TC_15 -->
  <testcase classname="Eligibility_Automation.Smfg_Direct" name="TC_06" time="3.101">
    <system-out>
      <![CDATA[TC_06 : To verify that When experiment is Salaried, Policy SMFG_Direct
Capping = 0.0 And Grade = NA when fixed capping =600000  Eligibility is getting calculated properly..!!!]]>
    </system-out>
  </testcase> <!-- TC_06 -->
  <testcase classname="Eligibility_Automation.Smfg_Direct" name="TC_08" time="3.151">
    <system-out>
      <![CDATA[TC_08 : To verify that When Experiment is Saving Account, Policy SMFG_Direct
Eligibility is not getting calculated properly..!!!]]>
    </system-out>
  </testcase> <!-- TC_08 -->
  <testcase classname="Eligibility_Automation.Smfg_Direct" name="TC_08" time="3.140">
    <system-out>
      <![CDATA[TC_08 : To verify that When Experiment is Saving Account, Policy SMFG_Direct
Eligibility is not getting calculated properly..!!!]]>
    </system-out>
  </testcase> <!-- TC_08 -->
  <testcase classname="Eligibility_Automation.Smfg_Direct" name="TC_12" time="3.466">
    <system-out>
      <![CDATA[TC_12 : To verify that When ODCC, Policy SMFG_Direct (only ABB)
ABB Capping = 65559.0675 And Grade = Cwhen fixed capping =1000000  Eligibility is getting calculated properly..!!!]]>
    </system-out>
  </testcase> <!-- TC_12 -->
  <testcase classname="Eligibility_Automation.Smfg_Direct" name="TC_01" time="3.961">
    <system-out>
      <![CDATA[TC_01 : To verify the final capping if policy is SMFG , ALL risk grade , no experiment, ABB & BTO
 Test Loancode =668501edndf59
BTO Capping = 500000.0 And Grade = C when fixed capping =1500000 Eligibility is getting calculated properly..!!!
ABB Capping = 174824.19 And Grade = C when fixed capping =1500000 Eligibility is getting calculated properly..!!!]]>
    </system-out>
  </testcase> <!-- TC_01 -->
  <testcase classname="Eligibility_Automation.Smfg_Direct" name="TC_02" time="3.263">
    <system-out>
      <![CDATA[TC_02 : To verify that When experiment is Both Rented, Policy SMFG_Direct
Capping = 0.0 And Grade = E when fixed capping =600000  Eligibility is getting calculated properly..!!!]]>
    </system-out>
  </testcase> <!-- TC_02 -->
  <testcase classname="Eligibility_Automation.Smfg_Direct" name="TC_04" time="4.181">
    <system-out>
      <![CDATA[TC_04 : To verify that When experiment is Both Toxic Profile, Policy SMFG_Direct
Capping = 0.0 And Grade = NA when fixed capping =1000000  Eligibility is getting calculated properly..!!!]]>
    </system-out>
  </testcase> <!-- TC_04 -->
  <testcase classname="Eligibility_Automation.Smfg_Direct" name="TC_07" time="3.679">
    <system-out>
      <![CDATA[TC_07 : To verify that When Experiment is Personal Loan, Policy SMFG_Direct
BTO Capping = 500000.0 And Grade = B when fixed capping =500000.0  Eligibility is getting calculated properly..!!!]]>
    </system-out>
  </testcase> <!-- TC_07 -->
  <testcase classname="Eligibility_Automation.Smfg_Direct" name="TC_05" time="3.199">
    <system-out>
      <![CDATA[TC_05 : To verify that When experiment is  Cautious Location, Policy SMFG_Direct
Capping = 1283763.9 And Grade = A when fixed capping =1500000  Eligibility is getting calculated properly..!!!]]>
    </system-out>
  </testcase> <!-- TC_05 -->
  <testcase classname="Eligibility_Automation.Smfg_Direct" name="TC_05" time="3.776">
    <system-out>
      <![CDATA[TC_05 : To verify that When experiment is  Cautious Location, Policy SMFG_Direct
Capping = 327970.94999999995 And Grade = D when fixed capping =1000000  Eligibility is getting calculated properly..!!!]]>
    </system-out>
  </testcase> <!-- TC_05 -->
  <testcase classname="Eligibility_Automation.Smfg_Direct" name="TC_07" time="3.247">
    <system-out>
      <![CDATA[TC_07 : To verify that When Experiment is Personal Loan, Policy SMFG_Direct
BTO Capping = 0.0 And Grade = D when fixed capping =0.0  Eligibility is getting calculated properly..!!!]]>
    </system-out>
  </testcase> <!-- TC_07 -->
  <testcase classname="Eligibility_Automation.Smfg_Direct" name="TC_04" time="3.169">
    <system-out>
      <![CDATA[TC_04 : To verify that When experiment is Both Toxic Profile, Policy SMFG_Direct
Capping = 1000000.0 And Grade = A when fixed capping =1000000  Eligibility is getting calculated properly..!!!]]>
    </system-out>
  </testcase> <!-- TC_04 -->
  <testcase classname="Eligibility_Automation.Smfg_Direct" name="TC_09" time="3.609">
    <system-out>
      <![CDATA[TC_09 : To verify that Max capping where “no experiment” is applied (excl DSA,) where Business vintage is > 3 years & one property is owned
BTO Capping = 500000.0 And Grade = B when fixed capping =2000000.0 Eligibility is getting calculated properly..!!!
ABB Capping = 156404.53 And Grade = B when fixed capping =1500000.0 Eligibility is getting calculated properly..!!!]]>
    </system-out>
  </testcase> <!-- TC_09 -->
  <testcase classname="Eligibility_Automation.Smfg_Direct" name="TC_15" time="3.779">
    <system-out>
      <![CDATA[TC_01 : To verify that When experiment is Both Rented, Policy SMFG_Direct and account is ODCC
 Risk Grade Is 'C'  And Experiment Is Both Rented Then ODCC Capping Is '93655.82' when fixed capping = '1000000'  ... Eligibility is getting calculated Properly.!!! ]]>
    </system-out>
  </testcase> <!-- TC_15 -->
  <testcase classname="Eligibility_Automation.Smfg_Direct" name="TC_15" time="3.236">
    <system-out>
      <![CDATA[TC_01 : To verify that When experiment is Both Rented, Policy SMFG_Direct and account is ODCC
 Risk Grade Is 'D'  And Experiment Is Both Rented Then ODCC Capping Is '0.0' when fixed capping = '1000000'  ... Eligibility is getting calculated Properly.!!! ]]>
    </system-out>
  </testcase> <!-- TC_15 -->
  <testcase classname="Eligibility_Automation.Smfg_Direct" name="TC_12" time="3.516">
    <system-out>
      <![CDATA[TC_12 : To verify that When ODCC, Policy SMFG_Direct (only ABB)
ABB Capping = 0.0 And Grade = NAwhen fixed capping =1000000  Eligibility is getting calculated properly..!!!]]>
    </system-out>
  </testcase> <!-- TC_12 -->
  <testcase classname="Eligibility_Automation.Smfg_Direct" name="TC_08" time="3.383">
    <system-out>
      <![CDATA[TC_08 : To verify that When Experiment is Saving Account, Policy SMFG_Direct
Capping = 0.0 And Grade = NA when fixed capping =500000  Eligibility is getting calculated properly..!!!]]>
    </system-out>
  </testcase> <!-- TC_08 -->
  <testcase classname="Eligibility_Automation.Smfg_Direct" name="TC_03" time="3.247">
    <system-out>
      <![CDATA[TC_01 : To verify that When experiment is Both Cautious Profile, Policy SMFG_Direct
Capping = 910114.6 And Grade = B when fixed capping =1500000  Eligibility is getting calculated properly..!!!]]>
    </system-out>
  </testcase> <!-- TC_03 -->
  <testcase classname="Eligibility_Automation.Smfg_Direct" name="TC_04" time="3.837">
    <system-out>
      <![CDATA[TC_04 : To verify that When experiment is Both Toxic Profile, Policy SMFG_Direct
Capping = 910114.6 And Grade = B when fixed capping =1000000  Eligibility is getting calculated properly..!!!]]>
    </system-out>
  </testcase> <!-- TC_04 -->
  <testcase classname="Eligibility_Automation.Smfg_Direct" name="TC_01" time="3.338">
    <system-out>
      <![CDATA[TC_01 : To verify the final capping if policy is SMFG , ALL risk grade , no experiment, ABB & BTO
 Test Loancode =668501edndf59
BTO Capping = 500000.0 And Grade = E when fixed capping =1000000 Eligibility is getting calculated properly..!!!
ABB Capping = 121670.97 And Grade = E when fixed capping =1500000 Eligibility is getting calculated properly..!!!]]>
    </system-out>
  </testcase> <!-- TC_01 -->
  <testcase classname="Eligibility_Automation.Smfg_Direct" name="TC_03" time="3.170">
    <system-out>
      <![CDATA[TC_01 : To verify that When experiment is Both Cautious Profile, Policy SMFG_Direct
Capping = 1283763.9 And Grade = Awhen fixed capping =1500000  Eligibility is getting calculated properly..!!!]]>
    </system-out>
  </testcase> <!-- TC_03 -->
  <testcase classname="Eligibility_Automation.Smfg_Direct" name="TC_03" time="3.299">
    <system-out>
      <![CDATA[TC_01 : To verify that When experiment is Both Cautious Profile, Policy SMFG_Direct
Capping = 628331.25 And Grade = C when fixed capping =1000000  Eligibility is getting calculated properly..!!!]]>
    </system-out>
  </testcase> <!-- TC_03 -->
  <testcase classname="Eligibility_Automation.Smfg_Direct" name="TC_04" time="3.094">
    <system-out>
      <![CDATA[TC_04 : To verify that When experiment is Both Toxic Profile, Policy SMFG_Direct
Capping = 628331.25 And Grade = C when fixed capping =1000000  Eligibility is getting calculated properly..!!!]]>
    </system-out>
  </testcase> <!-- TC_04 -->
  <testcase classname="Eligibility_Automation.Smfg_Direct" name="TC_14" time="3.209">
    <system-out>
      <![CDATA[TC_14 : To verify that When experiment is Both Rented, Policy SMFG_Direct and account is Thin cibil
IF Risk_Garde IS 'B Than Final_BTO_Capping IS '800000.0' when fixed capping = '500000'  ... Eligibility Capping is calculated Properly..!!!!]]>
    </system-out>
  </testcase> <!-- TC_14 -->
  <testcase classname="Eligibility_Automation.Smfg_Direct" name="TC_10" time="3.159">
    <system-out>
      <![CDATA[TC_10 : To verify that Max Capping of NTC and Thin Cibil
BTO Capping = 500000.0 And Grade = A when fixed capping =500000 Eligibility is getting calculated properly..!!!]]>
    </system-out>
  </testcase> <!-- TC_10 -->
  <testcase classname="Eligibility_Automation.Smfg_Direct" name="TC_07" time="3.344">
    <system-out>
      <![CDATA[TC_07 : To verify that When Experiment is Personal Loan, Policy SMFG_Direct
BTO Capping = 0.0 And Grade = E when fixed capping =0.0  Eligibility is getting calculated properly..!!!]]>
    </system-out>
  </testcase> <!-- TC_07 -->
  <testcase classname="Eligibility_Automation.Smfg_Direct" name="TC_11" time="15.076">
    <system-out>
      <![CDATA[TC_11 : To verify that NTC with limit
IF Risk_Garde IS 'D' And Cibil_Score IS '-1' Than Final_BTO_Capping IS '408141.62' when fixed capping = '500000' ... Eligibility Capping is calculated Properly..!!!!
IF Risk_Garde IS 'D' And Cibil_Score IS '0' Than Final_BTO_Capping IS '408141.62' when fixed capping = '500000' ... Eligibility Capping is calculated Properly..!!!!
IF Risk_Garde IS 'D' And Cibil_Score IS '200' Than Final_BTO_Capping IS '408141.62' when fixed capping = '500000' ... Eligibility Capping is calculated Properly..!!!!
IF Risk_Garde IS 'D' And Cibil_Score IS '300' Than Final_BTO_Capping IS '408141.62' when fixed capping = '500000' ... Eligibility Capping is calculated Properly..!!!!]]>
    </system-out>
  </testcase> <!-- TC_11 -->
  <testcase classname="Eligibility_Automation.Smfg_Direct" name="TC_08" time="3.658">
    <system-out>
      <![CDATA[TC_08 : To verify that When Experiment is Saving Account, Policy SMFG_Direct
Capping = 350000.0 And Grade = B when fixed capping =500000  Eligibility is getting calculated properly..!!!]]>
    </system-out>
  </testcase> <!-- TC_08 -->
  <testcase classname="Eligibility_Automation.Smfg_Direct" name="TC_01" time="4.052">
    <system-out>
      <![CDATA[TC_01 : To verify the final capping if policy is SMFG , ALL risk grade , no experiment, ABB & BTO
 Test Loancode =668501edndf59
BTO Capping = 500000.0 And Grade = A when fixed capping =1500000 Eligibility is getting calculated properly..!!!
ABB Capping = 267891.72 And Grade = A when fixed capping =1500000 Eligibility is getting calculated properly..!!!]]>
    </system-out>
  </testcase> <!-- TC_01 -->
  <testcase classname="Eligibility_Automation.Smfg_Direct" name="TC_12" time="3.589">
    <system-out>
      <![CDATA[TC_12 : To verify that When ODCC, Policy SMFG_Direct (only ABB)
ABB Capping = 133945.86 And Grade = Awhen fixed capping =1000000  Eligibility is getting calculated properly..!!!]]>
    </system-out>
  </testcase> <!-- TC_12 -->
  <testcase classname="Eligibility_Automation.Smfg_Direct" name="TC_13" time="15.149">
    <system-out>
      <![CDATA[TC_13 : To verify that When experiment is Both Rented, Policy SMFG_Direct and account is NTC
IF Risk_Garde IS 'NA' And Cibil_Score IS '-1' Experiment Is Both_Rented Then Final_BTO_Capping IS '0.0' when fixed capping = '500000' ... Eligibility Capping is calculated Properly..!!!!
IF Risk_Garde IS 'NA' And Cibil_Score IS '0' Experiment Is Both_Rented Then Final_BTO_Capping IS '0.0' when fixed capping = '500000' ... Eligibility Capping is calculated Properly..!!!!
IF Risk_Garde IS 'NA' And Cibil_Score IS '200' Experiment Is Both_Rented Then Final_BTO_Capping IS '0.0' when fixed capping = '500000' ... Eligibility Capping is calculated Properly..!!!!
IF Risk_Garde IS 'NA' And Cibil_Score IS '300' Experiment Is Both_Rented Then Final_BTO_Capping IS '0.0' when fixed capping = '500000' ... Eligibility Capping is calculated Properly..!!!!]]>
    </system-out>
  </testcase> <!-- TC_13 -->
  <testcase classname="Eligibility_Automation.Smfg_Direct" name="TC_11" time="13.361">
    <system-out>
      <![CDATA[TC_11 : To verify that NTC with limit
IF Risk_Garde IS 'A' And Cibil_Score IS '-1' Than Final_BTO_Capping IS '500000.0' when fixed capping = '500000' ... Eligibility Capping is calculated Properly..!!!!
IF Risk_Garde IS 'A' And Cibil_Score IS '0' Than Final_BTO_Capping IS '500000.0' when fixed capping = '500000' ... Eligibility Capping is calculated Properly..!!!!
IF Risk_Garde IS 'A' And Cibil_Score IS '200' Than Final_BTO_Capping IS '500000.0' when fixed capping = '500000' ... Eligibility Capping is calculated Properly..!!!!
IF Risk_Garde IS 'A' And Cibil_Score IS '300' Than Final_BTO_Capping IS '500000.0' when fixed capping = '500000' ... Eligibility Capping is calculated Properly..!!!!]]>
    </system-out>
  </testcase> <!-- TC_11 -->
  <testcase classname="Eligibility_Automation.Smfg_Direct" name="TC_11" time="14.601">
    <system-out>
      <![CDATA[TC_11 : To verify that NTC with limit
IF Risk_Garde IS 'NA' And Cibil_Score IS '-1' Than Final_BTO_Capping IS '0.0' when fixed capping = '500000' ... Eligibility Capping is calculated Properly..!!!!
IF Risk_Garde IS 'NA' And Cibil_Score IS '0' Than Final_BTO_Capping IS '0.0' when fixed capping = '500000' ... Eligibility Capping is calculated Properly..!!!!
IF Risk_Garde IS 'NA' And Cibil_Score IS '200' Than Final_BTO_Capping IS '0.0' when fixed capping = '500000' ... Eligibility Capping is calculated Properly..!!!!
IF Risk_Garde IS 'NA' And Cibil_Score IS '300' Than Final_BTO_Capping IS '0.0' when fixed capping = '500000' ... Eligibility Capping is calculated Properly..!!!!]]>
    </system-out>
  </testcase> <!-- TC_11 -->
  <testcase classname="Eligibility_Automation.Smfg_Direct" name="TC_13" time="16.692">
    <system-out>
      <![CDATA[TC_13 : To verify that When experiment is Both Rented, Policy SMFG_Direct and account is NTC
IF Risk_Garde IS 'D' And Cibil_Score IS '-1' Experiment Is Both_Rented Then Final_BTO_Capping IS '500000.0' when fixed capping = '500000' ... Eligibility Capping is calculated Properly..!!!!
IF Risk_Garde IS 'D' And Cibil_Score IS '0' Experiment Is Both_Rented Then Final_BTO_Capping IS '500000.0' when fixed capping = '500000' ... Eligibility Capping is calculated Properly..!!!!
IF Risk_Garde IS 'D' And Cibil_Score IS '200' Experiment Is Both_Rented Then Final_BTO_Capping IS '500000.0' when fixed capping = '500000' ... Eligibility Capping is calculated Properly..!!!!
Eligibility is not getting calculated properly..!!!]]>
    </system-out>
  </testcase> <!-- TC_13 -->
  <testcase classname="Eligibility_Automation.Smfg_Direct" name="TC_14" time="3.600">
    <system-out>
      <![CDATA[TC_14 : To verify that When experiment is Both Rented, Policy SMFG_Direct and account is Thin cibil
IF Risk_Garde IS 'NA Than Final_BTO_Capping IS '0.0' when fixed capping = '500000'  ... Eligibility Capping is calculated Properly..!!!!]]>
    </system-out>
  </testcase> <!-- TC_14 -->
  <testcase classname="Eligibility_Automation.Smfg_Direct" name="TC_10" time="3.369">
    <system-out>
      <![CDATA[TC_10 : To verify that Max Capping of NTC and Thin Cibil
BTO Capping = 408141.62 And Grade = D when fixed capping =500000 Eligibility is getting calculated properly..!!!]]>
    </system-out>
  </testcase> <!-- TC_10 -->
  <testcase classname="Eligibility_Automation.Smfg_Direct" name="TC_13" time="18.330">
    <system-out>
      <![CDATA[TC_13 : To verify that When experiment is Both Rented, Policy SMFG_Direct and account is NTC
IF Risk_Garde IS 'E' And Cibil_Score IS '-1' Experiment Is Both_Rented Then Final_BTO_Capping IS '500000.0' when fixed capping = '500000' ... Eligibility Capping is calculated Properly..!!!!
IF Risk_Garde IS 'E' And Cibil_Score IS '0' Experiment Is Both_Rented Then Final_BTO_Capping IS '500000.0' when fixed capping = '500000' ... Eligibility Capping is calculated Properly..!!!!
IF Risk_Garde IS 'E' And Cibil_Score IS '200' Experiment Is Both_Rented Then Final_BTO_Capping IS '500000.0' when fixed capping = '500000' ... Eligibility Capping is calculated Properly..!!!!
Eligibility is not getting calculated properly..!!!]]>
    </system-out>
  </testcase> <!-- TC_13 -->
  <testcase classname="Eligibility_Automation.Smfg_Direct" name="TC_10" time="3.765">
    <system-out>
      <![CDATA[TC_10 : To verify that Max Capping of NTC and Thin Cibil
BTO Capping = 408141.62 And Grade = E when fixed capping =500000 Eligibility is getting calculated properly..!!!]]>
    </system-out>
  </testcase> <!-- TC_10 -->
  <testcase classname="Eligibility_Automation.Smfg_Direct" name="TC_05" time="3.344">
    <system-out>
      <![CDATA[TC_05 : To verify that When experiment is  Cautious Location, Policy SMFG_Direct
Capping = 0.0 And Grade = NA when fixed capping =1000000  Eligibility is getting calculated properly..!!!]]>
    </system-out>
  </testcase> <!-- TC_05 -->
  <testcase classname="Eligibility_Automation.Smfg_Direct" name="TC_05" time="3.169">
    <system-out>
      <![CDATA[TC_05 : To verify that When experiment is  Cautious Location, Policy SMFG_Direct
Capping = 773597.4099999999 And Grade = B when fixed capping =1000000  Eligibility is getting calculated properly..!!!]]>
    </system-out>
  </testcase> <!-- TC_05 -->
  <testcase classname="Eligibility_Automation.Smfg_Direct" name="TC_15" time="3.203">
    <system-out>
      <![CDATA[TC_01 : To verify that When experiment is Both Rented, Policy SMFG_Direct and account is ODCC
 Risk Grade Is 'E'  And Experiment Is Both Rented Then ODCC Capping Is '0.0' when fixed capping = '1000000'  ... Eligibility is getting calculated Properly.!!! ]]>
    </system-out>
  </testcase> <!-- TC_15 -->
  <testcase classname="Eligibility_Automation.Smfg_Direct" name="TC_06" time="3.133">
    <system-out>
      <![CDATA[TC_06 : To verify that When experiment is Salaried, Policy SMFG_Direct
Capping = 0.0 And Grade = E when fixed capping =0  Eligibility is getting calculated properly..!!!]]>
    </system-out>
  </testcase> <!-- TC_06 -->
  <testcase classname="Eligibility_Automation.Smfg_Direct" name="TC_01" time="3.860">
    <system-out>
      <![CDATA[TC_01 : To verify the final capping if policy is SMFG , ALL risk grade , no experiment, ABB & BTO
 Test Loancode =668501edndf59
BTO Capping = 500000.0 And Grade = B when fixed capping =1500000 Eligibility is getting calculated properly..!!!
ABB Capping = 223435.05 And Grade = B when fixed capping =1500000 Eligibility is getting calculated properly..!!!]]>
    </system-out>
  </testcase> <!-- TC_01 -->
  <testcase classname="Eligibility_Automation.Smfg_Direct" name="TC_07" time="3.149">
    <system-out>
      <![CDATA[TC_07 : To verify that When Experiment is Personal Loan, Policy SMFG_Direct]]>
    </system-out>
  </testcase> <!-- TC_07 -->
  <testcase classname="Eligibility_Automation.Smfg_Direct" name="TC_06" time="3.444">
    <system-out>
      <![CDATA[TC_06 : To verify that When experiment is Salaried, Policy SMFG_Direct
Capping = 0.0 And Grade = D when fixed capping =0  Eligibility is getting calculated properly..!!!]]>
    </system-out>
  </testcase> <!-- TC_06 -->
  <testcase classname="Eligibility_Automation.Smfg_Direct" name="TC_02" time="3.821">
    <system-out>
      <![CDATA[TC_02 : To verify that When experiment is Both Rented, Policy SMFG_Direct
Capping = 600000.0 And Grade = C when fixed capping =600000  Eligibility is getting calculated properly..!!!]]>
    </system-out>
  </testcase> <!-- TC_02 -->
  <testcase classname="Eligibility_Automation.Smfg_Direct" name="TC_05" time="3.174">
    <system-out>
      <![CDATA[TC_05 : To verify that When experiment is  Cautious Location, Policy SMFG_Direct
Capping = 471248.4375 And Grade = C when fixed capping =1000000  Eligibility is getting calculated properly..!!!]]>
    </system-out>
  </testcase> <!-- TC_05 -->
  <testcase classname="Eligibility_Automation.Smfg_Direct" name="TC_08" time="3.478">
    <system-out>
      <![CDATA[TC_08 : To verify that When Experiment is Saving Account, Policy SMFG_Direct
Capping = 350000.0 And Grade = C when fixed capping =500000  Eligibility is getting calculated properly..!!!]]>
    </system-out>
  </testcase> <!-- TC_08 -->
  <testcase classname="Eligibility_Automation.Smfg_Direct" name="TC_09" time="3.647">
    <system-out>
      <![CDATA[TC_09 : To verify that Max capping where “no experiment” is applied (excl DSA,) where Business vintage is > 3 years & one property is owned
BTO Capping = 408141.62 And Grade = D when fixed capping =2000000.0 Eligibility is getting calculated properly..!!!
ABB Capping = 85169.68 And Grade = D when fixed capping =1500000.0 Eligibility is getting calculated properly..!!!]]>
    </system-out>
  </testcase> <!-- TC_09 -->
  <testcase classname="Eligibility_Automation.Smfg_Direct" name="TC_10" time="3.561">
    <system-out>
      <![CDATA[TC_10 : To verify that Max Capping of NTC and Thin Cibil
BTO Capping = 500000.0 And Grade = B when fixed capping =500000 Eligibility is getting calculated properly..!!!]]>
    </system-out>
  </testcase> <!-- TC_10 -->
  <testcase classname="Eligibility_Automation.Smfg_Direct" name="TC_01" time="3.407">
    <system-out>
      <![CDATA[TC_01 : To verify the final capping if policy is SMFG , ALL risk grade , no experiment, ABB & BTO
 Test Loancode =668501edndf59
BTO Capping = 500000.0 And Grade = D when fixed capping =1500000 Eligibility is getting calculated properly..!!!
ABB Capping = 121670.97 And Grade = D when fixed capping =1500000 Eligibility is getting calculated properly..!!!]]>
    </system-out>
  </testcase> <!-- TC_01 -->
  <testcase classname="Eligibility_Automation.Smfg_Direct" name="TC_09" time="3.106">
    <system-out>
      <![CDATA[TC_09 : To verify that Max capping where “no experiment” is applied (excl DSA,) where Business vintage is > 3 years & one property is owned
BTO Capping = 500000.0 And Grade = A when fixed capping =2000000.0 Eligibility is getting calculated properly..!!!
ABB Capping = 187524.2 And Grade = A when fixed capping =1500000.0 Eligibility is getting calculated properly..!!!]]>
    </system-out>
  </testcase> <!-- TC_09 -->
  <testcase classname="Eligibility_Automation.Smfg_Direct" name="TC_14" time="3.211">
    <system-out>
      <![CDATA[TC_14 : To verify that When experiment is Both Rented, Policy SMFG_Direct and account is Thin cibil
IF Risk_Garde IS 'D Than Final_BTO_Capping IS '0.0' when fixed capping = '500000'  ... Eligibility Capping is calculated Properly..!!!!]]>
    </system-out>
  </testcase> <!-- TC_14 -->
  <testcase classname="Eligibility_Automation.Smfg_Direct" name="TC_03" time="3.808">
    <system-out>
      <![CDATA[TC_01 : To verify that When experiment is Both Cautious Profile, Policy SMFG_Direct
Capping = 437294.6 And Grade = D when fixed capping =1000000  Eligibility is getting calculated properly..!!!]]>
    </system-out>
  </testcase> <!-- TC_03 -->
  <testcase classname="Eligibility_Automation.Smfg_Direct" name="TC_02" time="3.566">
    <system-out>
      <![CDATA[TC_02 : To verify that When experiment is Both Rented, Policy SMFG_Direct
Capping = 800000.0 And Grade = B when fixed capping =800000  Eligibility is getting calculated properly..!!!]]>
    </system-out>
  </testcase> <!-- TC_02 -->
  <testcase classname="Eligibility_Automation.Smfg_Direct" name="TC_12" time="3.858">
    <system-out>
      <![CDATA[TC_12 : To verify that When ODCC, Policy SMFG_Direct (only ABB)
ABB Capping = 94959.892 And Grade = Bwhen fixed capping =1000000  Eligibility is getting calculated properly..!!!]]>
    </system-out>
  </testcase> <!-- TC_12 -->
  <testcase classname="Eligibility_Automation.Smfg_Direct" name="TC_05" time="3.224">
    <system-out>
      <![CDATA[TC_05 : To verify that When experiment is  Cautious Location, Policy SMFG_Direct
Capping = 0.0 And Grade = E when fixed capping =1000000  Eligibility is getting calculated properly..!!!]]>
    </system-out>
  </testcase> <!-- TC_05 -->
  <testcase classname="Eligibility_Automation.Smfg_Direct" name="TC_13" time="15.946">
    <system-out>
      <![CDATA[TC_13 : To verify that When experiment is Both Rented, Policy SMFG_Direct and account is NTC
IF Risk_Garde IS 'C' And Cibil_Score IS '-1' Experiment Is Both_Rented Then Final_BTO_Capping IS '500000.0' when fixed capping = '500000' ... Eligibility Capping is calculated Properly..!!!!
IF Risk_Garde IS 'C' And Cibil_Score IS '0' Experiment Is Both_Rented Then Final_BTO_Capping IS '500000.0' when fixed capping = '500000' ... Eligibility Capping is calculated Properly..!!!!
IF Risk_Garde IS 'C' And Cibil_Score IS '200' Experiment Is Both_Rented Then Final_BTO_Capping IS '500000.0' when fixed capping = '500000' ... Eligibility Capping is calculated Properly..!!!!
Eligibility is not getting calculated properly..!!!]]>
    </system-out>
  </testcase> <!-- TC_13 -->
  <testcase classname="Eligibility_Automation.Smfg_Direct" name="TC_14" time="3.270">
    <system-out>
      <![CDATA[TC_14 : To verify that When experiment is Both Rented, Policy SMFG_Direct and account is Thin cibil
IF Risk_Garde IS 'C Than Final_BTO_Capping IS '600000.0' when fixed capping = '500000'  ... Eligibility Capping is calculated Properly..!!!!]]>
    </system-out>
  </testcase> <!-- TC_14 -->
  <testcase classname="Eligibility_Automation.Smfg_Direct" name="TC_07" time="3.337">
    <system-out>
      <![CDATA[TC_07 : To verify that When Experiment is Personal Loan, Policy SMFG_Direct]]>
    </system-out>
  </testcase> <!-- TC_07 -->
  <testcase classname="Eligibility_Automation.Smfg_Direct" name="TC_15" time="3.140">
    <system-out>
      <![CDATA[TC_01 : To verify that When experiment is Both Rented, Policy SMFG_Direct and account is ODCC
 Risk Grade Is 'A'  And Experiment Is Both Rented Then ODCC Capping Is '191351.23' when fixed capping = '1000000'  ... Eligibility is getting calculated Properly.!!! ]]>
    </system-out>
  </testcase> <!-- TC_15 -->
  <testcase classname="Eligibility_Automation.Smfg_Direct" name="TC_02" time="3.362">
    <system-out>
      <![CDATA[TC_02 : To verify that When experiment is Both Rented, Policy SMFG_Direct
Capping = 1000000.0 And Grade = A when fixed capping =1000000  Eligibility is getting calculated properly..!!!]]>
    </system-out>
  </testcase> <!-- TC_02 -->
  <testcase classname="Eligibility_Automation.Smfg_Direct" name="TC_15" time="3.162">
    <system-out>
      <![CDATA[TC_01 : To verify that When experiment is Both Rented, Policy SMFG_Direct and account is ODCC
 Risk Grade Is 'B'  And Experiment Is Both Rented Then ODCC Capping Is '135656.98' when fixed capping = '1000000'  ... Eligibility is getting calculated Properly.!!! ]]>
    </system-out>
  </testcase> <!-- TC_15 -->
  <system-out>
    <![CDATA[ DB Connection Successfull
 DB Connection Successfull
TC_01 : To verify the final capping if policy is SMFG , ALL risk grade , no experiment, ABB & BTO
 Test Loancode =668501edndf59
BTO Capping = 500000.0 And Grade = A when fixed capping =1500000 Eligibility is getting calculated properly..!!!
ABB Capping = 267891.72 And Grade = A when fixed capping =1500000 Eligibility is getting calculated properly..!!!
TC_01 : To verify the final capping if policy is SMFG , ALL risk grade , no experiment, ABB & BTO
 Test Loancode =668501edndf59
BTO Capping = 500000.0 And Grade = B when fixed capping =1500000 Eligibility is getting calculated properly..!!!
ABB Capping = 223435.05 And Grade = B when fixed capping =1500000 Eligibility is getting calculated properly..!!!
TC_01 : To verify the final capping if policy is SMFG , ALL risk grade , no experiment, ABB & BTO
 Test Loancode =668501edndf59
BTO Capping = 500000.0 And Grade = C when fixed capping =1500000 Eligibility is getting calculated properly..!!!
ABB Capping = 174824.19 And Grade = C when fixed capping =1500000 Eligibility is getting calculated properly..!!!
TC_01 : To verify the final capping if policy is SMFG , ALL risk grade , no experiment, ABB & BTO
 Test Loancode =668501edndf59
BTO Capping = 500000.0 And Grade = D when fixed capping =1500000 Eligibility is getting calculated properly..!!!
ABB Capping = 121670.97 And Grade = D when fixed capping =1500000 Eligibility is getting calculated properly..!!!
TC_01 : To verify the final capping if policy is SMFG , ALL risk grade , no experiment, ABB & BTO
 Test Loancode =668501edndf59
BTO Capping = 500000.0 And Grade = E when fixed capping =1000000 Eligibility is getting calculated properly..!!!
ABB Capping = 121670.97 And Grade = E when fixed capping =1500000 Eligibility is getting calculated properly..!!!
TC_01 : To verify the final capping if policy is SMFG , ALL risk grade , no experiment, ABB & BTO
 Test Loancode =668501edndf59
BTO Capping = 500000.0 And Grade = NA when fixed capping =1500000 Eligibility is getting calculated properly..!!!
ABB Capping = 174824.19 And Grade = NA when fixed capping =1500000 Eligibility is getting calculated properly..!!!
TC_02 : To verify that When experiment is Both Rented, Policy SMFG_Direct
Capping = 1000000.0 And Grade = A when fixed capping =1000000  Eligibility is getting calculated properly..!!!
TC_02 : To verify that When experiment is Both Rented, Policy SMFG_Direct
Capping = 800000.0 And Grade = B when fixed capping =800000  Eligibility is getting calculated properly..!!!
TC_02 : To verify that When experiment is Both Rented, Policy SMFG_Direct
Capping = 600000.0 And Grade = C when fixed capping =600000  Eligibility is getting calculated properly..!!!
TC_02 : To verify that When experiment is Both Rented, Policy SMFG_Direct
Capping = 0.0 And Grade = D when fixed capping =600000  Eligibility is getting calculated properly..!!!
TC_02 : To verify that When experiment is Both Rented, Policy SMFG_Direct
Capping = 0.0 And Grade = E when fixed capping =600000  Eligibility is getting calculated properly..!!!
TC_02 : To verify that When experiment is Both Rented, Policy SMFG_Direct
Capping = 0.0 And Grade = NA when fixed capping =600000  Eligibility is getting calculated properly..!!!
TC_01 : To verify that When experiment is Both Cautious Profile, Policy SMFG_Direct
Capping = 1283763.9 And Grade = Awhen fixed capping =1500000  Eligibility is getting calculated properly..!!!
TC_01 : To verify that When experiment is Both Cautious Profile, Policy SMFG_Direct
Capping = 910114.6 And Grade = B when fixed capping =1500000  Eligibility is getting calculated properly..!!!
TC_01 : To verify that When experiment is Both Cautious Profile, Policy SMFG_Direct
Capping = 628331.25 And Grade = C when fixed capping =1000000  Eligibility is getting calculated properly..!!!
TC_01 : To verify that When experiment is Both Cautious Profile, Policy SMFG_Direct
Capping = 437294.6 And Grade = D when fixed capping =1000000  Eligibility is getting calculated properly..!!!
TC_01 : To verify that When experiment is Both Cautious Profile, Policy SMFG_Direct
Capping = 0.0 And Grade = E when fixed capping =1000000  Eligibility is getting calculated properly..!!!
TC_01 : To verify that When experiment is Both Cautious Profile, Policy SMFG_Direct
Capping = 0.0 And Grade = NA when fixed capping =1000000  Eligibility is getting calculated properly..!!!
TC_04 : To verify that When experiment is Both Toxic Profile, Policy SMFG_Direct
Capping = 1000000.0 And Grade = A when fixed capping =1000000  Eligibility is getting calculated properly..!!!
TC_04 : To verify that When experiment is Both Toxic Profile, Policy SMFG_Direct
Capping = 910114.6 And Grade = B when fixed capping =1000000  Eligibility is getting calculated properly..!!!
TC_04 : To verify that When experiment is Both Toxic Profile, Policy SMFG_Direct
Capping = 628331.25 And Grade = C when fixed capping =1000000  Eligibility is getting calculated properly..!!!
TC_04 : To verify that When experiment is Both Toxic Profile, Policy SMFG_Direct
Capping = 0.0 And Grade = D when fixed capping =1000000  Eligibility is getting calculated properly..!!!
TC_04 : To verify that When experiment is Both Toxic Profile, Policy SMFG_Direct
Capping = 0.0 And Grade = E when fixed capping =1000000  Eligibility is getting calculated properly..!!!
TC_04 : To verify that When experiment is Both Toxic Profile, Policy SMFG_Direct
Capping = 0.0 And Grade = NA when fixed capping =1000000  Eligibility is getting calculated properly..!!!
TC_05 : To verify that When experiment is  Cautious Location, Policy SMFG_Direct
Capping = 1283763.9 And Grade = A when fixed capping =1500000  Eligibility is getting calculated properly..!!!
TC_05 : To verify that When experiment is  Cautious Location, Policy SMFG_Direct
Capping = 773597.4099999999 And Grade = B when fixed capping =1000000  Eligibility is getting calculated properly..!!!
TC_05 : To verify that When experiment is  Cautious Location, Policy SMFG_Direct
Capping = 471248.4375 And Grade = C when fixed capping =1000000  Eligibility is getting calculated properly..!!!
TC_05 : To verify that When experiment is  Cautious Location, Policy SMFG_Direct
Capping = 327970.94999999995 And Grade = D when fixed capping =1000000  Eligibility is getting calculated properly..!!!
TC_05 : To verify that When experiment is  Cautious Location, Policy SMFG_Direct
Capping = 0.0 And Grade = E when fixed capping =1000000  Eligibility is getting calculated properly..!!!
TC_05 : To verify that When experiment is  Cautious Location, Policy SMFG_Direct
Capping = 0.0 And Grade = NA when fixed capping =1000000  Eligibility is getting calculated properly..!!!
TC_06 : To verify that When experiment is Salaried, Policy SMFG_Direct
Capping = 1000000.0 And Grade = A when fixed capping =1000000  Eligibility is getting calculated properly..!!!
TC_06 : To verify that When experiment is Salaried, Policy SMFG_Direct
Capping = 800000.0 And Grade = B when fixed capping =800000  Eligibility is getting calculated properly..!!!
TC_06 : To verify that When experiment is Salaried, Policy SMFG_Direct
Capping = 600000.0 And Grade = C when fixed capping =600000  Eligibility is getting calculated properly..!!!
TC_06 : To verify that When experiment is Salaried, Policy SMFG_Direct
Capping = 0.0 And Grade = D when fixed capping =0  Eligibility is getting calculated properly..!!!
TC_06 : To verify that When experiment is Salaried, Policy SMFG_Direct
Capping = 0.0 And Grade = E when fixed capping =0  Eligibility is getting calculated properly..!!!
TC_06 : To verify that When experiment is Salaried, Policy SMFG_Direct
Capping = 0.0 And Grade = NA when fixed capping =600000  Eligibility is getting calculated properly..!!!
TC_07 : To verify that When Experiment is Personal Loan, Policy SMFG_Direct
BTO Capping = 500000.0 And Grade = A when fixed capping =500000.0  Eligibility is getting calculated properly..!!!
TC_07 : To verify that When Experiment is Personal Loan, Policy SMFG_Direct
BTO Capping = 500000.0 And Grade = B when fixed capping =500000.0  Eligibility is getting calculated properly..!!!
TC_07 : To verify that When Experiment is Personal Loan, Policy SMFG_Direct
TC_07 : To verify that When Experiment is Personal Loan, Policy SMFG_Direct
BTO Capping = 0.0 And Grade = D when fixed capping =0.0  Eligibility is getting calculated properly..!!!
TC_07 : To verify that When Experiment is Personal Loan, Policy SMFG_Direct
BTO Capping = 0.0 And Grade = E when fixed capping =0.0  Eligibility is getting calculated properly..!!!
TC_07 : To verify that When Experiment is Personal Loan, Policy SMFG_Direct
TC_08 : To verify that When Experiment is Saving Account, Policy SMFG_Direct
Capping = 350000.0 And Grade = A when fixed capping =500000  Eligibility is getting calculated properly..!!!
TC_08 : To verify that When Experiment is Saving Account, Policy SMFG_Direct
Capping = 350000.0 And Grade = B when fixed capping =500000  Eligibility is getting calculated properly..!!!
TC_08 : To verify that When Experiment is Saving Account, Policy SMFG_Direct
Capping = 350000.0 And Grade = C when fixed capping =500000  Eligibility is getting calculated properly..!!!
TC_08 : To verify that When Experiment is Saving Account, Policy SMFG_Direct
Eligibility is not getting calculated properly..!!!
TC_08 : To verify that When Experiment is Saving Account, Policy SMFG_Direct
Eligibility is not getting calculated properly..!!!
TC_08 : To verify that When Experiment is Saving Account, Policy SMFG_Direct
Capping = 0.0 And Grade = NA when fixed capping =500000  Eligibility is getting calculated properly..!!!
TC_09 : To verify that Max capping where “no experiment” is applied (excl DSA,) where Business vintage is > 3 years & one property is owned
BTO Capping = 500000.0 And Grade = A when fixed capping =2000000.0 Eligibility is getting calculated properly..!!!
ABB Capping = 187524.2 And Grade = A when fixed capping =1500000.0 Eligibility is getting calculated properly..!!!
TC_09 : To verify that Max capping where “no experiment” is applied (excl DSA,) where Business vintage is > 3 years & one property is owned
BTO Capping = 500000.0 And Grade = B when fixed capping =2000000.0 Eligibility is getting calculated properly..!!!
ABB Capping = 156404.53 And Grade = B when fixed capping =1500000.0 Eligibility is getting calculated properly..!!!
TC_09 : To verify that Max capping where “no experiment” is applied (excl DSA,) where Business vintage is > 3 years & one property is owned
BTO Capping = 500000.0 And Grade = C when fixed capping =2000000.0 Eligibility is getting calculated properly..!!!
ABB Capping = 122376.93 And Grade = C when fixed capping =1500000.0 Eligibility is getting calculated properly..!!!
TC_09 : To verify that Max capping where “no experiment” is applied (excl DSA,) where Business vintage is > 3 years & one property is owned
BTO Capping = 408141.62 And Grade = D when fixed capping =2000000.0 Eligibility is getting calculated properly..!!!
ABB Capping = 85169.68 And Grade = D when fixed capping =1500000.0 Eligibility is getting calculated properly..!!!
TC_10 : To verify that Max Capping of NTC and Thin Cibil
BTO Capping = 500000.0 And Grade = A when fixed capping =500000 Eligibility is getting calculated properly..!!!
TC_10 : To verify that Max Capping of NTC and Thin Cibil
BTO Capping = 500000.0 And Grade = B when fixed capping =500000 Eligibility is getting calculated properly..!!!
TC_10 : To verify that Max Capping of NTC and Thin Cibil
BTO Capping = 500000.0 And Grade = C when fixed capping =500000 Eligibility is getting calculated properly..!!!
TC_10 : To verify that Max Capping of NTC and Thin Cibil
BTO Capping = 408141.62 And Grade = D when fixed capping =500000 Eligibility is getting calculated properly..!!!
TC_10 : To verify that Max Capping of NTC and Thin Cibil
BTO Capping = 408141.62 And Grade = E when fixed capping =500000 Eligibility is getting calculated properly..!!!
TC_10 : To verify that Max Capping of NTC and Thin Cibil
BTO Capping = 0.0 And Grade = NA when fixed capping =500000 Eligibility is getting calculated properly..!!!
TC_11 : To verify that NTC with limit
IF Risk_Garde IS 'A' And Cibil_Score IS '-1' Than Final_BTO_Capping IS '500000.0' when fixed capping = '500000' ... Eligibility Capping is calculated Properly..!!!!
IF Risk_Garde IS 'A' And Cibil_Score IS '0' Than Final_BTO_Capping IS '500000.0' when fixed capping = '500000' ... Eligibility Capping is calculated Properly..!!!!
IF Risk_Garde IS 'A' And Cibil_Score IS '200' Than Final_BTO_Capping IS '500000.0' when fixed capping = '500000' ... Eligibility Capping is calculated Properly..!!!!
IF Risk_Garde IS 'A' And Cibil_Score IS '300' Than Final_BTO_Capping IS '500000.0' when fixed capping = '500000' ... Eligibility Capping is calculated Properly..!!!!
TC_11 : To verify that NTC with limit
IF Risk_Garde IS 'B' And Cibil_Score IS '-1' Than Final_BTO_Capping IS '500000.0' when fixed capping = '500000' ... Eligibility Capping is calculated Properly..!!!!
IF Risk_Garde IS 'B' And Cibil_Score IS '0' Than Final_BTO_Capping IS '500000.0' when fixed capping = '500000' ... Eligibility Capping is calculated Properly..!!!!
IF Risk_Garde IS 'B' And Cibil_Score IS '200' Than Final_BTO_Capping IS '500000.0' when fixed capping = '500000' ... Eligibility Capping is calculated Properly..!!!!
IF Risk_Garde IS 'B' And Cibil_Score IS '300' Than Final_BTO_Capping IS '500000.0' when fixed capping = '500000' ... Eligibility Capping is calculated Properly..!!!!
TC_11 : To verify that NTC with limit
IF Risk_Garde IS 'C' And Cibil_Score IS '-1' Than Final_BTO_Capping IS '500000.0' when fixed capping = '500000' ... Eligibility Capping is calculated Properly..!!!!
IF Risk_Garde IS 'C' And Cibil_Score IS '0' Than Final_BTO_Capping IS '500000.0' when fixed capping = '500000' ... Eligibility Capping is calculated Properly..!!!!
IF Risk_Garde IS 'C' And Cibil_Score IS '200' Than Final_BTO_Capping IS '500000.0' when fixed capping = '500000' ... Eligibility Capping is calculated Properly..!!!!
IF Risk_Garde IS 'C' And Cibil_Score IS '300' Than Final_BTO_Capping IS '500000.0' when fixed capping = '500000' ... Eligibility Capping is calculated Properly..!!!!
TC_11 : To verify that NTC with limit
IF Risk_Garde IS 'D' And Cibil_Score IS '-1' Than Final_BTO_Capping IS '408141.62' when fixed capping = '500000' ... Eligibility Capping is calculated Properly..!!!!
IF Risk_Garde IS 'D' And Cibil_Score IS '0' Than Final_BTO_Capping IS '408141.62' when fixed capping = '500000' ... Eligibility Capping is calculated Properly..!!!!
IF Risk_Garde IS 'D' And Cibil_Score IS '200' Than Final_BTO_Capping IS '408141.62' when fixed capping = '500000' ... Eligibility Capping is calculated Properly..!!!!
IF Risk_Garde IS 'D' And Cibil_Score IS '300' Than Final_BTO_Capping IS '408141.62' when fixed capping = '500000' ... Eligibility Capping is calculated Properly..!!!!
TC_11 : To verify that NTC with limit
IF Risk_Garde IS 'E' And Cibil_Score IS '-1' Than Final_BTO_Capping IS '408141.62' when fixed capping = '500000' ... Eligibility Capping is calculated Properly..!!!!
IF Risk_Garde IS 'E' And Cibil_Score IS '0' Than Final_BTO_Capping IS '408141.62' when fixed capping = '500000' ... Eligibility Capping is calculated Properly..!!!!
IF Risk_Garde IS 'E' And Cibil_Score IS '200' Than Final_BTO_Capping IS '408141.62' when fixed capping = '500000' ... Eligibility Capping is calculated Properly..!!!!
IF Risk_Garde IS 'E' And Cibil_Score IS '300' Than Final_BTO_Capping IS '408141.62' when fixed capping = '500000' ... Eligibility Capping is calculated Properly..!!!!
TC_11 : To verify that NTC with limit
IF Risk_Garde IS 'NA' And Cibil_Score IS '-1' Than Final_BTO_Capping IS '0.0' when fixed capping = '500000' ... Eligibility Capping is calculated Properly..!!!!
IF Risk_Garde IS 'NA' And Cibil_Score IS '0' Than Final_BTO_Capping IS '0.0' when fixed capping = '500000' ... Eligibility Capping is calculated Properly..!!!!
IF Risk_Garde IS 'NA' And Cibil_Score IS '200' Than Final_BTO_Capping IS '0.0' when fixed capping = '500000' ... Eligibility Capping is calculated Properly..!!!!
IF Risk_Garde IS 'NA' And Cibil_Score IS '300' Than Final_BTO_Capping IS '0.0' when fixed capping = '500000' ... Eligibility Capping is calculated Properly..!!!!
TC_12 : To verify that When ODCC, Policy SMFG_Direct (only ABB)
ABB Capping = 133945.86 And Grade = Awhen fixed capping =1000000  Eligibility is getting calculated properly..!!!
TC_12 : To verify that When ODCC, Policy SMFG_Direct (only ABB)
ABB Capping = 94959.892 And Grade = Bwhen fixed capping =1000000  Eligibility is getting calculated properly..!!!
TC_12 : To verify that When ODCC, Policy SMFG_Direct (only ABB)
ABB Capping = 65559.0675 And Grade = Cwhen fixed capping =1000000  Eligibility is getting calculated properly..!!!
TC_12 : To verify that When ODCC, Policy SMFG_Direct (only ABB)
ABB Capping = 45626.6175 And Grade = Dwhen fixed capping =1000000  Eligibility is getting calculated properly..!!!
TC_12 : To verify that When ODCC, Policy SMFG_Direct (only ABB)
ABB Capping = 0.0 And Grade = Ewhen fixed capping =1000000  Eligibility is getting calculated properly..!!!
TC_12 : To verify that When ODCC, Policy SMFG_Direct (only ABB)
ABB Capping = 0.0 And Grade = NAwhen fixed capping =1000000  Eligibility is getting calculated properly..!!!
TC_13 : To verify that When experiment is Both Rented, Policy SMFG_Direct and account is NTC
IF Risk_Garde IS 'A' And Cibil_Score IS '-1' Experiment Is Both_Rented Then Final_BTO_Capping IS '500000.0' when fixed capping = '500000' ... Eligibility Capping is calculated Properly..!!!!
IF Risk_Garde IS 'A' And Cibil_Score IS '0' Experiment Is Both_Rented Then Final_BTO_Capping IS '500000.0' when fixed capping = '500000' ... Eligibility Capping is calculated Properly..!!!!
IF Risk_Garde IS 'A' And Cibil_Score IS '200' Experiment Is Both_Rented Then Final_BTO_Capping IS '500000.0' when fixed capping = '500000' ... Eligibility Capping is calculated Properly..!!!!
Eligibility is not getting calculated properly..!!!
TC_13 : To verify that When experiment is Both Rented, Policy SMFG_Direct and account is NTC
IF Risk_Garde IS 'B' And Cibil_Score IS '-1' Experiment Is Both_Rented Then Final_BTO_Capping IS '500000.0' when fixed capping = '500000' ... Eligibility Capping is calculated Properly..!!!!
IF Risk_Garde IS 'B' And Cibil_Score IS '0' Experiment Is Both_Rented Then Final_BTO_Capping IS '500000.0' when fixed capping = '500000' ... Eligibility Capping is calculated Properly..!!!!
IF Risk_Garde IS 'B' And Cibil_Score IS '200' Experiment Is Both_Rented Then Final_BTO_Capping IS '500000.0' when fixed capping = '500000' ... Eligibility Capping is calculated Properly..!!!!
Eligibility is not getting calculated properly..!!!
TC_13 : To verify that When experiment is Both Rented, Policy SMFG_Direct and account is NTC
IF Risk_Garde IS 'C' And Cibil_Score IS '-1' Experiment Is Both_Rented Then Final_BTO_Capping IS '500000.0' when fixed capping = '500000' ... Eligibility Capping is calculated Properly..!!!!
IF Risk_Garde IS 'C' And Cibil_Score IS '0' Experiment Is Both_Rented Then Final_BTO_Capping IS '500000.0' when fixed capping = '500000' ... Eligibility Capping is calculated Properly..!!!!
IF Risk_Garde IS 'C' And Cibil_Score IS '200' Experiment Is Both_Rented Then Final_BTO_Capping IS '500000.0' when fixed capping = '500000' ... Eligibility Capping is calculated Properly..!!!!
Eligibility is not getting calculated properly..!!!
TC_13 : To verify that When experiment is Both Rented, Policy SMFG_Direct and account is NTC
IF Risk_Garde IS 'D' And Cibil_Score IS '-1' Experiment Is Both_Rented Then Final_BTO_Capping IS '500000.0' when fixed capping = '500000' ... Eligibility Capping is calculated Properly..!!!!
IF Risk_Garde IS 'D' And Cibil_Score IS '0' Experiment Is Both_Rented Then Final_BTO_Capping IS '500000.0' when fixed capping = '500000' ... Eligibility Capping is calculated Properly..!!!!
IF Risk_Garde IS 'D' And Cibil_Score IS '200' Experiment Is Both_Rented Then Final_BTO_Capping IS '500000.0' when fixed capping = '500000' ... Eligibility Capping is calculated Properly..!!!!
Eligibility is not getting calculated properly..!!!
TC_13 : To verify that When experiment is Both Rented, Policy SMFG_Direct and account is NTC
IF Risk_Garde IS 'E' And Cibil_Score IS '-1' Experiment Is Both_Rented Then Final_BTO_Capping IS '500000.0' when fixed capping = '500000' ... Eligibility Capping is calculated Properly..!!!!
IF Risk_Garde IS 'E' And Cibil_Score IS '0' Experiment Is Both_Rented Then Final_BTO_Capping IS '500000.0' when fixed capping = '500000' ... Eligibility Capping is calculated Properly..!!!!
IF Risk_Garde IS 'E' And Cibil_Score IS '200' Experiment Is Both_Rented Then Final_BTO_Capping IS '500000.0' when fixed capping = '500000' ... Eligibility Capping is calculated Properly..!!!!
Eligibility is not getting calculated properly..!!!
TC_13 : To verify that When experiment is Both Rented, Policy SMFG_Direct and account is NTC
IF Risk_Garde IS 'NA' And Cibil_Score IS '-1' Experiment Is Both_Rented Then Final_BTO_Capping IS '0.0' when fixed capping = '500000' ... Eligibility Capping is calculated Properly..!!!!
IF Risk_Garde IS 'NA' And Cibil_Score IS '0' Experiment Is Both_Rented Then Final_BTO_Capping IS '0.0' when fixed capping = '500000' ... Eligibility Capping is calculated Properly..!!!!
IF Risk_Garde IS 'NA' And Cibil_Score IS '200' Experiment Is Both_Rented Then Final_BTO_Capping IS '0.0' when fixed capping = '500000' ... Eligibility Capping is calculated Properly..!!!!
IF Risk_Garde IS 'NA' And Cibil_Score IS '300' Experiment Is Both_Rented Then Final_BTO_Capping IS '0.0' when fixed capping = '500000' ... Eligibility Capping is calculated Properly..!!!!
TC_14 : To verify that When experiment is Both Rented, Policy SMFG_Direct and account is Thin cibil
IF Risk_Garde IS 'A Than Final_BTO_Capping IS '1000000.0' when fixed capping = '500000'  ... Eligibility Capping is calculated Properly..!!!!
TC_14 : To verify that When experiment is Both Rented, Policy SMFG_Direct and account is Thin cibil
IF Risk_Garde IS 'B Than Final_BTO_Capping IS '800000.0' when fixed capping = '500000'  ... Eligibility Capping is calculated Properly..!!!!
TC_14 : To verify that When experiment is Both Rented, Policy SMFG_Direct and account is Thin cibil
IF Risk_Garde IS 'C Than Final_BTO_Capping IS '600000.0' when fixed capping = '500000'  ... Eligibility Capping is calculated Properly..!!!!
TC_14 : To verify that When experiment is Both Rented, Policy SMFG_Direct and account is Thin cibil
IF Risk_Garde IS 'D Than Final_BTO_Capping IS '0.0' when fixed capping = '500000'  ... Eligibility Capping is calculated Properly..!!!!
TC_14 : To verify that When experiment is Both Rented, Policy SMFG_Direct and account is Thin cibil
IF Risk_Garde IS 'E Than Final_BTO_Capping IS '0.0' when fixed capping = '500000'  ... Eligibility Capping is calculated Properly..!!!!
TC_14 : To verify that When experiment is Both Rented, Policy SMFG_Direct and account is Thin cibil
IF Risk_Garde IS 'NA Than Final_BTO_Capping IS '0.0' when fixed capping = '500000'  ... Eligibility Capping is calculated Properly..!!!!
TC_01 : To verify that When experiment is Both Rented, Policy SMFG_Direct and account is ODCC
 Risk Grade Is 'A'  And Experiment Is Both Rented Then ODCC Capping Is '191351.23' when fixed capping = '1000000'  ... Eligibility is getting calculated Properly.!!! 
TC_01 : To verify that When experiment is Both Rented, Policy SMFG_Direct and account is ODCC
 Risk Grade Is 'B'  And Experiment Is Both Rented Then ODCC Capping Is '135656.98' when fixed capping = '1000000'  ... Eligibility is getting calculated Properly.!!! 
TC_01 : To verify that When experiment is Both Rented, Policy SMFG_Direct and account is ODCC
 Risk Grade Is 'C'  And Experiment Is Both Rented Then ODCC Capping Is '93655.82' when fixed capping = '1000000'  ... Eligibility is getting calculated Properly.!!! 
TC_01 : To verify that When experiment is Both Rented, Policy SMFG_Direct and account is ODCC
 Risk Grade Is 'D'  And Experiment Is Both Rented Then ODCC Capping Is '0.0' when fixed capping = '1000000'  ... Eligibility is getting calculated Properly.!!! 
TC_01 : To verify that When experiment is Both Rented, Policy SMFG_Direct and account is ODCC
 Risk Grade Is 'E'  And Experiment Is Both Rented Then ODCC Capping Is '0.0' when fixed capping = '1000000'  ... Eligibility is getting calculated Properly.!!! 
TC_01 : To verify that When experiment is Both Rented, Policy SMFG_Direct and account is ODCC
 Risk Grade Is 'NA'  And Experiment Is Both Rented Then ODCC Capping Is '0.0' when fixed capping = '0'  ... Eligibility is getting calculated Properly.!!! ]]>
  </system-out>
</testsuite> <!-- Eligibility_Automation.Smfg_Direct -->
