<?xml version="1.0" encoding="UTF-8"?>
<!-- Generated by org.testng.reporters.JUnitReportReporter -->
<testsuite hostname="Bloom-Mohit" failures="0" tests="88" name="Eligibility_Automation.Smfg_Direct" time="449.825" errors="0" timestamp="2024-07-18T09:49:46 IST" skipped="0">
  <testcase classname="Eligibility_Automation.Smfg_Direct" name="TC_04" time="6.489">
    <system-out>
      <![CDATA[TC_04 :When experiment is Toxic Profile, Policy Smfg_DIRECT When Risk_Grade is C
 Test Loancode =669895efvnf3h
Derived_BTO is =-71503.18 ,25.0% haircut and Max Capping is 1000000
 Final Eligibility = -71503.18 since max cap is min of haircut and derived amount.
Derived_ABB is =235522.84 ,25.0% haircut and Max Capping is 1000000
 Final Eligibility = 176642.12 since max cap is min of haircut and derived amount.]]>
    </system-out>
  </testcase> <!-- TC_04 -->
  <testcase classname="Eligibility_Automation.Smfg_Direct" name="TC_14" time="4.153">
    <system-out>
      <![CDATA[TC_14 : When experiment is Both Rented, Policy Smfg_DIRECT and account is Thin cibil When Risk_Grade is B
 Test Loancode =669895efvnf3h
Derived_BTO is =-91385.04 , No haircut and Max Capping is 500000
 Final Eligibility = -91385.04 since max cap is min of haircut and derived amount.
Derived_BTO is =215008.06 , No haircut and Max Capping is 500000
 Final Eligibility = 182756.86 since max cap is min of haircut and derived amount.]]>
    </system-out>
  </testcase> <!-- TC_14 -->
  <testcase classname="Eligibility_Automation.Smfg_Direct" name="TC_04" time="6.761">
    <system-out>
      <![CDATA[TC_04 :When experiment is Toxic Profile, Policy Smfg_DIRECT When Risk_Grade is E
 Test Loancode =669895efvnf3h
Derived_BTO is =-49763.49 ,25.0% haircut and Max Capping is 1000000
 Final Eligibility = -49763.49 since max cap is min of haircut and derived amount.
Derived_ABB is =163914.92 ,25.0% haircut and Max Capping is 1000000
 Final Eligibility = 0.0 since max cap is min of haircut and derived amount.]]>
    </system-out>
  </testcase> <!-- TC_04 -->
  <testcase classname="Eligibility_Automation.Smfg_Direct" name="TC_13" time="4.138">
    <system-out>
      <![CDATA[TC_13 : When experiment is Both Rented, Policy Smfg_DIRECT and account is NTC When Risk_Grade is C
 Test Loancode =669895efvnf3h
Derived_BTO is =-71503.18 , No haircut and Max Capping is 500000
 Final Eligibility = 0 since max cap is min of haircut and derived amount.
Derived_ABB is =168230.6 , No haircut and Max Capping is 500000
 Final Eligibility = 0 since max cap is min of haircut and derived amount.]]>
    </system-out>
  </testcase> <!-- TC_13 -->
  <testcase classname="Eligibility_Automation.Smfg_Direct" name="TC_11" time="15.816">
    <system-out>
      <![CDATA[TC_11 : NTC with limit When Policy Direct Risk_Grade is B
 Test Loancode =669895efvnf3h
Derived_capping_BTO = -91385.04
IF Risk_Garde IS 'B And Fixed capping is 500000 Lakh, Cibil_Score IS -1 Then Final Capping IS = -91385.04
Derived_capping_ABB = 301011.3
IF Risk_Garde IS 'B And Fixed capping is 500000 Lakh, Cibil_Score IS -1 Then Final Capping IS = 210707.9
Derived_capping_BTO = -91385.04
IF Risk_Garde IS 'B And Fixed capping is 500000 Lakh, Cibil_Score IS 0 Then Final Capping IS = -91385.04
Derived_capping_ABB = 301011.3
IF Risk_Garde IS 'B And Fixed capping is 500000 Lakh, Cibil_Score IS 0 Then Final Capping IS = 210707.9
Derived_capping_BTO = -91385.04
IF Risk_Garde IS 'B And Fixed capping is 500000 Lakh, Cibil_Score IS 200 Then Final Capping IS = -91385.04
Derived_capping_ABB = 301011.3
IF Risk_Garde IS 'B And Fixed capping is 500000 Lakh, Cibil_Score IS 200 Then Final Capping IS = 210707.9
Derived_capping_BTO = -91385.04
IF Risk_Garde IS 'B And Fixed capping is 500000 Lakh, Cibil_Score IS 300 Then Final Capping IS = -91385.04
Derived_capping_ABB = 301011.3
IF Risk_Garde IS 'B And Fixed capping is 500000 Lakh, Cibil_Score IS 300 Then Final Capping IS = 210707.9]]>
    </system-out>
  </testcase> <!-- TC_11 -->
  <testcase classname="Eligibility_Automation.Smfg_Direct" name="TC_09" time="4.525">
    <system-out>
      <![CDATA[TC_09 : Max capping where “no experiment” is applied (excl DSA,) where Business vintage is > 3 years & one property is owned When Risk_Grade isD
 Test Loancode =669895efvnf3h
Derived_BTO is =-49763.49 , No haircut and Max Capping is 1500000
 Final Eligibility = -49763.49 since max cap is min of haircut and derived amount.
Derived_ABB is =163914.92 , No haircut and Max Capping is 2000000
 Final Eligibility = 114740.44 since max cap is min of haircut and derived amount.]]>
    </system-out>
  </testcase> <!-- TC_09 -->
  <testcase classname="Eligibility_Automation.Smfg_Direct" name="TC_02" time="6.291">
    <system-out>
      <![CDATA[TC_02 : When experiment is Both Rented, Policy Smfg_DIRECT When Risk_Grade is E
 Test Loancode =669895efvnf3h
Derived_BTO is =-49763.49 , 25% haircut and Max Capping is 600000
 Final Eligibility = -49763.49 since max cap is min of haircut and derived amount.
Derived_ABB is =163914.92 , 25% haircut and Max Capping is 600000
 Final Eligibility = 0.0 since max cap is min of haircut and derived amount.]]>
    </system-out>
  </testcase> <!-- TC_02 -->
  <testcase classname="Eligibility_Automation.Smfg_Direct" name="TC_01" time="2.784">
    <system-out>
      <![CDATA[TC_01 : To verify the final capping if policy is Smfg_DIRECT , no experiment, ABB & BTO When Risk_Grade is =D
 Test Loancode =669895efvnf3h
Derived_BTO is =-49763.49 , No haircut and Max Capping is 1500000
 Final Eligibility = -49763.49 since max cap is min of haircut and derived amount.
Derived_ABB is =163914.92 , No haircut and Max Capping is 1500000
 Final Eligibility = 163914.92 since max cap is min of haircut and derived amount.]]>
    </system-out>
  </testcase> <!-- TC_01 -->
  <testcase classname="Eligibility_Automation.Smfg_Direct" name="TC_08" time="2.884">
    <system-out>
      <![CDATA[TC_08 : When Experiment is Saving Account, Policy Smfg_DIRECT When Risk_Grade is B
 Test Loancode =669895efvnf3h
Derived_BTO is =-91385.04 , 30% haircut and Max Capping is 500000
 Final Eligibility = -91385.04 since max cap is min of haircut and derived amount.
Derived_ABB is =301011.3 , 30% haircut and Max Capping is 500000
 Final Eligibility = 210707.9 since max cap is min of haircut and derived amount.]]>
    </system-out>
  </testcase> <!-- TC_08 -->
  <testcase classname="Eligibility_Automation.Smfg_Direct" name="TC_12" time="3.685">
    <system-out>
      <![CDATA[TC_12 : When ODCC, Policy Smfg_DIRECT (only ABB) When Risk_Grade isE
 Test Loancode =669895efvnf3h
Derived_ABB is =117082.09 , 25% haircut and Max Capping is 1000000
 Final Eligibility = 0.0 since max cap is min of haircut and derived amount.]]>
    </system-out>
  </testcase> <!-- TC_12 -->
  <testcase classname="Eligibility_Automation.Smfg_Direct" name="TC_15" time="4.797">
    <system-out>
      <![CDATA[TC_15 : When experiment is Both Rented, Policy Smfg_DIRECT and account is ODCC When Risk_Grade is C
 Test Loancode =669895efvnf3h
Derived_ABB is =168230.6 , 25% haircut and Max Capping is 1000000
 Final Eligibility = 0 since max cap is min of haircut and derived amount.]]>
    </system-out>
  </testcase> <!-- TC_15 -->
  <testcase classname="Eligibility_Automation.Smfg_Direct" name="TC_08" time="3.929">
    <system-out>
      <![CDATA[TC_08 : When Experiment is Saving Account, Policy Smfg_DIRECT When Risk_Grade is D
 Test Loancode =669895efvnf3h
Eligibility is not getting calculated properly..!!!
Capping Amount After Haircut = 0
Final Eligibility = 0
Derived_ABB is =163914.92 , 30% haircut and Max Capping is 00.00
 Final Eligibility = 114740.44 since max cap is min of haircut and derived amount.]]>
    </system-out>
  </testcase> <!-- TC_08 -->
  <testcase classname="Eligibility_Automation.Smfg_Direct" name="TC_10" time="3.632">
    <system-out>
      <![CDATA[TC_10 : Max Capping of NTC and Thin Cibil When Risk_Grade is C
 Test Loancode =669895efvnf3h
Derived_BTO is =-71503.18 , No haircut and Max Capping is 500000
 Final Eligibility = -71503.18 since max cap is min of haircut and derived amount.
Derived_ABB is =235522.84 , No haircut and Max Capping is 500000
 Final Eligibility = 164865.98 since max cap is min of haircut and derived amount.]]>
    </system-out>
  </testcase> <!-- TC_10 -->
  <testcase classname="Eligibility_Automation.Smfg_Direct" name="TC_11" time="16.430">
    <system-out>
      <![CDATA[TC_11 : NTC with limit When Policy Direct Risk_Grade is E
 Test Loancode =669895efvnf3h
Derived_capping_BTO = -49763.49
IF Risk_Garde IS 'E And Fixed capping is 500000 Lakh, Cibil_Score IS -1 Then Final Capping IS = -49763.49
Derived_capping_ABB = 163914.92
IF Risk_Garde IS 'E And Fixed capping is 500000 Lakh, Cibil_Score IS -1 Then Final Capping IS = 114740.44
Derived_capping_BTO = -49763.49
IF Risk_Garde IS 'E And Fixed capping is 500000 Lakh, Cibil_Score IS 0 Then Final Capping IS = -49763.49
Derived_capping_ABB = 163914.92
IF Risk_Garde IS 'E And Fixed capping is 500000 Lakh, Cibil_Score IS 0 Then Final Capping IS = 114740.44
Derived_capping_BTO = -49763.49
IF Risk_Garde IS 'E And Fixed capping is 500000 Lakh, Cibil_Score IS 200 Then Final Capping IS = -49763.49
Derived_capping_ABB = 163914.92
IF Risk_Garde IS 'E And Fixed capping is 500000 Lakh, Cibil_Score IS 200 Then Final Capping IS = 114740.44
Derived_capping_BTO = -49763.49
IF Risk_Garde IS 'E And Fixed capping is 500000 Lakh, Cibil_Score IS 300 Then Final Capping IS = -49763.49
Derived_capping_ABB = 163914.92
IF Risk_Garde IS 'E And Fixed capping is 500000 Lakh, Cibil_Score IS 300 Then Final Capping IS = 114740.44]]>
    </system-out>
  </testcase> <!-- TC_11 -->
  <testcase classname="Eligibility_Automation.Smfg_Direct" name="TC_05" time="4.636">
    <system-out>
      <![CDATA[TC_05 : When experiment is Cautious Location, Policy Smfg_DIRECT when Risk_Grade is A
 Test Loancode =669895efvnf3h
Derived_BTO is =-109567.84 , No haircut and Max Capping is 1500000
 Final Eligibility = -109567.84 since max cap is min of haircut and derived amount.
Derived_ABB is =360903.28 , No haircut and Max Capping is 1500000
 Final Eligibility = 360903.28 since max cap is min of haircut and derived amount.]]>
    </system-out>
  </testcase> <!-- TC_05 -->
  <testcase classname="Eligibility_Automation.Smfg_Direct" name="TC_08" time="3.407">
    <system-out>
      <![CDATA[TC_08 : When Experiment is Saving Account, Policy Smfg_DIRECT When Risk_Grade is NA
 Test Loancode =669895efvnf3h
Derived_BTO is =-71503.18 , 30% haircut and Max Capping is 500000
 Final Eligibility = -71503.18 since max cap is min of haircut and derived amount.
Derived_ABB is =235522.84 , 30% haircut and Max Capping is 500000
 Final Eligibility = 0.0 since max cap is min of haircut and derived amount.]]>
    </system-out>
  </testcase> <!-- TC_08 -->
  <testcase classname="Eligibility_Automation.Smfg_Direct" name="TC_11" time="16.826">
    <system-out>
      <![CDATA[TC_11 : NTC with limit When Policy Direct Risk_Grade is NA
 Test Loancode =669895efvnf3h
Derived_capping_BTO = -71503.18
IF Risk_Garde IS 'NA And Fixed capping is 500000 Lakh, Cibil_Score IS -1 Then Final Capping IS = -71503.18
Derived_capping_ABB = 235522.84
IF Risk_Garde IS 'NA And Fixed capping is 500000 Lakh, Cibil_Score IS -1 Then Final Capping IS = 0.0
Derived_capping_BTO = -71503.18
IF Risk_Garde IS 'NA And Fixed capping is 500000 Lakh, Cibil_Score IS 0 Then Final Capping IS = -71503.18
Derived_capping_ABB = 235522.84
IF Risk_Garde IS 'NA And Fixed capping is 500000 Lakh, Cibil_Score IS 0 Then Final Capping IS = 0.0
Derived_capping_BTO = -71503.18
IF Risk_Garde IS 'NA And Fixed capping is 500000 Lakh, Cibil_Score IS 200 Then Final Capping IS = -71503.18
Derived_capping_ABB = 235522.84
IF Risk_Garde IS 'NA And Fixed capping is 500000 Lakh, Cibil_Score IS 200 Then Final Capping IS = 0.0
Derived_capping_BTO = -71503.18
IF Risk_Garde IS 'NA And Fixed capping is 500000 Lakh, Cibil_Score IS 300 Then Final Capping IS = -71503.18
Derived_capping_ABB = 235522.84
IF Risk_Garde IS 'NA And Fixed capping is 500000 Lakh, Cibil_Score IS 300 Then Final Capping IS = 0.0]]>
    </system-out>
  </testcase> <!-- TC_11 -->
  <testcase classname="Eligibility_Automation.Smfg_Direct" name="TC_15" time="3.372">
    <system-out>
      <![CDATA[TC_15 : When experiment is Both Rented, Policy Smfg_DIRECT and account is ODCC When Risk_Grade is B
 Test Loancode =669895efvnf3h
Derived_ABB is =215008.06 , 15% haircut and Max Capping is 1000000
 Final Eligibility = 0 since max cap is min of haircut and derived amount.]]>
    </system-out>
  </testcase> <!-- TC_15 -->
  <testcase classname="Eligibility_Automation.Smfg_Direct" name="TC_11" time="16.387">
    <system-out>
      <![CDATA[TC_11 : NTC with limit When Policy Direct Risk_Grade is A
 Test Loancode =669895efvnf3h
Derived_capping_BTO = -109567.84
IF Risk_Garde IS 'A And Fixed capping is 500000 Lakh, Cibil_Score IS -1 Then Final Capping IS = -109567.84
Derived_capping_ABB = 360903.28
IF Risk_Garde IS 'A And Fixed capping is 500000 Lakh, Cibil_Score IS -1 Then Final Capping IS = 252632.3
Derived_capping_BTO = -109567.84
IF Risk_Garde IS 'A And Fixed capping is 500000 Lakh, Cibil_Score IS 0 Then Final Capping IS = -109567.84
Derived_capping_ABB = 360903.28
IF Risk_Garde IS 'A And Fixed capping is 500000 Lakh, Cibil_Score IS 0 Then Final Capping IS = 252632.3
Derived_capping_BTO = -109567.84
IF Risk_Garde IS 'A And Fixed capping is 500000 Lakh, Cibil_Score IS 200 Then Final Capping IS = -109567.84
Derived_capping_ABB = 360903.28
IF Risk_Garde IS 'A And Fixed capping is 500000 Lakh, Cibil_Score IS 200 Then Final Capping IS = 252632.3
Derived_capping_BTO = -109567.84
IF Risk_Garde IS 'A And Fixed capping is 500000 Lakh, Cibil_Score IS 300 Then Final Capping IS = -109567.84
Derived_capping_ABB = 360903.28
IF Risk_Garde IS 'A And Fixed capping is 500000 Lakh, Cibil_Score IS 300 Then Final Capping IS = 252632.3]]>
    </system-out>
  </testcase> <!-- TC_11 -->
  <testcase classname="Eligibility_Automation.Smfg_Direct" name="TC_14" time="4.814">
    <system-out>
      <![CDATA[TC_14 : When experiment is Both Rented, Policy Smfg_DIRECT and account is Thin cibil When Risk_Grade is NA
 Test Loancode =669895efvnf3h
Derived_BTO is =-71503.18 , No haircut and Max Capping is 500000
 Final Eligibility = -71503.18 since max cap is min of haircut and derived amount.
Derived_BTO is =168230.6 , No haircut and Max Capping is 500000
 Final Eligibility = 0.0 since max cap is min of haircut and derived amount.]]>
    </system-out>
  </testcase> <!-- TC_14 -->
  <testcase classname="Eligibility_Automation.Smfg_Direct" name="TC_07" time="3.931">
    <system-out>
      <![CDATA[TC_07 :When Experiment is Personal Loan, Policy Smfg_DIRECT When Risk_Grade is E
 Test Loancode =669895efvnf3h
Derived_BTO is =-49763.49 , 25.0% haircut and Max Capping is 00.00
 Final Eligibility = -49763.49 since max cap is min of haircut and derived amount.
Derived_ABB is =163914.92 , 25.0% haircut and Max Capping is 00.00
 Final Eligibility = 0.0 since max cap is min of haircut and derived amount.]]>
    </system-out>
  </testcase> <!-- TC_07 -->
  <testcase classname="Eligibility_Automation.Smfg_Direct" name="TC_12" time="4.245">
    <system-out>
      <![CDATA[TC_12 : When ODCC, Policy Smfg_DIRECT (only ABB) When Risk_Grade isD
 Test Loancode =669895efvnf3h
Derived_ABB is =117082.09 , 25% haircut and Max Capping is 1000000
 Final Eligibility = 81957.46 since max cap is min of haircut and derived amount.]]>
    </system-out>
  </testcase> <!-- TC_12 -->
  <testcase classname="Eligibility_Automation.Smfg_Direct" name="TC_08" time="3.907">
    <system-out>
      <![CDATA[TC_08 : When Experiment is Saving Account, Policy Smfg_DIRECT When Risk_Grade is E
 Test Loancode =669895efvnf3h
Eligibility is not getting calculated properly..!!!
Capping Amount After Haircut = 0
Final Eligibility = 0
Derived_ABB is =163914.92 , 30% haircut and Max Capping is 00.00
 Final Eligibility = 114740.44 since max cap is min of haircut and derived amount.]]>
    </system-out>
  </testcase> <!-- TC_08 -->
  <testcase classname="Eligibility_Automation.Smfg_Direct" name="TC_13" time="4.172">
    <system-out>
      <![CDATA[TC_13 : When experiment is Both Rented, Policy Smfg_DIRECT and account is NTC When Risk_Grade is A
 Test Loancode =669895efvnf3h
Derived_BTO is =-109567.84 , No haircut and Max Capping is 500000
 Final Eligibility = 0 since max cap is min of haircut and derived amount.
Derived_ABB is =257788.05 , No haircut and Max Capping is 500000
 Final Eligibility = 0 since max cap is min of haircut and derived amount.]]>
    </system-out>
  </testcase> <!-- TC_13 -->
  <testcase classname="Eligibility_Automation.Smfg_Direct" name="TC_04" time="6.884">
    <system-out>
      <![CDATA[TC_04 :When experiment is Toxic Profile, Policy Smfg_DIRECT When Risk_Grade is A
 Test Loancode =669895efvnf3h
Derived_BTO is =-109567.84 , No haircut and Max Capping is 1000000
 Final Eligibility = -109567.84 since max cap is min of haircut and derived amount.
Derived_ABB is =360903.28 , No haircut and Max Capping is 1000000
 Final Eligibility = 360903.28 since max cap is min of haircut and derived amount.]]>
    </system-out>
  </testcase> <!-- TC_04 -->
  <testcase classname="Eligibility_Automation.Smfg_Direct" name="TC_07" time="3.162">
    <system-out>
      <![CDATA[TC_07 :When Experiment is Personal Loan, Policy Smfg_DIRECT When Risk_Grade is A
 Test Loancode =669895efvnf3h
Derived_BTO is =-109567.84 , No haircut and Max Capping is 500000
 Final Eligibility = -109567.84 since max cap is min of haircut and derived amount.
Derived_ABB is =360903.28 , No haircut and Max Capping is 500000
 Final Eligibility = 360903.28 since max cap is min of haircut and derived amount.]]>
    </system-out>
  </testcase> <!-- TC_07 -->
  <testcase classname="Eligibility_Automation.Smfg_Direct" name="TC_04" time="7.227">
    <system-out>
      <![CDATA[TC_04 :When experiment is Toxic Profile, Policy Smfg_DIRECT When Risk_Grade is D
 Test Loancode =669895efvnf3h
Derived_BTO is =-49763.49 ,25.0% haircut and Max Capping is 1000000
 Final Eligibility = -49763.49 since max cap is min of haircut and derived amount.
Derived_ABB is =163914.92 ,25.0% haircut and Max Capping is 1000000
 Final Eligibility = 0.0 since max cap is min of haircut and derived amount.]]>
    </system-out>
  </testcase> <!-- TC_04 -->
  <testcase classname="Eligibility_Automation.Smfg_Direct" name="TC_02" time="6.576">
    <system-out>
      <![CDATA[TC_02 : When experiment is Both Rented, Policy Smfg_DIRECT When Risk_Grade is D
 Test Loancode =669895efvnf3h
Derived_BTO is =-49763.49 , 25% haircut and Max Capping is 600000
 Final Eligibility = -49763.49 since max cap is min of haircut and derived amount.
Derived_ABB is =163914.92 , 25% haircut and Max Capping is 600000
 Final Eligibility = 0.0 since max cap is min of haircut and derived amount.]]>
    </system-out>
  </testcase> <!-- TC_02 -->
  <testcase classname="Eligibility_Automation.Smfg_Direct" name="TC_09" time="3.972">
    <system-out>
      <![CDATA[TC_09 : Max capping where “no experiment” is applied (excl DSA,) where Business vintage is > 3 years & one property is owned When Risk_Grade isA
 Test Loancode =669895efvnf3h
Derived_BTO is =-109567.84 , No haircut and Max Capping is 2000000
 Final Eligibility = -109567.84 since max cap is min of haircut and derived amount.
Derived_ABB is =360903.28 , No haircut and Max Capping is 2000000
 Final Eligibility = 252632.3 since max cap is min of haircut and derived amount.]]>
    </system-out>
  </testcase> <!-- TC_09 -->
  <testcase classname="Eligibility_Automation.Smfg_Direct" name="TC_03" time="3.559">
    <system-out>
      <![CDATA[TC_03 :When experiment is Cautious Profile, Policy Smfg_DIRECT When Risk_Grade is E
 Test Loancode =669895efvnf3h
Derived_BTO is =-49763.49 , 25% haircut and Max Capping is 1500000
 Final Eligibility = -49763.49 since max cap is min of haircut and derived amount.
Derived_ABB is =163914.92 , 25% haircut and Max Capping is 1500000
 Final Eligibility = 0.0 since max cap is min of haircut and derived amount.]]>
    </system-out>
  </testcase> <!-- TC_03 -->
  <testcase classname="Eligibility_Automation.Smfg_Direct" name="TC_01" time="3.101">
    <system-out>
      <![CDATA[TC_01 : To verify the final capping if policy is Smfg_DIRECT , no experiment, ABB & BTO When Risk_Grade is =NA
 Test Loancode =669895efvnf3h
Derived_BTO is =-71503.18 , No haircut and Max Capping is 1500000
 Final Eligibility = -71503.18 since max cap is min of haircut and derived amount.
Derived_ABB is =235522.84 , No haircut and Max Capping is 1500000
 Final Eligibility = 235522.84 since max cap is min of haircut and derived amount.]]>
    </system-out>
  </testcase> <!-- TC_01 -->
  <testcase classname="Eligibility_Automation.Smfg_Direct" name="TC_06" time="4.395">
    <system-out>
      <![CDATA[TC_06 : When experiment is Salaried, Policy Smfg_DIRECT When Risk_Grade is D
 Test Loancode =669895efvnf3h
Eligibility is not getting calculated properly..!!!
Capping Amount After Haircut = 0
Final Eligibility = 0
Derived_ABB is =163914.92 , 25% haircut and Max Capping is 00.00 
 Final Eligibility = 0.0 since max cap is min of haircut and derived amount.]]>
    </system-out>
  </testcase> <!-- TC_06 -->
  <testcase classname="Eligibility_Automation.Smfg_Direct" name="TC_12" time="3.727">
    <system-out>
      <![CDATA[TC_12 : When ODCC, Policy Smfg_DIRECT (only ABB) When Risk_Grade isA
 Test Loancode =669895efvnf3h
Derived_ABB is =257788.05 , No haircut and Max Capping is 1000000
 Final Eligibility = 180451.62 since max cap is min of haircut and derived amount.]]>
    </system-out>
  </testcase> <!-- TC_12 -->
  <testcase classname="Eligibility_Automation.Smfg_Direct" name="TC_10" time="3.151">
    <system-out>
      <![CDATA[TC_10 : Max Capping of NTC and Thin Cibil When Risk_Grade is NA
 Test Loancode =669895efvnf3h
Derived_BTO is =-71503.18 , No haircut and Max Capping is 500000
 Final Eligibility = -71503.18 since max cap is min of haircut and derived amount.
Derived_ABB is =235522.84 , No haircut and Max Capping is 500000
 Final Eligibility = 0.0 since max cap is min of haircut and derived amount.]]>
    </system-out>
  </testcase> <!-- TC_10 -->
  <testcase classname="Eligibility_Automation.Smfg_Direct" name="TC_03" time="4.777">
    <system-out>
      <![CDATA[TC_03 :When experiment is Cautious Profile, Policy Smfg_DIRECT When Risk_Grade is C
 Test Loancode =669895efvnf3h
Derived_BTO is =-71503.18 , 25% haircut and Max Capping is 1500000
 Final Eligibility = -71503.18 since max cap is min of haircut and derived amount.
Derived_ABB is =235522.84 , 25% haircut and Max Capping is 1500000
 Final Eligibility = 176642.12 since max cap is min of haircut and derived amount.]]>
    </system-out>
  </testcase> <!-- TC_03 -->
  <testcase classname="Eligibility_Automation.Smfg_Direct" name="TC_02" time="6.016">
    <system-out>
      <![CDATA[TC_02 : When experiment is Both Rented, Policy Smfg_DIRECT When Risk_Grade is A
 Test Loancode =669895efvnf3h
Derived_BTO is =-109567.84 , No haircut and Max Capping is 1000000
 Final Eligibility = -109567.84 since max cap is min of haircut and derived amount.
Derived_ABB is =360903.28 , No haircut and Max Capping is 1000000
 Final Eligibility = 360903.28 since max cap is min of haircut and derived amount.]]>
    </system-out>
  </testcase> <!-- TC_02 -->
  <testcase classname="Eligibility_Automation.Smfg_Direct" name="TC_13" time="3.082">
    <system-out>
      <![CDATA[TC_13 : When experiment is Both Rented, Policy Smfg_DIRECT and account is NTC When Risk_Grade is D
 Test Loancode =669895efvnf3h
Derived_BTO is =-49763.49 , No haircut and Max Capping is 500000
 Final Eligibility = 0 since max cap is min of haircut and derived amount.
Derived_ABB is =117082.09 , No haircut and Max Capping is 500000
 Final Eligibility = 0 since max cap is min of haircut and derived amount.]]>
    </system-out>
  </testcase> <!-- TC_13 -->
  <testcase classname="Eligibility_Automation.Smfg_Direct" name="TC_05" time="4.517">
    <system-out>
      <![CDATA[TC_05 : When experiment is Cautious Location, Policy Smfg_DIRECT when Risk_Grade is D
 Test Loancode =669895efvnf3h
Derived_BTO is =-49763.49 , 25% haircut and Max Capping is 1000000
 Final Eligibility = -49763.49 since max cap is min of haircut and derived amount.
Derived_ABB is =163914.92 , 25% haircut and Max Capping is 1000000
 Final Eligibility = 122936.19 since max cap is min of haircut and derived amount.]]>
    </system-out>
  </testcase> <!-- TC_05 -->
  <testcase classname="Eligibility_Automation.Smfg_Direct" name="TC_05" time="4.202">
    <system-out>
      <![CDATA[TC_05 : When experiment is Cautious Location, Policy Smfg_DIRECT when Risk_Grade is E
 Test Loancode =669895efvnf3h
Derived_BTO is =-49763.49 , 25% haircut and Max Capping is 1000000
 Final Eligibility = -49763.49 since max cap is min of haircut and derived amount.
Derived_ABB is =163914.92 , 25% haircut and Max Capping is 1000000
 Final Eligibility = 0.0 since max cap is min of haircut and derived amount.]]>
    </system-out>
  </testcase> <!-- TC_05 -->
  <testcase classname="Eligibility_Automation.Smfg_Direct" name="TC_12" time="4.078">
    <system-out>
      <![CDATA[TC_12 : When ODCC, Policy Smfg_DIRECT (only ABB) When Risk_Grade isNA
 Test Loancode =669895efvnf3h
Derived_ABB is =168230.6 , 25% haircut and Max Capping is 1000000
 Final Eligibility = 0.0 since max cap is min of haircut and derived amount.]]>
    </system-out>
  </testcase> <!-- TC_12 -->
  <testcase classname="Eligibility_Automation.Smfg_Direct" name="TC_06" time="3.801">
    <system-out>
      <![CDATA[TC_06 : When experiment is Salaried, Policy Smfg_DIRECT When Risk_Grade is C
 Test Loancode =669895efvnf3h
Derived_BTO is =-71503.18 , 25% haircut and Max Capping is 600000
 Final Eligibility = -71503.18 since max cap is min of haircut and derived amount.
Derived_ABB is =235522.84 , 25% haircut and Max Capping is 600000
 Final Eligibility = 176642.12 since max cap is min of haircut and derived amount.]]>
    </system-out>
  </testcase> <!-- TC_06 -->
  <testcase classname="Eligibility_Automation.Smfg_Direct" name="TC_03" time="4.419">
    <system-out>
      <![CDATA[TC_03 :When experiment is Cautious Profile, Policy Smfg_DIRECT When Risk_Grade is B
 Test Loancode =669895efvnf3h
Derived_BTO is =-91385.04 , 15% haircut and Max Capping is 1500000
 Final Eligibility = -91385.04 since max cap is min of haircut and derived amount.
Derived_ABB is =301011.3 , 15% haircut and Max Capping is 1500000
 Final Eligibility = 255859.6 since max cap is min of haircut and derived amount.]]>
    </system-out>
  </testcase> <!-- TC_03 -->
  <testcase classname="Eligibility_Automation.Smfg_Direct" name="TC_07" time="3.571">
    <system-out>
      <![CDATA[TC_07 :When Experiment is Personal Loan, Policy Smfg_DIRECT When Risk_Grade is D
 Test Loancode =669895efvnf3h
Derived_BTO is =-49763.49 , 25.0% haircut and Max Capping is 00.00
 Final Eligibility = -49763.49 since max cap is min of haircut and derived amount.
Derived_ABB is =163914.92 , 25.0% haircut and Max Capping is 00.00
 Final Eligibility = 0.0 since max cap is min of haircut and derived amount.]]>
    </system-out>
  </testcase> <!-- TC_07 -->
  <testcase classname="Eligibility_Automation.Smfg_Direct" name="TC_04" time="7.132">
    <system-out>
      <![CDATA[TC_04 :When experiment is Toxic Profile, Policy Smfg_DIRECT When Risk_Grade is B
 Test Loancode =669895efvnf3h
Derived_BTO is =-91385.04 ,15.0% haircut and Max Capping is 1000000
 Final Eligibility = -91385.04 since max cap is min of haircut and derived amount.
Derived_ABB is =301011.3 ,15.0% haircut and Max Capping is 1000000
 Final Eligibility = 255859.6 since max cap is min of haircut and derived amount.]]>
    </system-out>
  </testcase> <!-- TC_04 -->
  <testcase classname="Eligibility_Automation.Smfg_Direct" name="TC_01" time="3.076">
    <system-out>
      <![CDATA[TC_01 : To verify the final capping if policy is Smfg_DIRECT , no experiment, ABB & BTO When Risk_Grade is =B
 Test Loancode =669895efvnf3h
Derived_BTO is =-91385.04 , No haircut and Max Capping is 1500000
 Final Eligibility = -91385.04 since max cap is min of haircut and derived amount.
Derived_ABB is =301011.3 , No haircut and Max Capping is 1500000
 Final Eligibility = 301011.3 since max cap is min of haircut and derived amount.]]>
    </system-out>
  </testcase> <!-- TC_01 -->
  <testcase classname="Eligibility_Automation.Smfg_Direct" name="TC_04" time="6.186">
    <system-out>
      <![CDATA[TC_04 :When experiment is Toxic Profile, Policy Smfg_DIRECT When Risk_Grade is NA
 Test Loancode =669895efvnf3h
Derived_BTO is =-71503.18 ,25.0% haircut and Max Capping is 1000000
 Final Eligibility = -71503.18 since max cap is min of haircut and derived amount.
Derived_ABB is =235522.84 ,25.0% haircut and Max Capping is 1000000
 Final Eligibility = 0.0 since max cap is min of haircut and derived amount.]]>
    </system-out>
  </testcase> <!-- TC_04 -->
  <testcase classname="Eligibility_Automation.Smfg_Direct" name="TC_14" time="4.472">
    <system-out>
      <![CDATA[TC_14 : When experiment is Both Rented, Policy Smfg_DIRECT and account is Thin cibil When Risk_Grade is E
 Test Loancode =669895efvnf3h
Derived_BTO is =-49763.49 , No haircut and Max Capping is 500000
 Final Eligibility = -49763.49 since max cap is min of haircut and derived amount.
Derived_BTO is =117082.09 , No haircut and Max Capping is 500000
 Final Eligibility = 0.0 since max cap is min of haircut and derived amount.]]>
    </system-out>
  </testcase> <!-- TC_14 -->
  <testcase classname="Eligibility_Automation.Smfg_Direct" name="TC_01" time="3.003">
    <system-out>
      <![CDATA[TC_01 : To verify the final capping if policy is Smfg_DIRECT , no experiment, ABB & BTO When Risk_Grade is =C
 Test Loancode =669895efvnf3h
Derived_BTO is =-71503.18 , No haircut and Max Capping is 1500000
 Final Eligibility = -71503.18 since max cap is min of haircut and derived amount.
Derived_ABB is =235522.84 , No haircut and Max Capping is 1500000
 Final Eligibility = 235522.84 since max cap is min of haircut and derived amount.]]>
    </system-out>
  </testcase> <!-- TC_01 -->
  <testcase classname="Eligibility_Automation.Smfg_Direct" name="TC_12" time="4.514">
    <system-out>
      <![CDATA[TC_12 : When ODCC, Policy Smfg_DIRECT (only ABB) When Risk_Grade isB
 Test Loancode =669895efvnf3h
Derived_ABB is =215008.06 , 15% haircut and Max Capping is 1000000
 Final Eligibility = 150505.66 since max cap is min of haircut and derived amount.]]>
    </system-out>
  </testcase> <!-- TC_12 -->
  <testcase classname="Eligibility_Automation.Smfg_Direct" name="TC_05" time="3.457">
    <system-out>
      <![CDATA[TC_05 : When experiment is Cautious Location, Policy Smfg_DIRECT when Risk_Grade is C
 Test Loancode =669895efvnf3h
Derived_BTO is =-71503.18 , 25% haircut and Max Capping is 1000000
 Final Eligibility = -71503.18 since max cap is min of haircut and derived amount.
Derived_ABB is =235522.84 , 25% haircut and Max Capping is 1000000
 Final Eligibility = 176642.12 since max cap is min of haircut and derived amount.]]>
    </system-out>
  </testcase> <!-- TC_05 -->
  <testcase classname="Eligibility_Automation.Smfg_Direct" name="TC_14" time="3.541">
    <system-out>
      <![CDATA[TC_14 : When experiment is Both Rented, Policy Smfg_DIRECT and account is Thin cibil When Risk_Grade is C
 Test Loancode =669895efvnf3h
Derived_BTO is =-71503.18 , No haircut and Max Capping is 500000
 Final Eligibility = -71503.18 since max cap is min of haircut and derived amount.
Derived_BTO is =168230.6 , No haircut and Max Capping is 500000
 Final Eligibility = 126172.95 since max cap is min of haircut and derived amount.]]>
    </system-out>
  </testcase> <!-- TC_14 -->
  <testcase classname="Eligibility_Automation.Smfg_Direct" name="TC_06" time="4.574">
    <system-out>
      <![CDATA[TC_06 : When experiment is Salaried, Policy Smfg_DIRECT When Risk_Grade is NA
 Test Loancode =669895efvnf3h
Derived_BTO is =-71503.18 , 25% haircut and Max Capping is 600000
 Final Eligibility = -71503.18 since max cap is min of haircut and derived amount.
Derived_ABB is =235522.84 , 25% haircut and Max Capping is 600000
 Final Eligibility = 0.0 since max cap is min of haircut and derived amount.]]>
    </system-out>
  </testcase> <!-- TC_06 -->
  <testcase classname="Eligibility_Automation.Smfg_Direct" name="TC_03" time="3.641">
    <system-out>
      <![CDATA[TC_03 :When experiment is Cautious Profile, Policy Smfg_DIRECT When Risk_Grade is A
 Test Loancode =669895efvnf3h
Derived_BTO is =-109567.84 , No haircut and Max Capping is 1500000
 Final Eligibility = -109567.84 since max cap is min of haircut and derived amount.
Derived_ABB is =360903.28 , No haircut and Max Capping is 1500000
 Final Eligibility = 360903.28 since max cap is min of haircut and derived amount.]]>
    </system-out>
  </testcase> <!-- TC_03 -->
  <testcase classname="Eligibility_Automation.Smfg_Direct" name="TC_02" time="6.303">
    <system-out>
      <![CDATA[TC_02 : When experiment is Both Rented, Policy Smfg_DIRECT When Risk_Grade is C
 Test Loancode =669895efvnf3h
Derived_BTO is =-71503.18 , 25% haircut and Max Capping is 600000
 Final Eligibility = -71503.18 since max cap is min of haircut and derived amount.
Derived_ABB is =235522.84 , 25% haircut and Max Capping is 600000
 Final Eligibility = 176642.12 since max cap is min of haircut and derived amount.]]>
    </system-out>
  </testcase> <!-- TC_02 -->
  <testcase classname="Eligibility_Automation.Smfg_Direct" name="TC_10" time="4.743">
    <system-out>
      <![CDATA[TC_10 : Max Capping of NTC and Thin Cibil When Risk_Grade is E
 Test Loancode =669895efvnf3h
Derived_BTO is =-49763.49 , No haircut and Max Capping is 500000
 Final Eligibility = -49763.49 since max cap is min of haircut and derived amount.
Derived_ABB is =163914.92 , No haircut and Max Capping is 500000
 Final Eligibility = 114740.44 since max cap is min of haircut and derived amount.]]>
    </system-out>
  </testcase> <!-- TC_10 -->
  <testcase classname="Eligibility_Automation.Smfg_Direct" name="TC_08" time="4.089">
    <system-out>
      <![CDATA[TC_08 : When Experiment is Saving Account, Policy Smfg_DIRECT When Risk_Grade is C
 Test Loancode =669895efvnf3h
Derived_BTO is =-71503.18 , 30% haircut and Max Capping is 500000
 Final Eligibility = -71503.18 since max cap is min of haircut and derived amount.
Derived_ABB is =235522.84 , 30% haircut and Max Capping is 500000
 Final Eligibility = 164865.98 since max cap is min of haircut and derived amount.]]>
    </system-out>
  </testcase> <!-- TC_08 -->
  <testcase classname="Eligibility_Automation.Smfg_Direct" name="TC_09" time="3.233">
    <system-out>
      <![CDATA[TC_09 : Max capping where “no experiment” is applied (excl DSA,) where Business vintage is > 3 years & one property is owned When Risk_Grade isC
 Test Loancode =669895efvnf3h
Derived_BTO is =-71503.18 , No haircut and Max Capping is 1500000
 Final Eligibility = -71503.18 since max cap is min of haircut and derived amount.
Derived_ABB is =235522.84 , No haircut and Max Capping is 2000000
 Final Eligibility = 164865.98 since max cap is min of haircut and derived amount.]]>
    </system-out>
  </testcase> <!-- TC_09 -->
  <testcase classname="Eligibility_Automation.Smfg_Direct" name="TC_13" time="3.620">
    <system-out>
      <![CDATA[TC_13 : When experiment is Both Rented, Policy Smfg_DIRECT and account is NTC When Risk_Grade is B
 Test Loancode =669895efvnf3h
Derived_BTO is =-91385.04 , No haircut and Max Capping is 500000
 Final Eligibility = 0 since max cap is min of haircut and derived amount.
Derived_ABB is =215008.06 , No haircut and Max Capping is 500000
 Final Eligibility = 0 since max cap is min of haircut and derived amount.]]>
    </system-out>
  </testcase> <!-- TC_13 -->
  <testcase classname="Eligibility_Automation.Smfg_Direct" name="TC_02" time="6.866">
    <system-out>
      <![CDATA[TC_02 : When experiment is Both Rented, Policy Smfg_DIRECT When Risk_Grade is NA
 Test Loancode =669895efvnf3h
Derived_BTO is =-71503.18 , 25% haircut and Max Capping is 600000
 Final Eligibility = -71503.18 since max cap is min of haircut and derived amount.
Derived_ABB is =235522.84 , 25% haircut and Max Capping is 600000
 Final Eligibility = 0.0 since max cap is min of haircut and derived amount.]]>
    </system-out>
  </testcase> <!-- TC_02 -->
  <testcase classname="Eligibility_Automation.Smfg_Direct" name="TC_03" time="3.606">
    <system-out>
      <![CDATA[TC_03 :When experiment is Cautious Profile, Policy Smfg_DIRECT When Risk_Grade is NA
 Test Loancode =669895efvnf3h
Derived_BTO is =-71503.18 , 25% haircut and Max Capping is 1500000
 Final Eligibility = -71503.18 since max cap is min of haircut and derived amount.
Derived_ABB is =235522.84 , 25% haircut and Max Capping is 1500000
 Final Eligibility = 0.0 since max cap is min of haircut and derived amount.]]>
    </system-out>
  </testcase> <!-- TC_03 -->
  <testcase classname="Eligibility_Automation.Smfg_Direct" name="TC_14" time="3.929">
    <system-out>
      <![CDATA[TC_14 : When experiment is Both Rented, Policy Smfg_DIRECT and account is Thin cibil When Risk_Grade is A
 Test Loancode =669895efvnf3h
Derived_BTO is =-109567.84 , No haircut and Max Capping is 500000
 Final Eligibility = -109567.84 since max cap is min of haircut and derived amount.
Derived_BTO is =257788.05 , No haircut and Max Capping is 500000
 Final Eligibility = 257788.05 since max cap is min of haircut and derived amount.]]>
    </system-out>
  </testcase> <!-- TC_14 -->
  <testcase classname="Eligibility_Automation.Smfg_Direct" name="TC_02" time="6.851">
    <system-out>
      <![CDATA[TC_02 : When experiment is Both Rented, Policy Smfg_DIRECT When Risk_Grade is B
 Test Loancode =669895efvnf3h
Derived_BTO is =-91385.04 , 15% haircut and Max Capping is 800000
 Final Eligibility = -91385.04 since max cap is min of haircut and derived amount.
Derived_ABB is =301011.3 ,15% haircut and Max Capping is 800000
 Final Eligibility = 255859.6 since max cap is min of haircut and derived amount.]]>
    </system-out>
  </testcase> <!-- TC_02 -->
  <testcase classname="Eligibility_Automation.Smfg_Direct" name="TC_01" time="5.708">
    <system-out>
      <![CDATA[TC_01 : To verify the final capping if policy is Smfg_DIRECT , no experiment, ABB & BTO When Risk_Grade is =A
 Test Loancode =669895efvnf3h
Derived_BTO is =-109567.84 , No haircut and Max Capping is 1500000
 Final Eligibility = -109567.84 since max cap is min of haircut and derived amount.
Derived_ABB is =360903.28 , No haircut and Max Capping is 1500000
 Final Eligibility = 360903.28 since max cap is min of haircut and derived amount.]]>
    </system-out>
  </testcase> <!-- TC_01 -->
  <testcase classname="Eligibility_Automation.Smfg_Direct" name="TC_06" time="2.800">
    <system-out>
      <![CDATA[TC_06 : When experiment is Salaried, Policy Smfg_DIRECT When Risk_Grade is E
 Test Loancode =669895efvnf3h
Eligibility is not getting calculated properly..!!!
Capping Amount After Haircut = 0
Final Eligibility = 0
Derived_ABB is =163914.92 , 25% haircut and Max Capping is 00.00 
 Final Eligibility = 0.0 since max cap is min of haircut and derived amount.]]>
    </system-out>
  </testcase> <!-- TC_06 -->
  <testcase classname="Eligibility_Automation.Smfg_Direct" name="TC_06" time="4.415">
    <system-out>
      <![CDATA[TC_06 : When experiment is Salaried, Policy Smfg_DIRECT When Risk_Grade is B
 Test Loancode =669895efvnf3h
Derived_BTO is =-91385.04 , 15% haircut and Max Capping is 800000
 Final Eligibility = -91385.04 since max cap is min of haircut and derived amount.
Derived_ABB is =301011.3 , 15% haircut and Max Capping is 800000
 Final Eligibility = 255859.6 since max cap is min of haircut and derived amount.]]>
    </system-out>
  </testcase> <!-- TC_06 -->
  <testcase classname="Eligibility_Automation.Smfg_Direct" name="TC_03" time="3.619">
    <system-out>
      <![CDATA[TC_03 :When experiment is Cautious Profile, Policy Smfg_DIRECT When Risk_Grade is D
 Test Loancode =669895efvnf3h
Derived_BTO is =-49763.49 , 25% haircut and Max Capping is 1500000
 Final Eligibility = -49763.49 since max cap is min of haircut and derived amount.
Derived_ABB is =163914.92 , 25% haircut and Max Capping is 1500000
 Final Eligibility = 122936.19 since max cap is min of haircut and derived amount.]]>
    </system-out>
  </testcase> <!-- TC_03 -->
  <testcase classname="Eligibility_Automation.Smfg_Direct" name="TC_01" time="3.356">
    <system-out>
      <![CDATA[TC_01 : To verify the final capping if policy is Smfg_DIRECT , no experiment, ABB & BTO When Risk_Grade is =E
 Test Loancode =669895efvnf3h
Derived_BTO is =-49763.49 , No haircut and Max Capping is 1000000
 Final Eligibility = -49763.49 since max cap is min of haircut and derived amount.
Derived_ABB is =163914.92 , No haircut and Max Capping is 1500000
 Final Eligibility = 163914.92 since max cap is min of haircut and derived amount.]]>
    </system-out>
  </testcase> <!-- TC_01 -->
  <testcase classname="Eligibility_Automation.Smfg_Direct" name="TC_06" time="3.664">
    <system-out>
      <![CDATA[TC_06 : When experiment is Salaried, Policy Smfg_DIRECT When Risk_Grade is A
 Test Loancode =669895efvnf3h
Derived_BTO is =-109567.84 , No haircut and Max Capping is 1000000
 Final Eligibility = -109567.84 since max cap is min of haircut and derived amount.
Derived_ABB is =360903.28 , No haircut and Max Capping is 1000000
 Final Eligibility = 360903.28 since max cap is min of haircut and derived amount.]]>
    </system-out>
  </testcase> <!-- TC_06 -->
  <testcase classname="Eligibility_Automation.Smfg_Direct" name="TC_15" time="3.221">
    <system-out>
      <![CDATA[TC_15 : When experiment is Both Rented, Policy Smfg_DIRECT and account is ODCC When Risk_Grade is A
 Test Loancode =669895efvnf3h
Derived_ABB is =257788.05 , No haircut and Max Capping is 1000000
 Final Eligibility = 257788.05 since max cap is min of haircut and derived amount.]]>
    </system-out>
  </testcase> <!-- TC_15 -->
  <testcase classname="Eligibility_Automation.Smfg_Direct" name="TC_15" time="3.272">
    <system-out>
      <![CDATA[TC_15 : When experiment is Both Rented, Policy Smfg_DIRECT and account is ODCC When Risk_Grade is D
 Test Loancode =669895efvnf3h
Derived_ABB is =117082.09 , 25% haircut and Max Capping is 1000000
 Final Eligibility = 0 since max cap is min of haircut and derived amount.]]>
    </system-out>
  </testcase> <!-- TC_15 -->
  <testcase classname="Eligibility_Automation.Smfg_Direct" name="TC_07" time="4.353">
    <system-out>
      <![CDATA[TC_07 :When Experiment is Personal Loan, Policy Smfg_DIRECT When Risk_Grade is NA
 Test Loancode =669895efvnf3h
Derived_BTO is =-71503.18 , 25.0% haircut and Max Capping is 500000
 Final Eligibility = -71503.18 since max cap is min of haircut and derived amount.
Derived_ABB is =235522.84 , 25.0% haircut and Max Capping is 500000
 Final Eligibility = 0.0 since max cap is min of haircut and derived amount.]]>
    </system-out>
  </testcase> <!-- TC_07 -->
  <testcase classname="Eligibility_Automation.Smfg_Direct" name="TC_11" time="15.560">
    <system-out>
      <![CDATA[TC_11 : NTC with limit When Policy Direct Risk_Grade is D
 Test Loancode =669895efvnf3h
Derived_capping_BTO = -49763.49
IF Risk_Garde IS 'D And Fixed capping is 500000 Lakh, Cibil_Score IS -1 Then Final Capping IS = -49763.49
Derived_capping_ABB = 163914.92
IF Risk_Garde IS 'D And Fixed capping is 500000 Lakh, Cibil_Score IS -1 Then Final Capping IS = 114740.44
Derived_capping_BTO = -49763.49
IF Risk_Garde IS 'D And Fixed capping is 500000 Lakh, Cibil_Score IS 0 Then Final Capping IS = -49763.49
Derived_capping_ABB = 163914.92
IF Risk_Garde IS 'D And Fixed capping is 500000 Lakh, Cibil_Score IS 0 Then Final Capping IS = 114740.44
Derived_capping_BTO = -49763.49
IF Risk_Garde IS 'D And Fixed capping is 500000 Lakh, Cibil_Score IS 200 Then Final Capping IS = -49763.49
Derived_capping_ABB = 163914.92
IF Risk_Garde IS 'D And Fixed capping is 500000 Lakh, Cibil_Score IS 200 Then Final Capping IS = 114740.44
Derived_capping_BTO = -49763.49
IF Risk_Garde IS 'D And Fixed capping is 500000 Lakh, Cibil_Score IS 300 Then Final Capping IS = -49763.49
Derived_capping_ABB = 163914.92
IF Risk_Garde IS 'D And Fixed capping is 500000 Lakh, Cibil_Score IS 300 Then Final Capping IS = 114740.44]]>
    </system-out>
  </testcase> <!-- TC_11 -->
  <testcase classname="Eligibility_Automation.Smfg_Direct" name="TC_10" time="5.111">
    <system-out>
      <![CDATA[TC_10 : Max Capping of NTC and Thin Cibil When Risk_Grade is A
 Test Loancode =669895efvnf3h
Derived_BTO is =-109567.84 , No haircut and Max Capping is 500000
 Final Eligibility = -109567.84 since max cap is min of haircut and derived amount.
Derived_ABB is =360903.28 , No haircut and Max Capping is 500000
 Final Eligibility = 252632.3 since max cap is min of haircut and derived amount.]]>
    </system-out>
  </testcase> <!-- TC_10 -->
  <testcase classname="Eligibility_Automation.Smfg_Direct" name="TC_15" time="3.939">
    <system-out>
      <![CDATA[TC_15 : When experiment is Both Rented, Policy Smfg_DIRECT and account is ODCC When Risk_Grade is NA
 Test Loancode =669895efvnf3h
Derived_ABB is =168230.6 , 25% haircut and Max Capping is 1000000
 Final Eligibility = 0 since max cap is min of haircut and derived amount.]]>
    </system-out>
  </testcase> <!-- TC_15 -->
  <testcase classname="Eligibility_Automation.Smfg_Direct" name="TC_07" time="4.258">
    <system-out>
      <![CDATA[TC_07 :When Experiment is Personal Loan, Policy Smfg_DIRECT When Risk_Grade is B
 Test Loancode =669895efvnf3h
Derived_BTO is =-91385.04 , 15.0% haircut and Max Capping is 500000
 Final Eligibility = -91385.04 since max cap is min of haircut and derived amount.
Derived_ABB is =301011.3 , 15.0% haircut and Max Capping is 500000
 Final Eligibility = 255859.6 since max cap is min of haircut and derived amount.]]>
    </system-out>
  </testcase> <!-- TC_07 -->
  <testcase classname="Eligibility_Automation.Smfg_Direct" name="TC_05" time="3.922">
    <system-out>
      <![CDATA[TC_05 : When experiment is Cautious Location, Policy Smfg_DIRECT when Risk_Grade is NA
 Test Loancode =669895efvnf3h
Derived_BTO is =-71503.18 , 25% haircut and Max Capping is 1000000
 Final Eligibility = -71503.18 since max cap is min of haircut and derived amount.
Derived_ABB is =235522.84 , 25% haircut and Max Capping is 1000000
 Final Eligibility = 0.0 since max cap is min of haircut and derived amount.]]>
    </system-out>
  </testcase> <!-- TC_05 -->
  <testcase classname="Eligibility_Automation.Smfg_Direct" name="TC_09" time="4.500">
    <system-out>
      <![CDATA[TC_09 : Max capping where “no experiment” is applied (excl DSA,) where Business vintage is > 3 years & one property is owned When Risk_Grade isB
 Test Loancode =669895efvnf3h
Derived_BTO is =-91385.04 , No haircut and Max Capping is 2000000
 Final Eligibility = -91385.04 since max cap is min of haircut and derived amount.
Derived_ABB is =301011.3 , No haircut and Max Capping is 2000000
 Final Eligibility = 210707.9 since max cap is min of haircut and derived amount.]]>
    </system-out>
  </testcase> <!-- TC_09 -->
  <testcase classname="Eligibility_Automation.Smfg_Direct" name="TC_13" time="3.755">
    <system-out>
      <![CDATA[TC_13 : When experiment is Both Rented, Policy Smfg_DIRECT and account is NTC When Risk_Grade is NA
 Test Loancode =669895efvnf3h
Derived_BTO is =-71503.18 , No haircut and Max Capping is 500000
 Final Eligibility = 0 since max cap is min of haircut and derived amount.
Derived_ABB is =168230.6 , No haircut and Max Capping is 500000
 Final Eligibility = 0 since max cap is min of haircut and derived amount.]]>
    </system-out>
  </testcase> <!-- TC_13 -->
  <testcase classname="Eligibility_Automation.Smfg_Direct" name="TC_15" time="4.197">
    <system-out>
      <![CDATA[TC_15 : When experiment is Both Rented, Policy Smfg_DIRECT and account is ODCC When Risk_Grade is E
 Test Loancode =669895efvnf3h
Derived_ABB is =117082.09 , 25% haircut and Max Capping is 1000000
 Final Eligibility = 0 since max cap is min of haircut and derived amount.]]>
    </system-out>
  </testcase> <!-- TC_15 -->
  <testcase classname="Eligibility_Automation.Smfg_Direct" name="TC_07" time="4.192">
    <system-out>
      <![CDATA[TC_07 :When Experiment is Personal Loan, Policy Smfg_DIRECT When Risk_Grade is C
 Test Loancode =669895efvnf3h
Derived_BTO is =-71503.18 , 25.0% haircut and Max Capping is 500000
 Final Eligibility = -71503.18 since max cap is min of haircut and derived amount.
Derived_ABB is =235522.84 , 25.0% haircut and Max Capping is 500000
 Final Eligibility = 176642.12 since max cap is min of haircut and derived amount.]]>
    </system-out>
  </testcase> <!-- TC_07 -->
  <testcase classname="Eligibility_Automation.Smfg_Direct" name="TC_10" time="3.803">
    <system-out>
      <![CDATA[TC_10 : Max Capping of NTC and Thin Cibil When Risk_Grade is D
 Test Loancode =669895efvnf3h
Derived_BTO is =-49763.49 , No haircut and Max Capping is 500000
 Final Eligibility = -49763.49 since max cap is min of haircut and derived amount.
Derived_ABB is =163914.92 , No haircut and Max Capping is 500000
 Final Eligibility = 114740.44 since max cap is min of haircut and derived amount.]]>
    </system-out>
  </testcase> <!-- TC_10 -->
  <testcase classname="Eligibility_Automation.Smfg_Direct" name="TC_12" time="4.869">
    <system-out>
      <![CDATA[TC_12 : When ODCC, Policy Smfg_DIRECT (only ABB) When Risk_Grade isC
 Test Loancode =669895efvnf3h
Derived_ABB is =168230.6 , 25% haircut and Max Capping is 1000000
 Final Eligibility = 117761.42 since max cap is min of haircut and derived amount.]]>
    </system-out>
  </testcase> <!-- TC_12 -->
  <testcase classname="Eligibility_Automation.Smfg_Direct" name="TC_11" time="15.799">
    <system-out>
      <![CDATA[TC_11 : NTC with limit When Policy Direct Risk_Grade is C
 Test Loancode =669895efvnf3h
Derived_capping_BTO = -71503.18
IF Risk_Garde IS 'C And Fixed capping is 500000 Lakh, Cibil_Score IS -1 Then Final Capping IS = -71503.18
Derived_capping_ABB = 235522.84
IF Risk_Garde IS 'C And Fixed capping is 500000 Lakh, Cibil_Score IS -1 Then Final Capping IS = 164865.98
Derived_capping_BTO = -71503.18
IF Risk_Garde IS 'C And Fixed capping is 500000 Lakh, Cibil_Score IS 0 Then Final Capping IS = -71503.18
Derived_capping_ABB = 235522.84
IF Risk_Garde IS 'C And Fixed capping is 500000 Lakh, Cibil_Score IS 0 Then Final Capping IS = 164865.98
Derived_capping_BTO = -71503.18
IF Risk_Garde IS 'C And Fixed capping is 500000 Lakh, Cibil_Score IS 200 Then Final Capping IS = -71503.18
Derived_capping_ABB = 235522.84
IF Risk_Garde IS 'C And Fixed capping is 500000 Lakh, Cibil_Score IS 200 Then Final Capping IS = 164865.98
Derived_capping_BTO = -71503.18
IF Risk_Garde IS 'C And Fixed capping is 500000 Lakh, Cibil_Score IS 300 Then Final Capping IS = -71503.18
Derived_capping_ABB = 235522.84
IF Risk_Garde IS 'C And Fixed capping is 500000 Lakh, Cibil_Score IS 300 Then Final Capping IS = 164865.98]]>
    </system-out>
  </testcase> <!-- TC_11 -->
  <testcase classname="Eligibility_Automation.Smfg_Direct" name="TC_13" time="3.084">
    <system-out>
      <![CDATA[TC_13 : When experiment is Both Rented, Policy Smfg_DIRECT and account is NTC When Risk_Grade is E
 Test Loancode =669895efvnf3h
Derived_BTO is =-49763.49 , No haircut and Max Capping is 500000
 Final Eligibility = 0 since max cap is min of haircut and derived amount.
Derived_ABB is =117082.09 , No haircut and Max Capping is 500000
 Final Eligibility = 0 since max cap is min of haircut and derived amount.]]>
    </system-out>
  </testcase> <!-- TC_13 -->
  <testcase classname="Eligibility_Automation.Smfg_Direct" name="TC_10" time="3.386">
    <system-out>
      <![CDATA[TC_10 : Max Capping of NTC and Thin Cibil When Risk_Grade is B
 Test Loancode =669895efvnf3h
Derived_BTO is =-91385.04 , No haircut and Max Capping is 500000
 Final Eligibility = -91385.04 since max cap is min of haircut and derived amount.
Derived_ABB is =301011.3 , No haircut and Max Capping is 500000
 Final Eligibility = 210707.9 since max cap is min of haircut and derived amount.]]>
    </system-out>
  </testcase> <!-- TC_10 -->
  <testcase classname="Eligibility_Automation.Smfg_Direct" name="TC_08" time="4.322">
    <system-out>
      <![CDATA[TC_08 : When Experiment is Saving Account, Policy Smfg_DIRECT When Risk_Grade is A
 Test Loancode =669895efvnf3h
Derived_BTO is =-109567.84 , 30% haircut and Max Capping is 500000
 Final Eligibility = -109567.84 since max cap is min of haircut and derived amount.
Derived_ABB is =360903.28 , 30% haircut and Max Capping is 500000
 Final Eligibility = 252632.3 since max cap is min of haircut and derived amount.]]>
    </system-out>
  </testcase> <!-- TC_08 -->
  <testcase classname="Eligibility_Automation.Smfg_Direct" name="TC_05" time="3.920">
    <system-out>
      <![CDATA[TC_05 : When experiment is Cautious Location, Policy Smfg_DIRECT when Risk_Grade is B
 Test Loancode =669895efvnf3h
Derived_BTO is =-91385.04 , 15% haircut and Max Capping is 1500000
 Final Eligibility = -91385.04 since max cap is min of haircut and derived amount.
Derived_ABB is =301011.3 , 15% haircut and Max Capping is 1500000
 Final Eligibility = 255859.6 since max cap is min of haircut and derived amount.]]>
    </system-out>
  </testcase> <!-- TC_05 -->
  <testcase classname="Eligibility_Automation.Smfg_Direct" name="TC_14" time="3.736">
    <system-out>
      <![CDATA[TC_14 : When experiment is Both Rented, Policy Smfg_DIRECT and account is Thin cibil When Risk_Grade is D
 Test Loancode =669895efvnf3h
Derived_BTO is =-49763.49 , No haircut and Max Capping is 500000
 Final Eligibility = -49763.49 since max cap is min of haircut and derived amount.
Derived_BTO is =117082.09 , No haircut and Max Capping is 500000
 Final Eligibility = 0.0 since max cap is min of haircut and derived amount.]]>
    </system-out>
  </testcase> <!-- TC_14 -->
  <system-out>
    <![CDATA[ DB Connection Successfull
 DB Connection Successfull
TC_01 : To verify the final capping if policy is Smfg_DIRECT , no experiment, ABB & BTO When Risk_Grade is =A
 Test Loancode =669895efvnf3h
Derived_BTO is =-109567.84 , No haircut and Max Capping is 1500000
 Final Eligibility = -109567.84 since max cap is min of haircut and derived amount.
Derived_ABB is =360903.28 , No haircut and Max Capping is 1500000
 Final Eligibility = 360903.28 since max cap is min of haircut and derived amount.
TC_01 : To verify the final capping if policy is Smfg_DIRECT , no experiment, ABB & BTO When Risk_Grade is =B
 Test Loancode =669895efvnf3h
Derived_BTO is =-91385.04 , No haircut and Max Capping is 1500000
 Final Eligibility = -91385.04 since max cap is min of haircut and derived amount.
Derived_ABB is =301011.3 , No haircut and Max Capping is 1500000
 Final Eligibility = 301011.3 since max cap is min of haircut and derived amount.
TC_01 : To verify the final capping if policy is Smfg_DIRECT , no experiment, ABB & BTO When Risk_Grade is =C
 Test Loancode =669895efvnf3h
Derived_BTO is =-71503.18 , No haircut and Max Capping is 1500000
 Final Eligibility = -71503.18 since max cap is min of haircut and derived amount.
Derived_ABB is =235522.84 , No haircut and Max Capping is 1500000
 Final Eligibility = 235522.84 since max cap is min of haircut and derived amount.
TC_01 : To verify the final capping if policy is Smfg_DIRECT , no experiment, ABB & BTO When Risk_Grade is =D
 Test Loancode =669895efvnf3h
Derived_BTO is =-49763.49 , No haircut and Max Capping is 1500000
 Final Eligibility = -49763.49 since max cap is min of haircut and derived amount.
Derived_ABB is =163914.92 , No haircut and Max Capping is 1500000
 Final Eligibility = 163914.92 since max cap is min of haircut and derived amount.
TC_01 : To verify the final capping if policy is Smfg_DIRECT , no experiment, ABB & BTO When Risk_Grade is =E
 Test Loancode =669895efvnf3h
Derived_BTO is =-49763.49 , No haircut and Max Capping is 1000000
 Final Eligibility = -49763.49 since max cap is min of haircut and derived amount.
Derived_ABB is =163914.92 , No haircut and Max Capping is 1500000
 Final Eligibility = 163914.92 since max cap is min of haircut and derived amount.
TC_01 : To verify the final capping if policy is Smfg_DIRECT , no experiment, ABB & BTO When Risk_Grade is =NA
 Test Loancode =669895efvnf3h
Derived_BTO is =-71503.18 , No haircut and Max Capping is 1500000
 Final Eligibility = -71503.18 since max cap is min of haircut and derived amount.
Derived_ABB is =235522.84 , No haircut and Max Capping is 1500000
 Final Eligibility = 235522.84 since max cap is min of haircut and derived amount.
TC_02 : When experiment is Both Rented, Policy Smfg_DIRECT When Risk_Grade is A
 Test Loancode =669895efvnf3h
Derived_BTO is =-109567.84 , No haircut and Max Capping is 1000000
 Final Eligibility = -109567.84 since max cap is min of haircut and derived amount.
Derived_ABB is =360903.28 , No haircut and Max Capping is 1000000
 Final Eligibility = 360903.28 since max cap is min of haircut and derived amount.
TC_02 : When experiment is Both Rented, Policy Smfg_DIRECT When Risk_Grade is B
 Test Loancode =669895efvnf3h
Derived_BTO is =-91385.04 , 15% haircut and Max Capping is 800000
 Final Eligibility = -91385.04 since max cap is min of haircut and derived amount.
Derived_ABB is =301011.3 ,15% haircut and Max Capping is 800000
 Final Eligibility = 255859.6 since max cap is min of haircut and derived amount.
TC_02 : When experiment is Both Rented, Policy Smfg_DIRECT When Risk_Grade is C
 Test Loancode =669895efvnf3h
Derived_BTO is =-71503.18 , 25% haircut and Max Capping is 600000
 Final Eligibility = -71503.18 since max cap is min of haircut and derived amount.
Derived_ABB is =235522.84 , 25% haircut and Max Capping is 600000
 Final Eligibility = 176642.12 since max cap is min of haircut and derived amount.
TC_02 : When experiment is Both Rented, Policy Smfg_DIRECT When Risk_Grade is D
 Test Loancode =669895efvnf3h
Derived_BTO is =-49763.49 , 25% haircut and Max Capping is 600000
 Final Eligibility = -49763.49 since max cap is min of haircut and derived amount.
Derived_ABB is =163914.92 , 25% haircut and Max Capping is 600000
 Final Eligibility = 0.0 since max cap is min of haircut and derived amount.
TC_02 : When experiment is Both Rented, Policy Smfg_DIRECT When Risk_Grade is E
 Test Loancode =669895efvnf3h
Derived_BTO is =-49763.49 , 25% haircut and Max Capping is 600000
 Final Eligibility = -49763.49 since max cap is min of haircut and derived amount.
Derived_ABB is =163914.92 , 25% haircut and Max Capping is 600000
 Final Eligibility = 0.0 since max cap is min of haircut and derived amount.
TC_02 : When experiment is Both Rented, Policy Smfg_DIRECT When Risk_Grade is NA
 Test Loancode =669895efvnf3h
Derived_BTO is =-71503.18 , 25% haircut and Max Capping is 600000
 Final Eligibility = -71503.18 since max cap is min of haircut and derived amount.
Derived_ABB is =235522.84 , 25% haircut and Max Capping is 600000
 Final Eligibility = 0.0 since max cap is min of haircut and derived amount.
TC_03 :When experiment is Cautious Profile, Policy Smfg_DIRECT When Risk_Grade is A
 Test Loancode =669895efvnf3h
Derived_BTO is =-109567.84 , No haircut and Max Capping is 1500000
 Final Eligibility = -109567.84 since max cap is min of haircut and derived amount.
Derived_ABB is =360903.28 , No haircut and Max Capping is 1500000
 Final Eligibility = 360903.28 since max cap is min of haircut and derived amount.
TC_03 :When experiment is Cautious Profile, Policy Smfg_DIRECT When Risk_Grade is B
 Test Loancode =669895efvnf3h
Derived_BTO is =-91385.04 , 15% haircut and Max Capping is 1500000
 Final Eligibility = -91385.04 since max cap is min of haircut and derived amount.
Derived_ABB is =301011.3 , 15% haircut and Max Capping is 1500000
 Final Eligibility = 255859.6 since max cap is min of haircut and derived amount.
TC_03 :When experiment is Cautious Profile, Policy Smfg_DIRECT When Risk_Grade is C
 Test Loancode =669895efvnf3h
Derived_BTO is =-71503.18 , 25% haircut and Max Capping is 1500000
 Final Eligibility = -71503.18 since max cap is min of haircut and derived amount.
Derived_ABB is =235522.84 , 25% haircut and Max Capping is 1500000
 Final Eligibility = 176642.12 since max cap is min of haircut and derived amount.
TC_03 :When experiment is Cautious Profile, Policy Smfg_DIRECT When Risk_Grade is D
 Test Loancode =669895efvnf3h
Derived_BTO is =-49763.49 , 25% haircut and Max Capping is 1500000
 Final Eligibility = -49763.49 since max cap is min of haircut and derived amount.
Derived_ABB is =163914.92 , 25% haircut and Max Capping is 1500000
 Final Eligibility = 122936.19 since max cap is min of haircut and derived amount.
TC_03 :When experiment is Cautious Profile, Policy Smfg_DIRECT When Risk_Grade is E
 Test Loancode =669895efvnf3h
Derived_BTO is =-49763.49 , 25% haircut and Max Capping is 1500000
 Final Eligibility = -49763.49 since max cap is min of haircut and derived amount.
Derived_ABB is =163914.92 , 25% haircut and Max Capping is 1500000
 Final Eligibility = 0.0 since max cap is min of haircut and derived amount.
TC_03 :When experiment is Cautious Profile, Policy Smfg_DIRECT When Risk_Grade is NA
 Test Loancode =669895efvnf3h
Derived_BTO is =-71503.18 , 25% haircut and Max Capping is 1500000
 Final Eligibility = -71503.18 since max cap is min of haircut and derived amount.
Derived_ABB is =235522.84 , 25% haircut and Max Capping is 1500000
 Final Eligibility = 0.0 since max cap is min of haircut and derived amount.
TC_04 :When experiment is Toxic Profile, Policy Smfg_DIRECT When Risk_Grade is A
 Test Loancode =669895efvnf3h
Derived_BTO is =-109567.84 , No haircut and Max Capping is 1000000
 Final Eligibility = -109567.84 since max cap is min of haircut and derived amount.
Derived_ABB is =360903.28 , No haircut and Max Capping is 1000000
 Final Eligibility = 360903.28 since max cap is min of haircut and derived amount.
TC_04 :When experiment is Toxic Profile, Policy Smfg_DIRECT When Risk_Grade is B
 Test Loancode =669895efvnf3h
Derived_BTO is =-91385.04 ,15.0% haircut and Max Capping is 1000000
 Final Eligibility = -91385.04 since max cap is min of haircut and derived amount.
Derived_ABB is =301011.3 ,15.0% haircut and Max Capping is 1000000
 Final Eligibility = 255859.6 since max cap is min of haircut and derived amount.
TC_04 :When experiment is Toxic Profile, Policy Smfg_DIRECT When Risk_Grade is C
 Test Loancode =669895efvnf3h
Derived_BTO is =-71503.18 ,25.0% haircut and Max Capping is 1000000
 Final Eligibility = -71503.18 since max cap is min of haircut and derived amount.
Derived_ABB is =235522.84 ,25.0% haircut and Max Capping is 1000000
 Final Eligibility = 176642.12 since max cap is min of haircut and derived amount.
TC_04 :When experiment is Toxic Profile, Policy Smfg_DIRECT When Risk_Grade is D
 Test Loancode =669895efvnf3h
Derived_BTO is =-49763.49 ,25.0% haircut and Max Capping is 1000000
 Final Eligibility = -49763.49 since max cap is min of haircut and derived amount.
Derived_ABB is =163914.92 ,25.0% haircut and Max Capping is 1000000
 Final Eligibility = 0.0 since max cap is min of haircut and derived amount.
TC_04 :When experiment is Toxic Profile, Policy Smfg_DIRECT When Risk_Grade is E
 Test Loancode =669895efvnf3h
Derived_BTO is =-49763.49 ,25.0% haircut and Max Capping is 1000000
 Final Eligibility = -49763.49 since max cap is min of haircut and derived amount.
Derived_ABB is =163914.92 ,25.0% haircut and Max Capping is 1000000
 Final Eligibility = 0.0 since max cap is min of haircut and derived amount.
TC_04 :When experiment is Toxic Profile, Policy Smfg_DIRECT When Risk_Grade is NA
 Test Loancode =669895efvnf3h
Derived_BTO is =-71503.18 ,25.0% haircut and Max Capping is 1000000
 Final Eligibility = -71503.18 since max cap is min of haircut and derived amount.
Derived_ABB is =235522.84 ,25.0% haircut and Max Capping is 1000000
 Final Eligibility = 0.0 since max cap is min of haircut and derived amount.
TC_05 : When experiment is Cautious Location, Policy Smfg_DIRECT when Risk_Grade is A
 Test Loancode =669895efvnf3h
Derived_BTO is =-109567.84 , No haircut and Max Capping is 1500000
 Final Eligibility = -109567.84 since max cap is min of haircut and derived amount.
Derived_ABB is =360903.28 , No haircut and Max Capping is 1500000
 Final Eligibility = 360903.28 since max cap is min of haircut and derived amount.
TC_05 : When experiment is Cautious Location, Policy Smfg_DIRECT when Risk_Grade is B
 Test Loancode =669895efvnf3h
Derived_BTO is =-91385.04 , 15% haircut and Max Capping is 1500000
 Final Eligibility = -91385.04 since max cap is min of haircut and derived amount.
Derived_ABB is =301011.3 , 15% haircut and Max Capping is 1500000
 Final Eligibility = 255859.6 since max cap is min of haircut and derived amount.
TC_05 : When experiment is Cautious Location, Policy Smfg_DIRECT when Risk_Grade is C
 Test Loancode =669895efvnf3h
Derived_BTO is =-71503.18 , 25% haircut and Max Capping is 1000000
 Final Eligibility = -71503.18 since max cap is min of haircut and derived amount.
Derived_ABB is =235522.84 , 25% haircut and Max Capping is 1000000
 Final Eligibility = 176642.12 since max cap is min of haircut and derived amount.
TC_05 : When experiment is Cautious Location, Policy Smfg_DIRECT when Risk_Grade is D
 Test Loancode =669895efvnf3h
Derived_BTO is =-49763.49 , 25% haircut and Max Capping is 1000000
 Final Eligibility = -49763.49 since max cap is min of haircut and derived amount.
Derived_ABB is =163914.92 , 25% haircut and Max Capping is 1000000
 Final Eligibility = 122936.19 since max cap is min of haircut and derived amount.
TC_05 : When experiment is Cautious Location, Policy Smfg_DIRECT when Risk_Grade is E
 Test Loancode =669895efvnf3h
Derived_BTO is =-49763.49 , 25% haircut and Max Capping is 1000000
 Final Eligibility = -49763.49 since max cap is min of haircut and derived amount.
Derived_ABB is =163914.92 , 25% haircut and Max Capping is 1000000
 Final Eligibility = 0.0 since max cap is min of haircut and derived amount.
TC_05 : When experiment is Cautious Location, Policy Smfg_DIRECT when Risk_Grade is NA
 Test Loancode =669895efvnf3h
Derived_BTO is =-71503.18 , 25% haircut and Max Capping is 1000000
 Final Eligibility = -71503.18 since max cap is min of haircut and derived amount.
Derived_ABB is =235522.84 , 25% haircut and Max Capping is 1000000
 Final Eligibility = 0.0 since max cap is min of haircut and derived amount.
TC_06 : When experiment is Salaried, Policy Smfg_DIRECT When Risk_Grade is A
 Test Loancode =669895efvnf3h
Derived_BTO is =-109567.84 , No haircut and Max Capping is 1000000
 Final Eligibility = -109567.84 since max cap is min of haircut and derived amount.
Derived_ABB is =360903.28 , No haircut and Max Capping is 1000000
 Final Eligibility = 360903.28 since max cap is min of haircut and derived amount.
TC_06 : When experiment is Salaried, Policy Smfg_DIRECT When Risk_Grade is B
 Test Loancode =669895efvnf3h
Derived_BTO is =-91385.04 , 15% haircut and Max Capping is 800000
 Final Eligibility = -91385.04 since max cap is min of haircut and derived amount.
Derived_ABB is =301011.3 , 15% haircut and Max Capping is 800000
 Final Eligibility = 255859.6 since max cap is min of haircut and derived amount.
TC_06 : When experiment is Salaried, Policy Smfg_DIRECT When Risk_Grade is C
 Test Loancode =669895efvnf3h
Derived_BTO is =-71503.18 , 25% haircut and Max Capping is 600000
 Final Eligibility = -71503.18 since max cap is min of haircut and derived amount.
Derived_ABB is =235522.84 , 25% haircut and Max Capping is 600000
 Final Eligibility = 176642.12 since max cap is min of haircut and derived amount.
TC_06 : When experiment is Salaried, Policy Smfg_DIRECT When Risk_Grade is D
 Test Loancode =669895efvnf3h
Eligibility is not getting calculated properly..!!!
Capping Amount After Haircut = 0
Final Eligibility = 0
Derived_ABB is =163914.92 , 25% haircut and Max Capping is 00.00 
 Final Eligibility = 0.0 since max cap is min of haircut and derived amount.
TC_06 : When experiment is Salaried, Policy Smfg_DIRECT When Risk_Grade is E
 Test Loancode =669895efvnf3h
Eligibility is not getting calculated properly..!!!
Capping Amount After Haircut = 0
Final Eligibility = 0
Derived_ABB is =163914.92 , 25% haircut and Max Capping is 00.00 
 Final Eligibility = 0.0 since max cap is min of haircut and derived amount.
TC_06 : When experiment is Salaried, Policy Smfg_DIRECT When Risk_Grade is NA
 Test Loancode =669895efvnf3h
Derived_BTO is =-71503.18 , 25% haircut and Max Capping is 600000
 Final Eligibility = -71503.18 since max cap is min of haircut and derived amount.
Derived_ABB is =235522.84 , 25% haircut and Max Capping is 600000
 Final Eligibility = 0.0 since max cap is min of haircut and derived amount.
TC_07 :When Experiment is Personal Loan, Policy Smfg_DIRECT When Risk_Grade is A
 Test Loancode =669895efvnf3h
Derived_BTO is =-109567.84 , No haircut and Max Capping is 500000
 Final Eligibility = -109567.84 since max cap is min of haircut and derived amount.
Derived_ABB is =360903.28 , No haircut and Max Capping is 500000
 Final Eligibility = 360903.28 since max cap is min of haircut and derived amount.
TC_07 :When Experiment is Personal Loan, Policy Smfg_DIRECT When Risk_Grade is B
 Test Loancode =669895efvnf3h
Derived_BTO is =-91385.04 , 15.0% haircut and Max Capping is 500000
 Final Eligibility = -91385.04 since max cap is min of haircut and derived amount.
Derived_ABB is =301011.3 , 15.0% haircut and Max Capping is 500000
 Final Eligibility = 255859.6 since max cap is min of haircut and derived amount.
TC_07 :When Experiment is Personal Loan, Policy Smfg_DIRECT When Risk_Grade is C
 Test Loancode =669895efvnf3h
Derived_BTO is =-71503.18 , 25.0% haircut and Max Capping is 500000
 Final Eligibility = -71503.18 since max cap is min of haircut and derived amount.
Derived_ABB is =235522.84 , 25.0% haircut and Max Capping is 500000
 Final Eligibility = 176642.12 since max cap is min of haircut and derived amount.
TC_07 :When Experiment is Personal Loan, Policy Smfg_DIRECT When Risk_Grade is D
 Test Loancode =669895efvnf3h
Derived_BTO is =-49763.49 , 25.0% haircut and Max Capping is 00.00
 Final Eligibility = -49763.49 since max cap is min of haircut and derived amount.
Derived_ABB is =163914.92 , 25.0% haircut and Max Capping is 00.00
 Final Eligibility = 0.0 since max cap is min of haircut and derived amount.
TC_07 :When Experiment is Personal Loan, Policy Smfg_DIRECT When Risk_Grade is E
 Test Loancode =669895efvnf3h
Derived_BTO is =-49763.49 , 25.0% haircut and Max Capping is 00.00
 Final Eligibility = -49763.49 since max cap is min of haircut and derived amount.
Derived_ABB is =163914.92 , 25.0% haircut and Max Capping is 00.00
 Final Eligibility = 0.0 since max cap is min of haircut and derived amount.
TC_07 :When Experiment is Personal Loan, Policy Smfg_DIRECT When Risk_Grade is NA
 Test Loancode =669895efvnf3h
Derived_BTO is =-71503.18 , 25.0% haircut and Max Capping is 500000
 Final Eligibility = -71503.18 since max cap is min of haircut and derived amount.
Derived_ABB is =235522.84 , 25.0% haircut and Max Capping is 500000
 Final Eligibility = 0.0 since max cap is min of haircut and derived amount.
TC_08 : When Experiment is Saving Account, Policy Smfg_DIRECT When Risk_Grade is A
 Test Loancode =669895efvnf3h
Derived_BTO is =-109567.84 , 30% haircut and Max Capping is 500000
 Final Eligibility = -109567.84 since max cap is min of haircut and derived amount.
Derived_ABB is =360903.28 , 30% haircut and Max Capping is 500000
 Final Eligibility = 252632.3 since max cap is min of haircut and derived amount.
TC_08 : When Experiment is Saving Account, Policy Smfg_DIRECT When Risk_Grade is B
 Test Loancode =669895efvnf3h
Derived_BTO is =-91385.04 , 30% haircut and Max Capping is 500000
 Final Eligibility = -91385.04 since max cap is min of haircut and derived amount.
Derived_ABB is =301011.3 , 30% haircut and Max Capping is 500000
 Final Eligibility = 210707.9 since max cap is min of haircut and derived amount.
TC_08 : When Experiment is Saving Account, Policy Smfg_DIRECT When Risk_Grade is C
 Test Loancode =669895efvnf3h
Derived_BTO is =-71503.18 , 30% haircut and Max Capping is 500000
 Final Eligibility = -71503.18 since max cap is min of haircut and derived amount.
Derived_ABB is =235522.84 , 30% haircut and Max Capping is 500000
 Final Eligibility = 164865.98 since max cap is min of haircut and derived amount.
TC_08 : When Experiment is Saving Account, Policy Smfg_DIRECT When Risk_Grade is D
 Test Loancode =669895efvnf3h
Eligibility is not getting calculated properly..!!!
Capping Amount After Haircut = 0
Final Eligibility = 0
Derived_ABB is =163914.92 , 30% haircut and Max Capping is 00.00
 Final Eligibility = 114740.44 since max cap is min of haircut and derived amount.
TC_08 : When Experiment is Saving Account, Policy Smfg_DIRECT When Risk_Grade is E
 Test Loancode =669895efvnf3h
Eligibility is not getting calculated properly..!!!
Capping Amount After Haircut = 0
Final Eligibility = 0
Derived_ABB is =163914.92 , 30% haircut and Max Capping is 00.00
 Final Eligibility = 114740.44 since max cap is min of haircut and derived amount.
TC_08 : When Experiment is Saving Account, Policy Smfg_DIRECT When Risk_Grade is NA
 Test Loancode =669895efvnf3h
Derived_BTO is =-71503.18 , 30% haircut and Max Capping is 500000
 Final Eligibility = -71503.18 since max cap is min of haircut and derived amount.
Derived_ABB is =235522.84 , 30% haircut and Max Capping is 500000
 Final Eligibility = 0.0 since max cap is min of haircut and derived amount.
TC_09 : Max capping where “no experiment” is applied (excl DSA,) where Business vintage is > 3 years & one property is owned When Risk_Grade isA
 Test Loancode =669895efvnf3h
Derived_BTO is =-109567.84 , No haircut and Max Capping is 2000000
 Final Eligibility = -109567.84 since max cap is min of haircut and derived amount.
Derived_ABB is =360903.28 , No haircut and Max Capping is 2000000
 Final Eligibility = 252632.3 since max cap is min of haircut and derived amount.
TC_09 : Max capping where “no experiment” is applied (excl DSA,) where Business vintage is > 3 years & one property is owned When Risk_Grade isB
 Test Loancode =669895efvnf3h
Derived_BTO is =-91385.04 , No haircut and Max Capping is 2000000
 Final Eligibility = -91385.04 since max cap is min of haircut and derived amount.
Derived_ABB is =301011.3 , No haircut and Max Capping is 2000000
 Final Eligibility = 210707.9 since max cap is min of haircut and derived amount.
TC_09 : Max capping where “no experiment” is applied (excl DSA,) where Business vintage is > 3 years & one property is owned When Risk_Grade isC
 Test Loancode =669895efvnf3h
Derived_BTO is =-71503.18 , No haircut and Max Capping is 1500000
 Final Eligibility = -71503.18 since max cap is min of haircut and derived amount.
Derived_ABB is =235522.84 , No haircut and Max Capping is 2000000
 Final Eligibility = 164865.98 since max cap is min of haircut and derived amount.
TC_09 : Max capping where “no experiment” is applied (excl DSA,) where Business vintage is > 3 years & one property is owned When Risk_Grade isD
 Test Loancode =669895efvnf3h
Derived_BTO is =-49763.49 , No haircut and Max Capping is 1500000
 Final Eligibility = -49763.49 since max cap is min of haircut and derived amount.
Derived_ABB is =163914.92 , No haircut and Max Capping is 2000000
 Final Eligibility = 114740.44 since max cap is min of haircut and derived amount.
TC_10 : Max Capping of NTC and Thin Cibil When Risk_Grade is A
 Test Loancode =669895efvnf3h
Derived_BTO is =-109567.84 , No haircut and Max Capping is 500000
 Final Eligibility = -109567.84 since max cap is min of haircut and derived amount.
Derived_ABB is =360903.28 , No haircut and Max Capping is 500000
 Final Eligibility = 252632.3 since max cap is min of haircut and derived amount.
TC_10 : Max Capping of NTC and Thin Cibil When Risk_Grade is B
 Test Loancode =669895efvnf3h
Derived_BTO is =-91385.04 , No haircut and Max Capping is 500000
 Final Eligibility = -91385.04 since max cap is min of haircut and derived amount.
Derived_ABB is =301011.3 , No haircut and Max Capping is 500000
 Final Eligibility = 210707.9 since max cap is min of haircut and derived amount.
TC_10 : Max Capping of NTC and Thin Cibil When Risk_Grade is C
 Test Loancode =669895efvnf3h
Derived_BTO is =-71503.18 , No haircut and Max Capping is 500000
 Final Eligibility = -71503.18 since max cap is min of haircut and derived amount.
Derived_ABB is =235522.84 , No haircut and Max Capping is 500000
 Final Eligibility = 164865.98 since max cap is min of haircut and derived amount.
TC_10 : Max Capping of NTC and Thin Cibil When Risk_Grade is D
 Test Loancode =669895efvnf3h
Derived_BTO is =-49763.49 , No haircut and Max Capping is 500000
 Final Eligibility = -49763.49 since max cap is min of haircut and derived amount.
Derived_ABB is =163914.92 , No haircut and Max Capping is 500000
 Final Eligibility = 114740.44 since max cap is min of haircut and derived amount.
TC_10 : Max Capping of NTC and Thin Cibil When Risk_Grade is E
 Test Loancode =669895efvnf3h
Derived_BTO is =-49763.49 , No haircut and Max Capping is 500000
 Final Eligibility = -49763.49 since max cap is min of haircut and derived amount.
Derived_ABB is =163914.92 , No haircut and Max Capping is 500000
 Final Eligibility = 114740.44 since max cap is min of haircut and derived amount.
TC_10 : Max Capping of NTC and Thin Cibil When Risk_Grade is NA
 Test Loancode =669895efvnf3h
Derived_BTO is =-71503.18 , No haircut and Max Capping is 500000
 Final Eligibility = -71503.18 since max cap is min of haircut and derived amount.
Derived_ABB is =235522.84 , No haircut and Max Capping is 500000
 Final Eligibility = 0.0 since max cap is min of haircut and derived amount.
TC_11 : NTC with limit When Policy Direct Risk_Grade is A
 Test Loancode =669895efvnf3h
Derived_capping_BTO = -109567.84
IF Risk_Garde IS 'A And Fixed capping is 500000 Lakh, Cibil_Score IS -1 Then Final Capping IS = -109567.84
Derived_capping_ABB = 360903.28
IF Risk_Garde IS 'A And Fixed capping is 500000 Lakh, Cibil_Score IS -1 Then Final Capping IS = 252632.3
Derived_capping_BTO = -109567.84
IF Risk_Garde IS 'A And Fixed capping is 500000 Lakh, Cibil_Score IS 0 Then Final Capping IS = -109567.84
Derived_capping_ABB = 360903.28
IF Risk_Garde IS 'A And Fixed capping is 500000 Lakh, Cibil_Score IS 0 Then Final Capping IS = 252632.3
Derived_capping_BTO = -109567.84
IF Risk_Garde IS 'A And Fixed capping is 500000 Lakh, Cibil_Score IS 200 Then Final Capping IS = -109567.84
Derived_capping_ABB = 360903.28
IF Risk_Garde IS 'A And Fixed capping is 500000 Lakh, Cibil_Score IS 200 Then Final Capping IS = 252632.3
Derived_capping_BTO = -109567.84
IF Risk_Garde IS 'A And Fixed capping is 500000 Lakh, Cibil_Score IS 300 Then Final Capping IS = -109567.84
Derived_capping_ABB = 360903.28
IF Risk_Garde IS 'A And Fixed capping is 500000 Lakh, Cibil_Score IS 300 Then Final Capping IS = 252632.3
TC_11 : NTC with limit When Policy Direct Risk_Grade is B
 Test Loancode =669895efvnf3h
Derived_capping_BTO = -91385.04
IF Risk_Garde IS 'B And Fixed capping is 500000 Lakh, Cibil_Score IS -1 Then Final Capping IS = -91385.04
Derived_capping_ABB = 301011.3
IF Risk_Garde IS 'B And Fixed capping is 500000 Lakh, Cibil_Score IS -1 Then Final Capping IS = 210707.9
Derived_capping_BTO = -91385.04
IF Risk_Garde IS 'B And Fixed capping is 500000 Lakh, Cibil_Score IS 0 Then Final Capping IS = -91385.04
Derived_capping_ABB = 301011.3
IF Risk_Garde IS 'B And Fixed capping is 500000 Lakh, Cibil_Score IS 0 Then Final Capping IS = 210707.9
Derived_capping_BTO = -91385.04
IF Risk_Garde IS 'B And Fixed capping is 500000 Lakh, Cibil_Score IS 200 Then Final Capping IS = -91385.04
Derived_capping_ABB = 301011.3
IF Risk_Garde IS 'B And Fixed capping is 500000 Lakh, Cibil_Score IS 200 Then Final Capping IS = 210707.9
Derived_capping_BTO = -91385.04
IF Risk_Garde IS 'B And Fixed capping is 500000 Lakh, Cibil_Score IS 300 Then Final Capping IS = -91385.04
Derived_capping_ABB = 301011.3
IF Risk_Garde IS 'B And Fixed capping is 500000 Lakh, Cibil_Score IS 300 Then Final Capping IS = 210707.9
TC_11 : NTC with limit When Policy Direct Risk_Grade is C
 Test Loancode =669895efvnf3h
Derived_capping_BTO = -71503.18
IF Risk_Garde IS 'C And Fixed capping is 500000 Lakh, Cibil_Score IS -1 Then Final Capping IS = -71503.18
Derived_capping_ABB = 235522.84
IF Risk_Garde IS 'C And Fixed capping is 500000 Lakh, Cibil_Score IS -1 Then Final Capping IS = 164865.98
Derived_capping_BTO = -71503.18
IF Risk_Garde IS 'C And Fixed capping is 500000 Lakh, Cibil_Score IS 0 Then Final Capping IS = -71503.18
Derived_capping_ABB = 235522.84
IF Risk_Garde IS 'C And Fixed capping is 500000 Lakh, Cibil_Score IS 0 Then Final Capping IS = 164865.98
Derived_capping_BTO = -71503.18
IF Risk_Garde IS 'C And Fixed capping is 500000 Lakh, Cibil_Score IS 200 Then Final Capping IS = -71503.18
Derived_capping_ABB = 235522.84
IF Risk_Garde IS 'C And Fixed capping is 500000 Lakh, Cibil_Score IS 200 Then Final Capping IS = 164865.98
Derived_capping_BTO = -71503.18
IF Risk_Garde IS 'C And Fixed capping is 500000 Lakh, Cibil_Score IS 300 Then Final Capping IS = -71503.18
Derived_capping_ABB = 235522.84
IF Risk_Garde IS 'C And Fixed capping is 500000 Lakh, Cibil_Score IS 300 Then Final Capping IS = 164865.98
TC_11 : NTC with limit When Policy Direct Risk_Grade is D
 Test Loancode =669895efvnf3h
Derived_capping_BTO = -49763.49
IF Risk_Garde IS 'D And Fixed capping is 500000 Lakh, Cibil_Score IS -1 Then Final Capping IS = -49763.49
Derived_capping_ABB = 163914.92
IF Risk_Garde IS 'D And Fixed capping is 500000 Lakh, Cibil_Score IS -1 Then Final Capping IS = 114740.44
Derived_capping_BTO = -49763.49
IF Risk_Garde IS 'D And Fixed capping is 500000 Lakh, Cibil_Score IS 0 Then Final Capping IS = -49763.49
Derived_capping_ABB = 163914.92
IF Risk_Garde IS 'D And Fixed capping is 500000 Lakh, Cibil_Score IS 0 Then Final Capping IS = 114740.44
Derived_capping_BTO = -49763.49
IF Risk_Garde IS 'D And Fixed capping is 500000 Lakh, Cibil_Score IS 200 Then Final Capping IS = -49763.49
Derived_capping_ABB = 163914.92
IF Risk_Garde IS 'D And Fixed capping is 500000 Lakh, Cibil_Score IS 200 Then Final Capping IS = 114740.44
Derived_capping_BTO = -49763.49
IF Risk_Garde IS 'D And Fixed capping is 500000 Lakh, Cibil_Score IS 300 Then Final Capping IS = -49763.49
Derived_capping_ABB = 163914.92
IF Risk_Garde IS 'D And Fixed capping is 500000 Lakh, Cibil_Score IS 300 Then Final Capping IS = 114740.44
TC_11 : NTC with limit When Policy Direct Risk_Grade is E
 Test Loancode =669895efvnf3h
Derived_capping_BTO = -49763.49
IF Risk_Garde IS 'E And Fixed capping is 500000 Lakh, Cibil_Score IS -1 Then Final Capping IS = -49763.49
Derived_capping_ABB = 163914.92
IF Risk_Garde IS 'E And Fixed capping is 500000 Lakh, Cibil_Score IS -1 Then Final Capping IS = 114740.44
Derived_capping_BTO = -49763.49
IF Risk_Garde IS 'E And Fixed capping is 500000 Lakh, Cibil_Score IS 0 Then Final Capping IS = -49763.49
Derived_capping_ABB = 163914.92
IF Risk_Garde IS 'E And Fixed capping is 500000 Lakh, Cibil_Score IS 0 Then Final Capping IS = 114740.44
Derived_capping_BTO = -49763.49
IF Risk_Garde IS 'E And Fixed capping is 500000 Lakh, Cibil_Score IS 200 Then Final Capping IS = -49763.49
Derived_capping_ABB = 163914.92
IF Risk_Garde IS 'E And Fixed capping is 500000 Lakh, Cibil_Score IS 200 Then Final Capping IS = 114740.44
Derived_capping_BTO = -49763.49
IF Risk_Garde IS 'E And Fixed capping is 500000 Lakh, Cibil_Score IS 300 Then Final Capping IS = -49763.49
Derived_capping_ABB = 163914.92
IF Risk_Garde IS 'E And Fixed capping is 500000 Lakh, Cibil_Score IS 300 Then Final Capping IS = 114740.44
TC_11 : NTC with limit When Policy Direct Risk_Grade is NA
 Test Loancode =669895efvnf3h
Derived_capping_BTO = -71503.18
IF Risk_Garde IS 'NA And Fixed capping is 500000 Lakh, Cibil_Score IS -1 Then Final Capping IS = -71503.18
Derived_capping_ABB = 235522.84
IF Risk_Garde IS 'NA And Fixed capping is 500000 Lakh, Cibil_Score IS -1 Then Final Capping IS = 0.0
Derived_capping_BTO = -71503.18
IF Risk_Garde IS 'NA And Fixed capping is 500000 Lakh, Cibil_Score IS 0 Then Final Capping IS = -71503.18
Derived_capping_ABB = 235522.84
IF Risk_Garde IS 'NA And Fixed capping is 500000 Lakh, Cibil_Score IS 0 Then Final Capping IS = 0.0
Derived_capping_BTO = -71503.18
IF Risk_Garde IS 'NA And Fixed capping is 500000 Lakh, Cibil_Score IS 200 Then Final Capping IS = -71503.18
Derived_capping_ABB = 235522.84
IF Risk_Garde IS 'NA And Fixed capping is 500000 Lakh, Cibil_Score IS 200 Then Final Capping IS = 0.0
Derived_capping_BTO = -71503.18
IF Risk_Garde IS 'NA And Fixed capping is 500000 Lakh, Cibil_Score IS 300 Then Final Capping IS = -71503.18
Derived_capping_ABB = 235522.84
IF Risk_Garde IS 'NA And Fixed capping is 500000 Lakh, Cibil_Score IS 300 Then Final Capping IS = 0.0
TC_12 : When ODCC, Policy Smfg_DIRECT (only ABB) When Risk_Grade isA
 Test Loancode =669895efvnf3h
Derived_ABB is =257788.05 , No haircut and Max Capping is 1000000
 Final Eligibility = 180451.62 since max cap is min of haircut and derived amount.
TC_12 : When ODCC, Policy Smfg_DIRECT (only ABB) When Risk_Grade isB
 Test Loancode =669895efvnf3h
Derived_ABB is =215008.06 , 15% haircut and Max Capping is 1000000
 Final Eligibility = 150505.66 since max cap is min of haircut and derived amount.
TC_12 : When ODCC, Policy Smfg_DIRECT (only ABB) When Risk_Grade isC
 Test Loancode =669895efvnf3h
Derived_ABB is =168230.6 , 25% haircut and Max Capping is 1000000
 Final Eligibility = 117761.42 since max cap is min of haircut and derived amount.
TC_12 : When ODCC, Policy Smfg_DIRECT (only ABB) When Risk_Grade isD
 Test Loancode =669895efvnf3h
Derived_ABB is =117082.09 , 25% haircut and Max Capping is 1000000
 Final Eligibility = 81957.46 since max cap is min of haircut and derived amount.
TC_12 : When ODCC, Policy Smfg_DIRECT (only ABB) When Risk_Grade isE
 Test Loancode =669895efvnf3h
Derived_ABB is =117082.09 , 25% haircut and Max Capping is 1000000
 Final Eligibility = 0.0 since max cap is min of haircut and derived amount.
TC_12 : When ODCC, Policy Smfg_DIRECT (only ABB) When Risk_Grade isNA
 Test Loancode =669895efvnf3h
Derived_ABB is =168230.6 , 25% haircut and Max Capping is 1000000
 Final Eligibility = 0.0 since max cap is min of haircut and derived amount.
TC_13 : When experiment is Both Rented, Policy Smfg_DIRECT and account is NTC When Risk_Grade is A
 Test Loancode =669895efvnf3h
Derived_BTO is =-109567.84 , No haircut and Max Capping is 500000
 Final Eligibility = 0 since max cap is min of haircut and derived amount.
Derived_ABB is =257788.05 , No haircut and Max Capping is 500000
 Final Eligibility = 0 since max cap is min of haircut and derived amount.
TC_13 : When experiment is Both Rented, Policy Smfg_DIRECT and account is NTC When Risk_Grade is B
 Test Loancode =669895efvnf3h
Derived_BTO is =-91385.04 , No haircut and Max Capping is 500000
 Final Eligibility = 0 since max cap is min of haircut and derived amount.
Derived_ABB is =215008.06 , No haircut and Max Capping is 500000
 Final Eligibility = 0 since max cap is min of haircut and derived amount.
TC_13 : When experiment is Both Rented, Policy Smfg_DIRECT and account is NTC When Risk_Grade is C
 Test Loancode =669895efvnf3h
Derived_BTO is =-71503.18 , No haircut and Max Capping is 500000
 Final Eligibility = 0 since max cap is min of haircut and derived amount.
Derived_ABB is =168230.6 , No haircut and Max Capping is 500000
 Final Eligibility = 0 since max cap is min of haircut and derived amount.
TC_13 : When experiment is Both Rented, Policy Smfg_DIRECT and account is NTC When Risk_Grade is D
 Test Loancode =669895efvnf3h
Derived_BTO is =-49763.49 , No haircut and Max Capping is 500000
 Final Eligibility = 0 since max cap is min of haircut and derived amount.
Derived_ABB is =117082.09 , No haircut and Max Capping is 500000
 Final Eligibility = 0 since max cap is min of haircut and derived amount.
TC_13 : When experiment is Both Rented, Policy Smfg_DIRECT and account is NTC When Risk_Grade is E
 Test Loancode =669895efvnf3h
Derived_BTO is =-49763.49 , No haircut and Max Capping is 500000
 Final Eligibility = 0 since max cap is min of haircut and derived amount.
Derived_ABB is =117082.09 , No haircut and Max Capping is 500000
 Final Eligibility = 0 since max cap is min of haircut and derived amount.
TC_13 : When experiment is Both Rented, Policy Smfg_DIRECT and account is NTC When Risk_Grade is NA
 Test Loancode =669895efvnf3h
Derived_BTO is =-71503.18 , No haircut and Max Capping is 500000
 Final Eligibility = 0 since max cap is min of haircut and derived amount.
Derived_ABB is =168230.6 , No haircut and Max Capping is 500000
 Final Eligibility = 0 since max cap is min of haircut and derived amount.
TC_14 : When experiment is Both Rented, Policy Smfg_DIRECT and account is Thin cibil When Risk_Grade is A
 Test Loancode =669895efvnf3h
Derived_BTO is =-109567.84 , No haircut and Max Capping is 500000
 Final Eligibility = -109567.84 since max cap is min of haircut and derived amount.
Derived_BTO is =257788.05 , No haircut and Max Capping is 500000
 Final Eligibility = 257788.05 since max cap is min of haircut and derived amount.
TC_14 : When experiment is Both Rented, Policy Smfg_DIRECT and account is Thin cibil When Risk_Grade is B
 Test Loancode =669895efvnf3h
Derived_BTO is =-91385.04 , No haircut and Max Capping is 500000
 Final Eligibility = -91385.04 since max cap is min of haircut and derived amount.
Derived_BTO is =215008.06 , No haircut and Max Capping is 500000
 Final Eligibility = 182756.86 since max cap is min of haircut and derived amount.
TC_14 : When experiment is Both Rented, Policy Smfg_DIRECT and account is Thin cibil When Risk_Grade is C
 Test Loancode =669895efvnf3h
Derived_BTO is =-71503.18 , No haircut and Max Capping is 500000
 Final Eligibility = -71503.18 since max cap is min of haircut and derived amount.
Derived_BTO is =168230.6 , No haircut and Max Capping is 500000
 Final Eligibility = 126172.95 since max cap is min of haircut and derived amount.
TC_14 : When experiment is Both Rented, Policy Smfg_DIRECT and account is Thin cibil When Risk_Grade is D
 Test Loancode =669895efvnf3h
Derived_BTO is =-49763.49 , No haircut and Max Capping is 500000
 Final Eligibility = -49763.49 since max cap is min of haircut and derived amount.
Derived_BTO is =117082.09 , No haircut and Max Capping is 500000
 Final Eligibility = 0.0 since max cap is min of haircut and derived amount.
TC_14 : When experiment is Both Rented, Policy Smfg_DIRECT and account is Thin cibil When Risk_Grade is E
 Test Loancode =669895efvnf3h
Derived_BTO is =-49763.49 , No haircut and Max Capping is 500000
 Final Eligibility = -49763.49 since max cap is min of haircut and derived amount.
Derived_BTO is =117082.09 , No haircut and Max Capping is 500000
 Final Eligibility = 0.0 since max cap is min of haircut and derived amount.
TC_14 : When experiment is Both Rented, Policy Smfg_DIRECT and account is Thin cibil When Risk_Grade is NA
 Test Loancode =669895efvnf3h
Derived_BTO is =-71503.18 , No haircut and Max Capping is 500000
 Final Eligibility = -71503.18 since max cap is min of haircut and derived amount.
Derived_BTO is =168230.6 , No haircut and Max Capping is 500000
 Final Eligibility = 0.0 since max cap is min of haircut and derived amount.
TC_15 : When experiment is Both Rented, Policy Smfg_DIRECT and account is ODCC When Risk_Grade is A
 Test Loancode =669895efvnf3h
Derived_ABB is =257788.05 , No haircut and Max Capping is 1000000
 Final Eligibility = 257788.05 since max cap is min of haircut and derived amount.
TC_15 : When experiment is Both Rented, Policy Smfg_DIRECT and account is ODCC When Risk_Grade is B
 Test Loancode =669895efvnf3h
Derived_ABB is =215008.06 , 15% haircut and Max Capping is 1000000
 Final Eligibility = 0 since max cap is min of haircut and derived amount.
TC_15 : When experiment is Both Rented, Policy Smfg_DIRECT and account is ODCC When Risk_Grade is C
 Test Loancode =669895efvnf3h
Derived_ABB is =168230.6 , 25% haircut and Max Capping is 1000000
 Final Eligibility = 0 since max cap is min of haircut and derived amount.
TC_15 : When experiment is Both Rented, Policy Smfg_DIRECT and account is ODCC When Risk_Grade is D
 Test Loancode =669895efvnf3h
Derived_ABB is =117082.09 , 25% haircut and Max Capping is 1000000
 Final Eligibility = 0 since max cap is min of haircut and derived amount.
TC_15 : When experiment is Both Rented, Policy Smfg_DIRECT and account is ODCC When Risk_Grade is E
 Test Loancode =669895efvnf3h
Derived_ABB is =117082.09 , 25% haircut and Max Capping is 1000000
 Final Eligibility = 0 since max cap is min of haircut and derived amount.
TC_15 : When experiment is Both Rented, Policy Smfg_DIRECT and account is ODCC When Risk_Grade is NA
 Test Loancode =669895efvnf3h
Derived_ABB is =168230.6 , 25% haircut and Max Capping is 1000000
 Final Eligibility = 0 since max cap is min of haircut and derived amount.]]>
  </system-out>
</testsuite> <!-- Eligibility_Automation.Smfg_Direct -->
