<?xml version="1.0" encoding="UTF-8"?>
<!-- Generated by org.testng.reporters.JUnitReportReporter -->
<testsuite hostname="Bloom-Mohit" failures="0" tests="88" name="Eligibility_Automation.Smfg_Direct" time="519.360" errors="0" timestamp="2024-07-04T00:54:03 IST" skipped="0">
  <testcase classname="Eligibility_Automation.Smfg_Direct" name="TC_15" time="3.637">
    <system-out>
      <![CDATA[TC_01 : To verify that When experiment is Both Rented, Policy SMFG_Direct and account is ODCC
 When Fixed capping is 1000000 Lakh And Experiment Is Both Rented Then ODCC capped_abb_eligibility  Is '191351.23'  ... Eligibility is getting calculated Properly.!!! ]]>
    </system-out>
  </testcase> <!-- TC_15 -->
  <testcase classname="Eligibility_Automation.Smfg_Direct" name="TC_02" time="3.720">
    <system-out>
      <![CDATA[TC_02 : To verify that When experiment is Both Rented, Policy SMFG_Direct
Eligibility is getting calculated properly..!!!   When Fixed capping is 600000 Lakh , capped_banking_eligibility after Haircut is = 0.0
Capping = 0.0 And Grade =NA Eligibility is getting calculated properly..!!!]]>
    </system-out>
  </testcase> <!-- TC_02 -->
  <testcase classname="Eligibility_Automation.Smfg_Direct" name="TC_06" time="4.104">
    <system-out>
      <![CDATA[TC_06 : To verify that When experiment is Salaried, Policy SMFG_Direct
capped_banking_eligibility = 680000.0 When Fixed capping is 800000 Lakh, Eligibility is getting calculated properly..!!!]]>
    </system-out>
  </testcase> <!-- TC_06 -->
  <testcase classname="Eligibility_Automation.Smfg_Direct" name="TC_03" time="5.656">
    <system-out>
      <![CDATA[TC_01 : To verify that When experiment is Both Cautious Profile, Policy SMFG_Direct
capped_banking_eligibility = 157082.8125 When Fixed capping is 00.00 ,  Eligibility is getting calculated properly..!!!
capped_banking_eligibility = 471248.4375 When Fixed capping is 1000000 Lakh,  Eligibility is getting calculated properly..!!!]]>
    </system-out>
  </testcase> <!-- TC_03 -->
  <testcase classname="Eligibility_Automation.Smfg_Direct" name="TC_08" time="4.269">
    <system-out>
      <![CDATA[TC_08 : To verify that When Experiment is Saving Account, Policy SMFG_Direct
Eligibility is not getting calculated properly..!!!]]>
    </system-out>
  </testcase> <!-- TC_08 -->
  <testcase classname="Eligibility_Automation.Smfg_Direct" name="TC_08" time="3.684">
    <system-out>
      <![CDATA[TC_08 : To verify that When Experiment is Saving Account, Policy SMFG_Direct
Eligibility is not getting calculated properly..!!!]]>
    </system-out>
  </testcase> <!-- TC_08 -->
  <testcase classname="Eligibility_Automation.Smfg_Direct" name="TC_11" time="15.804">
    <system-out>
      <![CDATA[TC_11 : To verify that NTC with limit
IF Risk_Garde IS 'NA And Fixed capping is 500000 Lakh, Cibil_Score IS -1 Then capped_banking_eligibility IS 0.0 ... Eligibility Capping is calculated Properly..!!!!
IF Risk_Garde IS 'NA And Fixed capping is 500000 Lakh, Cibil_Score IS 0 Then capped_banking_eligibility IS 0.0 ... Eligibility Capping is calculated Properly..!!!!
IF Risk_Garde IS 'NA And Fixed capping is 500000 Lakh, Cibil_Score IS 200 Then capped_banking_eligibility IS 0.0 ... Eligibility Capping is calculated Properly..!!!!
IF Risk_Garde IS 'NA And Fixed capping is 500000 Lakh, Cibil_Score IS 300 Then capped_banking_eligibility IS 0.0 ... Eligibility Capping is calculated Properly..!!!!]]>
    </system-out>
  </testcase> <!-- TC_11 -->
  <testcase classname="Eligibility_Automation.Smfg_Direct" name="TC_13" time="17.382">
    <system-out>
      <![CDATA[TC_13 : To verify that When experiment is Both Rented, Policy SMFG_Direct and account is NTC
When Fixed capping is 500000 Lakh And Cibil_Score IS -1 Experiment Is Both_Rented Then capped_banking_eligibility IS 0.0 ... Eligibility Capping is calculated Properly..!!!!
When Fixed capping is 500000 Lakh And Cibil_Score IS 0 Experiment Is Both_Rented Then capped_banking_eligibility IS 0.0 ... Eligibility Capping is calculated Properly..!!!!
When Fixed capping is 500000 Lakh And Cibil_Score IS 200 Experiment Is Both_Rented Then capped_banking_eligibility IS 0.0 ... Eligibility Capping is calculated Properly..!!!!
When Fixed capping is 500000 Lakh And Cibil_Score IS 300 Experiment Is Both_Rented Then capped_banking_eligibility IS 0.0 ... Eligibility Capping is calculated Properly..!!!!]]>
    </system-out>
  </testcase> <!-- TC_13 -->
  <testcase classname="Eligibility_Automation.Smfg_Direct" name="TC_10" time="4.195">
    <system-out>
      <![CDATA[TC_10 : To verify that Max Capping of NTC and Thin Cibil
capped_banking_eligibility   = 500000.0 When Fixed capping is 500000 Lakh, Eligibility is getting calculated properly..!!!]]>
    </system-out>
  </testcase> <!-- TC_10 -->
  <testcase classname="Eligibility_Automation.Smfg_Direct" name="TC_13" time="16.164">
    <system-out>
      <![CDATA[TC_13 : To verify that When experiment is Both Rented, Policy SMFG_Direct and account is NTC
When Fixed capping is 500000 Lakh And Cibil_Score IS -1 Experiment Is Both_Rented Then capped_banking_eligibility IS 500000.0 ... Eligibility Capping is calculated Properly..!!!!
When Fixed capping is 500000 Lakh And Cibil_Score IS 0 Experiment Is Both_Rented Then capped_banking_eligibility IS 500000.0 ... Eligibility Capping is calculated Properly..!!!!
When Fixed capping is 500000 Lakh And Cibil_Score IS 200 Experiment Is Both_Rented Then capped_banking_eligibility IS 500000.0 ... Eligibility Capping is calculated Properly..!!!!
Eligibility is not getting calculated properly..!!!]]>
    </system-out>
  </testcase> <!-- TC_13 -->
  <testcase classname="Eligibility_Automation.Smfg_Direct" name="TC_14" time="3.853">
    <system-out>
      <![CDATA[TC_14 : To verify that When experiment is Both Rented, Policy SMFG_Direct and account is Thin cibil
When Fixed capping is 500000 Lakh Then capped_banking_eligibility IS '800000.0' ... Eligibility Capping is calculated Properly..!!!!]]>
    </system-out>
  </testcase> <!-- TC_14 -->
  <testcase classname="Eligibility_Automation.Smfg_Direct" name="TC_12" time="3.647">
    <system-out>
      <![CDATA[TC_12 : To verify that When ODCC, Policy SMFG_Direct (only ABB)
capped_abb_eligibility  = 133945.86 And Fixed capping is 1000000 Lakh, Eligibility is getting calculated properly..!!!]]>
    </system-out>
  </testcase> <!-- TC_12 -->
  <testcase classname="Eligibility_Automation.Smfg_Direct" name="TC_05" time="3.801">
    <system-out>
      <![CDATA[TC_05 : To verify that When experiment is  Cautious Location, Policy SMFG_Direct
capped_banking_eligibility = 773597.4099999999When Fixed capping is 1000000 Lakh, Eligibility is getting calculated properly..!!!]]>
    </system-out>
  </testcase> <!-- TC_05 -->
  <testcase classname="Eligibility_Automation.Smfg_Direct" name="TC_06" time="3.696">
    <system-out>
      <![CDATA[TC_06 : To verify that When experiment is Salaried, Policy SMFG_Direct
capped_banking_eligibility = 0.0 When Fixed capping is 600000 Lakh, Eligibility is getting calculated properly..!!!]]>
    </system-out>
  </testcase> <!-- TC_06 -->
  <testcase classname="Eligibility_Automation.Smfg_Direct" name="TC_03" time="3.683">
    <system-out>
      <![CDATA[TC_01 : To verify that When experiment is Both Cautious Profile, Policy SMFG_Direct
capped_banking_eligibility = 0.0 When Fixed capping is 00.00 ,  Eligibility is getting calculated properly..!!!
capped_banking_eligibility = 0.0 When Fixed capping is 1000000 Lakh,  Eligibility is getting calculated properly..!!!]]>
    </system-out>
  </testcase> <!-- TC_03 -->
  <testcase classname="Eligibility_Automation.Smfg_Direct" name="TC_15" time="4.313">
    <system-out>
      <![CDATA[TC_01 : To verify that When experiment is Both Rented, Policy SMFG_Direct and account is ODCC
 When Fixed capping is 1000000 Lakh And Experiment Is Both Rented Then ODCC capped_abb_eligibility  Is '93655.82'  ... Eligibility is getting calculated Properly.!!! ]]>
    </system-out>
  </testcase> <!-- TC_15 -->
  <testcase classname="Eligibility_Automation.Smfg_Direct" name="TC_02" time="4.093">
    <system-out>
      <![CDATA[TC_02 : To verify that When experiment is Both Rented, Policy SMFG_Direct
Eligibility is getting calculated properly..!!!   When Fixed capping is 600000 Lakh , capped_banking_eligibility after Haircut is = 0.0
Capping = 0.0 And Grade =D Eligibility is getting calculated properly..!!!]]>
    </system-out>
  </testcase> <!-- TC_02 -->
  <testcase classname="Eligibility_Automation.Smfg_Direct" name="TC_09" time="4.451">
    <system-out>
      <![CDATA[TC_09 : Max capping where “no experiment” is applied (excl DSA,) where Business vintage is > 3 years & one property is owned When Risk_Grade isA
 Test Loancode =6685a319lx2hp
capped_abb_eligibility  = 223435.05 When Fixed capping is 2000000 Lakh, Eligibility is getting calculated properly..!!!]]>
    </system-out>
  </testcase> <!-- TC_09 -->
  <testcase classname="Eligibility_Automation.Smfg_Direct" name="TC_11" time="16.867">
    <system-out>
      <![CDATA[TC_11 : To verify that NTC with limit
IF Risk_Garde IS 'B And Fixed capping is 500000 Lakh, Cibil_Score IS -1 Then capped_banking_eligibility IS 500000.0 ... Eligibility Capping is calculated Properly..!!!!
IF Risk_Garde IS 'B And Fixed capping is 500000 Lakh, Cibil_Score IS 0 Then capped_banking_eligibility IS 500000.0 ... Eligibility Capping is calculated Properly..!!!!
IF Risk_Garde IS 'B And Fixed capping is 500000 Lakh, Cibil_Score IS 200 Then capped_banking_eligibility IS 500000.0 ... Eligibility Capping is calculated Properly..!!!!
IF Risk_Garde IS 'B And Fixed capping is 500000 Lakh, Cibil_Score IS 300 Then capped_banking_eligibility IS 500000.0 ... Eligibility Capping is calculated Properly..!!!!]]>
    </system-out>
  </testcase> <!-- TC_11 -->
  <testcase classname="Eligibility_Automation.Smfg_Direct" name="TC_12" time="3.898">
    <system-out>
      <![CDATA[TC_12 : To verify that When ODCC, Policy SMFG_Direct (only ABB)
capped_abb_eligibility  = 94959.892 And Fixed capping is 1000000 Lakh, Eligibility is getting calculated properly..!!!]]>
    </system-out>
  </testcase> <!-- TC_12 -->
  <testcase classname="Eligibility_Automation.Smfg_Direct" name="TC_13" time="16.140">
    <system-out>
      <![CDATA[TC_13 : To verify that When experiment is Both Rented, Policy SMFG_Direct and account is NTC
When Fixed capping is 500000 Lakh And Cibil_Score IS -1 Experiment Is Both_Rented Then capped_banking_eligibility IS 500000.0 ... Eligibility Capping is calculated Properly..!!!!
When Fixed capping is 500000 Lakh And Cibil_Score IS 0 Experiment Is Both_Rented Then capped_banking_eligibility IS 500000.0 ... Eligibility Capping is calculated Properly..!!!!
When Fixed capping is 500000 Lakh And Cibil_Score IS 200 Experiment Is Both_Rented Then capped_banking_eligibility IS 500000.0 ... Eligibility Capping is calculated Properly..!!!!
Eligibility is not getting calculated properly..!!!]]>
    </system-out>
  </testcase> <!-- TC_13 -->
  <testcase classname="Eligibility_Automation.Smfg_Direct" name="TC_03" time="4.426">
    <system-out>
      <![CDATA[TC_01 : To verify that When experiment is Both Cautious Profile, Policy SMFG_Direct
capped_banking_eligibility = 0.0 When Fixed capping is 00.00 ,  Eligibility is getting calculated properly..!!!
capped_banking_eligibility = 0.0 When Fixed capping is 1000000 Lakh,  Eligibility is getting calculated properly..!!!]]>
    </system-out>
  </testcase> <!-- TC_03 -->
  <testcase classname="Eligibility_Automation.Smfg_Direct" name="TC_01" time="4.565">
    <system-out>
      <![CDATA[TC_01 : To verify the final capping if policy is SMFG , ALL risk grade , no experiment, ABB & BTO
 Test Loancode =6685a319lx2hp
capped_banking_eligibility = 500000.0 When Fixed capping is 1500000 Lakh , Eligibility is getting calculated properly..!!!
capped_abb_eligibility = 174824.19 When Fixed capping is 1500000.0 Lakh , Eligibility is getting calculated properly..!!!]]>
    </system-out>
  </testcase> <!-- TC_01 -->
  <testcase classname="Eligibility_Automation.Smfg_Direct" name="TC_01" time="4.896">
    <system-out>
      <![CDATA[TC_01 : To verify the final capping if policy is SMFG , ALL risk grade , no experiment, ABB & BTO
 Test Loancode =6685a319lx2hp
capped_banking_eligibility = 500000.0 When Fixed capping is 1500000 Lakh , Eligibility is getting calculated properly..!!!
capped_abb_eligibility = 174824.19 When Fixed capping is 1500000.0 Lakh , Eligibility is getting calculated properly..!!!]]>
    </system-out>
  </testcase> <!-- TC_01 -->
  <testcase classname="Eligibility_Automation.Smfg_Direct" name="TC_01" time="4.451">
    <system-out>
      <![CDATA[TC_01 : To verify the final capping if policy is SMFG , ALL risk grade , no experiment, ABB & BTO
 Test Loancode =6685a319lx2hp
capped_banking_eligibility = 500000.0 When Fixed capping is 1500000 Lakh , Eligibility is getting calculated properly..!!!
capped_abb_eligibility = 121670.97 When Fixed capping is 1500000.0 Lakh , Eligibility is getting calculated properly..!!!]]>
    </system-out>
  </testcase> <!-- TC_01 -->
  <testcase classname="Eligibility_Automation.Smfg_Direct" name="TC_05" time="4.168">
    <system-out>
      <![CDATA[TC_05 : To verify that When experiment is  Cautious Location, Policy SMFG_Direct
capped_banking_eligibility = 0.0When Fixed capping is 1000000 Lakh, Eligibility is getting calculated properly..!!!]]>
    </system-out>
  </testcase> <!-- TC_05 -->
  <testcase classname="Eligibility_Automation.Smfg_Direct" name="TC_06" time="4.056">
    <system-out>
      <![CDATA[TC_06 : To verify that When experiment is Salaried, Policy SMFG_Direct
capped_banking_eligibility = 0.0 When Fixed capping is 600000 Lakh, Eligibility is getting calculated properly..!!!]]>
    </system-out>
  </testcase> <!-- TC_06 -->
  <testcase classname="Eligibility_Automation.Smfg_Direct" name="TC_02" time="3.916">
    <system-out>
      <![CDATA[TC_02 : To verify that When experiment is Both Rented, Policy SMFG_Direct
Eligibility is getting calculated properly..!!!   When Fixed capping is 600000 Lakh , capped_banking_eligibility after Haircut is = 0.0
Capping = 0.0 And Grade =E Eligibility is getting calculated properly..!!!]]>
    </system-out>
  </testcase> <!-- TC_02 -->
  <testcase classname="Eligibility_Automation.Smfg_Direct" name="TC_12" time="4.120">
    <system-out>
      <![CDATA[TC_12 : To verify that When ODCC, Policy SMFG_Direct (only ABB)
capped_abb_eligibility  = 65559.0675 And Fixed capping is 1000000 Lakh, Eligibility is getting calculated properly..!!!]]>
    </system-out>
  </testcase> <!-- TC_12 -->
  <testcase classname="Eligibility_Automation.Smfg_Direct" name="TC_05" time="4.339">
    <system-out>
      <![CDATA[TC_05 : To verify that When experiment is  Cautious Location, Policy SMFG_Direct
capped_banking_eligibility = 471248.4375When Fixed capping is 1000000 Lakh, Eligibility is getting calculated properly..!!!]]>
    </system-out>
  </testcase> <!-- TC_05 -->
  <testcase classname="Eligibility_Automation.Smfg_Direct" name="TC_10" time="3.633">
    <system-out>
      <![CDATA[TC_10 : To verify that Max Capping of NTC and Thin Cibil
capped_banking_eligibility   = 500000.0 When Fixed capping is 500000 Lakh, Eligibility is getting calculated properly..!!!]]>
    </system-out>
  </testcase> <!-- TC_10 -->
  <testcase classname="Eligibility_Automation.Smfg_Direct" name="TC_01" time="5.104">
    <system-out>
      <![CDATA[TC_01 : To verify the final capping if policy is SMFG , ALL risk grade , no experiment, ABB & BTO
 Test Loancode =6685a319lx2hp
capped_banking_eligibility = 500000.0 When Fixed capping is 1500000 Lakh , Eligibility is getting calculated properly..!!!
capped_abb_eligibility = 223435.05 When Fixed capping is 1500000.0 Lakh , Eligibility is getting calculated properly..!!!]]>
    </system-out>
  </testcase> <!-- TC_01 -->
  <testcase classname="Eligibility_Automation.Smfg_Direct" name="TC_04" time="4.144">
    <system-out>
      <![CDATA[TC_04 : To verify that When experiment is Both Toxic Profile, Policy SMFG_Direct
capped_banking_eligibility = 471248.4375 When Fixed capping is 1000000 Lakh, Eligibility is getting calculated properly..!!!]]>
    </system-out>
  </testcase> <!-- TC_04 -->
  <testcase classname="Eligibility_Automation.Smfg_Direct" name="TC_14" time="3.851">
    <system-out>
      <![CDATA[TC_14 : To verify that When experiment is Both Rented, Policy SMFG_Direct and account is Thin cibil
When Fixed capping is 500000 Lakh Then capped_banking_eligibility IS '0.0' ... Eligibility Capping is calculated Properly..!!!!]]>
    </system-out>
  </testcase> <!-- TC_14 -->
  <testcase classname="Eligibility_Automation.Smfg_Direct" name="TC_11" time="16.138">
    <system-out>
      <![CDATA[TC_11 : To verify that NTC with limit
IF Risk_Garde IS 'A And Fixed capping is 500000 Lakh, Cibil_Score IS -1 Then capped_banking_eligibility IS 500000.0 ... Eligibility Capping is calculated Properly..!!!!
IF Risk_Garde IS 'A And Fixed capping is 500000 Lakh, Cibil_Score IS 0 Then capped_banking_eligibility IS 500000.0 ... Eligibility Capping is calculated Properly..!!!!
IF Risk_Garde IS 'A And Fixed capping is 500000 Lakh, Cibil_Score IS 200 Then capped_banking_eligibility IS 500000.0 ... Eligibility Capping is calculated Properly..!!!!
IF Risk_Garde IS 'A And Fixed capping is 500000 Lakh, Cibil_Score IS 300 Then capped_banking_eligibility IS 500000.0 ... Eligibility Capping is calculated Properly..!!!!]]>
    </system-out>
  </testcase> <!-- TC_11 -->
  <testcase classname="Eligibility_Automation.Smfg_Direct" name="TC_15" time="4.439">
    <system-out>
      <![CDATA[TC_01 : To verify that When experiment is Both Rented, Policy SMFG_Direct and account is ODCC
 When Fixed capping is 1000000 Lakh And Experiment Is Both Rented Then ODCC capped_abb_eligibility  Is '135656.98'  ... Eligibility is getting calculated Properly.!!! ]]>
    </system-out>
  </testcase> <!-- TC_15 -->
  <testcase classname="Eligibility_Automation.Smfg_Direct" name="TC_06" time="3.848">
    <system-out>
      <![CDATA[TC_06 : To verify that When experiment is Salaried, Policy SMFG_Direct
capped_banking_eligibility = 1000000.0 And Grade = A Eligibility is getting calculated properly..!!!]]>
    </system-out>
  </testcase> <!-- TC_06 -->
  <testcase classname="Eligibility_Automation.Smfg_Direct" name="TC_10" time="3.614">
    <system-out>
      <![CDATA[TC_10 : To verify that Max Capping of NTC and Thin Cibil
capped_banking_eligibility   = 0.0 When Fixed capping is 500000 Lakh, Eligibility is getting calculated properly..!!!]]>
    </system-out>
  </testcase> <!-- TC_10 -->
  <testcase classname="Eligibility_Automation.Smfg_Direct" name="TC_07" time="4.255">
    <system-out>
      <![CDATA[TC_07 : To verify that When Experiment is Personal Loan, Policy SMFG_Direct
capped_banking_eligibility = 0.0 When Fixed capping is 500000 Lakh,Eligibility is getting calculated properly..!!!]]>
    </system-out>
  </testcase> <!-- TC_07 -->
  <testcase classname="Eligibility_Automation.Smfg_Direct" name="TC_14" time="3.828">
    <system-out>
      <![CDATA[TC_14 : To verify that When experiment is Both Rented, Policy SMFG_Direct and account is Thin cibil
When Fixed capping is 500000 Lakh Then capped_banking_eligibility IS '0.0' ... Eligibility Capping is calculated Properly..!!!!]]>
    </system-out>
  </testcase> <!-- TC_14 -->
  <testcase classname="Eligibility_Automation.Smfg_Direct" name="TC_04" time="3.759">
    <system-out>
      <![CDATA[TC_04 : To verify that When experiment is Both Toxic Profile, Policy SMFG_Direct
capped_banking_eligibility = 0.0 When Fixed capping is 1000000 Lakh, Eligibility is getting calculated properly..!!!]]>
    </system-out>
  </testcase> <!-- TC_04 -->
  <testcase classname="Eligibility_Automation.Smfg_Direct" name="TC_04" time="4.623">
    <system-out>
      <![CDATA[TC_04 : To verify that When experiment is Both Toxic Profile, Policy SMFG_Direct
capped_banking_eligibility = 0.0 When Fixed capping is 1000000 Lakh, Eligibility is getting calculated properly..!!!]]>
    </system-out>
  </testcase> <!-- TC_04 -->
  <testcase classname="Eligibility_Automation.Smfg_Direct" name="TC_06" time="4.138">
    <system-out>
      <![CDATA[TC_06 : To verify that When experiment is Salaried, Policy SMFG_Direct
capped_banking_eligibility = 450000.0 When Fixed capping is 600000 Lakh, Eligibility is getting calculated properly..!!!]]>
    </system-out>
  </testcase> <!-- TC_06 -->
  <testcase classname="Eligibility_Automation.Smfg_Direct" name="TC_08" time="5.643">
    <system-out>
      <![CDATA[TC_08 : To verify that When Experiment is Saving Account, Policy SMFG_Direct
capped_banking_eligibility = 350000.0 When Fixed capping is 500000 Lakh,Eligibility is getting calculated properly..!!!]]>
    </system-out>
  </testcase> <!-- TC_08 -->
  <testcase classname="Eligibility_Automation.Smfg_Direct" name="TC_09" time="4.320">
    <system-out>
      <![CDATA[TC_09 : Max capping where “no experiment” is applied (excl DSA,) where Business vintage is > 3 years & one property is owned When Risk_Grade isB
 Test Loancode =6685a319lx2hp
capped_abb_eligibility  = 223435.05 When Fixed capping is 2000000 Lakh, Eligibility is getting calculated properly..!!!]]>
    </system-out>
  </testcase> <!-- TC_09 -->
  <testcase classname="Eligibility_Automation.Smfg_Direct" name="TC_03" time="4.091">
    <system-out>
      <![CDATA[TC_01 : To verify that When experiment is Both Cautious Profile, Policy SMFG_Direct
capped_banking_eligibility = 1283763.9When Fixed capping is 1500000 Lakh ,  Eligibility is getting calculated properly..!!!]]>
    </system-out>
  </testcase> <!-- TC_03 -->
  <testcase classname="Eligibility_Automation.Smfg_Direct" name="TC_01" time="4.297">
    <system-out>
      <![CDATA[TC_01 : To verify the final capping if policy is SMFG , ALL risk grade , no experiment, ABB & BTO
 Test Loancode =6685a319lx2hp
capped_banking_eligibility = 500000.0 When Fixed capping is 1000000 Lakh , Eligibility is getting calculated properly..!!!
capped_abb_eligibility = 121670.97 When Fixed capping is 1500000.0 Lakh , Eligibility is getting calculated properly..!!!]]>
    </system-out>
  </testcase> <!-- TC_01 -->
  <testcase classname="Eligibility_Automation.Smfg_Direct" name="TC_13" time="15.446">
    <system-out>
      <![CDATA[TC_13 : To verify that When experiment is Both Rented, Policy SMFG_Direct and account is NTC
When Fixed capping is 500000 Lakh And Cibil_Score IS -1 Experiment Is Both_Rented Then capped_banking_eligibility IS 500000.0 ... Eligibility Capping is calculated Properly..!!!!
When Fixed capping is 500000 Lakh And Cibil_Score IS 0 Experiment Is Both_Rented Then capped_banking_eligibility IS 500000.0 ... Eligibility Capping is calculated Properly..!!!!
When Fixed capping is 500000 Lakh And Cibil_Score IS 200 Experiment Is Both_Rented Then capped_banking_eligibility IS 500000.0 ... Eligibility Capping is calculated Properly..!!!!
Eligibility is not getting calculated properly..!!!]]>
    </system-out>
  </testcase> <!-- TC_13 -->
  <testcase classname="Eligibility_Automation.Smfg_Direct" name="TC_07" time="4.120">
    <system-out>
      <![CDATA[TC_07 : To verify that When Experiment is Personal Loan, Policy SMFG_Direct
capped_banking_eligibility = 375000.0 When Fixed capping is 500000 Lakh,Eligibility is getting calculated properly..!!!]]>
    </system-out>
  </testcase> <!-- TC_07 -->
  <testcase classname="Eligibility_Automation.Smfg_Direct" name="TC_03" time="5.053">
    <system-out>
      <![CDATA[TC_01 : To verify that When experiment is Both Cautious Profile, Policy SMFG_Direct
capped_banking_eligibility = 109323.65 When Fixed capping is 00.00 ,  Eligibility is getting calculated properly..!!!
capped_banking_eligibility = 327970.94999999995 When Fixed capping is 1000000 Lakh,  Eligibility is getting calculated properly..!!!]]>
    </system-out>
  </testcase> <!-- TC_03 -->
  <testcase classname="Eligibility_Automation.Smfg_Direct" name="TC_08" time="3.748">
    <system-out>
      <![CDATA[TC_08 : To verify that When Experiment is Saving Account, Policy SMFG_Direct
capped_banking_eligibility = 0.0 When Fixed capping is 500000 Lakh,Eligibility is getting calculated properly..!!!]]>
    </system-out>
  </testcase> <!-- TC_08 -->
  <testcase classname="Eligibility_Automation.Smfg_Direct" name="TC_12" time="4.115">
    <system-out>
      <![CDATA[TC_12 : To verify that When ODCC, Policy SMFG_Direct (only ABB)
capped_abb_eligibility  = 0.0 And Fixed capping is 1000000 Lakh, Eligibility is getting calculated properly..!!!]]>
    </system-out>
  </testcase> <!-- TC_12 -->
  <testcase classname="Eligibility_Automation.Smfg_Direct" name="TC_07" time="3.741">
    <system-out>
      <![CDATA[TC_07 : To verify that When Experiment is Personal Loan, Policy SMFG_Direct
capped_banking_eligibility = 500000.0 When Fixed capping is 500000 Lakh, Eligibility is getting calculated properly..!!!]]>
    </system-out>
  </testcase> <!-- TC_07 -->
  <testcase classname="Eligibility_Automation.Smfg_Direct" name="TC_14" time="3.977">
    <system-out>
      <![CDATA[TC_14 : To verify that When experiment is Both Rented, Policy SMFG_Direct and account is Thin cibil
When Fixed capping is 500000 Lakh Then capped_banking_eligibility IS '600000.0' ... Eligibility Capping is calculated Properly..!!!!]]>
    </system-out>
  </testcase> <!-- TC_14 -->
  <testcase classname="Eligibility_Automation.Smfg_Direct" name="TC_13" time="16.136">
    <system-out>
      <![CDATA[TC_13 : To verify that When experiment is Both Rented, Policy SMFG_Direct and account is NTC
When Fixed capping is 500000 Lakh And Cibil_Score IS -1 Experiment Is Both_Rented Then capped_banking_eligibility IS 500000.0 ... Eligibility Capping is calculated Properly..!!!!
When Fixed capping is 500000 Lakh And Cibil_Score IS 0 Experiment Is Both_Rented Then capped_banking_eligibility IS 500000.0 ... Eligibility Capping is calculated Properly..!!!!
When Fixed capping is 500000 Lakh And Cibil_Score IS 200 Experiment Is Both_Rented Then capped_banking_eligibility IS 500000.0 ... Eligibility Capping is calculated Properly..!!!!
Eligibility is not getting calculated properly..!!!]]>
    </system-out>
  </testcase> <!-- TC_13 -->
  <testcase classname="Eligibility_Automation.Smfg_Direct" name="TC_01" time="6.786">
    <system-out>
      <![CDATA[TC_01 : To verify the final capping if policy is SMFG , ALL risk grade , no experiment, ABB & BTO
 Test Loancode =6685a319lx2hp
capped_banking_eligibility = 500000.0 When Fixed capping is 1500000 Lakh , Eligibility is getting calculated properly..!!!
capped_abb_eligibility = 267891.72 When Fixed capping is 1500000.0 Lakh , Eligibility is getting calculated properly..!!!]]>
    </system-out>
  </testcase> <!-- TC_01 -->
  <testcase classname="Eligibility_Automation.Smfg_Direct" name="TC_10" time="3.915">
    <system-out>
      <![CDATA[TC_10 : To verify that Max Capping of NTC and Thin Cibil
capped_banking_eligibility   = 500000.0 When Fixed capping is 500000 Lakh, Eligibility is getting calculated properly..!!!]]>
    </system-out>
  </testcase> <!-- TC_10 -->
  <testcase classname="Eligibility_Automation.Smfg_Direct" name="TC_05" time="4.008">
    <system-out>
      <![CDATA[TC_05 : To verify that When experiment is  Cautious Location, Policy SMFG_Direct
capped_banking_eligibility = 0.0When Fixed capping is 1000000 Lakh, Eligibility is getting calculated properly..!!!]]>
    </system-out>
  </testcase> <!-- TC_05 -->
  <testcase classname="Eligibility_Automation.Smfg_Direct" name="TC_15" time="4.893">
    <system-out>
      <![CDATA[TC_01 : To verify that When experiment is Both Rented, Policy SMFG_Direct and account is ODCC
 When Fixed capping is 00.00 Lakh And Experiment Is Both Rented Then ODCC Capping Is '0.0'  ... Eligibility is getting calculated Properly.!!! ]]>
    </system-out>
  </testcase> <!-- TC_15 -->
  <testcase classname="Eligibility_Automation.Smfg_Direct" name="TC_02" time="4.133">
    <system-out>
      <![CDATA[TC_02 : To verify that When experiment is Both Rented, Policy SMFG_Direct
Eligibility is getting calculated properly..!!!  When Fixed capping is 800000 Lakh , capped_banking_eligibility after Haircut is = 680000.0
Capping = 680000.0 And Grade =B Eligibility is getting calculated properly..!!!]]>
    </system-out>
  </testcase> <!-- TC_02 -->
  <testcase classname="Eligibility_Automation.Smfg_Direct" name="TC_07" time="3.745">
    <system-out>
      <![CDATA[TC_07 : To verify that When Experiment is Personal Loan, Policy SMFG_Direct
capped_banking_eligibility = 0.0 When Fixed capping is 500000 Lakh,Eligibility is getting calculated properly..!!!]]>
    </system-out>
  </testcase> <!-- TC_07 -->
  <testcase classname="Eligibility_Automation.Smfg_Direct" name="TC_04" time="4.009">
    <system-out>
      <![CDATA[TC_04 : To verify that When experiment is Both Toxic Profile, Policy SMFG_Direct
capped_banking_eligibility = 1000000.0 When Fixed capping is 1000000 Lakh, Eligibility is getting calculated properly..!!!]]>
    </system-out>
  </testcase> <!-- TC_04 -->
  <testcase classname="Eligibility_Automation.Smfg_Direct" name="TC_08" time="5.132">
    <system-out>
      <![CDATA[TC_08 : To verify that When Experiment is Saving Account, Policy SMFG_Direct
capped_banking_eligibility = 350000.0 When Fixed capping is 500000 Lakh,Eligibility is getting calculated properly..!!!]]>
    </system-out>
  </testcase> <!-- TC_08 -->
  <testcase classname="Eligibility_Automation.Smfg_Direct" name="TC_12" time="3.526">
    <system-out>
      <![CDATA[TC_12 : To verify that When ODCC, Policy SMFG_Direct (only ABB)
capped_abb_eligibility  = 45626.6175 And Fixed capping is 1000000 Lakh, Eligibility is getting calculated properly..!!!]]>
    </system-out>
  </testcase> <!-- TC_12 -->
  <testcase classname="Eligibility_Automation.Smfg_Direct" name="TC_02" time="3.732">
    <system-out>
      <![CDATA[TC_02 : To verify that When experiment is Both Rented, Policy SMFG_Direct
Eligibility is getting calculated properly..!!!   When Fixed capping is 600000 Lakh , capped_banking_eligibility after Haircut is = 450000.0
Capping = 450000.0 And Grade =C Eligibility is getting calculated properly..!!!]]>
    </system-out>
  </testcase> <!-- TC_02 -->
  <testcase classname="Eligibility_Automation.Smfg_Direct" name="TC_09" time="3.896">
    <system-out>
      <![CDATA[TC_09 : Max capping where “no experiment” is applied (excl DSA,) where Business vintage is > 3 years & one property is owned When Risk_Grade isD
 Test Loancode =6685a319lx2hp
capped_abb_eligibility  = 1404449.6 When Fixed capping is 1500000 Lakh, Eligibility is getting calculated properly..!!!
capped_abb_eligibility  = 223435.05 When Fixed capping is 2000000 Lakh, Eligibility is getting calculated properly..!!!]]>
    </system-out>
  </testcase> <!-- TC_09 -->
  <testcase classname="Eligibility_Automation.Smfg_Direct" name="TC_14" time="3.342">
    <system-out>
      <![CDATA[TC_14 : To verify that When experiment is Both Rented, Policy SMFG_Direct and account is Thin cibil
When Fixed capping is 500000 Lakh Then capped_banking_eligibility IS '1000000.0' ... Eligibility Capping is calculated Properly..!!!!]]>
    </system-out>
  </testcase> <!-- TC_14 -->
  <testcase classname="Eligibility_Automation.Smfg_Direct" name="TC_03" time="4.704">
    <system-out>
      <![CDATA[TC_01 : To verify that When experiment is Both Cautious Profile, Policy SMFG_Direct
capped_banking_eligibility = 136517.19 When Fixed capping is 00.00 , Eligibility is getting calculated properly..!!!
capped_banking_eligibility = 773597.4099999999 When Fixed capping is 1500000 Lakh,  Eligibility is getting calculated properly..!!!]]>
    </system-out>
  </testcase> <!-- TC_03 -->
  <testcase classname="Eligibility_Automation.Smfg_Direct" name="TC_05" time="3.606">
    <system-out>
      <![CDATA[TC_05 : To verify that When experiment is  Cautious Location, Policy SMFG_Direct
capped_banking_eligibility = 327970.94999999995When Fixed capping is 1000000 Lakh, Eligibility is getting calculated properly..!!!]]>
    </system-out>
  </testcase> <!-- TC_05 -->
  <testcase classname="Eligibility_Automation.Smfg_Direct" name="TC_11" time="17.592">
    <system-out>
      <![CDATA[TC_11 : To verify that NTC with limit
IF Risk_Garde IS 'D And Fixed capping is 500000 Lakh, Cibil_Score IS -1 Then capped_banking_eligibility IS 408141.62 ... Eligibility Capping is calculated Properly..!!!!
IF Risk_Garde IS 'D And Fixed capping is 500000 Lakh, Cibil_Score IS 0 Then capped_banking_eligibility IS 408141.62 ... Eligibility Capping is calculated Properly..!!!!
IF Risk_Garde IS 'D And Fixed capping is 500000 Lakh, Cibil_Score IS 200 Then capped_banking_eligibility IS 408141.62 ... Eligibility Capping is calculated Properly..!!!!
IF Risk_Garde IS 'D And Fixed capping is 500000 Lakh, Cibil_Score IS 300 Then capped_banking_eligibility IS 408141.62 ... Eligibility Capping is calculated Properly..!!!!]]>
    </system-out>
  </testcase> <!-- TC_11 -->
  <testcase classname="Eligibility_Automation.Smfg_Direct" name="TC_10" time="4.505">
    <system-out>
      <![CDATA[TC_10 : To verify that Max Capping of NTC and Thin Cibil
capped_banking_eligibility   = 408141.62 When Fixed capping is 500000 Lakh, Eligibility is getting calculated properly..!!!]]>
    </system-out>
  </testcase> <!-- TC_10 -->
  <testcase classname="Eligibility_Automation.Smfg_Direct" name="TC_09" time="4.281">
    <system-out>
      <![CDATA[TC_09 : Max capping where “no experiment” is applied (excl DSA,) where Business vintage is > 3 years & one property is owned When Risk_Grade isC
 Test Loancode =6685a319lx2hp
capped_abb_eligibility  = 1404449.6 When Fixed capping is 1500000 Lakh, Eligibility is getting calculated properly..!!!
capped_abb_eligibility  = 223435.05 When Fixed capping is 2000000 Lakh, Eligibility is getting calculated properly..!!!]]>
    </system-out>
  </testcase> <!-- TC_09 -->
  <testcase classname="Eligibility_Automation.Smfg_Direct" name="TC_13" time="16.281">
    <system-out>
      <![CDATA[TC_13 : To verify that When experiment is Both Rented, Policy SMFG_Direct and account is NTC
When Fixed capping is 500000 Lakh And Cibil_Score IS -1 Experiment Is Both_Rented Then capped_banking_eligibility IS 500000.0 ... Eligibility Capping is calculated Properly..!!!!
When Fixed capping is 500000 Lakh And Cibil_Score IS 0 Experiment Is Both_Rented Then capped_banking_eligibility IS 500000.0 ... Eligibility Capping is calculated Properly..!!!!
When Fixed capping is 500000 Lakh And Cibil_Score IS 200 Experiment Is Both_Rented Then capped_banking_eligibility IS 500000.0 ... Eligibility Capping is calculated Properly..!!!!
Eligibility is not getting calculated properly..!!!]]>
    </system-out>
  </testcase> <!-- TC_13 -->
  <testcase classname="Eligibility_Automation.Smfg_Direct" name="TC_04" time="4.199">
    <system-out>
      <![CDATA[TC_04 : To verify that When experiment is Both Toxic Profile, Policy SMFG_Direct
capped_banking_eligibility = 773597.4099999999 When Fixed capping is 1000000 Lakh, Eligibility is getting calculated properly..!!!]]>
    </system-out>
  </testcase> <!-- TC_04 -->
  <testcase classname="Eligibility_Automation.Smfg_Direct" name="TC_15" time="4.109">
    <system-out>
      <![CDATA[TC_01 : To verify that When experiment is Both Rented, Policy SMFG_Direct and account is ODCC
 When Fixed capping is 1000000 Lakh And Experiment Is Both Rented Then ODCC capped_abb_eligibility  Is '0.0'  ... Eligibility is getting calculated Properly.!!! ]]>
    </system-out>
  </testcase> <!-- TC_15 -->
  <testcase classname="Eligibility_Automation.Smfg_Direct" name="TC_06" time="3.671">
    <system-out>
      <![CDATA[TC_06 : To verify that When experiment is Salaried, Policy SMFG_Direct
capped_banking_eligibility = 0.0 When Fixed capping is 600000 Lakh, Eligibility is getting calculated properly..!!!]]>
    </system-out>
  </testcase> <!-- TC_06 -->
  <testcase classname="Eligibility_Automation.Smfg_Direct" name="TC_12" time="3.476">
    <system-out>
      <![CDATA[TC_12 : To verify that When ODCC, Policy SMFG_Direct (only ABB)
capped_abb_eligibility  = 0.0 And Fixed capping is 1000000 Lakh, Eligibility is getting calculated properly..!!!]]>
    </system-out>
  </testcase> <!-- TC_12 -->
  <testcase classname="Eligibility_Automation.Smfg_Direct" name="TC_08" time="4.970">
    <system-out>
      <![CDATA[TC_08 : To verify that When Experiment is Saving Account, Policy SMFG_Direct
capped_banking_eligibility = 350000.0 When Fixed capping is 500000 Lakh,Eligibility is getting calculated properly..!!!]]>
    </system-out>
  </testcase> <!-- TC_08 -->
  <testcase classname="Eligibility_Automation.Smfg_Direct" name="TC_07" time="4.728">
    <system-out>
      <![CDATA[TC_07 : To verify that When Experiment is Personal Loan, Policy SMFG_Direct
capped_banking_eligibility = 0.0 When Fixed capping is 500000 Lakh,Eligibility is getting calculated properly..!!!]]>
    </system-out>
  </testcase> <!-- TC_07 -->
  <testcase classname="Eligibility_Automation.Smfg_Direct" name="TC_05" time="4.323">
    <system-out>
      <![CDATA[TC_05 : To verify that When experiment is  Cautious Location, Policy SMFG_Direct
capped_banking_eligibility = 1283763.9When Fixed capping is 1500000 Lakh, Eligibility is getting calculated properly..!!!]]>
    </system-out>
  </testcase> <!-- TC_05 -->
  <testcase classname="Eligibility_Automation.Smfg_Direct" name="TC_15" time="3.761">
    <system-out>
      <![CDATA[TC_01 : To verify that When experiment is Both Rented, Policy SMFG_Direct and account is ODCC
 When Fixed capping is 1000000 Lakh And Experiment Is Both Rented Then ODCC capped_abb_eligibility  Is '0.0'  ... Eligibility is getting calculated Properly.!!! ]]>
    </system-out>
  </testcase> <!-- TC_15 -->
  <testcase classname="Eligibility_Automation.Smfg_Direct" name="TC_07" time="4.513">
    <system-out>
      <![CDATA[TC_07 : To verify that When Experiment is Personal Loan, Policy SMFG_Direct
BTO Capping = 500000.0 And Grade = B when fixed capping =500000.0  Eligibility is getting calculated properly..!!!
capped_banking_eligibility = 425000.0 When Fixed capping is 500000 Lakh,Eligibility is getting calculated properly..!!!]]>
    </system-out>
  </testcase> <!-- TC_07 -->
  <testcase classname="Eligibility_Automation.Smfg_Direct" name="TC_14" time="4.345">
    <system-out>
      <![CDATA[TC_14 : To verify that When experiment is Both Rented, Policy SMFG_Direct and account is Thin cibil
When Fixed capping is 500000 Lakh Then capped_banking_eligibility IS '0.0' ... Eligibility Capping is calculated Properly..!!!!]]>
    </system-out>
  </testcase> <!-- TC_14 -->
  <testcase classname="Eligibility_Automation.Smfg_Direct" name="TC_10" time="4.401">
    <system-out>
      <![CDATA[TC_10 : To verify that Max Capping of NTC and Thin Cibil
capped_banking_eligibility   = 408141.62 When Fixed capping is 500000 Lakh, Eligibility is getting calculated properly..!!!]]>
    </system-out>
  </testcase> <!-- TC_10 -->
  <testcase classname="Eligibility_Automation.Smfg_Direct" name="TC_02" time="4.021">
    <system-out>
      <![CDATA[TC_02 : To verify that When experiment is Both Rented, Policy SMFG_Direct
Eligibility is getting calculated properly..!!!  When Fixed capping is 1000000 Lakh ,capped_banking_eligibility after Haircut is = 0.0
Capping = 0.0 And Grade =A Eligibility is getting calculated properly..!!!]]>
    </system-out>
  </testcase> <!-- TC_02 -->
  <testcase classname="Eligibility_Automation.Smfg_Direct" name="TC_11" time="20.783">
    <system-out>
      <![CDATA[TC_11 : To verify that NTC with limit
IF Risk_Garde IS 'E And Fixed capping is 500000 Lakh, Cibil_Score IS -1 Then capped_banking_eligibility IS 408141.62 ... Eligibility Capping is calculated Properly..!!!!
IF Risk_Garde IS 'E And Fixed capping is 500000 Lakh, Cibil_Score IS 0 Then capped_banking_eligibility IS 408141.62 ... Eligibility Capping is calculated Properly..!!!!
IF Risk_Garde IS 'E And Fixed capping is 500000 Lakh, Cibil_Score IS 200 Then capped_banking_eligibility IS 408141.62 ... Eligibility Capping is calculated Properly..!!!!
IF Risk_Garde IS 'E And Fixed capping is 500000 Lakh, Cibil_Score IS 300 Then capped_banking_eligibility IS 408141.62 ... Eligibility Capping is calculated Properly..!!!!]]>
    </system-out>
  </testcase> <!-- TC_11 -->
  <testcase classname="Eligibility_Automation.Smfg_Direct" name="TC_04" time="3.656">
    <system-out>
      <![CDATA[TC_04 : To verify that When experiment is Both Toxic Profile, Policy SMFG_Direct
capped_banking_eligibility = 0.0 When Fixed capping is 1000000 Lakh, Eligibility is getting calculated properly..!!!]]>
    </system-out>
  </testcase> <!-- TC_04 -->
  <testcase classname="Eligibility_Automation.Smfg_Direct" name="TC_11" time="16.263">
    <system-out>
      <![CDATA[TC_11 : To verify that NTC with limit
IF Risk_Garde IS 'C And Fixed capping is 500000 Lakh, Cibil_Score IS -1 Then capped_banking_eligibility IS 500000.0 ... Eligibility Capping is calculated Properly..!!!!
IF Risk_Garde IS 'C And Fixed capping is 500000 Lakh, Cibil_Score IS 0 Then capped_banking_eligibility IS 500000.0 ... Eligibility Capping is calculated Properly..!!!!
IF Risk_Garde IS 'C And Fixed capping is 500000 Lakh, Cibil_Score IS 200 Then capped_banking_eligibility IS 500000.0 ... Eligibility Capping is calculated Properly..!!!!
IF Risk_Garde IS 'C And Fixed capping is 500000 Lakh, Cibil_Score IS 300 Then capped_banking_eligibility IS 500000.0 ... Eligibility Capping is calculated Properly..!!!!]]>
    </system-out>
  </testcase> <!-- TC_11 -->
  <system-out>
    <![CDATA[ DB Connection Successfull
 DB Connection Successfull
TC_01 : To verify the final capping if policy is SMFG , ALL risk grade , no experiment, ABB & BTO
 Test Loancode =6685a319lx2hp
capped_banking_eligibility = 500000.0 When Fixed capping is 1500000 Lakh , Eligibility is getting calculated properly..!!!
capped_abb_eligibility = 267891.72 When Fixed capping is 1500000.0 Lakh , Eligibility is getting calculated properly..!!!
TC_01 : To verify the final capping if policy is SMFG , ALL risk grade , no experiment, ABB & BTO
 Test Loancode =6685a319lx2hp
capped_banking_eligibility = 500000.0 When Fixed capping is 1500000 Lakh , Eligibility is getting calculated properly..!!!
capped_abb_eligibility = 223435.05 When Fixed capping is 1500000.0 Lakh , Eligibility is getting calculated properly..!!!
TC_01 : To verify the final capping if policy is SMFG , ALL risk grade , no experiment, ABB & BTO
 Test Loancode =6685a319lx2hp
capped_banking_eligibility = 500000.0 When Fixed capping is 1500000 Lakh , Eligibility is getting calculated properly..!!!
capped_abb_eligibility = 174824.19 When Fixed capping is 1500000.0 Lakh , Eligibility is getting calculated properly..!!!
TC_01 : To verify the final capping if policy is SMFG , ALL risk grade , no experiment, ABB & BTO
 Test Loancode =6685a319lx2hp
capped_banking_eligibility = 500000.0 When Fixed capping is 1500000 Lakh , Eligibility is getting calculated properly..!!!
capped_abb_eligibility = 121670.97 When Fixed capping is 1500000.0 Lakh , Eligibility is getting calculated properly..!!!
TC_01 : To verify the final capping if policy is SMFG , ALL risk grade , no experiment, ABB & BTO
 Test Loancode =6685a319lx2hp
capped_banking_eligibility = 500000.0 When Fixed capping is 1000000 Lakh , Eligibility is getting calculated properly..!!!
capped_abb_eligibility = 121670.97 When Fixed capping is 1500000.0 Lakh , Eligibility is getting calculated properly..!!!
TC_01 : To verify the final capping if policy is SMFG , ALL risk grade , no experiment, ABB & BTO
 Test Loancode =6685a319lx2hp
capped_banking_eligibility = 500000.0 When Fixed capping is 1500000 Lakh , Eligibility is getting calculated properly..!!!
capped_abb_eligibility = 174824.19 When Fixed capping is 1500000.0 Lakh , Eligibility is getting calculated properly..!!!
TC_02 : To verify that When experiment is Both Rented, Policy SMFG_Direct
Eligibility is getting calculated properly..!!!  When Fixed capping is 1000000 Lakh ,capped_banking_eligibility after Haircut is = 0.0
Capping = 0.0 And Grade =A Eligibility is getting calculated properly..!!!
TC_02 : To verify that When experiment is Both Rented, Policy SMFG_Direct
Eligibility is getting calculated properly..!!!  When Fixed capping is 800000 Lakh , capped_banking_eligibility after Haircut is = 680000.0
Capping = 680000.0 And Grade =B Eligibility is getting calculated properly..!!!
TC_02 : To verify that When experiment is Both Rented, Policy SMFG_Direct
Eligibility is getting calculated properly..!!!   When Fixed capping is 600000 Lakh , capped_banking_eligibility after Haircut is = 450000.0
Capping = 450000.0 And Grade =C Eligibility is getting calculated properly..!!!
TC_02 : To verify that When experiment is Both Rented, Policy SMFG_Direct
Eligibility is getting calculated properly..!!!   When Fixed capping is 600000 Lakh , capped_banking_eligibility after Haircut is = 0.0
Capping = 0.0 And Grade =D Eligibility is getting calculated properly..!!!
TC_02 : To verify that When experiment is Both Rented, Policy SMFG_Direct
Eligibility is getting calculated properly..!!!   When Fixed capping is 600000 Lakh , capped_banking_eligibility after Haircut is = 0.0
Capping = 0.0 And Grade =E Eligibility is getting calculated properly..!!!
TC_02 : To verify that When experiment is Both Rented, Policy SMFG_Direct
Eligibility is getting calculated properly..!!!   When Fixed capping is 600000 Lakh , capped_banking_eligibility after Haircut is = 0.0
Capping = 0.0 And Grade =NA Eligibility is getting calculated properly..!!!
TC_01 : To verify that When experiment is Both Cautious Profile, Policy SMFG_Direct
capped_banking_eligibility = 1283763.9When Fixed capping is 1500000 Lakh ,  Eligibility is getting calculated properly..!!!
TC_01 : To verify that When experiment is Both Cautious Profile, Policy SMFG_Direct
capped_banking_eligibility = 136517.19 When Fixed capping is 00.00 , Eligibility is getting calculated properly..!!!
capped_banking_eligibility = 773597.4099999999 When Fixed capping is 1500000 Lakh,  Eligibility is getting calculated properly..!!!
TC_01 : To verify that When experiment is Both Cautious Profile, Policy SMFG_Direct
capped_banking_eligibility = 157082.8125 When Fixed capping is 00.00 ,  Eligibility is getting calculated properly..!!!
capped_banking_eligibility = 471248.4375 When Fixed capping is 1000000 Lakh,  Eligibility is getting calculated properly..!!!
TC_01 : To verify that When experiment is Both Cautious Profile, Policy SMFG_Direct
capped_banking_eligibility = 109323.65 When Fixed capping is 00.00 ,  Eligibility is getting calculated properly..!!!
capped_banking_eligibility = 327970.94999999995 When Fixed capping is 1000000 Lakh,  Eligibility is getting calculated properly..!!!
TC_01 : To verify that When experiment is Both Cautious Profile, Policy SMFG_Direct
capped_banking_eligibility = 0.0 When Fixed capping is 00.00 ,  Eligibility is getting calculated properly..!!!
capped_banking_eligibility = 0.0 When Fixed capping is 1000000 Lakh,  Eligibility is getting calculated properly..!!!
TC_01 : To verify that When experiment is Both Cautious Profile, Policy SMFG_Direct
capped_banking_eligibility = 0.0 When Fixed capping is 00.00 ,  Eligibility is getting calculated properly..!!!
capped_banking_eligibility = 0.0 When Fixed capping is 1000000 Lakh,  Eligibility is getting calculated properly..!!!
TC_04 : To verify that When experiment is Both Toxic Profile, Policy SMFG_Direct
capped_banking_eligibility = 1000000.0 When Fixed capping is 1000000 Lakh, Eligibility is getting calculated properly..!!!
TC_04 : To verify that When experiment is Both Toxic Profile, Policy SMFG_Direct
capped_banking_eligibility = 773597.4099999999 When Fixed capping is 1000000 Lakh, Eligibility is getting calculated properly..!!!
TC_04 : To verify that When experiment is Both Toxic Profile, Policy SMFG_Direct
capped_banking_eligibility = 471248.4375 When Fixed capping is 1000000 Lakh, Eligibility is getting calculated properly..!!!
TC_04 : To verify that When experiment is Both Toxic Profile, Policy SMFG_Direct
capped_banking_eligibility = 0.0 When Fixed capping is 1000000 Lakh, Eligibility is getting calculated properly..!!!
TC_04 : To verify that When experiment is Both Toxic Profile, Policy SMFG_Direct
capped_banking_eligibility = 0.0 When Fixed capping is 1000000 Lakh, Eligibility is getting calculated properly..!!!
TC_04 : To verify that When experiment is Both Toxic Profile, Policy SMFG_Direct
capped_banking_eligibility = 0.0 When Fixed capping is 1000000 Lakh, Eligibility is getting calculated properly..!!!
TC_05 : To verify that When experiment is  Cautious Location, Policy SMFG_Direct
capped_banking_eligibility = 1283763.9When Fixed capping is 1500000 Lakh, Eligibility is getting calculated properly..!!!
TC_05 : To verify that When experiment is  Cautious Location, Policy SMFG_Direct
capped_banking_eligibility = 773597.4099999999When Fixed capping is 1000000 Lakh, Eligibility is getting calculated properly..!!!
TC_05 : To verify that When experiment is  Cautious Location, Policy SMFG_Direct
capped_banking_eligibility = 471248.4375When Fixed capping is 1000000 Lakh, Eligibility is getting calculated properly..!!!
TC_05 : To verify that When experiment is  Cautious Location, Policy SMFG_Direct
capped_banking_eligibility = 327970.94999999995When Fixed capping is 1000000 Lakh, Eligibility is getting calculated properly..!!!
TC_05 : To verify that When experiment is  Cautious Location, Policy SMFG_Direct
capped_banking_eligibility = 0.0When Fixed capping is 1000000 Lakh, Eligibility is getting calculated properly..!!!
TC_05 : To verify that When experiment is  Cautious Location, Policy SMFG_Direct
capped_banking_eligibility = 0.0When Fixed capping is 1000000 Lakh, Eligibility is getting calculated properly..!!!
TC_06 : To verify that When experiment is Salaried, Policy SMFG_Direct
capped_banking_eligibility = 1000000.0 And Grade = A Eligibility is getting calculated properly..!!!
TC_06 : To verify that When experiment is Salaried, Policy SMFG_Direct
capped_banking_eligibility = 680000.0 When Fixed capping is 800000 Lakh, Eligibility is getting calculated properly..!!!
TC_06 : To verify that When experiment is Salaried, Policy SMFG_Direct
capped_banking_eligibility = 450000.0 When Fixed capping is 600000 Lakh, Eligibility is getting calculated properly..!!!
TC_06 : To verify that When experiment is Salaried, Policy SMFG_Direct
capped_banking_eligibility = 0.0 When Fixed capping is 600000 Lakh, Eligibility is getting calculated properly..!!!
TC_06 : To verify that When experiment is Salaried, Policy SMFG_Direct
capped_banking_eligibility = 0.0 When Fixed capping is 600000 Lakh, Eligibility is getting calculated properly..!!!
TC_06 : To verify that When experiment is Salaried, Policy SMFG_Direct
capped_banking_eligibility = 0.0 When Fixed capping is 600000 Lakh, Eligibility is getting calculated properly..!!!
TC_07 : To verify that When Experiment is Personal Loan, Policy SMFG_Direct
capped_banking_eligibility = 500000.0 When Fixed capping is 500000 Lakh, Eligibility is getting calculated properly..!!!
TC_07 : To verify that When Experiment is Personal Loan, Policy SMFG_Direct
BTO Capping = 500000.0 And Grade = B when fixed capping =500000.0  Eligibility is getting calculated properly..!!!
capped_banking_eligibility = 425000.0 When Fixed capping is 500000 Lakh,Eligibility is getting calculated properly..!!!
TC_07 : To verify that When Experiment is Personal Loan, Policy SMFG_Direct
capped_banking_eligibility = 375000.0 When Fixed capping is 500000 Lakh,Eligibility is getting calculated properly..!!!
TC_07 : To verify that When Experiment is Personal Loan, Policy SMFG_Direct
capped_banking_eligibility = 0.0 When Fixed capping is 500000 Lakh,Eligibility is getting calculated properly..!!!
TC_07 : To verify that When Experiment is Personal Loan, Policy SMFG_Direct
capped_banking_eligibility = 0.0 When Fixed capping is 500000 Lakh,Eligibility is getting calculated properly..!!!
TC_07 : To verify that When Experiment is Personal Loan, Policy SMFG_Direct
capped_banking_eligibility = 0.0 When Fixed capping is 500000 Lakh,Eligibility is getting calculated properly..!!!
TC_08 : To verify that When Experiment is Saving Account, Policy SMFG_Direct
capped_banking_eligibility = 350000.0 When Fixed capping is 500000 Lakh,Eligibility is getting calculated properly..!!!
TC_08 : To verify that When Experiment is Saving Account, Policy SMFG_Direct
capped_banking_eligibility = 350000.0 When Fixed capping is 500000 Lakh,Eligibility is getting calculated properly..!!!
TC_08 : To verify that When Experiment is Saving Account, Policy SMFG_Direct
capped_banking_eligibility = 350000.0 When Fixed capping is 500000 Lakh,Eligibility is getting calculated properly..!!!
TC_08 : To verify that When Experiment is Saving Account, Policy SMFG_Direct
Eligibility is not getting calculated properly..!!!
TC_08 : To verify that When Experiment is Saving Account, Policy SMFG_Direct
Eligibility is not getting calculated properly..!!!
TC_08 : To verify that When Experiment is Saving Account, Policy SMFG_Direct
capped_banking_eligibility = 0.0 When Fixed capping is 500000 Lakh,Eligibility is getting calculated properly..!!!
TC_09 : Max capping where “no experiment” is applied (excl DSA,) where Business vintage is > 3 years & one property is owned When Risk_Grade isA
 Test Loancode =6685a319lx2hp
capped_abb_eligibility  = 223435.05 When Fixed capping is 2000000 Lakh, Eligibility is getting calculated properly..!!!
TC_09 : Max capping where “no experiment” is applied (excl DSA,) where Business vintage is > 3 years & one property is owned When Risk_Grade isB
 Test Loancode =6685a319lx2hp
capped_abb_eligibility  = 223435.05 When Fixed capping is 2000000 Lakh, Eligibility is getting calculated properly..!!!
TC_09 : Max capping where “no experiment” is applied (excl DSA,) where Business vintage is > 3 years & one property is owned When Risk_Grade isC
 Test Loancode =6685a319lx2hp
capped_abb_eligibility  = 1404449.6 When Fixed capping is 1500000 Lakh, Eligibility is getting calculated properly..!!!
capped_abb_eligibility  = 223435.05 When Fixed capping is 2000000 Lakh, Eligibility is getting calculated properly..!!!
TC_09 : Max capping where “no experiment” is applied (excl DSA,) where Business vintage is > 3 years & one property is owned When Risk_Grade isD
 Test Loancode =6685a319lx2hp
capped_abb_eligibility  = 1404449.6 When Fixed capping is 1500000 Lakh, Eligibility is getting calculated properly..!!!
capped_abb_eligibility  = 223435.05 When Fixed capping is 2000000 Lakh, Eligibility is getting calculated properly..!!!
TC_10 : To verify that Max Capping of NTC and Thin Cibil
capped_banking_eligibility   = 500000.0 When Fixed capping is 500000 Lakh, Eligibility is getting calculated properly..!!!
TC_10 : To verify that Max Capping of NTC and Thin Cibil
capped_banking_eligibility   = 500000.0 When Fixed capping is 500000 Lakh, Eligibility is getting calculated properly..!!!
TC_10 : To verify that Max Capping of NTC and Thin Cibil
capped_banking_eligibility   = 500000.0 When Fixed capping is 500000 Lakh, Eligibility is getting calculated properly..!!!
TC_10 : To verify that Max Capping of NTC and Thin Cibil
capped_banking_eligibility   = 408141.62 When Fixed capping is 500000 Lakh, Eligibility is getting calculated properly..!!!
TC_10 : To verify that Max Capping of NTC and Thin Cibil
capped_banking_eligibility   = 408141.62 When Fixed capping is 500000 Lakh, Eligibility is getting calculated properly..!!!
TC_10 : To verify that Max Capping of NTC and Thin Cibil
capped_banking_eligibility   = 0.0 When Fixed capping is 500000 Lakh, Eligibility is getting calculated properly..!!!
TC_11 : To verify that NTC with limit
IF Risk_Garde IS 'A And Fixed capping is 500000 Lakh, Cibil_Score IS -1 Then capped_banking_eligibility IS 500000.0 ... Eligibility Capping is calculated Properly..!!!!
IF Risk_Garde IS 'A And Fixed capping is 500000 Lakh, Cibil_Score IS 0 Then capped_banking_eligibility IS 500000.0 ... Eligibility Capping is calculated Properly..!!!!
IF Risk_Garde IS 'A And Fixed capping is 500000 Lakh, Cibil_Score IS 200 Then capped_banking_eligibility IS 500000.0 ... Eligibility Capping is calculated Properly..!!!!
IF Risk_Garde IS 'A And Fixed capping is 500000 Lakh, Cibil_Score IS 300 Then capped_banking_eligibility IS 500000.0 ... Eligibility Capping is calculated Properly..!!!!
TC_11 : To verify that NTC with limit
IF Risk_Garde IS 'B And Fixed capping is 500000 Lakh, Cibil_Score IS -1 Then capped_banking_eligibility IS 500000.0 ... Eligibility Capping is calculated Properly..!!!!
IF Risk_Garde IS 'B And Fixed capping is 500000 Lakh, Cibil_Score IS 0 Then capped_banking_eligibility IS 500000.0 ... Eligibility Capping is calculated Properly..!!!!
IF Risk_Garde IS 'B And Fixed capping is 500000 Lakh, Cibil_Score IS 200 Then capped_banking_eligibility IS 500000.0 ... Eligibility Capping is calculated Properly..!!!!
IF Risk_Garde IS 'B And Fixed capping is 500000 Lakh, Cibil_Score IS 300 Then capped_banking_eligibility IS 500000.0 ... Eligibility Capping is calculated Properly..!!!!
TC_11 : To verify that NTC with limit
IF Risk_Garde IS 'C And Fixed capping is 500000 Lakh, Cibil_Score IS -1 Then capped_banking_eligibility IS 500000.0 ... Eligibility Capping is calculated Properly..!!!!
IF Risk_Garde IS 'C And Fixed capping is 500000 Lakh, Cibil_Score IS 0 Then capped_banking_eligibility IS 500000.0 ... Eligibility Capping is calculated Properly..!!!!
IF Risk_Garde IS 'C And Fixed capping is 500000 Lakh, Cibil_Score IS 200 Then capped_banking_eligibility IS 500000.0 ... Eligibility Capping is calculated Properly..!!!!
IF Risk_Garde IS 'C And Fixed capping is 500000 Lakh, Cibil_Score IS 300 Then capped_banking_eligibility IS 500000.0 ... Eligibility Capping is calculated Properly..!!!!
TC_11 : To verify that NTC with limit
IF Risk_Garde IS 'D And Fixed capping is 500000 Lakh, Cibil_Score IS -1 Then capped_banking_eligibility IS 408141.62 ... Eligibility Capping is calculated Properly..!!!!
IF Risk_Garde IS 'D And Fixed capping is 500000 Lakh, Cibil_Score IS 0 Then capped_banking_eligibility IS 408141.62 ... Eligibility Capping is calculated Properly..!!!!
IF Risk_Garde IS 'D And Fixed capping is 500000 Lakh, Cibil_Score IS 200 Then capped_banking_eligibility IS 408141.62 ... Eligibility Capping is calculated Properly..!!!!
IF Risk_Garde IS 'D And Fixed capping is 500000 Lakh, Cibil_Score IS 300 Then capped_banking_eligibility IS 408141.62 ... Eligibility Capping is calculated Properly..!!!!
TC_11 : To verify that NTC with limit
IF Risk_Garde IS 'E And Fixed capping is 500000 Lakh, Cibil_Score IS -1 Then capped_banking_eligibility IS 408141.62 ... Eligibility Capping is calculated Properly..!!!!
IF Risk_Garde IS 'E And Fixed capping is 500000 Lakh, Cibil_Score IS 0 Then capped_banking_eligibility IS 408141.62 ... Eligibility Capping is calculated Properly..!!!!
IF Risk_Garde IS 'E And Fixed capping is 500000 Lakh, Cibil_Score IS 200 Then capped_banking_eligibility IS 408141.62 ... Eligibility Capping is calculated Properly..!!!!
IF Risk_Garde IS 'E And Fixed capping is 500000 Lakh, Cibil_Score IS 300 Then capped_banking_eligibility IS 408141.62 ... Eligibility Capping is calculated Properly..!!!!
TC_11 : To verify that NTC with limit
IF Risk_Garde IS 'NA And Fixed capping is 500000 Lakh, Cibil_Score IS -1 Then capped_banking_eligibility IS 0.0 ... Eligibility Capping is calculated Properly..!!!!
IF Risk_Garde IS 'NA And Fixed capping is 500000 Lakh, Cibil_Score IS 0 Then capped_banking_eligibility IS 0.0 ... Eligibility Capping is calculated Properly..!!!!
IF Risk_Garde IS 'NA And Fixed capping is 500000 Lakh, Cibil_Score IS 200 Then capped_banking_eligibility IS 0.0 ... Eligibility Capping is calculated Properly..!!!!
IF Risk_Garde IS 'NA And Fixed capping is 500000 Lakh, Cibil_Score IS 300 Then capped_banking_eligibility IS 0.0 ... Eligibility Capping is calculated Properly..!!!!
TC_12 : To verify that When ODCC, Policy SMFG_Direct (only ABB)
capped_abb_eligibility  = 133945.86 And Fixed capping is 1000000 Lakh, Eligibility is getting calculated properly..!!!
TC_12 : To verify that When ODCC, Policy SMFG_Direct (only ABB)
capped_abb_eligibility  = 94959.892 And Fixed capping is 1000000 Lakh, Eligibility is getting calculated properly..!!!
TC_12 : To verify that When ODCC, Policy SMFG_Direct (only ABB)
capped_abb_eligibility  = 65559.0675 And Fixed capping is 1000000 Lakh, Eligibility is getting calculated properly..!!!
TC_12 : To verify that When ODCC, Policy SMFG_Direct (only ABB)
capped_abb_eligibility  = 45626.6175 And Fixed capping is 1000000 Lakh, Eligibility is getting calculated properly..!!!
TC_12 : To verify that When ODCC, Policy SMFG_Direct (only ABB)
capped_abb_eligibility  = 0.0 And Fixed capping is 1000000 Lakh, Eligibility is getting calculated properly..!!!
TC_12 : To verify that When ODCC, Policy SMFG_Direct (only ABB)
capped_abb_eligibility  = 0.0 And Fixed capping is 1000000 Lakh, Eligibility is getting calculated properly..!!!
TC_13 : To verify that When experiment is Both Rented, Policy SMFG_Direct and account is NTC
When Fixed capping is 500000 Lakh And Cibil_Score IS -1 Experiment Is Both_Rented Then capped_banking_eligibility IS 500000.0 ... Eligibility Capping is calculated Properly..!!!!
When Fixed capping is 500000 Lakh And Cibil_Score IS 0 Experiment Is Both_Rented Then capped_banking_eligibility IS 500000.0 ... Eligibility Capping is calculated Properly..!!!!
When Fixed capping is 500000 Lakh And Cibil_Score IS 200 Experiment Is Both_Rented Then capped_banking_eligibility IS 500000.0 ... Eligibility Capping is calculated Properly..!!!!
Eligibility is not getting calculated properly..!!!
TC_13 : To verify that When experiment is Both Rented, Policy SMFG_Direct and account is NTC
When Fixed capping is 500000 Lakh And Cibil_Score IS -1 Experiment Is Both_Rented Then capped_banking_eligibility IS 500000.0 ... Eligibility Capping is calculated Properly..!!!!
When Fixed capping is 500000 Lakh And Cibil_Score IS 0 Experiment Is Both_Rented Then capped_banking_eligibility IS 500000.0 ... Eligibility Capping is calculated Properly..!!!!
When Fixed capping is 500000 Lakh And Cibil_Score IS 200 Experiment Is Both_Rented Then capped_banking_eligibility IS 500000.0 ... Eligibility Capping is calculated Properly..!!!!
Eligibility is not getting calculated properly..!!!
TC_13 : To verify that When experiment is Both Rented, Policy SMFG_Direct and account is NTC
When Fixed capping is 500000 Lakh And Cibil_Score IS -1 Experiment Is Both_Rented Then capped_banking_eligibility IS 500000.0 ... Eligibility Capping is calculated Properly..!!!!
When Fixed capping is 500000 Lakh And Cibil_Score IS 0 Experiment Is Both_Rented Then capped_banking_eligibility IS 500000.0 ... Eligibility Capping is calculated Properly..!!!!
When Fixed capping is 500000 Lakh And Cibil_Score IS 200 Experiment Is Both_Rented Then capped_banking_eligibility IS 500000.0 ... Eligibility Capping is calculated Properly..!!!!
Eligibility is not getting calculated properly..!!!
TC_13 : To verify that When experiment is Both Rented, Policy SMFG_Direct and account is NTC
When Fixed capping is 500000 Lakh And Cibil_Score IS -1 Experiment Is Both_Rented Then capped_banking_eligibility IS 500000.0 ... Eligibility Capping is calculated Properly..!!!!
When Fixed capping is 500000 Lakh And Cibil_Score IS 0 Experiment Is Both_Rented Then capped_banking_eligibility IS 500000.0 ... Eligibility Capping is calculated Properly..!!!!
When Fixed capping is 500000 Lakh And Cibil_Score IS 200 Experiment Is Both_Rented Then capped_banking_eligibility IS 500000.0 ... Eligibility Capping is calculated Properly..!!!!
Eligibility is not getting calculated properly..!!!
TC_13 : To verify that When experiment is Both Rented, Policy SMFG_Direct and account is NTC
When Fixed capping is 500000 Lakh And Cibil_Score IS -1 Experiment Is Both_Rented Then capped_banking_eligibility IS 500000.0 ... Eligibility Capping is calculated Properly..!!!!
When Fixed capping is 500000 Lakh And Cibil_Score IS 0 Experiment Is Both_Rented Then capped_banking_eligibility IS 500000.0 ... Eligibility Capping is calculated Properly..!!!!
When Fixed capping is 500000 Lakh And Cibil_Score IS 200 Experiment Is Both_Rented Then capped_banking_eligibility IS 500000.0 ... Eligibility Capping is calculated Properly..!!!!
Eligibility is not getting calculated properly..!!!
TC_13 : To verify that When experiment is Both Rented, Policy SMFG_Direct and account is NTC
When Fixed capping is 500000 Lakh And Cibil_Score IS -1 Experiment Is Both_Rented Then capped_banking_eligibility IS 0.0 ... Eligibility Capping is calculated Properly..!!!!
When Fixed capping is 500000 Lakh And Cibil_Score IS 0 Experiment Is Both_Rented Then capped_banking_eligibility IS 0.0 ... Eligibility Capping is calculated Properly..!!!!
When Fixed capping is 500000 Lakh And Cibil_Score IS 200 Experiment Is Both_Rented Then capped_banking_eligibility IS 0.0 ... Eligibility Capping is calculated Properly..!!!!
When Fixed capping is 500000 Lakh And Cibil_Score IS 300 Experiment Is Both_Rented Then capped_banking_eligibility IS 0.0 ... Eligibility Capping is calculated Properly..!!!!
TC_14 : To verify that When experiment is Both Rented, Policy SMFG_Direct and account is Thin cibil
When Fixed capping is 500000 Lakh Then capped_banking_eligibility IS '1000000.0' ... Eligibility Capping is calculated Properly..!!!!
TC_14 : To verify that When experiment is Both Rented, Policy SMFG_Direct and account is Thin cibil
When Fixed capping is 500000 Lakh Then capped_banking_eligibility IS '800000.0' ... Eligibility Capping is calculated Properly..!!!!
TC_14 : To verify that When experiment is Both Rented, Policy SMFG_Direct and account is Thin cibil
When Fixed capping is 500000 Lakh Then capped_banking_eligibility IS '600000.0' ... Eligibility Capping is calculated Properly..!!!!
TC_14 : To verify that When experiment is Both Rented, Policy SMFG_Direct and account is Thin cibil
When Fixed capping is 500000 Lakh Then capped_banking_eligibility IS '0.0' ... Eligibility Capping is calculated Properly..!!!!
TC_14 : To verify that When experiment is Both Rented, Policy SMFG_Direct and account is Thin cibil
When Fixed capping is 500000 Lakh Then capped_banking_eligibility IS '0.0' ... Eligibility Capping is calculated Properly..!!!!
TC_14 : To verify that When experiment is Both Rented, Policy SMFG_Direct and account is Thin cibil
When Fixed capping is 500000 Lakh Then capped_banking_eligibility IS '0.0' ... Eligibility Capping is calculated Properly..!!!!
TC_01 : To verify that When experiment is Both Rented, Policy SMFG_Direct and account is ODCC
 When Fixed capping is 1000000 Lakh And Experiment Is Both Rented Then ODCC capped_abb_eligibility  Is '191351.23'  ... Eligibility is getting calculated Properly.!!! 
TC_01 : To verify that When experiment is Both Rented, Policy SMFG_Direct and account is ODCC
 When Fixed capping is 1000000 Lakh And Experiment Is Both Rented Then ODCC capped_abb_eligibility  Is '135656.98'  ... Eligibility is getting calculated Properly.!!! 
TC_01 : To verify that When experiment is Both Rented, Policy SMFG_Direct and account is ODCC
 When Fixed capping is 1000000 Lakh And Experiment Is Both Rented Then ODCC capped_abb_eligibility  Is '93655.82'  ... Eligibility is getting calculated Properly.!!! 
TC_01 : To verify that When experiment is Both Rented, Policy SMFG_Direct and account is ODCC
 When Fixed capping is 1000000 Lakh And Experiment Is Both Rented Then ODCC capped_abb_eligibility  Is '0.0'  ... Eligibility is getting calculated Properly.!!! 
TC_01 : To verify that When experiment is Both Rented, Policy SMFG_Direct and account is ODCC
 When Fixed capping is 1000000 Lakh And Experiment Is Both Rented Then ODCC capped_abb_eligibility  Is '0.0'  ... Eligibility is getting calculated Properly.!!! 
TC_01 : To verify that When experiment is Both Rented, Policy SMFG_Direct and account is ODCC
 When Fixed capping is 00.00 Lakh And Experiment Is Both Rented Then ODCC Capping Is '0.0'  ... Eligibility is getting calculated Properly.!!! ]]>
  </system-out>
</testsuite> <!-- Eligibility_Automation.Smfg_Direct -->
