<?xml version="1.0" encoding="UTF-8"?>
<!-- Generated by org.testng.reporters.JUnitReportReporter -->
<testsuite hostname="Bloom-Mohit" failures="0" tests="88" name="Eligibility_Automation.Smfg_Direct" time="442.429" errors="0" timestamp="2024-07-14T15:30:36 IST" skipped="0">
  <testcase classname="Eligibility_Automation.Smfg_Direct" name="TC_12" time="3.606">
    <system-out>
      <![CDATA[TC_12 : When ODCC, Policy SMFG_Direct (only ABB) When Risk_Grade isA
 Test Loancode =66939fd8tstyl
Derived_ABB is =257788.05 , No haircut and Max Capping is 1000000
 Final Eligibility = 180451.62 since max cap is min of haircut and derived amount.]]>
    </system-out>
  </testcase> <!-- TC_12 -->
  <testcase classname="Eligibility_Automation.Smfg_Direct" name="TC_14" time="4.015">
    <system-out>
      <![CDATA[TC_14 : When experiment is Both Rented, Policy SMFG_Direct and account is Thin cibil When Risk_Grade is A
 Test Loancode =66939fd8tstyl
Derived_BTO is =-109567.84 , No haircut and Max Capping is 500000
 Final Eligibility = -109567.84 since max cap is min of haircut and derived amount.
Derived_BTO is =257788.05 , No haircut and Max Capping is 500000
 Final Eligibility = 257788.05 since max cap is min of haircut and derived amount.]]>
    </system-out>
  </testcase> <!-- TC_14 -->
  <testcase classname="Eligibility_Automation.Smfg_Direct" name="TC_12" time="3.642">
    <system-out>
      <![CDATA[TC_12 : When ODCC, Policy SMFG_Direct (only ABB) When Risk_Grade isNA
 Test Loancode =66939fd8tstyl
Derived_ABB is =168230.6 , 25% haircut and Max Capping is 1000000
 Final Eligibility = 0.0 since max cap is min of haircut and derived amount.]]>
    </system-out>
  </testcase> <!-- TC_12 -->
  <testcase classname="Eligibility_Automation.Smfg_Direct" name="TC_10" time="3.528">
    <system-out>
      <![CDATA[TC_10 : Max Capping of NTC and Thin Cibil When Risk_Grade is A
 Test Loancode =66939fd8tstyl
Derived_BTO is =-109567.84 , No haircut and Max Capping is 500000
 Final Eligibility = -109567.84 since max cap is min of haircut and derived amount.
Derived_ABB is =360903.28 , No haircut and Max Capping is 500000
 Final Eligibility = 252632.3 since max cap is min of haircut and derived amount.]]>
    </system-out>
  </testcase> <!-- TC_10 -->
  <testcase classname="Eligibility_Automation.Smfg_Direct" name="TC_06" time="3.991">
    <system-out>
      <![CDATA[TC_06 : When experiment is Salaried, Policy SMFG_Direct When Risk_Grade is A
 Test Loancode =66939fd8tstyl
Derived_BTO is =-109567.84 , No haircut and Max Capping is 1000000
 Final Eligibility = -109567.84 since max cap is min of haircut and derived amount.
Derived_ABB is =360903.28 , No haircut and Max Capping is 1000000
 Final Eligibility = 360903.28 since max cap is min of haircut and derived amount.]]>
    </system-out>
  </testcase> <!-- TC_06 -->
  <testcase classname="Eligibility_Automation.Smfg_Direct" name="TC_06" time="3.774">
    <system-out>
      <![CDATA[TC_06 : When experiment is Salaried, Policy SMFG_Direct When Risk_Grade is D
 Test Loancode =66939fd8tstyl
Eligibility is not getting calculated properly..!!!
Derived_ABB is =163914.92 , 25% haircut and Max Capping is 00.00 
 Final Eligibility = 0.0 since max cap is min of haircut and derived amount.]]>
    </system-out>
  </testcase> <!-- TC_06 -->
  <testcase classname="Eligibility_Automation.Smfg_Direct" name="TC_14" time="4.005">
    <system-out>
      <![CDATA[TC_14 : When experiment is Both Rented, Policy SMFG_Direct and account is Thin cibil When Risk_Grade is NA
 Test Loancode =66939fd8tstyl
Derived_BTO is =-71503.18 , No haircut and Max Capping is 500000
 Final Eligibility = -71503.18 since max cap is min of haircut and derived amount.
Derived_BTO is =168230.6 , No haircut and Max Capping is 500000
 Final Eligibility = 0.0 since max cap is min of haircut and derived amount.]]>
    </system-out>
  </testcase> <!-- TC_14 -->
  <testcase classname="Eligibility_Automation.Smfg_Direct" name="TC_08" time="3.648">
    <system-out>
      <![CDATA[TC_08 : When Experiment is Saving Account, Policy SMFG_Direct When Risk_Grade isNA
 Test Loancode =66939fd8tstyl
Derived_BTO is =-71503.18 , 30% haircut and Max Capping is 500000
 Final Eligibility = -71503.18 since max cap is min of haircut and derived amount.
Derived_ABB is =235522.84 , 30% haircut and Max Capping is 500000
 Final Eligibility = 0.0 since max cap is min of haircut and derived amount.]]>
    </system-out>
  </testcase> <!-- TC_08 -->
  <testcase classname="Eligibility_Automation.Smfg_Direct" name="TC_07" time="3.801">
    <system-out>
      <![CDATA[TC_07 :When Experiment is Personal Loan, Policy SMFG_Direct When Risk_Grade isA
 Test Loancode =66939fd8tstyl
Derived_BTO is =-109567.84 , No haircut and Max Capping is 500000
 Final Eligibility = -109567.84 since max cap is min of haircut and derived amount.
Derived_ABB is =360903.28 , No haircut and Max Capping is 500000
 Final Eligibility = 360903.28 since max cap is min of haircut and derived amount.]]>
    </system-out>
  </testcase> <!-- TC_07 -->
  <testcase classname="Eligibility_Automation.Smfg_Direct" name="TC_15" time="3.916">
    <system-out>
      <![CDATA[TC_15 : When experiment is Both Rented, Policy SMFG_Direct and account is ODCC When Risk_Grade is B
 Test Loancode =66939fd8tstyl
Derived_ABB is =415677.0 , 15% haircut and Max Capping is 1000000
 Final Eligibility = 182756.86 since max cap is min of haircut and derived amount.]]>
    </system-out>
  </testcase> <!-- TC_15 -->
  <testcase classname="Eligibility_Automation.Smfg_Direct" name="TC_13" time="3.619">
    <system-out>
      <![CDATA[TC_13 : When experiment is Both Rented, Policy SMFG_Direct and account is NTC When Risk_Grade is C
 Test Loancode =66939fd8tstyl
Derived_BTO is =-71503.18 , No haircut and Max Capping is 500000
 Final Eligibility = -71503.18 since max cap is min of haircut and derived amount.
Derived_ABB is =168230.6 , No haircut and Max Capping is 500000
 Final Eligibility = 126172.95 since max cap is min of haircut and derived amount.]]>
    </system-out>
  </testcase> <!-- TC_13 -->
  <testcase classname="Eligibility_Automation.Smfg_Direct" name="TC_10" time="3.486">
    <system-out>
      <![CDATA[TC_10 : Max Capping of NTC and Thin Cibil When Risk_Grade is E
 Test Loancode =66939fd8tstyl
Derived_BTO is =-49763.49 , No haircut and Max Capping is 500000
 Final Eligibility = -49763.49 since max cap is min of haircut and derived amount.
Derived_ABB is =163914.92 , No haircut and Max Capping is 500000
 Final Eligibility = 114740.44 since max cap is min of haircut and derived amount.]]>
    </system-out>
  </testcase> <!-- TC_10 -->
  <testcase classname="Eligibility_Automation.Smfg_Direct" name="TC_14" time="3.982">
    <system-out>
      <![CDATA[TC_14 : When experiment is Both Rented, Policy SMFG_Direct and account is Thin cibil When Risk_Grade is E
 Test Loancode =66939fd8tstyl
Derived_BTO is =-49763.49 , No haircut and Max Capping is 500000
 Final Eligibility = -49763.49 since max cap is min of haircut and derived amount.
Derived_BTO is =117082.09 , No haircut and Max Capping is 500000
 Final Eligibility = 0.0 since max cap is min of haircut and derived amount.]]>
    </system-out>
  </testcase> <!-- TC_14 -->
  <testcase classname="Eligibility_Automation.Smfg_Direct" name="TC_09" time="3.829">
    <system-out>
      <![CDATA[TC_09 : Max capping where “no experiment” is applied (excl DSA,) where Business vintage is > 3 years & one property is owned When Risk_Grade isD
 Test Loancode =66939fd8tstyl
Derived_BTO is =-49763.49 , No haircut and Max Capping is 1500000
 Final Eligibility = -49763.49 since max cap is min of haircut and derived amount.
Derived_ABB is =163914.92 , No haircut and Max Capping is 2000000
 Final Eligibility = 114740.44 since max cap is min of haircut and derived amount.]]>
    </system-out>
  </testcase> <!-- TC_09 -->
  <testcase classname="Eligibility_Automation.Smfg_Direct" name="TC_01" time="4.026">
    <system-out>
      <![CDATA[TC_01 : To verify the final capping if policy is SMFG_Direct , no experiment, ABB & BTO When Risk_Grade is =B
 Test Loancode =66939fd8tstyl
Derived_BTO is =-91385.04 , No haircut and Max Capping is 1500000
 Final Eligibility = -91385.04 since max cap is min of haircut and derived amount.
Derived_ABB is =301011.3 , No haircut and Max Capping is 1500000
 Final Eligibility = 301011.3 since max cap is min of haircut and derived amount.]]>
    </system-out>
  </testcase> <!-- TC_01 -->
  <testcase classname="Eligibility_Automation.Smfg_Direct" name="TC_14" time="3.952">
    <system-out>
      <![CDATA[TC_14 : When experiment is Both Rented, Policy SMFG_Direct and account is Thin cibil When Risk_Grade is D
 Test Loancode =66939fd8tstyl
Derived_BTO is =-49763.49 , No haircut and Max Capping is 500000
 Final Eligibility = -49763.49 since max cap is min of haircut and derived amount.
Derived_BTO is =117082.09 , No haircut and Max Capping is 500000
 Final Eligibility = 0.0 since max cap is min of haircut and derived amount.]]>
    </system-out>
  </testcase> <!-- TC_14 -->
  <testcase classname="Eligibility_Automation.Smfg_Direct" name="TC_15" time="3.439">
    <system-out>
      <![CDATA[TC_15 : When experiment is Both Rented, Policy SMFG_Direct and account is ODCC When Risk_Grade is E
 Test Loancode =66939fd8tstyl
Derived_ABB is =415677.0 , 25% haircut and Max Capping is 1000000
 Final Eligibility = 0.0 since max cap is min of haircut and derived amount.]]>
    </system-out>
  </testcase> <!-- TC_15 -->
  <testcase classname="Eligibility_Automation.Smfg_Direct" name="TC_15" time="3.548">
    <system-out>
      <![CDATA[TC_15 : When experiment is Both Rented, Policy SMFG_Direct and account is ODCC When Risk_Grade is D
 Test Loancode =66939fd8tstyl
Derived_ABB is =415677.0 , 25% haircut and Max Capping is 1000000
 Final Eligibility = 0.0 since max cap is min of haircut and derived amount.]]>
    </system-out>
  </testcase> <!-- TC_15 -->
  <testcase classname="Eligibility_Automation.Smfg_Direct" name="TC_03" time="4.061">
    <system-out>
      <![CDATA[TC_03 :When experiment is Cautious Profile, Policy SMFG_Direct When Risk_Grade is NA
 Test Loancode =66939fd8tstyl
Derived_BTO is =-71503.18 , 25% haircut and Max Capping is 1500000
 Final Eligibility = -71503.18 since max cap is min of haircut and derived amount.
Derived_ABB is =235522.84 , 25% haircut and Max Capping is 1500000
 Final Eligibility = 0.0 since max cap is min of haircut and derived amount.]]>
    </system-out>
  </testcase> <!-- TC_03 -->
  <testcase classname="Eligibility_Automation.Smfg_Direct" name="TC_08" time="4.107">
    <system-out>
      <![CDATA[TC_08 : When Experiment is Saving Account, Policy SMFG_Direct When Risk_Grade isC
 Test Loancode =66939fd8tstyl
Derived_BTO is =-71503.18 , 30% haircut and Max Capping is 500000
 Final Eligibility = -71503.18 since max cap is min of haircut and derived amount.
Derived_ABB is =235522.84 , 30% haircut and Max Capping is 500000
 Final Eligibility = 164865.98 since max cap is min of haircut and derived amount.]]>
    </system-out>
  </testcase> <!-- TC_08 -->
  <testcase classname="Eligibility_Automation.Smfg_Direct" name="TC_09" time="3.964">
    <system-out>
      <![CDATA[TC_09 : Max capping where “no experiment” is applied (excl DSA,) where Business vintage is > 3 years & one property is owned When Risk_Grade isC
 Test Loancode =66939fd8tstyl
Derived_BTO is =-71503.18 , No haircut and Max Capping is 1500000
 Final Eligibility = -71503.18 since max cap is min of haircut and derived amount.
Derived_ABB is =235522.84 , No haircut and Max Capping is 2000000
 Final Eligibility = 164865.98 since max cap is min of haircut and derived amount.]]>
    </system-out>
  </testcase> <!-- TC_09 -->
  <testcase classname="Eligibility_Automation.Smfg_Direct" name="TC_04" time="6.555">
    <system-out>
      <![CDATA[TC_04 :When experiment is Toxic Profile, Policy SMFG_Direct When Risk_Grade is C
 Test Loancode =66939fd8tstyl
Derived_BTO is =-71503.18 ,25.0% haircut and Max Capping is 1000000
 Final Eligibility = -71503.18 since max cap is min of haircut and derived amount.
Derived_ABB is =235522.84 ,25.0% haircut and Max Capping is 1000000
 Final Eligibility = 176642.12 since max cap is min of haircut and derived amount.]]>
    </system-out>
  </testcase> <!-- TC_04 -->
  <testcase classname="Eligibility_Automation.Smfg_Direct" name="TC_01" time="5.576">
    <system-out>
      <![CDATA[TC_01 : To verify the final capping if policy is SMFG_Direct , no experiment, ABB & BTO When Risk_Grade is =D
 Test Loancode =66939fd8tstyl
Derived_BTO is =-49763.49 , No haircut and Max Capping is 1500000
 Final Eligibility = -49763.49 since max cap is min of haircut and derived amount.
Derived_ABB is =163914.92 , No haircut and Max Capping is 1500000
 Final Eligibility = 163914.92 since max cap is min of haircut and derived amount.]]>
    </system-out>
  </testcase> <!-- TC_01 -->
  <testcase classname="Eligibility_Automation.Smfg_Direct" name="TC_10" time="3.723">
    <system-out>
      <![CDATA[TC_10 : Max Capping of NTC and Thin Cibil When Risk_Grade is C
 Test Loancode =66939fd8tstyl
Derived_BTO is =-71503.18 , No haircut and Max Capping is 500000
 Final Eligibility = -71503.18 since max cap is min of haircut and derived amount.
Derived_ABB is =235522.84 , No haircut and Max Capping is 500000
 Final Eligibility = 164865.98 since max cap is min of haircut and derived amount.]]>
    </system-out>
  </testcase> <!-- TC_10 -->
  <testcase classname="Eligibility_Automation.Smfg_Direct" name="TC_12" time="4.092">
    <system-out>
      <![CDATA[TC_12 : When ODCC, Policy SMFG_Direct (only ABB) When Risk_Grade isD
 Test Loancode =66939fd8tstyl
Derived_ABB is =117082.09 , 25% haircut and Max Capping is 1000000
 Final Eligibility = 81957.46 since max cap is min of haircut and derived amount.]]>
    </system-out>
  </testcase> <!-- TC_12 -->
  <testcase classname="Eligibility_Automation.Smfg_Direct" name="TC_03" time="4.264">
    <system-out>
      <![CDATA[TC_03 :When experiment is Cautious Profile, Policy SMFG_Direct When Risk_Grade is A
 Test Loancode =66939fd8tstyl
Derived_BTO is =-109567.84 , No haircut and Max Capping is 1500000
 Final Eligibility = -109567.84 since max cap is min of haircut and derived amount.
Derived_ABB is =360903.28 , No haircut and Max Capping is 1500000
 Final Eligibility = 360903.28 since max cap is min of haircut and derived amount.]]>
    </system-out>
  </testcase> <!-- TC_03 -->
  <testcase classname="Eligibility_Automation.Smfg_Direct" name="TC_04" time="6.389">
    <system-out>
      <![CDATA[TC_04 :When experiment is Toxic Profile, Policy SMFG_Direct When Risk_Grade is B
 Test Loancode =66939fd8tstyl
Derived_BTO is =-91385.04 ,15.0% haircut and Max Capping is 1000000
 Final Eligibility = -91385.04 since max cap is min of haircut and derived amount.
Derived_ABB is =301011.3 ,15.0% haircut and Max Capping is 1000000
 Final Eligibility = 255859.6 since max cap is min of haircut and derived amount.]]>
    </system-out>
  </testcase> <!-- TC_04 -->
  <testcase classname="Eligibility_Automation.Smfg_Direct" name="TC_10" time="3.598">
    <system-out>
      <![CDATA[TC_10 : Max Capping of NTC and Thin Cibil When Risk_Grade is NA
 Test Loancode =66939fd8tstyl
Derived_BTO is =-71503.18 , No haircut and Max Capping is 500000
 Final Eligibility = -71503.18 since max cap is min of haircut and derived amount.
Derived_ABB is =235522.84 , No haircut and Max Capping is 500000
 Final Eligibility = 0.0 since max cap is min of haircut and derived amount.]]>
    </system-out>
  </testcase> <!-- TC_10 -->
  <testcase classname="Eligibility_Automation.Smfg_Direct" name="TC_14" time="3.947">
    <system-out>
      <![CDATA[TC_14 : When experiment is Both Rented, Policy SMFG_Direct and account is Thin cibil When Risk_Grade is B
 Test Loancode =66939fd8tstyl
Derived_BTO is =-91385.04 , No haircut and Max Capping is 500000
 Final Eligibility = -91385.04 since max cap is min of haircut and derived amount.
Derived_BTO is =215008.06 , No haircut and Max Capping is 500000
 Final Eligibility = 182756.86 since max cap is min of haircut and derived amount.]]>
    </system-out>
  </testcase> <!-- TC_14 -->
  <testcase classname="Eligibility_Automation.Smfg_Direct" name="TC_08" time="3.767">
    <system-out>
      <![CDATA[TC_08 : When Experiment is Saving Account, Policy SMFG_Direct When Risk_Grade isD
 Test Loancode =66939fd8tstyl
Eligibility is not getting calculated properly..!!!
Derived_ABB is =163914.92 , 30% haircut and Max Capping is 00.00
 Final Eligibility = 114740.44 since max cap is min of haircut and derived amount.]]>
    </system-out>
  </testcase> <!-- TC_08 -->
  <testcase classname="Eligibility_Automation.Smfg_Direct" name="TC_07" time="3.611">
    <system-out>
      <![CDATA[TC_07 :When Experiment is Personal Loan, Policy SMFG_Direct When Risk_Grade isD
 Test Loancode =66939fd8tstyl
Derived_BTO is =-49763.49 , 25.0% haircut and Max Capping is 00.00
 Final Eligibility = -49763.49 since max cap is min of haircut and derived amount.
Derived_ABB is =163914.92 , 25.0% haircut and Max Capping is 00.00
 Final Eligibility = 0.0 since max cap is min of haircut and derived amount.]]>
    </system-out>
  </testcase> <!-- TC_07 -->
  <testcase classname="Eligibility_Automation.Smfg_Direct" name="TC_04" time="6.703">
    <system-out>
      <![CDATA[TC_04 :When experiment is Toxic Profile, Policy SMFG_Direct When Risk_Grade is A
 Test Loancode =66939fd8tstyl
Derived_BTO is =-109567.84 , No haircut and Max Capping is 1000000
 Final Eligibility = -109567.84 since max cap is min of haircut and derived amount.
Derived_ABB is =360903.28 , No haircut and Max Capping is 1000000
 Final Eligibility = 360903.28 since max cap is min of haircut and derived amount.]]>
    </system-out>
  </testcase> <!-- TC_04 -->
  <testcase classname="Eligibility_Automation.Smfg_Direct" name="TC_11" time="15.016">
    <system-out>
      <![CDATA[TC_11 : NTC with limit When Risk_Grade isNA
 Test Loancode =66939fd8tstyl
BTO_Capping =-71503.18Fixed capping is 500000 Lakh, Cibil_Score IS -1 Eligibility Capping is getting calculated properly..!!!
Derived_capping_BTO = -71503.18
ABB_Capping =0.0Fixed capping is 500000 Lakh, Cibil_Score IS -1 Eligibility Capping is getting calculated properly..!!!
Derived_capping_ABB = 235522.84
BTO_Capping =-71503.18Fixed capping is 500000 Lakh, Cibil_Score IS 0 Eligibility Capping is getting calculated properly..!!!
Derived_capping_BTO = -71503.18
ABB_Capping =0.0Fixed capping is 500000 Lakh, Cibil_Score IS 0 Eligibility Capping is getting calculated properly..!!!
Derived_capping_ABB = 235522.84
BTO_Capping =-71503.18Fixed capping is 500000 Lakh, Cibil_Score IS 200 Eligibility Capping is getting calculated properly..!!!
Derived_capping_BTO = -71503.18
ABB_Capping =0.0Fixed capping is 500000 Lakh, Cibil_Score IS 200 Eligibility Capping is getting calculated properly..!!!
Derived_capping_ABB = 235522.84
BTO_Capping =-71503.18Fixed capping is 500000 Lakh, Cibil_Score IS 300 Eligibility Capping is getting calculated properly..!!!
Derived_capping_BTO = -71503.18
ABB_Capping =0.0Fixed capping is 500000 Lakh, Cibil_Score IS 300 Eligibility Capping is getting calculated properly..!!!
Derived_capping_ABB = 235522.84]]>
    </system-out>
  </testcase> <!-- TC_11 -->
  <testcase classname="Eligibility_Automation.Smfg_Direct" name="TC_05" time="3.652">
    <system-out>
      <![CDATA[TC_05 : When experiment is Cautious Location, Policy SMFG_Direct when Risk_Grade is B
 Test Loancode =66939fd8tstyl
Derived_BTO is =-91385.04 , 15% haircut and Max Capping is 1500000
 Final Eligibility = -91385.04 since max cap is min of haircut and derived amount.
Derived_ABB is =301011.3 , 15% haircut and Max Capping is 1500000
 Final Eligibility = 255859.6 since max cap is min of haircut and derived amount.]]>
    </system-out>
  </testcase> <!-- TC_05 -->
  <testcase classname="Eligibility_Automation.Smfg_Direct" name="TC_06" time="3.388">
    <system-out>
      <![CDATA[TC_06 : When experiment is Salaried, Policy SMFG_Direct When Risk_Grade is E
 Test Loancode =66939fd8tstyl
Eligibility is not getting calculated properly..!!!
Derived_ABB is =163914.92 , 25% haircut and Max Capping is 00.00 
 Final Eligibility = 0.0 since max cap is min of haircut and derived amount.]]>
    </system-out>
  </testcase> <!-- TC_06 -->
  <testcase classname="Eligibility_Automation.Smfg_Direct" name="TC_11" time="16.149">
    <system-out>
      <![CDATA[TC_11 : NTC with limit When Risk_Grade isD
 Test Loancode =66939fd8tstyl
BTO_Capping =-49763.49Fixed capping is 500000 Lakh, Cibil_Score IS -1 Eligibility Capping is getting calculated properly..!!!
Derived_capping_BTO = -49763.49
ABB_Capping =114740.44Fixed capping is 500000 Lakh, Cibil_Score IS -1 Eligibility Capping is getting calculated properly..!!!
Derived_capping_ABB = 163914.92
BTO_Capping =-49763.49Fixed capping is 500000 Lakh, Cibil_Score IS 0 Eligibility Capping is getting calculated properly..!!!
Derived_capping_BTO = -49763.49
ABB_Capping =114740.44Fixed capping is 500000 Lakh, Cibil_Score IS 0 Eligibility Capping is getting calculated properly..!!!
Derived_capping_ABB = 163914.92
BTO_Capping =-49763.49Fixed capping is 500000 Lakh, Cibil_Score IS 200 Eligibility Capping is getting calculated properly..!!!
Derived_capping_BTO = -49763.49
ABB_Capping =114740.44Fixed capping is 500000 Lakh, Cibil_Score IS 200 Eligibility Capping is getting calculated properly..!!!
Derived_capping_ABB = 163914.92
BTO_Capping =-49763.49Fixed capping is 500000 Lakh, Cibil_Score IS 300 Eligibility Capping is getting calculated properly..!!!
Derived_capping_BTO = -49763.49
ABB_Capping =114740.44Fixed capping is 500000 Lakh, Cibil_Score IS 300 Eligibility Capping is getting calculated properly..!!!
Derived_capping_ABB = 163914.92]]>
    </system-out>
  </testcase> <!-- TC_11 -->
  <testcase classname="Eligibility_Automation.Smfg_Direct" name="TC_11" time="15.240">
    <system-out>
      <![CDATA[TC_11 : NTC with limit When Risk_Grade isE
 Test Loancode =66939fd8tstyl
BTO_Capping =-49763.49Fixed capping is 500000 Lakh, Cibil_Score IS -1 Eligibility Capping is getting calculated properly..!!!
Derived_capping_BTO = -49763.49
ABB_Capping =114740.44Fixed capping is 500000 Lakh, Cibil_Score IS -1 Eligibility Capping is getting calculated properly..!!!
Derived_capping_ABB = 163914.92
BTO_Capping =-49763.49Fixed capping is 500000 Lakh, Cibil_Score IS 0 Eligibility Capping is getting calculated properly..!!!
Derived_capping_BTO = -49763.49
ABB_Capping =114740.44Fixed capping is 500000 Lakh, Cibil_Score IS 0 Eligibility Capping is getting calculated properly..!!!
Derived_capping_ABB = 163914.92
BTO_Capping =-49763.49Fixed capping is 500000 Lakh, Cibil_Score IS 200 Eligibility Capping is getting calculated properly..!!!
Derived_capping_BTO = -49763.49
ABB_Capping =114740.44Fixed capping is 500000 Lakh, Cibil_Score IS 200 Eligibility Capping is getting calculated properly..!!!
Derived_capping_ABB = 163914.92
BTO_Capping =-49763.49Fixed capping is 500000 Lakh, Cibil_Score IS 300 Eligibility Capping is getting calculated properly..!!!
Derived_capping_BTO = -49763.49
ABB_Capping =114740.44Fixed capping is 500000 Lakh, Cibil_Score IS 300 Eligibility Capping is getting calculated properly..!!!
Derived_capping_ABB = 163914.92]]>
    </system-out>
  </testcase> <!-- TC_11 -->
  <testcase classname="Eligibility_Automation.Smfg_Direct" name="TC_13" time="3.929">
    <system-out>
      <![CDATA[TC_13 : When experiment is Both Rented, Policy SMFG_Direct and account is NTC When Risk_Grade is D
 Test Loancode =66939fd8tstyl
Derived_BTO is =-49763.49 , No haircut and Max Capping is 500000
 Final Eligibility = -49763.49 since max cap is min of haircut and derived amount.
Derived_ABB is =117082.09 , No haircut and Max Capping is 500000
 Final Eligibility = 87811.57 since max cap is min of haircut and derived amount.]]>
    </system-out>
  </testcase> <!-- TC_13 -->
  <testcase classname="Eligibility_Automation.Smfg_Direct" name="TC_07" time="3.373">
    <system-out>
      <![CDATA[TC_07 :When Experiment is Personal Loan, Policy SMFG_Direct When Risk_Grade isE
 Test Loancode =66939fd8tstyl
Derived_BTO is =-49763.49 , 25.0% haircut and Max Capping is 00.00
 Final Eligibility = -49763.49 since max cap is min of haircut and derived amount.
Derived_ABB is =163914.92 , 25.0% haircut and Max Capping is 00.00
 Final Eligibility = 0.0 since max cap is min of haircut and derived amount.]]>
    </system-out>
  </testcase> <!-- TC_07 -->
  <testcase classname="Eligibility_Automation.Smfg_Direct" name="TC_06" time="3.779">
    <system-out>
      <![CDATA[TC_06 : When experiment is Salaried, Policy SMFG_Direct When Risk_Grade is C
 Test Loancode =66939fd8tstyl
Derived_BTO is =-71503.18 , 25% haircut and Max Capping is 600000
 Final Eligibility = -71503.18 since max cap is min of haircut and derived amount.
Derived_ABB is =235522.84 , 25% haircut and Max Capping is 600000
 Final Eligibility = 176642.12 since max cap is min of haircut and derived amount.]]>
    </system-out>
  </testcase> <!-- TC_06 -->
  <testcase classname="Eligibility_Automation.Smfg_Direct" name="TC_06" time="3.656">
    <system-out>
      <![CDATA[TC_06 : When experiment is Salaried, Policy SMFG_Direct When Risk_Grade is NA
 Test Loancode =66939fd8tstyl
Derived_BTO is =-71503.18 , 25% haircut and Max Capping is 600000
 Final Eligibility = -71503.18 since max cap is min of haircut and derived amount.
Derived_ABB is =235522.84 , 25% haircut and Max Capping is 600000
 Final Eligibility = 0.0 since max cap is min of haircut and derived amount.]]>
    </system-out>
  </testcase> <!-- TC_06 -->
  <testcase classname="Eligibility_Automation.Smfg_Direct" name="TC_01" time="4.128">
    <system-out>
      <![CDATA[TC_01 : To verify the final capping if policy is SMFG_Direct , no experiment, ABB & BTO When Risk_Grade is =C
 Test Loancode =66939fd8tstyl
Derived_BTO is =-71503.18 , No haircut and Max Capping is 1500000
 Final Eligibility = -71503.18 since max cap is min of haircut and derived amount.
Derived_ABB is =235522.84 , No haircut and Max Capping is 1500000
 Final Eligibility = 235522.84 since max cap is min of haircut and derived amount.]]>
    </system-out>
  </testcase> <!-- TC_01 -->
  <testcase classname="Eligibility_Automation.Smfg_Direct" name="TC_09" time="3.834">
    <system-out>
      <![CDATA[TC_09 : Max capping where “no experiment” is applied (excl DSA,) where Business vintage is > 3 years & one property is owned When Risk_Grade isB
 Test Loancode =66939fd8tstyl
Derived_BTO is =-91385.04 , No haircut and Max Capping is 2000000
 Final Eligibility = -91385.04 since max cap is min of haircut and derived amount.
Derived_ABB is =301011.3 , No haircut and Max Capping is 2000000
 Final Eligibility = 210707.9 since max cap is min of haircut and derived amount.]]>
    </system-out>
  </testcase> <!-- TC_09 -->
  <testcase classname="Eligibility_Automation.Smfg_Direct" name="TC_02" time="7.202">
    <system-out>
      <![CDATA[TC_02 : When experiment is Both Rented, Policy SMFG_Direct When Risk_Grade is B
 Test Loancode =66939fd8tstyl
Derived_BTO is =-91385.04 , 15% haircut and Max Capping is 800000
 Final Eligibility = -91385.04 since max cap is min of haircut and derived amount.
Derived_ABB is =301011.3 ,15% haircut and Max Capping is 800000
 Final Eligibility = 255859.6 since max cap is min of haircut and derived amount.]]>
    </system-out>
  </testcase> <!-- TC_02 -->
  <testcase classname="Eligibility_Automation.Smfg_Direct" name="TC_11" time="15.454">
    <system-out>
      <![CDATA[TC_11 : NTC with limit When Risk_Grade isB
 Test Loancode =66939fd8tstyl
BTO_Capping =-91385.04Fixed capping is 500000 Lakh, Cibil_Score IS -1 Eligibility Capping is getting calculated properly..!!!
Derived_capping_BTO = -91385.04
ABB_Capping =210707.9Fixed capping is 500000 Lakh, Cibil_Score IS -1 Eligibility Capping is getting calculated properly..!!!
Derived_capping_ABB = 301011.3
BTO_Capping =-91385.04Fixed capping is 500000 Lakh, Cibil_Score IS 0 Eligibility Capping is getting calculated properly..!!!
Derived_capping_BTO = -91385.04
ABB_Capping =210707.9Fixed capping is 500000 Lakh, Cibil_Score IS 0 Eligibility Capping is getting calculated properly..!!!
Derived_capping_ABB = 301011.3
BTO_Capping =-91385.04Fixed capping is 500000 Lakh, Cibil_Score IS 200 Eligibility Capping is getting calculated properly..!!!
Derived_capping_BTO = -91385.04
ABB_Capping =210707.9Fixed capping is 500000 Lakh, Cibil_Score IS 200 Eligibility Capping is getting calculated properly..!!!
Derived_capping_ABB = 301011.3
BTO_Capping =-91385.04Fixed capping is 500000 Lakh, Cibil_Score IS 300 Eligibility Capping is getting calculated properly..!!!
Derived_capping_BTO = -91385.04
ABB_Capping =210707.9Fixed capping is 500000 Lakh, Cibil_Score IS 300 Eligibility Capping is getting calculated properly..!!!
Derived_capping_ABB = 301011.3]]>
    </system-out>
  </testcase> <!-- TC_11 -->
  <testcase classname="Eligibility_Automation.Smfg_Direct" name="TC_07" time="4.052">
    <system-out>
      <![CDATA[TC_07 :When Experiment is Personal Loan, Policy SMFG_Direct When Risk_Grade isC
 Test Loancode =66939fd8tstyl
Derived_BTO is =-71503.18 , 25.0% haircut and Max Capping is 500000
 Final Eligibility = -71503.18 since max cap is min of haircut and derived amount.
Derived_ABB is =235522.84 , 25.0% haircut and Max Capping is 500000
 Final Eligibility = 176642.12 since max cap is min of haircut and derived amount.]]>
    </system-out>
  </testcase> <!-- TC_07 -->
  <testcase classname="Eligibility_Automation.Smfg_Direct" name="TC_12" time="3.699">
    <system-out>
      <![CDATA[TC_12 : When ODCC, Policy SMFG_Direct (only ABB) When Risk_Grade isC
 Test Loancode =66939fd8tstyl
Derived_ABB is =168230.6 , 25% haircut and Max Capping is 1000000
 Final Eligibility = 117761.42 since max cap is min of haircut and derived amount.]]>
    </system-out>
  </testcase> <!-- TC_12 -->
  <testcase classname="Eligibility_Automation.Smfg_Direct" name="TC_02" time="6.350">
    <system-out>
      <![CDATA[TC_02 : When experiment is Both Rented, Policy SMFG_Direct When Risk_Grade is D
 Test Loancode =66939fd8tstyl
Derived_BTO is =-49763.49 , 25% haircut and Max Capping is 600000
 Final Eligibility = -49763.49 since max cap is min of haircut and derived amount.
Derived_ABB is =163914.92 , 25% haircut and Max Capping is 600000
 Final Eligibility = 0.0 since max cap is min of haircut and derived amount.]]>
    </system-out>
  </testcase> <!-- TC_02 -->
  <testcase classname="Eligibility_Automation.Smfg_Direct" name="TC_13" time="3.732">
    <system-out>
      <![CDATA[TC_13 : When experiment is Both Rented, Policy SMFG_Direct and account is NTC When Risk_Grade is E
 Test Loancode =66939fd8tstyl
Derived_BTO is =-49763.49 , No haircut and Max Capping is 500000
 Final Eligibility = -49763.49 since max cap is min of haircut and derived amount.
Derived_ABB is =117082.09 , No haircut and Max Capping is 500000
 Final Eligibility = 0.0 since max cap is min of haircut and derived amount.]]>
    </system-out>
  </testcase> <!-- TC_13 -->
  <testcase classname="Eligibility_Automation.Smfg_Direct" name="TC_13" time="4.093">
    <system-out>
      <![CDATA[TC_13 : When experiment is Both Rented, Policy SMFG_Direct and account is NTC When Risk_Grade is NA
 Test Loancode =66939fd8tstyl
Derived_BTO is =-71503.18 , No haircut and Max Capping is 500000
 Final Eligibility = -71503.18 since max cap is min of haircut and derived amount.
Derived_ABB is =168230.6 , No haircut and Max Capping is 500000
 Final Eligibility = 0.0 since max cap is min of haircut and derived amount.]]>
    </system-out>
  </testcase> <!-- TC_13 -->
  <testcase classname="Eligibility_Automation.Smfg_Direct" name="TC_06" time="3.738">
    <system-out>
      <![CDATA[TC_06 : When experiment is Salaried, Policy SMFG_Direct When Risk_Grade is B
 Test Loancode =66939fd8tstyl
Derived_BTO is =-91385.04 , 15% haircut and Max Capping is 800000
 Final Eligibility = -91385.04 since max cap is min of haircut and derived amount.
Derived_ABB is =301011.3 , 15% haircut and Max Capping is 800000
 Final Eligibility = 255859.6 since max cap is min of haircut and derived amount.]]>
    </system-out>
  </testcase> <!-- TC_06 -->
  <testcase classname="Eligibility_Automation.Smfg_Direct" name="TC_13" time="3.763">
    <system-out>
      <![CDATA[TC_13 : When experiment is Both Rented, Policy SMFG_Direct and account is NTC When Risk_Grade is A
 Test Loancode =66939fd8tstyl
Derived_BTO is =-109567.84 , No haircut and Max Capping is 500000
 Final Eligibility = -109567.84 since max cap is min of haircut and derived amount.
Derived_ABB is =257788.05 , No haircut and Max Capping is 500000
 Final Eligibility = 257788.05 since max cap is min of haircut and derived amount.]]>
    </system-out>
  </testcase> <!-- TC_13 -->
  <testcase classname="Eligibility_Automation.Smfg_Direct" name="TC_12" time="4.422">
    <system-out>
      <![CDATA[TC_12 : When ODCC, Policy SMFG_Direct (only ABB) When Risk_Grade isB
 Test Loancode =66939fd8tstyl
Derived_ABB is =215008.06 , 15% haircut and Max Capping is 1000000
 Final Eligibility = 150505.66 since max cap is min of haircut and derived amount.]]>
    </system-out>
  </testcase> <!-- TC_12 -->
  <testcase classname="Eligibility_Automation.Smfg_Direct" name="TC_03" time="3.400">
    <system-out>
      <![CDATA[TC_03 :When experiment is Cautious Profile, Policy SMFG_Direct When Risk_Grade is E
 Test Loancode =66939fd8tstyl
Derived_BTO is =-49763.49 , 25% haircut and Max Capping is 1500000
 Final Eligibility = -49763.49 since max cap is min of haircut and derived amount.
Derived_ABB is =163914.92 , 25% haircut and Max Capping is 1500000
 Final Eligibility = 0.0 since max cap is min of haircut and derived amount.]]>
    </system-out>
  </testcase> <!-- TC_03 -->
  <testcase classname="Eligibility_Automation.Smfg_Direct" name="TC_07" time="3.599">
    <system-out>
      <![CDATA[TC_07 :When Experiment is Personal Loan, Policy SMFG_Direct When Risk_Grade isNA
 Test Loancode =66939fd8tstyl
Derived_BTO is =-71503.18 , 25.0% haircut and Max Capping is 500000
 Final Eligibility = -71503.18 since max cap is min of haircut and derived amount.
Derived_ABB is =235522.84 , 25.0% haircut and Max Capping is 500000
 Final Eligibility = 0.0 since max cap is min of haircut and derived amount.]]>
    </system-out>
  </testcase> <!-- TC_07 -->
  <testcase classname="Eligibility_Automation.Smfg_Direct" name="TC_02" time="7.000">
    <system-out>
      <![CDATA[TC_02 : When experiment is Both Rented, Policy SMFG_Direct When Risk_Grade is C
 Test Loancode =66939fd8tstyl
Derived_BTO is =-71503.18 , 25% haircut and Max Capping is 600000
 Final Eligibility = -71503.18 since max cap is min of haircut and derived amount.
Derived_ABB is =235522.84 , 25% haircut and Max Capping is 600000
 Final Eligibility = 176642.12 since max cap is min of haircut and derived amount.]]>
    </system-out>
  </testcase> <!-- TC_02 -->
  <testcase classname="Eligibility_Automation.Smfg_Direct" name="TC_11" time="15.398">
    <system-out>
      <![CDATA[TC_11 : NTC with limit When Risk_Grade isA
 Test Loancode =66939fd8tstyl
BTO_Capping =-109567.84Fixed capping is 500000 Lakh, Cibil_Score IS -1 Eligibility Capping is getting calculated properly..!!!
Derived_capping_BTO = -109567.84
ABB_Capping =252632.3Fixed capping is 500000 Lakh, Cibil_Score IS -1 Eligibility Capping is getting calculated properly..!!!
Derived_capping_ABB = 360903.28
BTO_Capping =-109567.84Fixed capping is 500000 Lakh, Cibil_Score IS 0 Eligibility Capping is getting calculated properly..!!!
Derived_capping_BTO = -109567.84
ABB_Capping =252632.3Fixed capping is 500000 Lakh, Cibil_Score IS 0 Eligibility Capping is getting calculated properly..!!!
Derived_capping_ABB = 360903.28
BTO_Capping =-109567.84Fixed capping is 500000 Lakh, Cibil_Score IS 200 Eligibility Capping is getting calculated properly..!!!
Derived_capping_BTO = -109567.84
ABB_Capping =252632.3Fixed capping is 500000 Lakh, Cibil_Score IS 200 Eligibility Capping is getting calculated properly..!!!
Derived_capping_ABB = 360903.28
BTO_Capping =-109567.84Fixed capping is 500000 Lakh, Cibil_Score IS 300 Eligibility Capping is getting calculated properly..!!!
Derived_capping_BTO = -109567.84
ABB_Capping =252632.3Fixed capping is 500000 Lakh, Cibil_Score IS 300 Eligibility Capping is getting calculated properly..!!!
Derived_capping_ABB = 360903.28]]>
    </system-out>
  </testcase> <!-- TC_11 -->
  <testcase classname="Eligibility_Automation.Smfg_Direct" name="TC_11" time="15.421">
    <system-out>
      <![CDATA[TC_11 : NTC with limit When Risk_Grade isC
 Test Loancode =66939fd8tstyl
BTO_Capping =-71503.18Fixed capping is 500000 Lakh, Cibil_Score IS -1 Eligibility Capping is getting calculated properly..!!!
Derived_capping_BTO = -71503.18
ABB_Capping =164865.98Fixed capping is 500000 Lakh, Cibil_Score IS -1 Eligibility Capping is getting calculated properly..!!!
Derived_capping_ABB = 235522.84
BTO_Capping =-71503.18Fixed capping is 500000 Lakh, Cibil_Score IS 0 Eligibility Capping is getting calculated properly..!!!
Derived_capping_BTO = -71503.18
ABB_Capping =164865.98Fixed capping is 500000 Lakh, Cibil_Score IS 0 Eligibility Capping is getting calculated properly..!!!
Derived_capping_ABB = 235522.84
BTO_Capping =-71503.18Fixed capping is 500000 Lakh, Cibil_Score IS 200 Eligibility Capping is getting calculated properly..!!!
Derived_capping_BTO = -71503.18
ABB_Capping =164865.98Fixed capping is 500000 Lakh, Cibil_Score IS 200 Eligibility Capping is getting calculated properly..!!!
Derived_capping_ABB = 235522.84
BTO_Capping =-71503.18Fixed capping is 500000 Lakh, Cibil_Score IS 300 Eligibility Capping is getting calculated properly..!!!
Derived_capping_BTO = -71503.18
ABB_Capping =164865.98Fixed capping is 500000 Lakh, Cibil_Score IS 300 Eligibility Capping is getting calculated properly..!!!
Derived_capping_ABB = 235522.84]]>
    </system-out>
  </testcase> <!-- TC_11 -->
  <testcase classname="Eligibility_Automation.Smfg_Direct" name="TC_14" time="3.582">
    <system-out>
      <![CDATA[TC_14 : When experiment is Both Rented, Policy SMFG_Direct and account is Thin cibil When Risk_Grade is C
 Test Loancode =66939fd8tstyl
Derived_BTO is =-71503.18 , No haircut and Max Capping is 500000
 Final Eligibility = -71503.18 since max cap is min of haircut and derived amount.
Derived_BTO is =168230.6 , No haircut and Max Capping is 500000
 Final Eligibility = 126172.95 since max cap is min of haircut and derived amount.]]>
    </system-out>
  </testcase> <!-- TC_14 -->
  <testcase classname="Eligibility_Automation.Smfg_Direct" name="TC_10" time="4.046">
    <system-out>
      <![CDATA[TC_10 : Max Capping of NTC and Thin Cibil When Risk_Grade is D
 Test Loancode =66939fd8tstyl
Derived_BTO is =-49763.49 , No haircut and Max Capping is 500000
 Final Eligibility = -49763.49 since max cap is min of haircut and derived amount.
Derived_ABB is =163914.92 , No haircut and Max Capping is 500000
 Final Eligibility = 114740.44 since max cap is min of haircut and derived amount.]]>
    </system-out>
  </testcase> <!-- TC_10 -->
  <testcase classname="Eligibility_Automation.Smfg_Direct" name="TC_12" time="3.360">
    <system-out>
      <![CDATA[TC_12 : When ODCC, Policy SMFG_Direct (only ABB) When Risk_Grade isE
 Test Loancode =66939fd8tstyl
Derived_ABB is =117082.09 , 25% haircut and Max Capping is 1000000
 Final Eligibility = 0.0 since max cap is min of haircut and derived amount.]]>
    </system-out>
  </testcase> <!-- TC_12 -->
  <testcase classname="Eligibility_Automation.Smfg_Direct" name="TC_05" time="3.706">
    <system-out>
      <![CDATA[TC_05 : When experiment is Cautious Location, Policy SMFG_Direct when Risk_Grade is C
 Test Loancode =66939fd8tstyl
Derived_BTO is =-71503.18 , 25% haircut and Max Capping is 1000000
 Final Eligibility = -71503.18 since max cap is min of haircut and derived amount.
Derived_ABB is =235522.84 , 25% haircut and Max Capping is 1000000
 Final Eligibility = 176642.12 since max cap is min of haircut and derived amount.]]>
    </system-out>
  </testcase> <!-- TC_05 -->
  <testcase classname="Eligibility_Automation.Smfg_Direct" name="TC_03" time="3.839">
    <system-out>
      <![CDATA[TC_03 :When experiment is Cautious Profile, Policy SMFG_Direct When Risk_Grade is B
 Test Loancode =66939fd8tstyl
Derived_BTO is =-91385.04 , 15% haircut and Max Capping is 1500000
 Final Eligibility = -91385.04 since max cap is min of haircut and derived amount.
Derived_ABB is =301011.3 , 15% haircut and Max Capping is 1500000
 Final Eligibility = 255859.6 since max cap is min of haircut and derived amount.]]>
    </system-out>
  </testcase> <!-- TC_03 -->
  <testcase classname="Eligibility_Automation.Smfg_Direct" name="TC_08" time="3.711">
    <system-out>
      <![CDATA[TC_08 : When Experiment is Saving Account, Policy SMFG_Direct When Risk_Grade isA
 Test Loancode =66939fd8tstyl
Derived_BTO is =-109567.84 , 30% haircut and Max Capping is 500000
 Final Eligibility = -109567.84 since max cap is min of haircut and derived amount.
Derived_ABB is =360903.28 , 30% haircut and Max Capping is 500000
 Final Eligibility = 252632.3 since max cap is min of haircut and derived amount.]]>
    </system-out>
  </testcase> <!-- TC_08 -->
  <testcase classname="Eligibility_Automation.Smfg_Direct" name="TC_09" time="3.625">
    <system-out>
      <![CDATA[TC_09 : Max capping where “no experiment” is applied (excl DSA,) where Business vintage is > 3 years & one property is owned When Risk_Grade isA
 Test Loancode =66939fd8tstyl
Derived_BTO is =-109567.84 , No haircut and Max Capping is 2000000
 Final Eligibility = -109567.84 since max cap is min of haircut and derived amount.
Derived_ABB is =360903.28 , No haircut and Max Capping is 2000000
 Final Eligibility = 252632.3 since max cap is min of haircut and derived amount.]]>
    </system-out>
  </testcase> <!-- TC_09 -->
  <testcase classname="Eligibility_Automation.Smfg_Direct" name="TC_15" time="3.594">
    <system-out>
      <![CDATA[TC_15 : When experiment is Both Rented, Policy SMFG_Direct and account is ODCC When Risk_Grade is A
 Test Loancode =66939fd8tstyl
Derived_ABB is =415677.0 , No haircut and Max Capping is 1000000
 Final Eligibility = 257788.05 since max cap is min of haircut and derived amount.]]>
    </system-out>
  </testcase> <!-- TC_15 -->
  <testcase classname="Eligibility_Automation.Smfg_Direct" name="TC_15" time="3.638">
    <system-out>
      <![CDATA[TC_15 : When experiment is Both Rented, Policy SMFG_Direct and account is ODCC When Risk_Grade is NA
 Test Loancode =66939fd8tstyl
Derived_ABB is =415677.0 , 25% haircut and Max Capping is 1000000
 Final Eligibility = 0.0 since max cap is min of haircut and derived amount.]]>
    </system-out>
  </testcase> <!-- TC_15 -->
  <testcase classname="Eligibility_Automation.Smfg_Direct" name="TC_01" time="3.612">
    <system-out>
      <![CDATA[TC_01 : To verify the final capping if policy is SMFG_Direct , no experiment, ABB & BTO When Risk_Grade is =E
 Test Loancode =66939fd8tstyl
Derived_BTO is =-49763.49 , No haircut and Max Capping is 1000000
 Final Eligibility = -49763.49 since max cap is min of haircut and derived amount.
Derived_ABB is =163914.92 , No haircut and Max Capping is 1500000
 Final Eligibility = 163914.92 since max cap is min of haircut and derived amount.]]>
    </system-out>
  </testcase> <!-- TC_01 -->
  <testcase classname="Eligibility_Automation.Smfg_Direct" name="TC_01" time="5.413">
    <system-out>
      <![CDATA[TC_01 : To verify the final capping if policy is SMFG_Direct , no experiment, ABB & BTO When Risk_Grade is =A
 Test Loancode =66939fd8tstyl
Derived_BTO is =-109567.84 , No haircut and Max Capping is 1500000
 Final Eligibility = -109567.84 since max cap is min of haircut and derived amount.
Derived_ABB is =360903.28 , No haircut and Max Capping is 1500000
 Final Eligibility = 360903.28 since max cap is min of haircut and derived amount.]]>
    </system-out>
  </testcase> <!-- TC_01 -->
  <testcase classname="Eligibility_Automation.Smfg_Direct" name="TC_03" time="3.921">
    <system-out>
      <![CDATA[TC_03 :When experiment is Cautious Profile, Policy SMFG_Direct When Risk_Grade is D
 Test Loancode =66939fd8tstyl
Derived_BTO is =-49763.49 , 25% haircut and Max Capping is 1500000
 Final Eligibility = -49763.49 since max cap is min of haircut and derived amount.
Derived_ABB is =163914.92 , 25% haircut and Max Capping is 1500000
 Final Eligibility = 122936.19 since max cap is min of haircut and derived amount.]]>
    </system-out>
  </testcase> <!-- TC_03 -->
  <testcase classname="Eligibility_Automation.Smfg_Direct" name="TC_10" time="4.164">
    <system-out>
      <![CDATA[TC_10 : Max Capping of NTC and Thin Cibil When Risk_Grade is B
 Test Loancode =66939fd8tstyl
Derived_BTO is =-91385.04 , No haircut and Max Capping is 500000
 Final Eligibility = -91385.04 since max cap is min of haircut and derived amount.
Derived_ABB is =301011.3 , No haircut and Max Capping is 500000
 Final Eligibility = 210707.9 since max cap is min of haircut and derived amount.]]>
    </system-out>
  </testcase> <!-- TC_10 -->
  <testcase classname="Eligibility_Automation.Smfg_Direct" name="TC_15" time="3.732">
    <system-out>
      <![CDATA[TC_15 : When experiment is Both Rented, Policy SMFG_Direct and account is ODCC When Risk_Grade is C
 Test Loancode =66939fd8tstyl
Derived_ABB is =415677.0 , 25% haircut and Max Capping is 1000000
 Final Eligibility = 126172.95 since max cap is min of haircut and derived amount.]]>
    </system-out>
  </testcase> <!-- TC_15 -->
  <testcase classname="Eligibility_Automation.Smfg_Direct" name="TC_04" time="6.284">
    <system-out>
      <![CDATA[TC_04 :When experiment is Toxic Profile, Policy SMFG_Direct When Risk_Grade is E
 Test Loancode =66939fd8tstyl
Derived_BTO is =-49763.49 ,25.0% haircut and Max Capping is 1000000
 Final Eligibility = -49763.49 since max cap is min of haircut and derived amount.
Derived_ABB is =163914.92 ,25.0% haircut and Max Capping is 1000000
 Final Eligibility = 0.0 since max cap is min of haircut and derived amount.]]>
    </system-out>
  </testcase> <!-- TC_04 -->
  <testcase classname="Eligibility_Automation.Smfg_Direct" name="TC_02" time="6.238">
    <system-out>
      <![CDATA[TC_02 : When experiment is Both Rented, Policy SMFG_Direct When Risk_Grade is E
 Test Loancode =66939fd8tstyl
Derived_BTO is =-49763.49 , 25% haircut and Max Capping is 600000
 Final Eligibility = -49763.49 since max cap is min of haircut and derived amount.
Derived_ABB is =163914.92 , 25% haircut and Max Capping is 600000
 Final Eligibility = 0.0 since max cap is min of haircut and derived amount.]]>
    </system-out>
  </testcase> <!-- TC_02 -->
  <testcase classname="Eligibility_Automation.Smfg_Direct" name="TC_05" time="4.031">
    <system-out>
      <![CDATA[TC_05 : When experiment is Cautious Location, Policy SMFG_Direct when Risk_Grade is D
 Test Loancode =66939fd8tstyl
Derived_BTO is =-49763.49 , 25% haircut and Max Capping is 1000000
 Final Eligibility = -49763.49 since max cap is min of haircut and derived amount.
Derived_ABB is =163914.92 , 25% haircut and Max Capping is 1000000
 Final Eligibility = 122936.19 since max cap is min of haircut and derived amount.]]>
    </system-out>
  </testcase> <!-- TC_05 -->
  <testcase classname="Eligibility_Automation.Smfg_Direct" name="TC_02" time="7.159">
    <system-out>
      <![CDATA[TC_02 : When experiment is Both Rented, Policy SMFG_Direct When Risk_Grade is A
 Test Loancode =66939fd8tstyl
Derived_BTO is =-109567.84 , No haircut and Max Capping is 1000000
 Final Eligibility = -109567.84 since max cap is min of haircut and derived amount.
Derived_ABB is =360903.28 , No haircut and Max Capping is 1000000
 Final Eligibility = 360903.28 since max cap is min of haircut and derived amount.]]>
    </system-out>
  </testcase> <!-- TC_02 -->
  <testcase classname="Eligibility_Automation.Smfg_Direct" name="TC_08" time="3.642">
    <system-out>
      <![CDATA[TC_08 : When Experiment is Saving Account, Policy SMFG_Direct When Risk_Grade isE
 Test Loancode =66939fd8tstyl
Eligibility is not getting calculated properly..!!!
Derived_ABB is =163914.92 , 30% haircut and Max Capping is 00.00
 Final Eligibility = 114740.44 since max cap is min of haircut and derived amount.]]>
    </system-out>
  </testcase> <!-- TC_08 -->
  <testcase classname="Eligibility_Automation.Smfg_Direct" name="TC_05" time="3.650">
    <system-out>
      <![CDATA[TC_05 : When experiment is Cautious Location, Policy SMFG_Direct when Risk_Grade is NA
 Test Loancode =66939fd8tstyl
Derived_BTO is =-71503.18 , 25% haircut and Max Capping is 1000000
 Final Eligibility = -71503.18 since max cap is min of haircut and derived amount.
Derived_ABB is =235522.84 , 25% haircut and Max Capping is 1000000
 Final Eligibility = 0.0 since max cap is min of haircut and derived amount.]]>
    </system-out>
  </testcase> <!-- TC_05 -->
  <testcase classname="Eligibility_Automation.Smfg_Direct" name="TC_08" time="3.696">
    <system-out>
      <![CDATA[TC_08 : When Experiment is Saving Account, Policy SMFG_Direct When Risk_Grade isB
 Test Loancode =66939fd8tstyl
Derived_BTO is =-91385.04 , 30% haircut and Max Capping is 500000
 Final Eligibility = -91385.04 since max cap is min of haircut and derived amount.
Derived_ABB is =301011.3 , 30% haircut and Max Capping is 500000
 Final Eligibility = 210707.9 since max cap is min of haircut and derived amount.]]>
    </system-out>
  </testcase> <!-- TC_08 -->
  <testcase classname="Eligibility_Automation.Smfg_Direct" name="TC_13" time="4.300">
    <system-out>
      <![CDATA[TC_13 : When experiment is Both Rented, Policy SMFG_Direct and account is NTC When Risk_Grade is B
 Test Loancode =66939fd8tstyl
Derived_BTO is =-91385.04 , No haircut and Max Capping is 500000
 Final Eligibility = -91385.04 since max cap is min of haircut and derived amount.
Derived_ABB is =215008.06 , No haircut and Max Capping is 500000
 Final Eligibility = 182756.86 since max cap is min of haircut and derived amount.]]>
    </system-out>
  </testcase> <!-- TC_13 -->
  <testcase classname="Eligibility_Automation.Smfg_Direct" name="TC_05" time="4.186">
    <system-out>
      <![CDATA[TC_05 : When experiment is Cautious Location, Policy SMFG_Direct when Risk_Grade is A
 Test Loancode =66939fd8tstyl
Derived_BTO is =-109567.84 , No haircut and Max Capping is 1500000
 Final Eligibility = -109567.84 since max cap is min of haircut and derived amount.
Derived_ABB is =360903.28 , No haircut and Max Capping is 1500000
 Final Eligibility = 360903.28 since max cap is min of haircut and derived amount.]]>
    </system-out>
  </testcase> <!-- TC_05 -->
  <testcase classname="Eligibility_Automation.Smfg_Direct" name="TC_02" time="6.764">
    <system-out>
      <![CDATA[TC_02 : When experiment is Both Rented, Policy SMFG_Direct When Risk_Grade is NA
 Test Loancode =66939fd8tstyl
Derived_BTO is =-71503.18 , 25% haircut and Max Capping is 600000
 Final Eligibility = -71503.18 since max cap is min of haircut and derived amount.
Derived_ABB is =235522.84 , 25% haircut and Max Capping is 600000
 Final Eligibility = 0.0 since max cap is min of haircut and derived amount.]]>
    </system-out>
  </testcase> <!-- TC_02 -->
  <testcase classname="Eligibility_Automation.Smfg_Direct" name="TC_07" time="3.606">
    <system-out>
      <![CDATA[TC_07 :When Experiment is Personal Loan, Policy SMFG_Direct When Risk_Grade isB
 Test Loancode =66939fd8tstyl
Derived_BTO is =-91385.04 , 15.0% haircut and Max Capping is 500000
 Final Eligibility = -91385.04 since max cap is min of haircut and derived amount.
Derived_ABB is =301011.3 , 15.0% haircut and Max Capping is 500000
 Final Eligibility = 255859.6 since max cap is min of haircut and derived amount.]]>
    </system-out>
  </testcase> <!-- TC_07 -->
  <testcase classname="Eligibility_Automation.Smfg_Direct" name="TC_01" time="4.089">
    <system-out>
      <![CDATA[TC_01 : To verify the final capping if policy is SMFG_Direct , no experiment, ABB & BTO When Risk_Grade is =NA
 Test Loancode =66939fd8tstyl
Derived_BTO is =-71503.18 , No haircut and Max Capping is 1500000
 Final Eligibility = -71503.18 since max cap is min of haircut and derived amount.
Derived_ABB is =235522.84 , No haircut and Max Capping is 1500000
 Final Eligibility = 235522.84 since max cap is min of haircut and derived amount.]]>
    </system-out>
  </testcase> <!-- TC_01 -->
  <testcase classname="Eligibility_Automation.Smfg_Direct" name="TC_03" time="4.068">
    <system-out>
      <![CDATA[TC_03 :When experiment is Cautious Profile, Policy SMFG_Direct When Risk_Grade is C
 Test Loancode =66939fd8tstyl
Derived_BTO is =-71503.18 , 25% haircut and Max Capping is 1500000
 Final Eligibility = -71503.18 since max cap is min of haircut and derived amount.
Derived_ABB is =235522.84 , 25% haircut and Max Capping is 1500000
 Final Eligibility = 176642.12 since max cap is min of haircut and derived amount.]]>
    </system-out>
  </testcase> <!-- TC_03 -->
  <testcase classname="Eligibility_Automation.Smfg_Direct" name="TC_05" time="3.525">
    <system-out>
      <![CDATA[TC_05 : When experiment is Cautious Location, Policy SMFG_Direct when Risk_Grade is E
 Test Loancode =66939fd8tstyl
Derived_BTO is =-49763.49 , 25% haircut and Max Capping is 1000000
 Final Eligibility = -49763.49 since max cap is min of haircut and derived amount.
Derived_ABB is =163914.92 , 25% haircut and Max Capping is 1000000
 Final Eligibility = 0.0 since max cap is min of haircut and derived amount.]]>
    </system-out>
  </testcase> <!-- TC_05 -->
  <testcase classname="Eligibility_Automation.Smfg_Direct" name="TC_04" time="6.266">
    <system-out>
      <![CDATA[TC_04 :When experiment is Toxic Profile, Policy SMFG_Direct When Risk_Grade is NA
 Test Loancode =66939fd8tstyl
Derived_BTO is =-71503.18 ,25.0% haircut and Max Capping is 1000000
 Final Eligibility = -71503.18 since max cap is min of haircut and derived amount.
Derived_ABB is =235522.84 ,25.0% haircut and Max Capping is 1000000
 Final Eligibility = 0.0 since max cap is min of haircut and derived amount.]]>
    </system-out>
  </testcase> <!-- TC_04 -->
  <testcase classname="Eligibility_Automation.Smfg_Direct" name="TC_04" time="7.351">
    <system-out>
      <![CDATA[TC_04 :When experiment is Toxic Profile, Policy SMFG_Direct When Risk_Grade is D
 Test Loancode =66939fd8tstyl
Derived_BTO is =-49763.49 ,25.0% haircut and Max Capping is 1000000
 Final Eligibility = -49763.49 since max cap is min of haircut and derived amount.
Derived_ABB is =163914.92 ,25.0% haircut and Max Capping is 1000000
 Final Eligibility = 0.0 since max cap is min of haircut and derived amount.]]>
    </system-out>
  </testcase> <!-- TC_04 -->
  <system-out>
    <![CDATA[ DB Connection Successfull
 DB Connection Successfull
TC_01 : To verify the final capping if policy is SMFG_Direct , no experiment, ABB & BTO When Risk_Grade is =A
 Test Loancode =66939fd8tstyl
Derived_BTO is =-109567.84 , No haircut and Max Capping is 1500000
 Final Eligibility = -109567.84 since max cap is min of haircut and derived amount.
Derived_ABB is =360903.28 , No haircut and Max Capping is 1500000
 Final Eligibility = 360903.28 since max cap is min of haircut and derived amount.
TC_01 : To verify the final capping if policy is SMFG_Direct , no experiment, ABB & BTO When Risk_Grade is =B
 Test Loancode =66939fd8tstyl
Derived_BTO is =-91385.04 , No haircut and Max Capping is 1500000
 Final Eligibility = -91385.04 since max cap is min of haircut and derived amount.
Derived_ABB is =301011.3 , No haircut and Max Capping is 1500000
 Final Eligibility = 301011.3 since max cap is min of haircut and derived amount.
TC_01 : To verify the final capping if policy is SMFG_Direct , no experiment, ABB & BTO When Risk_Grade is =C
 Test Loancode =66939fd8tstyl
Derived_BTO is =-71503.18 , No haircut and Max Capping is 1500000
 Final Eligibility = -71503.18 since max cap is min of haircut and derived amount.
Derived_ABB is =235522.84 , No haircut and Max Capping is 1500000
 Final Eligibility = 235522.84 since max cap is min of haircut and derived amount.
TC_01 : To verify the final capping if policy is SMFG_Direct , no experiment, ABB & BTO When Risk_Grade is =D
 Test Loancode =66939fd8tstyl
Derived_BTO is =-49763.49 , No haircut and Max Capping is 1500000
 Final Eligibility = -49763.49 since max cap is min of haircut and derived amount.
Derived_ABB is =163914.92 , No haircut and Max Capping is 1500000
 Final Eligibility = 163914.92 since max cap is min of haircut and derived amount.
TC_01 : To verify the final capping if policy is SMFG_Direct , no experiment, ABB & BTO When Risk_Grade is =E
 Test Loancode =66939fd8tstyl
Derived_BTO is =-49763.49 , No haircut and Max Capping is 1000000
 Final Eligibility = -49763.49 since max cap is min of haircut and derived amount.
Derived_ABB is =163914.92 , No haircut and Max Capping is 1500000
 Final Eligibility = 163914.92 since max cap is min of haircut and derived amount.
TC_01 : To verify the final capping if policy is SMFG_Direct , no experiment, ABB & BTO When Risk_Grade is =NA
 Test Loancode =66939fd8tstyl
Derived_BTO is =-71503.18 , No haircut and Max Capping is 1500000
 Final Eligibility = -71503.18 since max cap is min of haircut and derived amount.
Derived_ABB is =235522.84 , No haircut and Max Capping is 1500000
 Final Eligibility = 235522.84 since max cap is min of haircut and derived amount.
TC_02 : When experiment is Both Rented, Policy SMFG_Direct When Risk_Grade is A
 Test Loancode =66939fd8tstyl
Derived_BTO is =-109567.84 , No haircut and Max Capping is 1000000
 Final Eligibility = -109567.84 since max cap is min of haircut and derived amount.
Derived_ABB is =360903.28 , No haircut and Max Capping is 1000000
 Final Eligibility = 360903.28 since max cap is min of haircut and derived amount.
TC_02 : When experiment is Both Rented, Policy SMFG_Direct When Risk_Grade is B
 Test Loancode =66939fd8tstyl
Derived_BTO is =-91385.04 , 15% haircut and Max Capping is 800000
 Final Eligibility = -91385.04 since max cap is min of haircut and derived amount.
Derived_ABB is =301011.3 ,15% haircut and Max Capping is 800000
 Final Eligibility = 255859.6 since max cap is min of haircut and derived amount.
TC_02 : When experiment is Both Rented, Policy SMFG_Direct When Risk_Grade is C
 Test Loancode =66939fd8tstyl
Derived_BTO is =-71503.18 , 25% haircut and Max Capping is 600000
 Final Eligibility = -71503.18 since max cap is min of haircut and derived amount.
Derived_ABB is =235522.84 , 25% haircut and Max Capping is 600000
 Final Eligibility = 176642.12 since max cap is min of haircut and derived amount.
TC_02 : When experiment is Both Rented, Policy SMFG_Direct When Risk_Grade is D
 Test Loancode =66939fd8tstyl
Derived_BTO is =-49763.49 , 25% haircut and Max Capping is 600000
 Final Eligibility = -49763.49 since max cap is min of haircut and derived amount.
Derived_ABB is =163914.92 , 25% haircut and Max Capping is 600000
 Final Eligibility = 0.0 since max cap is min of haircut and derived amount.
TC_02 : When experiment is Both Rented, Policy SMFG_Direct When Risk_Grade is E
 Test Loancode =66939fd8tstyl
Derived_BTO is =-49763.49 , 25% haircut and Max Capping is 600000
 Final Eligibility = -49763.49 since max cap is min of haircut and derived amount.
Derived_ABB is =163914.92 , 25% haircut and Max Capping is 600000
 Final Eligibility = 0.0 since max cap is min of haircut and derived amount.
TC_02 : When experiment is Both Rented, Policy SMFG_Direct When Risk_Grade is NA
 Test Loancode =66939fd8tstyl
Derived_BTO is =-71503.18 , 25% haircut and Max Capping is 600000
 Final Eligibility = -71503.18 since max cap is min of haircut and derived amount.
Derived_ABB is =235522.84 , 25% haircut and Max Capping is 600000
 Final Eligibility = 0.0 since max cap is min of haircut and derived amount.
TC_03 :When experiment is Cautious Profile, Policy SMFG_Direct When Risk_Grade is A
 Test Loancode =66939fd8tstyl
Derived_BTO is =-109567.84 , No haircut and Max Capping is 1500000
 Final Eligibility = -109567.84 since max cap is min of haircut and derived amount.
Derived_ABB is =360903.28 , No haircut and Max Capping is 1500000
 Final Eligibility = 360903.28 since max cap is min of haircut and derived amount.
TC_03 :When experiment is Cautious Profile, Policy SMFG_Direct When Risk_Grade is B
 Test Loancode =66939fd8tstyl
Derived_BTO is =-91385.04 , 15% haircut and Max Capping is 1500000
 Final Eligibility = -91385.04 since max cap is min of haircut and derived amount.
Derived_ABB is =301011.3 , 15% haircut and Max Capping is 1500000
 Final Eligibility = 255859.6 since max cap is min of haircut and derived amount.
TC_03 :When experiment is Cautious Profile, Policy SMFG_Direct When Risk_Grade is C
 Test Loancode =66939fd8tstyl
Derived_BTO is =-71503.18 , 25% haircut and Max Capping is 1500000
 Final Eligibility = -71503.18 since max cap is min of haircut and derived amount.
Derived_ABB is =235522.84 , 25% haircut and Max Capping is 1500000
 Final Eligibility = 176642.12 since max cap is min of haircut and derived amount.
TC_03 :When experiment is Cautious Profile, Policy SMFG_Direct When Risk_Grade is D
 Test Loancode =66939fd8tstyl
Derived_BTO is =-49763.49 , 25% haircut and Max Capping is 1500000
 Final Eligibility = -49763.49 since max cap is min of haircut and derived amount.
Derived_ABB is =163914.92 , 25% haircut and Max Capping is 1500000
 Final Eligibility = 122936.19 since max cap is min of haircut and derived amount.
TC_03 :When experiment is Cautious Profile, Policy SMFG_Direct When Risk_Grade is E
 Test Loancode =66939fd8tstyl
Derived_BTO is =-49763.49 , 25% haircut and Max Capping is 1500000
 Final Eligibility = -49763.49 since max cap is min of haircut and derived amount.
Derived_ABB is =163914.92 , 25% haircut and Max Capping is 1500000
 Final Eligibility = 0.0 since max cap is min of haircut and derived amount.
TC_03 :When experiment is Cautious Profile, Policy SMFG_Direct When Risk_Grade is NA
 Test Loancode =66939fd8tstyl
Derived_BTO is =-71503.18 , 25% haircut and Max Capping is 1500000
 Final Eligibility = -71503.18 since max cap is min of haircut and derived amount.
Derived_ABB is =235522.84 , 25% haircut and Max Capping is 1500000
 Final Eligibility = 0.0 since max cap is min of haircut and derived amount.
TC_04 :When experiment is Toxic Profile, Policy SMFG_Direct When Risk_Grade is A
 Test Loancode =66939fd8tstyl
Derived_BTO is =-109567.84 , No haircut and Max Capping is 1000000
 Final Eligibility = -109567.84 since max cap is min of haircut and derived amount.
Derived_ABB is =360903.28 , No haircut and Max Capping is 1000000
 Final Eligibility = 360903.28 since max cap is min of haircut and derived amount.
TC_04 :When experiment is Toxic Profile, Policy SMFG_Direct When Risk_Grade is B
 Test Loancode =66939fd8tstyl
Derived_BTO is =-91385.04 ,15.0% haircut and Max Capping is 1000000
 Final Eligibility = -91385.04 since max cap is min of haircut and derived amount.
Derived_ABB is =301011.3 ,15.0% haircut and Max Capping is 1000000
 Final Eligibility = 255859.6 since max cap is min of haircut and derived amount.
TC_04 :When experiment is Toxic Profile, Policy SMFG_Direct When Risk_Grade is C
 Test Loancode =66939fd8tstyl
Derived_BTO is =-71503.18 ,25.0% haircut and Max Capping is 1000000
 Final Eligibility = -71503.18 since max cap is min of haircut and derived amount.
Derived_ABB is =235522.84 ,25.0% haircut and Max Capping is 1000000
 Final Eligibility = 176642.12 since max cap is min of haircut and derived amount.
TC_04 :When experiment is Toxic Profile, Policy SMFG_Direct When Risk_Grade is D
 Test Loancode =66939fd8tstyl
Derived_BTO is =-49763.49 ,25.0% haircut and Max Capping is 1000000
 Final Eligibility = -49763.49 since max cap is min of haircut and derived amount.
Derived_ABB is =163914.92 ,25.0% haircut and Max Capping is 1000000
 Final Eligibility = 0.0 since max cap is min of haircut and derived amount.
TC_04 :When experiment is Toxic Profile, Policy SMFG_Direct When Risk_Grade is E
 Test Loancode =66939fd8tstyl
Derived_BTO is =-49763.49 ,25.0% haircut and Max Capping is 1000000
 Final Eligibility = -49763.49 since max cap is min of haircut and derived amount.
Derived_ABB is =163914.92 ,25.0% haircut and Max Capping is 1000000
 Final Eligibility = 0.0 since max cap is min of haircut and derived amount.
TC_04 :When experiment is Toxic Profile, Policy SMFG_Direct When Risk_Grade is NA
 Test Loancode =66939fd8tstyl
Derived_BTO is =-71503.18 ,25.0% haircut and Max Capping is 1000000
 Final Eligibility = -71503.18 since max cap is min of haircut and derived amount.
Derived_ABB is =235522.84 ,25.0% haircut and Max Capping is 1000000
 Final Eligibility = 0.0 since max cap is min of haircut and derived amount.
TC_05 : When experiment is Cautious Location, Policy SMFG_Direct when Risk_Grade is A
 Test Loancode =66939fd8tstyl
Derived_BTO is =-109567.84 , No haircut and Max Capping is 1500000
 Final Eligibility = -109567.84 since max cap is min of haircut and derived amount.
Derived_ABB is =360903.28 , No haircut and Max Capping is 1500000
 Final Eligibility = 360903.28 since max cap is min of haircut and derived amount.
TC_05 : When experiment is Cautious Location, Policy SMFG_Direct when Risk_Grade is B
 Test Loancode =66939fd8tstyl
Derived_BTO is =-91385.04 , 15% haircut and Max Capping is 1500000
 Final Eligibility = -91385.04 since max cap is min of haircut and derived amount.
Derived_ABB is =301011.3 , 15% haircut and Max Capping is 1500000
 Final Eligibility = 255859.6 since max cap is min of haircut and derived amount.
TC_05 : When experiment is Cautious Location, Policy SMFG_Direct when Risk_Grade is C
 Test Loancode =66939fd8tstyl
Derived_BTO is =-71503.18 , 25% haircut and Max Capping is 1000000
 Final Eligibility = -71503.18 since max cap is min of haircut and derived amount.
Derived_ABB is =235522.84 , 25% haircut and Max Capping is 1000000
 Final Eligibility = 176642.12 since max cap is min of haircut and derived amount.
TC_05 : When experiment is Cautious Location, Policy SMFG_Direct when Risk_Grade is D
 Test Loancode =66939fd8tstyl
Derived_BTO is =-49763.49 , 25% haircut and Max Capping is 1000000
 Final Eligibility = -49763.49 since max cap is min of haircut and derived amount.
Derived_ABB is =163914.92 , 25% haircut and Max Capping is 1000000
 Final Eligibility = 122936.19 since max cap is min of haircut and derived amount.
TC_05 : When experiment is Cautious Location, Policy SMFG_Direct when Risk_Grade is E
 Test Loancode =66939fd8tstyl
Derived_BTO is =-49763.49 , 25% haircut and Max Capping is 1000000
 Final Eligibility = -49763.49 since max cap is min of haircut and derived amount.
Derived_ABB is =163914.92 , 25% haircut and Max Capping is 1000000
 Final Eligibility = 0.0 since max cap is min of haircut and derived amount.
TC_05 : When experiment is Cautious Location, Policy SMFG_Direct when Risk_Grade is NA
 Test Loancode =66939fd8tstyl
Derived_BTO is =-71503.18 , 25% haircut and Max Capping is 1000000
 Final Eligibility = -71503.18 since max cap is min of haircut and derived amount.
Derived_ABB is =235522.84 , 25% haircut and Max Capping is 1000000
 Final Eligibility = 0.0 since max cap is min of haircut and derived amount.
TC_06 : When experiment is Salaried, Policy SMFG_Direct When Risk_Grade is A
 Test Loancode =66939fd8tstyl
Derived_BTO is =-109567.84 , No haircut and Max Capping is 1000000
 Final Eligibility = -109567.84 since max cap is min of haircut and derived amount.
Derived_ABB is =360903.28 , No haircut and Max Capping is 1000000
 Final Eligibility = 360903.28 since max cap is min of haircut and derived amount.
TC_06 : When experiment is Salaried, Policy SMFG_Direct When Risk_Grade is B
 Test Loancode =66939fd8tstyl
Derived_BTO is =-91385.04 , 15% haircut and Max Capping is 800000
 Final Eligibility = -91385.04 since max cap is min of haircut and derived amount.
Derived_ABB is =301011.3 , 15% haircut and Max Capping is 800000
 Final Eligibility = 255859.6 since max cap is min of haircut and derived amount.
TC_06 : When experiment is Salaried, Policy SMFG_Direct When Risk_Grade is C
 Test Loancode =66939fd8tstyl
Derived_BTO is =-71503.18 , 25% haircut and Max Capping is 600000
 Final Eligibility = -71503.18 since max cap is min of haircut and derived amount.
Derived_ABB is =235522.84 , 25% haircut and Max Capping is 600000
 Final Eligibility = 176642.12 since max cap is min of haircut and derived amount.
TC_06 : When experiment is Salaried, Policy SMFG_Direct When Risk_Grade is D
 Test Loancode =66939fd8tstyl
Eligibility is not getting calculated properly..!!!
Derived_ABB is =163914.92 , 25% haircut and Max Capping is 00.00 
 Final Eligibility = 0.0 since max cap is min of haircut and derived amount.
TC_06 : When experiment is Salaried, Policy SMFG_Direct When Risk_Grade is E
 Test Loancode =66939fd8tstyl
Eligibility is not getting calculated properly..!!!
Derived_ABB is =163914.92 , 25% haircut and Max Capping is 00.00 
 Final Eligibility = 0.0 since max cap is min of haircut and derived amount.
TC_06 : When experiment is Salaried, Policy SMFG_Direct When Risk_Grade is NA
 Test Loancode =66939fd8tstyl
Derived_BTO is =-71503.18 , 25% haircut and Max Capping is 600000
 Final Eligibility = -71503.18 since max cap is min of haircut and derived amount.
Derived_ABB is =235522.84 , 25% haircut and Max Capping is 600000
 Final Eligibility = 0.0 since max cap is min of haircut and derived amount.
TC_07 :When Experiment is Personal Loan, Policy SMFG_Direct When Risk_Grade isA
 Test Loancode =66939fd8tstyl
Derived_BTO is =-109567.84 , No haircut and Max Capping is 500000
 Final Eligibility = -109567.84 since max cap is min of haircut and derived amount.
Derived_ABB is =360903.28 , No haircut and Max Capping is 500000
 Final Eligibility = 360903.28 since max cap is min of haircut and derived amount.
TC_07 :When Experiment is Personal Loan, Policy SMFG_Direct When Risk_Grade isB
 Test Loancode =66939fd8tstyl
Derived_BTO is =-91385.04 , 15.0% haircut and Max Capping is 500000
 Final Eligibility = -91385.04 since max cap is min of haircut and derived amount.
Derived_ABB is =301011.3 , 15.0% haircut and Max Capping is 500000
 Final Eligibility = 255859.6 since max cap is min of haircut and derived amount.
TC_07 :When Experiment is Personal Loan, Policy SMFG_Direct When Risk_Grade isC
 Test Loancode =66939fd8tstyl
Derived_BTO is =-71503.18 , 25.0% haircut and Max Capping is 500000
 Final Eligibility = -71503.18 since max cap is min of haircut and derived amount.
Derived_ABB is =235522.84 , 25.0% haircut and Max Capping is 500000
 Final Eligibility = 176642.12 since max cap is min of haircut and derived amount.
TC_07 :When Experiment is Personal Loan, Policy SMFG_Direct When Risk_Grade isD
 Test Loancode =66939fd8tstyl
Derived_BTO is =-49763.49 , 25.0% haircut and Max Capping is 00.00
 Final Eligibility = -49763.49 since max cap is min of haircut and derived amount.
Derived_ABB is =163914.92 , 25.0% haircut and Max Capping is 00.00
 Final Eligibility = 0.0 since max cap is min of haircut and derived amount.
TC_07 :When Experiment is Personal Loan, Policy SMFG_Direct When Risk_Grade isE
 Test Loancode =66939fd8tstyl
Derived_BTO is =-49763.49 , 25.0% haircut and Max Capping is 00.00
 Final Eligibility = -49763.49 since max cap is min of haircut and derived amount.
Derived_ABB is =163914.92 , 25.0% haircut and Max Capping is 00.00
 Final Eligibility = 0.0 since max cap is min of haircut and derived amount.
TC_07 :When Experiment is Personal Loan, Policy SMFG_Direct When Risk_Grade isNA
 Test Loancode =66939fd8tstyl
Derived_BTO is =-71503.18 , 25.0% haircut and Max Capping is 500000
 Final Eligibility = -71503.18 since max cap is min of haircut and derived amount.
Derived_ABB is =235522.84 , 25.0% haircut and Max Capping is 500000
 Final Eligibility = 0.0 since max cap is min of haircut and derived amount.
TC_08 : When Experiment is Saving Account, Policy SMFG_Direct When Risk_Grade isA
 Test Loancode =66939fd8tstyl
Derived_BTO is =-109567.84 , 30% haircut and Max Capping is 500000
 Final Eligibility = -109567.84 since max cap is min of haircut and derived amount.
Derived_ABB is =360903.28 , 30% haircut and Max Capping is 500000
 Final Eligibility = 252632.3 since max cap is min of haircut and derived amount.
TC_08 : When Experiment is Saving Account, Policy SMFG_Direct When Risk_Grade isB
 Test Loancode =66939fd8tstyl
Derived_BTO is =-91385.04 , 30% haircut and Max Capping is 500000
 Final Eligibility = -91385.04 since max cap is min of haircut and derived amount.
Derived_ABB is =301011.3 , 30% haircut and Max Capping is 500000
 Final Eligibility = 210707.9 since max cap is min of haircut and derived amount.
TC_08 : When Experiment is Saving Account, Policy SMFG_Direct When Risk_Grade isC
 Test Loancode =66939fd8tstyl
Derived_BTO is =-71503.18 , 30% haircut and Max Capping is 500000
 Final Eligibility = -71503.18 since max cap is min of haircut and derived amount.
Derived_ABB is =235522.84 , 30% haircut and Max Capping is 500000
 Final Eligibility = 164865.98 since max cap is min of haircut and derived amount.
TC_08 : When Experiment is Saving Account, Policy SMFG_Direct When Risk_Grade isD
 Test Loancode =66939fd8tstyl
Eligibility is not getting calculated properly..!!!
Derived_ABB is =163914.92 , 30% haircut and Max Capping is 00.00
 Final Eligibility = 114740.44 since max cap is min of haircut and derived amount.
TC_08 : When Experiment is Saving Account, Policy SMFG_Direct When Risk_Grade isE
 Test Loancode =66939fd8tstyl
Eligibility is not getting calculated properly..!!!
Derived_ABB is =163914.92 , 30% haircut and Max Capping is 00.00
 Final Eligibility = 114740.44 since max cap is min of haircut and derived amount.
TC_08 : When Experiment is Saving Account, Policy SMFG_Direct When Risk_Grade isNA
 Test Loancode =66939fd8tstyl
Derived_BTO is =-71503.18 , 30% haircut and Max Capping is 500000
 Final Eligibility = -71503.18 since max cap is min of haircut and derived amount.
Derived_ABB is =235522.84 , 30% haircut and Max Capping is 500000
 Final Eligibility = 0.0 since max cap is min of haircut and derived amount.
TC_09 : Max capping where “no experiment” is applied (excl DSA,) where Business vintage is > 3 years & one property is owned When Risk_Grade isA
 Test Loancode =66939fd8tstyl
Derived_BTO is =-109567.84 , No haircut and Max Capping is 2000000
 Final Eligibility = -109567.84 since max cap is min of haircut and derived amount.
Derived_ABB is =360903.28 , No haircut and Max Capping is 2000000
 Final Eligibility = 252632.3 since max cap is min of haircut and derived amount.
TC_09 : Max capping where “no experiment” is applied (excl DSA,) where Business vintage is > 3 years & one property is owned When Risk_Grade isB
 Test Loancode =66939fd8tstyl
Derived_BTO is =-91385.04 , No haircut and Max Capping is 2000000
 Final Eligibility = -91385.04 since max cap is min of haircut and derived amount.
Derived_ABB is =301011.3 , No haircut and Max Capping is 2000000
 Final Eligibility = 210707.9 since max cap is min of haircut and derived amount.
TC_09 : Max capping where “no experiment” is applied (excl DSA,) where Business vintage is > 3 years & one property is owned When Risk_Grade isC
 Test Loancode =66939fd8tstyl
Derived_BTO is =-71503.18 , No haircut and Max Capping is 1500000
 Final Eligibility = -71503.18 since max cap is min of haircut and derived amount.
Derived_ABB is =235522.84 , No haircut and Max Capping is 2000000
 Final Eligibility = 164865.98 since max cap is min of haircut and derived amount.
TC_09 : Max capping where “no experiment” is applied (excl DSA,) where Business vintage is > 3 years & one property is owned When Risk_Grade isD
 Test Loancode =66939fd8tstyl
Derived_BTO is =-49763.49 , No haircut and Max Capping is 1500000
 Final Eligibility = -49763.49 since max cap is min of haircut and derived amount.
Derived_ABB is =163914.92 , No haircut and Max Capping is 2000000
 Final Eligibility = 114740.44 since max cap is min of haircut and derived amount.
TC_10 : Max Capping of NTC and Thin Cibil When Risk_Grade is A
 Test Loancode =66939fd8tstyl
Derived_BTO is =-109567.84 , No haircut and Max Capping is 500000
 Final Eligibility = -109567.84 since max cap is min of haircut and derived amount.
Derived_ABB is =360903.28 , No haircut and Max Capping is 500000
 Final Eligibility = 252632.3 since max cap is min of haircut and derived amount.
TC_10 : Max Capping of NTC and Thin Cibil When Risk_Grade is B
 Test Loancode =66939fd8tstyl
Derived_BTO is =-91385.04 , No haircut and Max Capping is 500000
 Final Eligibility = -91385.04 since max cap is min of haircut and derived amount.
Derived_ABB is =301011.3 , No haircut and Max Capping is 500000
 Final Eligibility = 210707.9 since max cap is min of haircut and derived amount.
TC_10 : Max Capping of NTC and Thin Cibil When Risk_Grade is C
 Test Loancode =66939fd8tstyl
Derived_BTO is =-71503.18 , No haircut and Max Capping is 500000
 Final Eligibility = -71503.18 since max cap is min of haircut and derived amount.
Derived_ABB is =235522.84 , No haircut and Max Capping is 500000
 Final Eligibility = 164865.98 since max cap is min of haircut and derived amount.
TC_10 : Max Capping of NTC and Thin Cibil When Risk_Grade is D
 Test Loancode =66939fd8tstyl
Derived_BTO is =-49763.49 , No haircut and Max Capping is 500000
 Final Eligibility = -49763.49 since max cap is min of haircut and derived amount.
Derived_ABB is =163914.92 , No haircut and Max Capping is 500000
 Final Eligibility = 114740.44 since max cap is min of haircut and derived amount.
TC_10 : Max Capping of NTC and Thin Cibil When Risk_Grade is E
 Test Loancode =66939fd8tstyl
Derived_BTO is =-49763.49 , No haircut and Max Capping is 500000
 Final Eligibility = -49763.49 since max cap is min of haircut and derived amount.
Derived_ABB is =163914.92 , No haircut and Max Capping is 500000
 Final Eligibility = 114740.44 since max cap is min of haircut and derived amount.
TC_10 : Max Capping of NTC and Thin Cibil When Risk_Grade is NA
 Test Loancode =66939fd8tstyl
Derived_BTO is =-71503.18 , No haircut and Max Capping is 500000
 Final Eligibility = -71503.18 since max cap is min of haircut and derived amount.
Derived_ABB is =235522.84 , No haircut and Max Capping is 500000
 Final Eligibility = 0.0 since max cap is min of haircut and derived amount.
TC_11 : NTC with limit When Risk_Grade isA
 Test Loancode =66939fd8tstyl
BTO_Capping =-109567.84Fixed capping is 500000 Lakh, Cibil_Score IS -1 Eligibility Capping is getting calculated properly..!!!
Derived_capping_BTO = -109567.84
ABB_Capping =252632.3Fixed capping is 500000 Lakh, Cibil_Score IS -1 Eligibility Capping is getting calculated properly..!!!
Derived_capping_ABB = 360903.28
BTO_Capping =-109567.84Fixed capping is 500000 Lakh, Cibil_Score IS 0 Eligibility Capping is getting calculated properly..!!!
Derived_capping_BTO = -109567.84
ABB_Capping =252632.3Fixed capping is 500000 Lakh, Cibil_Score IS 0 Eligibility Capping is getting calculated properly..!!!
Derived_capping_ABB = 360903.28
BTO_Capping =-109567.84Fixed capping is 500000 Lakh, Cibil_Score IS 200 Eligibility Capping is getting calculated properly..!!!
Derived_capping_BTO = -109567.84
ABB_Capping =252632.3Fixed capping is 500000 Lakh, Cibil_Score IS 200 Eligibility Capping is getting calculated properly..!!!
Derived_capping_ABB = 360903.28
BTO_Capping =-109567.84Fixed capping is 500000 Lakh, Cibil_Score IS 300 Eligibility Capping is getting calculated properly..!!!
Derived_capping_BTO = -109567.84
ABB_Capping =252632.3Fixed capping is 500000 Lakh, Cibil_Score IS 300 Eligibility Capping is getting calculated properly..!!!
Derived_capping_ABB = 360903.28
TC_11 : NTC with limit When Risk_Grade isB
 Test Loancode =66939fd8tstyl
BTO_Capping =-91385.04Fixed capping is 500000 Lakh, Cibil_Score IS -1 Eligibility Capping is getting calculated properly..!!!
Derived_capping_BTO = -91385.04
ABB_Capping =210707.9Fixed capping is 500000 Lakh, Cibil_Score IS -1 Eligibility Capping is getting calculated properly..!!!
Derived_capping_ABB = 301011.3
BTO_Capping =-91385.04Fixed capping is 500000 Lakh, Cibil_Score IS 0 Eligibility Capping is getting calculated properly..!!!
Derived_capping_BTO = -91385.04
ABB_Capping =210707.9Fixed capping is 500000 Lakh, Cibil_Score IS 0 Eligibility Capping is getting calculated properly..!!!
Derived_capping_ABB = 301011.3
BTO_Capping =-91385.04Fixed capping is 500000 Lakh, Cibil_Score IS 200 Eligibility Capping is getting calculated properly..!!!
Derived_capping_BTO = -91385.04
ABB_Capping =210707.9Fixed capping is 500000 Lakh, Cibil_Score IS 200 Eligibility Capping is getting calculated properly..!!!
Derived_capping_ABB = 301011.3
BTO_Capping =-91385.04Fixed capping is 500000 Lakh, Cibil_Score IS 300 Eligibility Capping is getting calculated properly..!!!
Derived_capping_BTO = -91385.04
ABB_Capping =210707.9Fixed capping is 500000 Lakh, Cibil_Score IS 300 Eligibility Capping is getting calculated properly..!!!
Derived_capping_ABB = 301011.3
TC_11 : NTC with limit When Risk_Grade isC
 Test Loancode =66939fd8tstyl
BTO_Capping =-71503.18Fixed capping is 500000 Lakh, Cibil_Score IS -1 Eligibility Capping is getting calculated properly..!!!
Derived_capping_BTO = -71503.18
ABB_Capping =164865.98Fixed capping is 500000 Lakh, Cibil_Score IS -1 Eligibility Capping is getting calculated properly..!!!
Derived_capping_ABB = 235522.84
BTO_Capping =-71503.18Fixed capping is 500000 Lakh, Cibil_Score IS 0 Eligibility Capping is getting calculated properly..!!!
Derived_capping_BTO = -71503.18
ABB_Capping =164865.98Fixed capping is 500000 Lakh, Cibil_Score IS 0 Eligibility Capping is getting calculated properly..!!!
Derived_capping_ABB = 235522.84
BTO_Capping =-71503.18Fixed capping is 500000 Lakh, Cibil_Score IS 200 Eligibility Capping is getting calculated properly..!!!
Derived_capping_BTO = -71503.18
ABB_Capping =164865.98Fixed capping is 500000 Lakh, Cibil_Score IS 200 Eligibility Capping is getting calculated properly..!!!
Derived_capping_ABB = 235522.84
BTO_Capping =-71503.18Fixed capping is 500000 Lakh, Cibil_Score IS 300 Eligibility Capping is getting calculated properly..!!!
Derived_capping_BTO = -71503.18
ABB_Capping =164865.98Fixed capping is 500000 Lakh, Cibil_Score IS 300 Eligibility Capping is getting calculated properly..!!!
Derived_capping_ABB = 235522.84
TC_11 : NTC with limit When Risk_Grade isD
 Test Loancode =66939fd8tstyl
BTO_Capping =-49763.49Fixed capping is 500000 Lakh, Cibil_Score IS -1 Eligibility Capping is getting calculated properly..!!!
Derived_capping_BTO = -49763.49
ABB_Capping =114740.44Fixed capping is 500000 Lakh, Cibil_Score IS -1 Eligibility Capping is getting calculated properly..!!!
Derived_capping_ABB = 163914.92
BTO_Capping =-49763.49Fixed capping is 500000 Lakh, Cibil_Score IS 0 Eligibility Capping is getting calculated properly..!!!
Derived_capping_BTO = -49763.49
ABB_Capping =114740.44Fixed capping is 500000 Lakh, Cibil_Score IS 0 Eligibility Capping is getting calculated properly..!!!
Derived_capping_ABB = 163914.92
BTO_Capping =-49763.49Fixed capping is 500000 Lakh, Cibil_Score IS 200 Eligibility Capping is getting calculated properly..!!!
Derived_capping_BTO = -49763.49
ABB_Capping =114740.44Fixed capping is 500000 Lakh, Cibil_Score IS 200 Eligibility Capping is getting calculated properly..!!!
Derived_capping_ABB = 163914.92
BTO_Capping =-49763.49Fixed capping is 500000 Lakh, Cibil_Score IS 300 Eligibility Capping is getting calculated properly..!!!
Derived_capping_BTO = -49763.49
ABB_Capping =114740.44Fixed capping is 500000 Lakh, Cibil_Score IS 300 Eligibility Capping is getting calculated properly..!!!
Derived_capping_ABB = 163914.92
TC_11 : NTC with limit When Risk_Grade isE
 Test Loancode =66939fd8tstyl
BTO_Capping =-49763.49Fixed capping is 500000 Lakh, Cibil_Score IS -1 Eligibility Capping is getting calculated properly..!!!
Derived_capping_BTO = -49763.49
ABB_Capping =114740.44Fixed capping is 500000 Lakh, Cibil_Score IS -1 Eligibility Capping is getting calculated properly..!!!
Derived_capping_ABB = 163914.92
BTO_Capping =-49763.49Fixed capping is 500000 Lakh, Cibil_Score IS 0 Eligibility Capping is getting calculated properly..!!!
Derived_capping_BTO = -49763.49
ABB_Capping =114740.44Fixed capping is 500000 Lakh, Cibil_Score IS 0 Eligibility Capping is getting calculated properly..!!!
Derived_capping_ABB = 163914.92
BTO_Capping =-49763.49Fixed capping is 500000 Lakh, Cibil_Score IS 200 Eligibility Capping is getting calculated properly..!!!
Derived_capping_BTO = -49763.49
ABB_Capping =114740.44Fixed capping is 500000 Lakh, Cibil_Score IS 200 Eligibility Capping is getting calculated properly..!!!
Derived_capping_ABB = 163914.92
BTO_Capping =-49763.49Fixed capping is 500000 Lakh, Cibil_Score IS 300 Eligibility Capping is getting calculated properly..!!!
Derived_capping_BTO = -49763.49
ABB_Capping =114740.44Fixed capping is 500000 Lakh, Cibil_Score IS 300 Eligibility Capping is getting calculated properly..!!!
Derived_capping_ABB = 163914.92
TC_11 : NTC with limit When Risk_Grade isNA
 Test Loancode =66939fd8tstyl
BTO_Capping =-71503.18Fixed capping is 500000 Lakh, Cibil_Score IS -1 Eligibility Capping is getting calculated properly..!!!
Derived_capping_BTO = -71503.18
ABB_Capping =0.0Fixed capping is 500000 Lakh, Cibil_Score IS -1 Eligibility Capping is getting calculated properly..!!!
Derived_capping_ABB = 235522.84
BTO_Capping =-71503.18Fixed capping is 500000 Lakh, Cibil_Score IS 0 Eligibility Capping is getting calculated properly..!!!
Derived_capping_BTO = -71503.18
ABB_Capping =0.0Fixed capping is 500000 Lakh, Cibil_Score IS 0 Eligibility Capping is getting calculated properly..!!!
Derived_capping_ABB = 235522.84
BTO_Capping =-71503.18Fixed capping is 500000 Lakh, Cibil_Score IS 200 Eligibility Capping is getting calculated properly..!!!
Derived_capping_BTO = -71503.18
ABB_Capping =0.0Fixed capping is 500000 Lakh, Cibil_Score IS 200 Eligibility Capping is getting calculated properly..!!!
Derived_capping_ABB = 235522.84
BTO_Capping =-71503.18Fixed capping is 500000 Lakh, Cibil_Score IS 300 Eligibility Capping is getting calculated properly..!!!
Derived_capping_BTO = -71503.18
ABB_Capping =0.0Fixed capping is 500000 Lakh, Cibil_Score IS 300 Eligibility Capping is getting calculated properly..!!!
Derived_capping_ABB = 235522.84
TC_12 : When ODCC, Policy SMFG_Direct (only ABB) When Risk_Grade isA
 Test Loancode =66939fd8tstyl
Derived_ABB is =257788.05 , No haircut and Max Capping is 1000000
 Final Eligibility = 180451.62 since max cap is min of haircut and derived amount.
TC_12 : When ODCC, Policy SMFG_Direct (only ABB) When Risk_Grade isB
 Test Loancode =66939fd8tstyl
Derived_ABB is =215008.06 , 15% haircut and Max Capping is 1000000
 Final Eligibility = 150505.66 since max cap is min of haircut and derived amount.
TC_12 : When ODCC, Policy SMFG_Direct (only ABB) When Risk_Grade isC
 Test Loancode =66939fd8tstyl
Derived_ABB is =168230.6 , 25% haircut and Max Capping is 1000000
 Final Eligibility = 117761.42 since max cap is min of haircut and derived amount.
TC_12 : When ODCC, Policy SMFG_Direct (only ABB) When Risk_Grade isD
 Test Loancode =66939fd8tstyl
Derived_ABB is =117082.09 , 25% haircut and Max Capping is 1000000
 Final Eligibility = 81957.46 since max cap is min of haircut and derived amount.
TC_12 : When ODCC, Policy SMFG_Direct (only ABB) When Risk_Grade isE
 Test Loancode =66939fd8tstyl
Derived_ABB is =117082.09 , 25% haircut and Max Capping is 1000000
 Final Eligibility = 0.0 since max cap is min of haircut and derived amount.
TC_12 : When ODCC, Policy SMFG_Direct (only ABB) When Risk_Grade isNA
 Test Loancode =66939fd8tstyl
Derived_ABB is =168230.6 , 25% haircut and Max Capping is 1000000
 Final Eligibility = 0.0 since max cap is min of haircut and derived amount.
TC_13 : When experiment is Both Rented, Policy SMFG_Direct and account is NTC When Risk_Grade is A
 Test Loancode =66939fd8tstyl
Derived_BTO is =-109567.84 , No haircut and Max Capping is 500000
 Final Eligibility = -109567.84 since max cap is min of haircut and derived amount.
Derived_ABB is =257788.05 , No haircut and Max Capping is 500000
 Final Eligibility = 257788.05 since max cap is min of haircut and derived amount.
TC_13 : When experiment is Both Rented, Policy SMFG_Direct and account is NTC When Risk_Grade is B
 Test Loancode =66939fd8tstyl
Derived_BTO is =-91385.04 , No haircut and Max Capping is 500000
 Final Eligibility = -91385.04 since max cap is min of haircut and derived amount.
Derived_ABB is =215008.06 , No haircut and Max Capping is 500000
 Final Eligibility = 182756.86 since max cap is min of haircut and derived amount.
TC_13 : When experiment is Both Rented, Policy SMFG_Direct and account is NTC When Risk_Grade is C
 Test Loancode =66939fd8tstyl
Derived_BTO is =-71503.18 , No haircut and Max Capping is 500000
 Final Eligibility = -71503.18 since max cap is min of haircut and derived amount.
Derived_ABB is =168230.6 , No haircut and Max Capping is 500000
 Final Eligibility = 126172.95 since max cap is min of haircut and derived amount.
TC_13 : When experiment is Both Rented, Policy SMFG_Direct and account is NTC When Risk_Grade is D
 Test Loancode =66939fd8tstyl
Derived_BTO is =-49763.49 , No haircut and Max Capping is 500000
 Final Eligibility = -49763.49 since max cap is min of haircut and derived amount.
Derived_ABB is =117082.09 , No haircut and Max Capping is 500000
 Final Eligibility = 87811.57 since max cap is min of haircut and derived amount.
TC_13 : When experiment is Both Rented, Policy SMFG_Direct and account is NTC When Risk_Grade is E
 Test Loancode =66939fd8tstyl
Derived_BTO is =-49763.49 , No haircut and Max Capping is 500000
 Final Eligibility = -49763.49 since max cap is min of haircut and derived amount.
Derived_ABB is =117082.09 , No haircut and Max Capping is 500000
 Final Eligibility = 0.0 since max cap is min of haircut and derived amount.
TC_13 : When experiment is Both Rented, Policy SMFG_Direct and account is NTC When Risk_Grade is NA
 Test Loancode =66939fd8tstyl
Derived_BTO is =-71503.18 , No haircut and Max Capping is 500000
 Final Eligibility = -71503.18 since max cap is min of haircut and derived amount.
Derived_ABB is =168230.6 , No haircut and Max Capping is 500000
 Final Eligibility = 0.0 since max cap is min of haircut and derived amount.
TC_14 : When experiment is Both Rented, Policy SMFG_Direct and account is Thin cibil When Risk_Grade is A
 Test Loancode =66939fd8tstyl
Derived_BTO is =-109567.84 , No haircut and Max Capping is 500000
 Final Eligibility = -109567.84 since max cap is min of haircut and derived amount.
Derived_BTO is =257788.05 , No haircut and Max Capping is 500000
 Final Eligibility = 257788.05 since max cap is min of haircut and derived amount.
TC_14 : When experiment is Both Rented, Policy SMFG_Direct and account is Thin cibil When Risk_Grade is B
 Test Loancode =66939fd8tstyl
Derived_BTO is =-91385.04 , No haircut and Max Capping is 500000
 Final Eligibility = -91385.04 since max cap is min of haircut and derived amount.
Derived_BTO is =215008.06 , No haircut and Max Capping is 500000
 Final Eligibility = 182756.86 since max cap is min of haircut and derived amount.
TC_14 : When experiment is Both Rented, Policy SMFG_Direct and account is Thin cibil When Risk_Grade is C
 Test Loancode =66939fd8tstyl
Derived_BTO is =-71503.18 , No haircut and Max Capping is 500000
 Final Eligibility = -71503.18 since max cap is min of haircut and derived amount.
Derived_BTO is =168230.6 , No haircut and Max Capping is 500000
 Final Eligibility = 126172.95 since max cap is min of haircut and derived amount.
TC_14 : When experiment is Both Rented, Policy SMFG_Direct and account is Thin cibil When Risk_Grade is D
 Test Loancode =66939fd8tstyl
Derived_BTO is =-49763.49 , No haircut and Max Capping is 500000
 Final Eligibility = -49763.49 since max cap is min of haircut and derived amount.
Derived_BTO is =117082.09 , No haircut and Max Capping is 500000
 Final Eligibility = 0.0 since max cap is min of haircut and derived amount.
TC_14 : When experiment is Both Rented, Policy SMFG_Direct and account is Thin cibil When Risk_Grade is E
 Test Loancode =66939fd8tstyl
Derived_BTO is =-49763.49 , No haircut and Max Capping is 500000
 Final Eligibility = -49763.49 since max cap is min of haircut and derived amount.
Derived_BTO is =117082.09 , No haircut and Max Capping is 500000
 Final Eligibility = 0.0 since max cap is min of haircut and derived amount.
TC_14 : When experiment is Both Rented, Policy SMFG_Direct and account is Thin cibil When Risk_Grade is NA
 Test Loancode =66939fd8tstyl
Derived_BTO is =-71503.18 , No haircut and Max Capping is 500000
 Final Eligibility = -71503.18 since max cap is min of haircut and derived amount.
Derived_BTO is =168230.6 , No haircut and Max Capping is 500000
 Final Eligibility = 0.0 since max cap is min of haircut and derived amount.
TC_15 : When experiment is Both Rented, Policy SMFG_Direct and account is ODCC When Risk_Grade is A
 Test Loancode =66939fd8tstyl
Derived_ABB is =415677.0 , No haircut and Max Capping is 1000000
 Final Eligibility = 257788.05 since max cap is min of haircut and derived amount.
TC_15 : When experiment is Both Rented, Policy SMFG_Direct and account is ODCC When Risk_Grade is B
 Test Loancode =66939fd8tstyl
Derived_ABB is =415677.0 , 15% haircut and Max Capping is 1000000
 Final Eligibility = 182756.86 since max cap is min of haircut and derived amount.
TC_15 : When experiment is Both Rented, Policy SMFG_Direct and account is ODCC When Risk_Grade is C
 Test Loancode =66939fd8tstyl
Derived_ABB is =415677.0 , 25% haircut and Max Capping is 1000000
 Final Eligibility = 126172.95 since max cap is min of haircut and derived amount.
TC_15 : When experiment is Both Rented, Policy SMFG_Direct and account is ODCC When Risk_Grade is D
 Test Loancode =66939fd8tstyl
Derived_ABB is =415677.0 , 25% haircut and Max Capping is 1000000
 Final Eligibility = 0.0 since max cap is min of haircut and derived amount.
TC_15 : When experiment is Both Rented, Policy SMFG_Direct and account is ODCC When Risk_Grade is E
 Test Loancode =66939fd8tstyl
Derived_ABB is =415677.0 , 25% haircut and Max Capping is 1000000
 Final Eligibility = 0.0 since max cap is min of haircut and derived amount.
TC_15 : When experiment is Both Rented, Policy SMFG_Direct and account is ODCC When Risk_Grade is NA
 Test Loancode =66939fd8tstyl
Derived_ABB is =415677.0 , 25% haircut and Max Capping is 1000000
 Final Eligibility = 0.0 since max cap is min of haircut and derived amount.]]>
  </system-out>
</testsuite> <!-- Eligibility_Automation.Smfg_Direct -->
