<?xml version="1.0" encoding="UTF-8"?>
<!-- Generated by org.testng.reporters.JUnitReportReporter -->
<testsuite hostname="Bloom-Mohit" failures="0" tests="88" name="Eligibility_Automation.Smfg_Direct" time="427.605" errors="0" timestamp="2024-07-02T15:50:55 IST" skipped="0">
  <testcase classname="Eligibility_Automation.Smfg_Direct" name="TC_03" time="3.268">
    <system-out>
      <![CDATA[TC_01 : To verify that When experiment is Both Cautious Profile, Policy SMFG_Direct
Capping = 0.0 And Grade = NA when fixed capping =1000000  Eligibility is getting calculated properly..!!!]]>
    </system-out>
  </testcase> <!-- TC_03 -->
  <testcase classname="Eligibility_Automation.Smfg_Direct" name="TC_02" time="3.116">
    <system-out>
      <![CDATA[TC_02 : To verify that When experiment is Both Rented, Policy SMFG_Direct
Capping = 0.0 And Grade = NA when fixed capping =600000  Eligibility is getting calculated properly..!!!]]>
    </system-out>
  </testcase> <!-- TC_02 -->
  <testcase classname="Eligibility_Automation.Smfg_Direct" name="TC_04" time="3.050">
    <system-out>
      <![CDATA[TC_04 : To verify that When experiment is Both Toxic Profile, Policy SMFG_Direct
Capping = 0.0 And Grade = D when fixed capping =1000000  Eligibility is getting calculated properly..!!!]]>
    </system-out>
  </testcase> <!-- TC_04 -->
  <testcase classname="Eligibility_Automation.Smfg_Direct" name="TC_03" time="3.435">
    <system-out>
      <![CDATA[TC_01 : To verify that When experiment is Both Cautious Profile, Policy SMFG_Direct
Capping = 0.0 And Grade = E when fixed capping =1000000  Eligibility is getting calculated properly..!!!]]>
    </system-out>
  </testcase> <!-- TC_03 -->
  <testcase classname="Eligibility_Automation.Smfg_Direct" name="TC_10" time="2.996">
    <system-out>
      <![CDATA[TC_10 : To verify that Max Capping of NTC and Thin Cibil
BTO Capping = 408141.62 And Grade = E when fixed capping =500000 Eligibility is getting calculated properly..!!!]]>
    </system-out>
  </testcase> <!-- TC_10 -->
  <testcase classname="Eligibility_Automation.Smfg_Direct" name="TC_14" time="3.709">
    <system-out>
      <![CDATA[TC_14 : To verify that When experiment is Both Rented, Policy SMFG_Direct and account is Thin cibil
IF Risk_Garde IS 'D Than Final_BTO_Capping IS '0.0' when fixed capping = '500000'  ... Eligibility Capping is calculated Properly..!!!!]]>
    </system-out>
  </testcase> <!-- TC_14 -->
  <testcase classname="Eligibility_Automation.Smfg_Direct" name="TC_15" time="4.058">
    <system-out>
      <![CDATA[TC_01 : To verify that When experiment is Both Rented, Policy SMFG_Direct and account is ODCC
 Risk Grade Is 'B'  And Experiment Is Both Rented Then ODCC Capping Is '135656.98' when fixed capping = '1000000'  ... Eligibility is getting calculated Properly.!!! ]]>
    </system-out>
  </testcase> <!-- TC_15 -->
  <testcase classname="Eligibility_Automation.Smfg_Direct" name="TC_02" time="2.989">
    <system-out>
      <![CDATA[TC_02 : To verify that When experiment is Both Rented, Policy SMFG_Direct
Capping = 0.0 And Grade = D when fixed capping =600000  Eligibility is getting calculated properly..!!!]]>
    </system-out>
  </testcase> <!-- TC_02 -->
  <testcase classname="Eligibility_Automation.Smfg_Direct" name="TC_04" time="3.646">
    <system-out>
      <![CDATA[TC_04 : To verify that When experiment is Both Toxic Profile, Policy SMFG_Direct
Capping = 0.0 And Grade = E when fixed capping =1000000  Eligibility is getting calculated properly..!!!]]>
    </system-out>
  </testcase> <!-- TC_04 -->
  <testcase classname="Eligibility_Automation.Smfg_Direct" name="TC_01" time="3.143">
    <system-out>
      <![CDATA[TC_01 : To verify the final capping if policy is SMFG , ALL risk grade , no experiment, ABB & BTO
 Test Loancode =6683d2a99zruv
BTO Capping = 500000.0 And Grade = NA when fixed capping =1500000 Eligibility is getting calculated properly..!!!
ABB Capping = 174824.19 And Grade = NA when fixed capping =1500000 Eligibility is getting calculated properly..!!!]]>
    </system-out>
  </testcase> <!-- TC_01 -->
  <testcase classname="Eligibility_Automation.Smfg_Direct" name="TC_08" time="3.138">
    <system-out>
      <![CDATA[TC_08 : To verify that When Experiment is Saving Account, Policy SMFG_Direct
Capping = 0.0 And Grade = NA when fixed capping =500000  Eligibility is getting calculated properly..!!!]]>
    </system-out>
  </testcase> <!-- TC_08 -->
  <testcase classname="Eligibility_Automation.Smfg_Direct" name="TC_06" time="3.339">
    <system-out>
      <![CDATA[TC_06 : To verify that When experiment is Salaried, Policy SMFG_Direct
Capping = 1000000.0 And Grade = A when fixed capping =1000000  Eligibility is getting calculated properly..!!!]]>
    </system-out>
  </testcase> <!-- TC_06 -->
  <testcase classname="Eligibility_Automation.Smfg_Direct" name="TC_09" time="3.158">
    <system-out>
      <![CDATA[TC_09 : To verify that Max capping where “no experiment” is applied (excl DSA,) where Business vintage is > 3 years & one property is owned
BTO Capping = 408141.62 And Grade = D when fixed capping =2000000.0 Eligibility is getting calculated properly..!!!
ABB Capping = 85169.68 And Grade = D when fixed capping =1500000.0 Eligibility is getting calculated properly..!!!]]>
    </system-out>
  </testcase> <!-- TC_09 -->
  <testcase classname="Eligibility_Automation.Smfg_Direct" name="TC_10" time="3.035">
    <system-out>
      <![CDATA[TC_10 : To verify that Max Capping of NTC and Thin Cibil
BTO Capping = 0.0 And Grade = NA when fixed capping =500000 Eligibility is getting calculated properly..!!!]]>
    </system-out>
  </testcase> <!-- TC_10 -->
  <testcase classname="Eligibility_Automation.Smfg_Direct" name="TC_12" time="4.003">
    <system-out>
      <![CDATA[TC_12 : To verify that When ODCC, Policy SMFG_Direct (only ABB)
ABB Capping = 133945.86 And Grade = Awhen fixed capping =1000000  Eligibility is getting calculated properly..!!!]]>
    </system-out>
  </testcase> <!-- TC_12 -->
  <testcase classname="Eligibility_Automation.Smfg_Direct" name="TC_06" time="3.791">
    <system-out>
      <![CDATA[TC_06 : To verify that When experiment is Salaried, Policy SMFG_Direct
Capping = 600000.0 And Grade = C when fixed capping =600000  Eligibility is getting calculated properly..!!!]]>
    </system-out>
  </testcase> <!-- TC_06 -->
  <testcase classname="Eligibility_Automation.Smfg_Direct" name="TC_06" time="3.164">
    <system-out>
      <![CDATA[TC_06 : To verify that When experiment is Salaried, Policy SMFG_Direct
Capping = 800000.0 And Grade = B when fixed capping =800000  Eligibility is getting calculated properly..!!!]]>
    </system-out>
  </testcase> <!-- TC_06 -->
  <testcase classname="Eligibility_Automation.Smfg_Direct" name="TC_07" time="3.434">
    <system-out>
      <![CDATA[TC_07 : To verify that When Experiment is Personal Loan, Policy SMFG_Direct
BTO Capping = 500000.0 And Grade = A when fixed capping =500000.0  Eligibility is getting calculated properly..!!!]]>
    </system-out>
  </testcase> <!-- TC_07 -->
  <testcase classname="Eligibility_Automation.Smfg_Direct" name="TC_07" time="3.405">
    <system-out>
      <![CDATA[TC_07 : To verify that When Experiment is Personal Loan, Policy SMFG_Direct
BTO Capping = 0.0 And Grade = E when fixed capping =0.0  Eligibility is getting calculated properly..!!!]]>
    </system-out>
  </testcase> <!-- TC_07 -->
  <testcase classname="Eligibility_Automation.Smfg_Direct" name="TC_06" time="3.460">
    <system-out>
      <![CDATA[TC_06 : To verify that When experiment is Salaried, Policy SMFG_Direct
Capping = 0.0 And Grade = NA when fixed capping =600000  Eligibility is getting calculated properly..!!!]]>
    </system-out>
  </testcase> <!-- TC_06 -->
  <testcase classname="Eligibility_Automation.Smfg_Direct" name="TC_07" time="4.071">
    <system-out>
      <![CDATA[TC_07 : To verify that When Experiment is Personal Loan, Policy SMFG_Direct]]>
    </system-out>
  </testcase> <!-- TC_07 -->
  <testcase classname="Eligibility_Automation.Smfg_Direct" name="TC_12" time="3.530">
    <system-out>
      <![CDATA[TC_12 : To verify that When ODCC, Policy SMFG_Direct (only ABB)
ABB Capping = 45626.6175 And Grade = Dwhen fixed capping =1000000  Eligibility is getting calculated properly..!!!]]>
    </system-out>
  </testcase> <!-- TC_12 -->
  <testcase classname="Eligibility_Automation.Smfg_Direct" name="TC_13" time="13.972">
    <system-out>
      <![CDATA[TC_13 : To verify that When experiment is Both Rented, Policy SMFG_Direct and account is NTC
IF Risk_Garde IS 'B' And Cibil_Score IS '-1' Experiment Is Both_Rented Then Final_BTO_Capping IS '500000.0' when fixed capping = '500000' ... Eligibility Capping is calculated Properly..!!!!
IF Risk_Garde IS 'B' And Cibil_Score IS '0' Experiment Is Both_Rented Then Final_BTO_Capping IS '500000.0' when fixed capping = '500000' ... Eligibility Capping is calculated Properly..!!!!
IF Risk_Garde IS 'B' And Cibil_Score IS '200' Experiment Is Both_Rented Then Final_BTO_Capping IS '500000.0' when fixed capping = '500000' ... Eligibility Capping is calculated Properly..!!!!
Eligibility is not getting calculated properly..!!!]]>
    </system-out>
  </testcase> <!-- TC_13 -->
  <testcase classname="Eligibility_Automation.Smfg_Direct" name="TC_15" time="3.033">
    <system-out>
      <![CDATA[TC_01 : To verify that When experiment is Both Rented, Policy SMFG_Direct and account is ODCC
 Risk Grade Is 'D'  And Experiment Is Both Rented Then ODCC Capping Is '0.0' when fixed capping = '1000000'  ... Eligibility is getting calculated Properly.!!! ]]>
    </system-out>
  </testcase> <!-- TC_15 -->
  <testcase classname="Eligibility_Automation.Smfg_Direct" name="TC_13" time="13.459">
    <system-out>
      <![CDATA[TC_13 : To verify that When experiment is Both Rented, Policy SMFG_Direct and account is NTC
IF Risk_Garde IS 'NA' And Cibil_Score IS '-1' Experiment Is Both_Rented Then Final_BTO_Capping IS '0.0' when fixed capping = '500000' ... Eligibility Capping is calculated Properly..!!!!
IF Risk_Garde IS 'NA' And Cibil_Score IS '0' Experiment Is Both_Rented Then Final_BTO_Capping IS '0.0' when fixed capping = '500000' ... Eligibility Capping is calculated Properly..!!!!
IF Risk_Garde IS 'NA' And Cibil_Score IS '200' Experiment Is Both_Rented Then Final_BTO_Capping IS '0.0' when fixed capping = '500000' ... Eligibility Capping is calculated Properly..!!!!
IF Risk_Garde IS 'NA' And Cibil_Score IS '300' Experiment Is Both_Rented Then Final_BTO_Capping IS '0.0' when fixed capping = '500000' ... Eligibility Capping is calculated Properly..!!!!]]>
    </system-out>
  </testcase> <!-- TC_13 -->
  <testcase classname="Eligibility_Automation.Smfg_Direct" name="TC_14" time="3.189">
    <system-out>
      <![CDATA[TC_14 : To verify that When experiment is Both Rented, Policy SMFG_Direct and account is Thin cibil
IF Risk_Garde IS 'B Than Final_BTO_Capping IS '800000.0' when fixed capping = '500000'  ... Eligibility Capping is calculated Properly..!!!!]]>
    </system-out>
  </testcase> <!-- TC_14 -->
  <testcase classname="Eligibility_Automation.Smfg_Direct" name="TC_01" time="4.327">
    <system-out>
      <![CDATA[TC_01 : To verify the final capping if policy is SMFG , ALL risk grade , no experiment, ABB & BTO
 Test Loancode =6683d2a99zruv
BTO Capping = 500000.0 And Grade = C when fixed capping =1500000 Eligibility is getting calculated properly..!!!
ABB Capping = 174824.19 And Grade = C when fixed capping =1500000 Eligibility is getting calculated properly..!!!]]>
    </system-out>
  </testcase> <!-- TC_01 -->
  <testcase classname="Eligibility_Automation.Smfg_Direct" name="TC_11" time="13.604">
    <system-out>
      <![CDATA[TC_11 : To verify that NTC with limit
IF Risk_Garde IS 'E' And Cibil_Score IS '-1' Than Final_BTO_Capping IS '408141.62' when fixed capping = '500000' ... Eligibility Capping is calculated Properly..!!!!
IF Risk_Garde IS 'E' And Cibil_Score IS '0' Than Final_BTO_Capping IS '408141.62' when fixed capping = '500000' ... Eligibility Capping is calculated Properly..!!!!
IF Risk_Garde IS 'E' And Cibil_Score IS '200' Than Final_BTO_Capping IS '408141.62' when fixed capping = '500000' ... Eligibility Capping is calculated Properly..!!!!
IF Risk_Garde IS 'E' And Cibil_Score IS '300' Than Final_BTO_Capping IS '408141.62' when fixed capping = '500000' ... Eligibility Capping is calculated Properly..!!!!]]>
    </system-out>
  </testcase> <!-- TC_11 -->
  <testcase classname="Eligibility_Automation.Smfg_Direct" name="TC_02" time="3.480">
    <system-out>
      <![CDATA[TC_02 : To verify that When experiment is Both Rented, Policy SMFG_Direct
Capping = 0.0 And Grade = E when fixed capping =600000  Eligibility is getting calculated properly..!!!]]>
    </system-out>
  </testcase> <!-- TC_02 -->
  <testcase classname="Eligibility_Automation.Smfg_Direct" name="TC_11" time="13.880">
    <system-out>
      <![CDATA[TC_11 : To verify that NTC with limit
IF Risk_Garde IS 'A' And Cibil_Score IS '-1' Than Final_BTO_Capping IS '500000.0' when fixed capping = '500000' ... Eligibility Capping is calculated Properly..!!!!
IF Risk_Garde IS 'A' And Cibil_Score IS '0' Than Final_BTO_Capping IS '500000.0' when fixed capping = '500000' ... Eligibility Capping is calculated Properly..!!!!
IF Risk_Garde IS 'A' And Cibil_Score IS '200' Than Final_BTO_Capping IS '500000.0' when fixed capping = '500000' ... Eligibility Capping is calculated Properly..!!!!
IF Risk_Garde IS 'A' And Cibil_Score IS '300' Than Final_BTO_Capping IS '500000.0' when fixed capping = '500000' ... Eligibility Capping is calculated Properly..!!!!]]>
    </system-out>
  </testcase> <!-- TC_11 -->
  <testcase classname="Eligibility_Automation.Smfg_Direct" name="TC_15" time="3.053">
    <system-out>
      <![CDATA[TC_01 : To verify that When experiment is Both Rented, Policy SMFG_Direct and account is ODCC
 Risk Grade Is 'E'  And Experiment Is Both Rented Then ODCC Capping Is '0.0' when fixed capping = '1000000'  ... Eligibility is getting calculated Properly.!!! ]]>
    </system-out>
  </testcase> <!-- TC_15 -->
  <testcase classname="Eligibility_Automation.Smfg_Direct" name="TC_04" time="3.100">
    <system-out>
      <![CDATA[TC_04 : To verify that When experiment is Both Toxic Profile, Policy SMFG_Direct
Capping = 0.0 And Grade = NA when fixed capping =1000000  Eligibility is getting calculated properly..!!!]]>
    </system-out>
  </testcase> <!-- TC_04 -->
  <testcase classname="Eligibility_Automation.Smfg_Direct" name="TC_07" time="3.604">
    <system-out>
      <![CDATA[TC_07 : To verify that When Experiment is Personal Loan, Policy SMFG_Direct
BTO Capping = 500000.0 And Grade = B when fixed capping =500000.0  Eligibility is getting calculated properly..!!!]]>
    </system-out>
  </testcase> <!-- TC_07 -->
  <testcase classname="Eligibility_Automation.Smfg_Direct" name="TC_05" time="3.329">
    <system-out>
      <![CDATA[TC_05 : To verify that When experiment is  Cautious Location, Policy SMFG_Direct
Capping = 1283763.9 And Grade = A when fixed capping =1500000  Eligibility is getting calculated properly..!!!]]>
    </system-out>
  </testcase> <!-- TC_05 -->
  <testcase classname="Eligibility_Automation.Smfg_Direct" name="TC_08" time="3.340">
    <system-out>
      <![CDATA[TC_08 : To verify that When Experiment is Saving Account, Policy SMFG_Direct
Capping = 350000.0 And Grade = B when fixed capping =500000  Eligibility is getting calculated properly..!!!]]>
    </system-out>
  </testcase> <!-- TC_08 -->
  <testcase classname="Eligibility_Automation.Smfg_Direct" name="TC_05" time="3.534">
    <system-out>
      <![CDATA[TC_05 : To verify that When experiment is  Cautious Location, Policy SMFG_Direct
Capping = 327970.94999999995 And Grade = D when fixed capping =1000000  Eligibility is getting calculated properly..!!!]]>
    </system-out>
  </testcase> <!-- TC_05 -->
  <testcase classname="Eligibility_Automation.Smfg_Direct" name="TC_07" time="3.469">
    <system-out>
      <![CDATA[TC_07 : To verify that When Experiment is Personal Loan, Policy SMFG_Direct
BTO Capping = 0.0 And Grade = D when fixed capping =0.0  Eligibility is getting calculated properly..!!!]]>
    </system-out>
  </testcase> <!-- TC_07 -->
  <testcase classname="Eligibility_Automation.Smfg_Direct" name="TC_04" time="3.142">
    <system-out>
      <![CDATA[TC_04 : To verify that When experiment is Both Toxic Profile, Policy SMFG_Direct
Capping = 1000000.0 And Grade = A when fixed capping =1000000  Eligibility is getting calculated properly..!!!]]>
    </system-out>
  </testcase> <!-- TC_04 -->
  <testcase classname="Eligibility_Automation.Smfg_Direct" name="TC_13" time="13.980">
    <system-out>
      <![CDATA[TC_13 : To verify that When experiment is Both Rented, Policy SMFG_Direct and account is NTC
IF Risk_Garde IS 'C' And Cibil_Score IS '-1' Experiment Is Both_Rented Then Final_BTO_Capping IS '500000.0' when fixed capping = '500000' ... Eligibility Capping is calculated Properly..!!!!
IF Risk_Garde IS 'C' And Cibil_Score IS '0' Experiment Is Both_Rented Then Final_BTO_Capping IS '500000.0' when fixed capping = '500000' ... Eligibility Capping is calculated Properly..!!!!
IF Risk_Garde IS 'C' And Cibil_Score IS '200' Experiment Is Both_Rented Then Final_BTO_Capping IS '500000.0' when fixed capping = '500000' ... Eligibility Capping is calculated Properly..!!!!
Eligibility is not getting calculated properly..!!!]]>
    </system-out>
  </testcase> <!-- TC_13 -->
  <testcase classname="Eligibility_Automation.Smfg_Direct" name="TC_09" time="3.237">
    <system-out>
      <![CDATA[TC_09 : To verify that Max capping where “no experiment” is applied (excl DSA,) where Business vintage is > 3 years & one property is owned
BTO Capping = 500000.0 And Grade = B when fixed capping =2000000.0 Eligibility is getting calculated properly..!!!
ABB Capping = 156404.53 And Grade = B when fixed capping =1500000.0 Eligibility is getting calculated properly..!!!]]>
    </system-out>
  </testcase> <!-- TC_09 -->
  <testcase classname="Eligibility_Automation.Smfg_Direct" name="TC_15" time="3.484">
    <system-out>
      <![CDATA[TC_01 : To verify that When experiment is Both Rented, Policy SMFG_Direct and account is ODCC
 Risk Grade Is 'NA'  And Experiment Is Both Rented Then ODCC Capping Is '0.0' when fixed capping = '0'  ... Eligibility is getting calculated Properly.!!! ]]>
    </system-out>
  </testcase> <!-- TC_15 -->
  <testcase classname="Eligibility_Automation.Smfg_Direct" name="TC_15" time="3.219">
    <system-out>
      <![CDATA[TC_01 : To verify that When experiment is Both Rented, Policy SMFG_Direct and account is ODCC
 Risk Grade Is 'A'  And Experiment Is Both Rented Then ODCC Capping Is '191351.23' when fixed capping = '1000000'  ... Eligibility is getting calculated Properly.!!! ]]>
    </system-out>
  </testcase> <!-- TC_15 -->
  <testcase classname="Eligibility_Automation.Smfg_Direct" name="TC_03" time="3.738">
    <system-out>
      <![CDATA[TC_01 : To verify that When experiment is Both Cautious Profile, Policy SMFG_Direct
Capping = 910114.6 And Grade = B when fixed capping =1500000  Eligibility is getting calculated properly..!!!]]>
    </system-out>
  </testcase> <!-- TC_03 -->
  <testcase classname="Eligibility_Automation.Smfg_Direct" name="TC_04" time="3.529">
    <system-out>
      <![CDATA[TC_04 : To verify that When experiment is Both Toxic Profile, Policy SMFG_Direct
Capping = 910114.6 And Grade = B when fixed capping =1000000  Eligibility is getting calculated properly..!!!]]>
    </system-out>
  </testcase> <!-- TC_04 -->
  <testcase classname="Eligibility_Automation.Smfg_Direct" name="TC_01" time="3.739">
    <system-out>
      <![CDATA[TC_01 : To verify the final capping if policy is SMFG , ALL risk grade , no experiment, ABB & BTO
 Test Loancode =6683d2a99zruv
BTO Capping = 500000.0 And Grade = E when fixed capping =1000000 Eligibility is getting calculated properly..!!!
ABB Capping = 121670.97 And Grade = E when fixed capping =1500000 Eligibility is getting calculated properly..!!!]]>
    </system-out>
  </testcase> <!-- TC_01 -->
  <testcase classname="Eligibility_Automation.Smfg_Direct" name="TC_03" time="3.118">
    <system-out>
      <![CDATA[TC_01 : To verify that When experiment is Both Cautious Profile, Policy SMFG_Direct
Capping = 1283763.9 And Grade = Awhen fixed capping =1500000  Eligibility is getting calculated properly..!!!]]>
    </system-out>
  </testcase> <!-- TC_03 -->
  <testcase classname="Eligibility_Automation.Smfg_Direct" name="TC_03" time="3.217">
    <system-out>
      <![CDATA[TC_01 : To verify that When experiment is Both Cautious Profile, Policy SMFG_Direct
Capping = 628331.25 And Grade = C when fixed capping =1000000  Eligibility is getting calculated properly..!!!]]>
    </system-out>
  </testcase> <!-- TC_03 -->
  <testcase classname="Eligibility_Automation.Smfg_Direct" name="TC_14" time="3.080">
    <system-out>
      <![CDATA[TC_14 : To verify that When experiment is Both Rented, Policy SMFG_Direct and account is Thin cibil
IF Risk_Garde IS 'NA Than Final_BTO_Capping IS '0.0' when fixed capping = '500000'  ... Eligibility Capping is calculated Properly..!!!!]]>
    </system-out>
  </testcase> <!-- TC_14 -->
  <testcase classname="Eligibility_Automation.Smfg_Direct" name="TC_04" time="3.155">
    <system-out>
      <![CDATA[TC_04 : To verify that When experiment is Both Toxic Profile, Policy SMFG_Direct
Capping = 628331.25 And Grade = C when fixed capping =1000000  Eligibility is getting calculated properly..!!!]]>
    </system-out>
  </testcase> <!-- TC_04 -->
  <testcase classname="Eligibility_Automation.Smfg_Direct" name="TC_12" time="2.873">
    <system-out>
      <![CDATA[TC_12 : To verify that When ODCC, Policy SMFG_Direct (only ABB)
ABB Capping = 0.0 And Grade = NAwhen fixed capping =1000000  Eligibility is getting calculated properly..!!!]]>
    </system-out>
  </testcase> <!-- TC_12 -->
  <testcase classname="Eligibility_Automation.Smfg_Direct" name="TC_12" time="3.188">
    <system-out>
      <![CDATA[TC_12 : To verify that When ODCC, Policy SMFG_Direct (only ABB)
ABB Capping = 94959.892 And Grade = Bwhen fixed capping =1000000  Eligibility is getting calculated properly..!!!]]>
    </system-out>
  </testcase> <!-- TC_12 -->
  <testcase classname="Eligibility_Automation.Smfg_Direct" name="TC_09" time="3.403">
    <system-out>
      <![CDATA[TC_09 : To verify that Max capping where “no experiment” is applied (excl DSA,) where Business vintage is > 3 years & one property is owned
BTO Capping = 500000.0 And Grade = A when fixed capping =2000000.0 Eligibility is getting calculated properly..!!!
ABB Capping = 187524.2 And Grade = A when fixed capping =1500000.0 Eligibility is getting calculated properly..!!!]]>
    </system-out>
  </testcase> <!-- TC_09 -->
  <testcase classname="Eligibility_Automation.Smfg_Direct" name="TC_14" time="3.307">
    <system-out>
      <![CDATA[TC_14 : To verify that When experiment is Both Rented, Policy SMFG_Direct and account is Thin cibil
IF Risk_Garde IS 'A Than Final_BTO_Capping IS '1000000.0' when fixed capping = '500000'  ... Eligibility Capping is calculated Properly..!!!!]]>
    </system-out>
  </testcase> <!-- TC_14 -->
  <testcase classname="Eligibility_Automation.Smfg_Direct" name="TC_12" time="3.190">
    <system-out>
      <![CDATA[TC_12 : To verify that When ODCC, Policy SMFG_Direct (only ABB)
ABB Capping = 0.0 And Grade = Ewhen fixed capping =1000000  Eligibility is getting calculated properly..!!!]]>
    </system-out>
  </testcase> <!-- TC_12 -->
  <testcase classname="Eligibility_Automation.Smfg_Direct" name="TC_01" time="4.847">
    <system-out>
      <![CDATA[TC_01 : To verify the final capping if policy is SMFG , ALL risk grade , no experiment, ABB & BTO
 Test Loancode =6683d2a99zruv
BTO Capping = 500000.0 And Grade = A when fixed capping =1500000 Eligibility is getting calculated properly..!!!
ABB Capping = 267891.72 And Grade = A when fixed capping =1500000 Eligibility is getting calculated properly..!!!]]>
    </system-out>
  </testcase> <!-- TC_01 -->
  <testcase classname="Eligibility_Automation.Smfg_Direct" name="TC_08" time="5.496">
    <system-out>
      <![CDATA[TC_08 : To verify that When Experiment is Saving Account, Policy SMFG_Direct
Eligibility is not getting calculated properly..!!!]]>
    </system-out>
  </testcase> <!-- TC_08 -->
  <testcase classname="Eligibility_Automation.Smfg_Direct" name="TC_13" time="14.592">
    <system-out>
      <![CDATA[TC_13 : To verify that When experiment is Both Rented, Policy SMFG_Direct and account is NTC
IF Risk_Garde IS 'A' And Cibil_Score IS '-1' Experiment Is Both_Rented Then Final_BTO_Capping IS '500000.0' when fixed capping = '500000' ... Eligibility Capping is calculated Properly..!!!!
IF Risk_Garde IS 'A' And Cibil_Score IS '0' Experiment Is Both_Rented Then Final_BTO_Capping IS '500000.0' when fixed capping = '500000' ... Eligibility Capping is calculated Properly..!!!!
IF Risk_Garde IS 'A' And Cibil_Score IS '200' Experiment Is Both_Rented Then Final_BTO_Capping IS '500000.0' when fixed capping = '500000' ... Eligibility Capping is calculated Properly..!!!!
Eligibility is not getting calculated properly..!!!]]>
    </system-out>
  </testcase> <!-- TC_13 -->
  <testcase classname="Eligibility_Automation.Smfg_Direct" name="TC_11" time="14.127">
    <system-out>
      <![CDATA[TC_11 : To verify that NTC with limit
IF Risk_Garde IS 'D' And Cibil_Score IS '-1' Than Final_BTO_Capping IS '408141.62' when fixed capping = '500000' ... Eligibility Capping is calculated Properly..!!!!
IF Risk_Garde IS 'D' And Cibil_Score IS '0' Than Final_BTO_Capping IS '408141.62' when fixed capping = '500000' ... Eligibility Capping is calculated Properly..!!!!
IF Risk_Garde IS 'D' And Cibil_Score IS '200' Than Final_BTO_Capping IS '408141.62' when fixed capping = '500000' ... Eligibility Capping is calculated Properly..!!!!
IF Risk_Garde IS 'D' And Cibil_Score IS '300' Than Final_BTO_Capping IS '408141.62' when fixed capping = '500000' ... Eligibility Capping is calculated Properly..!!!!]]>
    </system-out>
  </testcase> <!-- TC_11 -->
  <testcase classname="Eligibility_Automation.Smfg_Direct" name="TC_10" time="3.270">
    <system-out>
      <![CDATA[TC_10 : To verify that Max Capping of NTC and Thin Cibil
BTO Capping = 500000.0 And Grade = B when fixed capping =500000 Eligibility is getting calculated properly..!!!]]>
    </system-out>
  </testcase> <!-- TC_10 -->
  <testcase classname="Eligibility_Automation.Smfg_Direct" name="TC_11" time="13.333">
    <system-out>
      <![CDATA[TC_11 : To verify that NTC with limit
IF Risk_Garde IS 'B' And Cibil_Score IS '-1' Than Final_BTO_Capping IS '500000.0' when fixed capping = '500000' ... Eligibility Capping is calculated Properly..!!!!
IF Risk_Garde IS 'B' And Cibil_Score IS '0' Than Final_BTO_Capping IS '500000.0' when fixed capping = '500000' ... Eligibility Capping is calculated Properly..!!!!
IF Risk_Garde IS 'B' And Cibil_Score IS '200' Than Final_BTO_Capping IS '500000.0' when fixed capping = '500000' ... Eligibility Capping is calculated Properly..!!!!
IF Risk_Garde IS 'B' And Cibil_Score IS '300' Than Final_BTO_Capping IS '500000.0' when fixed capping = '500000' ... Eligibility Capping is calculated Properly..!!!!]]>
    </system-out>
  </testcase> <!-- TC_11 -->
  <testcase classname="Eligibility_Automation.Smfg_Direct" name="TC_10" time="3.442">
    <system-out>
      <![CDATA[TC_10 : To verify that Max Capping of NTC and Thin Cibil
BTO Capping = 500000.0 And Grade = C when fixed capping =500000 Eligibility is getting calculated properly..!!!]]>
    </system-out>
  </testcase> <!-- TC_10 -->
  <testcase classname="Eligibility_Automation.Smfg_Direct" name="TC_05" time="3.208">
    <system-out>
      <![CDATA[TC_05 : To verify that When experiment is  Cautious Location, Policy SMFG_Direct
Capping = 0.0 And Grade = NA when fixed capping =1000000  Eligibility is getting calculated properly..!!!]]>
    </system-out>
  </testcase> <!-- TC_05 -->
  <testcase classname="Eligibility_Automation.Smfg_Direct" name="TC_10" time="3.608">
    <system-out>
      <![CDATA[TC_10 : To verify that Max Capping of NTC and Thin Cibil
BTO Capping = 408141.62 And Grade = D when fixed capping =500000 Eligibility is getting calculated properly..!!!]]>
    </system-out>
  </testcase> <!-- TC_10 -->
  <testcase classname="Eligibility_Automation.Smfg_Direct" name="TC_05" time="3.285">
    <system-out>
      <![CDATA[TC_05 : To verify that When experiment is  Cautious Location, Policy SMFG_Direct
Capping = 773597.4099999999 And Grade = B when fixed capping =1000000  Eligibility is getting calculated properly..!!!]]>
    </system-out>
  </testcase> <!-- TC_05 -->
  <testcase classname="Eligibility_Automation.Smfg_Direct" name="TC_15" time="3.163">
    <system-out>
      <![CDATA[TC_01 : To verify that When experiment is Both Rented, Policy SMFG_Direct and account is ODCC
 Risk Grade Is 'C'  And Experiment Is Both Rented Then ODCC Capping Is '93655.82' when fixed capping = '1000000'  ... Eligibility is getting calculated Properly.!!! ]]>
    </system-out>
  </testcase> <!-- TC_15 -->
  <testcase classname="Eligibility_Automation.Smfg_Direct" name="TC_07" time="4.474">
    <system-out>
      <![CDATA[TC_07 : To verify that When Experiment is Personal Loan, Policy SMFG_Direct]]>
    </system-out>
  </testcase> <!-- TC_07 -->
  <testcase classname="Eligibility_Automation.Smfg_Direct" name="TC_06" time="3.433">
    <system-out>
      <![CDATA[TC_06 : To verify that When experiment is Salaried, Policy SMFG_Direct
Capping = 0.0 And Grade = E when fixed capping =0  Eligibility is getting calculated properly..!!!]]>
    </system-out>
  </testcase> <!-- TC_06 -->
  <testcase classname="Eligibility_Automation.Smfg_Direct" name="TC_01" time="3.471">
    <system-out>
      <![CDATA[TC_01 : To verify the final capping if policy is SMFG , ALL risk grade , no experiment, ABB & BTO
 Test Loancode =6683d2a99zruv
BTO Capping = 500000.0 And Grade = B when fixed capping =1500000 Eligibility is getting calculated properly..!!!
ABB Capping = 223435.05 And Grade = B when fixed capping =1500000 Eligibility is getting calculated properly..!!!]]>
    </system-out>
  </testcase> <!-- TC_01 -->
  <testcase classname="Eligibility_Automation.Smfg_Direct" name="TC_06" time="3.035">
    <system-out>
      <![CDATA[TC_06 : To verify that When experiment is Salaried, Policy SMFG_Direct
Capping = 0.0 And Grade = D when fixed capping =0  Eligibility is getting calculated properly..!!!]]>
    </system-out>
  </testcase> <!-- TC_06 -->
  <testcase classname="Eligibility_Automation.Smfg_Direct" name="TC_13" time="13.617">
    <system-out>
      <![CDATA[TC_13 : To verify that When experiment is Both Rented, Policy SMFG_Direct and account is NTC
IF Risk_Garde IS 'E' And Cibil_Score IS '-1' Experiment Is Both_Rented Then Final_BTO_Capping IS '500000.0' when fixed capping = '500000' ... Eligibility Capping is calculated Properly..!!!!
IF Risk_Garde IS 'E' And Cibil_Score IS '0' Experiment Is Both_Rented Then Final_BTO_Capping IS '500000.0' when fixed capping = '500000' ... Eligibility Capping is calculated Properly..!!!!
IF Risk_Garde IS 'E' And Cibil_Score IS '200' Experiment Is Both_Rented Then Final_BTO_Capping IS '500000.0' when fixed capping = '500000' ... Eligibility Capping is calculated Properly..!!!!
Eligibility is not getting calculated properly..!!!]]>
    </system-out>
  </testcase> <!-- TC_13 -->
  <testcase classname="Eligibility_Automation.Smfg_Direct" name="TC_02" time="3.572">
    <system-out>
      <![CDATA[TC_02 : To verify that When experiment is Both Rented, Policy SMFG_Direct
Capping = 600000.0 And Grade = C when fixed capping =600000  Eligibility is getting calculated properly..!!!]]>
    </system-out>
  </testcase> <!-- TC_02 -->
  <testcase classname="Eligibility_Automation.Smfg_Direct" name="TC_08" time="4.005">
    <system-out>
      <![CDATA[TC_08 : To verify that When Experiment is Saving Account, Policy SMFG_Direct
Capping = 350000.0 And Grade = A when fixed capping =500000  Eligibility is getting calculated properly..!!!]]>
    </system-out>
  </testcase> <!-- TC_08 -->
  <testcase classname="Eligibility_Automation.Smfg_Direct" name="TC_05" time="3.743">
    <system-out>
      <![CDATA[TC_05 : To verify that When experiment is  Cautious Location, Policy SMFG_Direct
Capping = 471248.4375 And Grade = C when fixed capping =1000000  Eligibility is getting calculated properly..!!!]]>
    </system-out>
  </testcase> <!-- TC_05 -->
  <testcase classname="Eligibility_Automation.Smfg_Direct" name="TC_08" time="3.278">
    <system-out>
      <![CDATA[TC_08 : To verify that When Experiment is Saving Account, Policy SMFG_Direct
Eligibility is not getting calculated properly..!!!]]>
    </system-out>
  </testcase> <!-- TC_08 -->
  <testcase classname="Eligibility_Automation.Smfg_Direct" name="TC_01" time="3.388">
    <system-out>
      <![CDATA[TC_01 : To verify the final capping if policy is SMFG , ALL risk grade , no experiment, ABB & BTO
 Test Loancode =6683d2a99zruv
BTO Capping = 500000.0 And Grade = D when fixed capping =1500000 Eligibility is getting calculated properly..!!!
ABB Capping = 121670.97 And Grade = D when fixed capping =1500000 Eligibility is getting calculated properly..!!!]]>
    </system-out>
  </testcase> <!-- TC_01 -->
  <testcase classname="Eligibility_Automation.Smfg_Direct" name="TC_03" time="3.420">
    <system-out>
      <![CDATA[TC_01 : To verify that When experiment is Both Cautious Profile, Policy SMFG_Direct
Capping = 437294.6 And Grade = D when fixed capping =1000000  Eligibility is getting calculated properly..!!!]]>
    </system-out>
  </testcase> <!-- TC_03 -->
  <testcase classname="Eligibility_Automation.Smfg_Direct" name="TC_09" time="3.783">
    <system-out>
      <![CDATA[TC_09 : To verify that Max capping where “no experiment” is applied (excl DSA,) where Business vintage is > 3 years & one property is owned
BTO Capping = 500000.0 And Grade = C when fixed capping =2000000.0 Eligibility is getting calculated properly..!!!
ABB Capping = 122376.93 And Grade = C when fixed capping =1500000.0 Eligibility is getting calculated properly..!!!]]>
    </system-out>
  </testcase> <!-- TC_09 -->
  <testcase classname="Eligibility_Automation.Smfg_Direct" name="TC_02" time="3.728">
    <system-out>
      <![CDATA[TC_02 : To verify that When experiment is Both Rented, Policy SMFG_Direct
Capping = 800000.0 And Grade = B when fixed capping =800000  Eligibility is getting calculated properly..!!!]]>
    </system-out>
  </testcase> <!-- TC_02 -->
  <testcase classname="Eligibility_Automation.Smfg_Direct" name="TC_08" time="3.676">
    <system-out>
      <![CDATA[TC_08 : To verify that When Experiment is Saving Account, Policy SMFG_Direct
Capping = 350000.0 And Grade = C when fixed capping =500000  Eligibility is getting calculated properly..!!!]]>
    </system-out>
  </testcase> <!-- TC_08 -->
  <testcase classname="Eligibility_Automation.Smfg_Direct" name="TC_05" time="2.977">
    <system-out>
      <![CDATA[TC_05 : To verify that When experiment is  Cautious Location, Policy SMFG_Direct
Capping = 0.0 And Grade = E when fixed capping =1000000  Eligibility is getting calculated properly..!!!]]>
    </system-out>
  </testcase> <!-- TC_05 -->
  <testcase classname="Eligibility_Automation.Smfg_Direct" name="TC_12" time="3.069">
    <system-out>
      <![CDATA[TC_12 : To verify that When ODCC, Policy SMFG_Direct (only ABB)
ABB Capping = 65559.0675 And Grade = Cwhen fixed capping =1000000  Eligibility is getting calculated properly..!!!]]>
    </system-out>
  </testcase> <!-- TC_12 -->
  <testcase classname="Eligibility_Automation.Smfg_Direct" name="TC_11" time="13.327">
    <system-out>
      <![CDATA[TC_11 : To verify that NTC with limit
IF Risk_Garde IS 'NA' And Cibil_Score IS '-1' Than Final_BTO_Capping IS '0.0' when fixed capping = '500000' ... Eligibility Capping is calculated Properly..!!!!
IF Risk_Garde IS 'NA' And Cibil_Score IS '0' Than Final_BTO_Capping IS '0.0' when fixed capping = '500000' ... Eligibility Capping is calculated Properly..!!!!
IF Risk_Garde IS 'NA' And Cibil_Score IS '200' Than Final_BTO_Capping IS '0.0' when fixed capping = '500000' ... Eligibility Capping is calculated Properly..!!!!
IF Risk_Garde IS 'NA' And Cibil_Score IS '300' Than Final_BTO_Capping IS '0.0' when fixed capping = '500000' ... Eligibility Capping is calculated Properly..!!!!]]>
    </system-out>
  </testcase> <!-- TC_11 -->
  <testcase classname="Eligibility_Automation.Smfg_Direct" name="TC_14" time="2.998">
    <system-out>
      <![CDATA[TC_14 : To verify that When experiment is Both Rented, Policy SMFG_Direct and account is Thin cibil
IF Risk_Garde IS 'E Than Final_BTO_Capping IS '0.0' when fixed capping = '500000'  ... Eligibility Capping is calculated Properly..!!!!]]>
    </system-out>
  </testcase> <!-- TC_14 -->
  <testcase classname="Eligibility_Automation.Smfg_Direct" name="TC_11" time="13.933">
    <system-out>
      <![CDATA[TC_11 : To verify that NTC with limit
IF Risk_Garde IS 'C' And Cibil_Score IS '-1' Than Final_BTO_Capping IS '500000.0' when fixed capping = '500000' ... Eligibility Capping is calculated Properly..!!!!
IF Risk_Garde IS 'C' And Cibil_Score IS '0' Than Final_BTO_Capping IS '500000.0' when fixed capping = '500000' ... Eligibility Capping is calculated Properly..!!!!
IF Risk_Garde IS 'C' And Cibil_Score IS '200' Than Final_BTO_Capping IS '500000.0' when fixed capping = '500000' ... Eligibility Capping is calculated Properly..!!!!
IF Risk_Garde IS 'C' And Cibil_Score IS '300' Than Final_BTO_Capping IS '500000.0' when fixed capping = '500000' ... Eligibility Capping is calculated Properly..!!!!]]>
    </system-out>
  </testcase> <!-- TC_11 -->
  <testcase classname="Eligibility_Automation.Smfg_Direct" name="TC_02" time="3.319">
    <system-out>
      <![CDATA[TC_02 : To verify that When experiment is Both Rented, Policy SMFG_Direct
Capping = 1000000.0 And Grade = A when fixed capping =1000000  Eligibility is getting calculated properly..!!!]]>
    </system-out>
  </testcase> <!-- TC_02 -->
  <testcase classname="Eligibility_Automation.Smfg_Direct" name="TC_10" time="3.680">
    <system-out>
      <![CDATA[TC_10 : To verify that Max Capping of NTC and Thin Cibil
BTO Capping = 500000.0 And Grade = A when fixed capping =500000 Eligibility is getting calculated properly..!!!]]>
    </system-out>
  </testcase> <!-- TC_10 -->
  <testcase classname="Eligibility_Automation.Smfg_Direct" name="TC_13" time="14.059">
    <system-out>
      <![CDATA[TC_13 : To verify that When experiment is Both Rented, Policy SMFG_Direct and account is NTC
IF Risk_Garde IS 'D' And Cibil_Score IS '-1' Experiment Is Both_Rented Then Final_BTO_Capping IS '500000.0' when fixed capping = '500000' ... Eligibility Capping is calculated Properly..!!!!
IF Risk_Garde IS 'D' And Cibil_Score IS '0' Experiment Is Both_Rented Then Final_BTO_Capping IS '500000.0' when fixed capping = '500000' ... Eligibility Capping is calculated Properly..!!!!
IF Risk_Garde IS 'D' And Cibil_Score IS '200' Experiment Is Both_Rented Then Final_BTO_Capping IS '500000.0' when fixed capping = '500000' ... Eligibility Capping is calculated Properly..!!!!
Eligibility is not getting calculated properly..!!!]]>
    </system-out>
  </testcase> <!-- TC_13 -->
  <testcase classname="Eligibility_Automation.Smfg_Direct" name="TC_14" time="3.339">
    <system-out>
      <![CDATA[TC_14 : To verify that When experiment is Both Rented, Policy SMFG_Direct and account is Thin cibil
IF Risk_Garde IS 'C Than Final_BTO_Capping IS '600000.0' when fixed capping = '500000'  ... Eligibility Capping is calculated Properly..!!!!]]>
    </system-out>
  </testcase> <!-- TC_14 -->
  <system-out>
    <![CDATA[ DB Connection Successfull
 DB Connection Successfull
TC_01 : To verify the final capping if policy is SMFG , ALL risk grade , no experiment, ABB & BTO
 Test Loancode =6683d2a99zruv
BTO Capping = 500000.0 And Grade = A when fixed capping =1500000 Eligibility is getting calculated properly..!!!
ABB Capping = 267891.72 And Grade = A when fixed capping =1500000 Eligibility is getting calculated properly..!!!
TC_01 : To verify the final capping if policy is SMFG , ALL risk grade , no experiment, ABB & BTO
 Test Loancode =6683d2a99zruv
BTO Capping = 500000.0 And Grade = B when fixed capping =1500000 Eligibility is getting calculated properly..!!!
ABB Capping = 223435.05 And Grade = B when fixed capping =1500000 Eligibility is getting calculated properly..!!!
TC_01 : To verify the final capping if policy is SMFG , ALL risk grade , no experiment, ABB & BTO
 Test Loancode =6683d2a99zruv
BTO Capping = 500000.0 And Grade = C when fixed capping =1500000 Eligibility is getting calculated properly..!!!
ABB Capping = 174824.19 And Grade = C when fixed capping =1500000 Eligibility is getting calculated properly..!!!
TC_01 : To verify the final capping if policy is SMFG , ALL risk grade , no experiment, ABB & BTO
 Test Loancode =6683d2a99zruv
BTO Capping = 500000.0 And Grade = D when fixed capping =1500000 Eligibility is getting calculated properly..!!!
ABB Capping = 121670.97 And Grade = D when fixed capping =1500000 Eligibility is getting calculated properly..!!!
TC_01 : To verify the final capping if policy is SMFG , ALL risk grade , no experiment, ABB & BTO
 Test Loancode =6683d2a99zruv
BTO Capping = 500000.0 And Grade = E when fixed capping =1000000 Eligibility is getting calculated properly..!!!
ABB Capping = 121670.97 And Grade = E when fixed capping =1500000 Eligibility is getting calculated properly..!!!
TC_01 : To verify the final capping if policy is SMFG , ALL risk grade , no experiment, ABB & BTO
 Test Loancode =6683d2a99zruv
BTO Capping = 500000.0 And Grade = NA when fixed capping =1500000 Eligibility is getting calculated properly..!!!
ABB Capping = 174824.19 And Grade = NA when fixed capping =1500000 Eligibility is getting calculated properly..!!!
TC_02 : To verify that When experiment is Both Rented, Policy SMFG_Direct
Capping = 1000000.0 And Grade = A when fixed capping =1000000  Eligibility is getting calculated properly..!!!
TC_02 : To verify that When experiment is Both Rented, Policy SMFG_Direct
Capping = 800000.0 And Grade = B when fixed capping =800000  Eligibility is getting calculated properly..!!!
TC_02 : To verify that When experiment is Both Rented, Policy SMFG_Direct
Capping = 600000.0 And Grade = C when fixed capping =600000  Eligibility is getting calculated properly..!!!
TC_02 : To verify that When experiment is Both Rented, Policy SMFG_Direct
Capping = 0.0 And Grade = D when fixed capping =600000  Eligibility is getting calculated properly..!!!
TC_02 : To verify that When experiment is Both Rented, Policy SMFG_Direct
Capping = 0.0 And Grade = E when fixed capping =600000  Eligibility is getting calculated properly..!!!
TC_02 : To verify that When experiment is Both Rented, Policy SMFG_Direct
Capping = 0.0 And Grade = NA when fixed capping =600000  Eligibility is getting calculated properly..!!!
TC_01 : To verify that When experiment is Both Cautious Profile, Policy SMFG_Direct
Capping = 1283763.9 And Grade = Awhen fixed capping =1500000  Eligibility is getting calculated properly..!!!
TC_01 : To verify that When experiment is Both Cautious Profile, Policy SMFG_Direct
Capping = 910114.6 And Grade = B when fixed capping =1500000  Eligibility is getting calculated properly..!!!
TC_01 : To verify that When experiment is Both Cautious Profile, Policy SMFG_Direct
Capping = 628331.25 And Grade = C when fixed capping =1000000  Eligibility is getting calculated properly..!!!
TC_01 : To verify that When experiment is Both Cautious Profile, Policy SMFG_Direct
Capping = 437294.6 And Grade = D when fixed capping =1000000  Eligibility is getting calculated properly..!!!
TC_01 : To verify that When experiment is Both Cautious Profile, Policy SMFG_Direct
Capping = 0.0 And Grade = E when fixed capping =1000000  Eligibility is getting calculated properly..!!!
TC_01 : To verify that When experiment is Both Cautious Profile, Policy SMFG_Direct
Capping = 0.0 And Grade = NA when fixed capping =1000000  Eligibility is getting calculated properly..!!!
TC_04 : To verify that When experiment is Both Toxic Profile, Policy SMFG_Direct
Capping = 1000000.0 And Grade = A when fixed capping =1000000  Eligibility is getting calculated properly..!!!
TC_04 : To verify that When experiment is Both Toxic Profile, Policy SMFG_Direct
Capping = 910114.6 And Grade = B when fixed capping =1000000  Eligibility is getting calculated properly..!!!
TC_04 : To verify that When experiment is Both Toxic Profile, Policy SMFG_Direct
Capping = 628331.25 And Grade = C when fixed capping =1000000  Eligibility is getting calculated properly..!!!
TC_04 : To verify that When experiment is Both Toxic Profile, Policy SMFG_Direct
Capping = 0.0 And Grade = D when fixed capping =1000000  Eligibility is getting calculated properly..!!!
TC_04 : To verify that When experiment is Both Toxic Profile, Policy SMFG_Direct
Capping = 0.0 And Grade = E when fixed capping =1000000  Eligibility is getting calculated properly..!!!
TC_04 : To verify that When experiment is Both Toxic Profile, Policy SMFG_Direct
Capping = 0.0 And Grade = NA when fixed capping =1000000  Eligibility is getting calculated properly..!!!
TC_05 : To verify that When experiment is  Cautious Location, Policy SMFG_Direct
Capping = 1283763.9 And Grade = A when fixed capping =1500000  Eligibility is getting calculated properly..!!!
TC_05 : To verify that When experiment is  Cautious Location, Policy SMFG_Direct
Capping = 773597.4099999999 And Grade = B when fixed capping =1000000  Eligibility is getting calculated properly..!!!
TC_05 : To verify that When experiment is  Cautious Location, Policy SMFG_Direct
Capping = 471248.4375 And Grade = C when fixed capping =1000000  Eligibility is getting calculated properly..!!!
TC_05 : To verify that When experiment is  Cautious Location, Policy SMFG_Direct
Capping = 327970.94999999995 And Grade = D when fixed capping =1000000  Eligibility is getting calculated properly..!!!
TC_05 : To verify that When experiment is  Cautious Location, Policy SMFG_Direct
Capping = 0.0 And Grade = E when fixed capping =1000000  Eligibility is getting calculated properly..!!!
TC_05 : To verify that When experiment is  Cautious Location, Policy SMFG_Direct
Capping = 0.0 And Grade = NA when fixed capping =1000000  Eligibility is getting calculated properly..!!!
TC_06 : To verify that When experiment is Salaried, Policy SMFG_Direct
Capping = 1000000.0 And Grade = A when fixed capping =1000000  Eligibility is getting calculated properly..!!!
TC_06 : To verify that When experiment is Salaried, Policy SMFG_Direct
Capping = 800000.0 And Grade = B when fixed capping =800000  Eligibility is getting calculated properly..!!!
TC_06 : To verify that When experiment is Salaried, Policy SMFG_Direct
Capping = 600000.0 And Grade = C when fixed capping =600000  Eligibility is getting calculated properly..!!!
TC_06 : To verify that When experiment is Salaried, Policy SMFG_Direct
Capping = 0.0 And Grade = D when fixed capping =0  Eligibility is getting calculated properly..!!!
TC_06 : To verify that When experiment is Salaried, Policy SMFG_Direct
Capping = 0.0 And Grade = E when fixed capping =0  Eligibility is getting calculated properly..!!!
TC_06 : To verify that When experiment is Salaried, Policy SMFG_Direct
Capping = 0.0 And Grade = NA when fixed capping =600000  Eligibility is getting calculated properly..!!!
TC_07 : To verify that When Experiment is Personal Loan, Policy SMFG_Direct
BTO Capping = 500000.0 And Grade = A when fixed capping =500000.0  Eligibility is getting calculated properly..!!!
TC_07 : To verify that When Experiment is Personal Loan, Policy SMFG_Direct
BTO Capping = 500000.0 And Grade = B when fixed capping =500000.0  Eligibility is getting calculated properly..!!!
TC_07 : To verify that When Experiment is Personal Loan, Policy SMFG_Direct
TC_07 : To verify that When Experiment is Personal Loan, Policy SMFG_Direct
BTO Capping = 0.0 And Grade = D when fixed capping =0.0  Eligibility is getting calculated properly..!!!
TC_07 : To verify that When Experiment is Personal Loan, Policy SMFG_Direct
BTO Capping = 0.0 And Grade = E when fixed capping =0.0  Eligibility is getting calculated properly..!!!
TC_07 : To verify that When Experiment is Personal Loan, Policy SMFG_Direct
TC_08 : To verify that When Experiment is Saving Account, Policy SMFG_Direct
Capping = 350000.0 And Grade = A when fixed capping =500000  Eligibility is getting calculated properly..!!!
TC_08 : To verify that When Experiment is Saving Account, Policy SMFG_Direct
Capping = 350000.0 And Grade = B when fixed capping =500000  Eligibility is getting calculated properly..!!!
TC_08 : To verify that When Experiment is Saving Account, Policy SMFG_Direct
Capping = 350000.0 And Grade = C when fixed capping =500000  Eligibility is getting calculated properly..!!!
TC_08 : To verify that When Experiment is Saving Account, Policy SMFG_Direct
Eligibility is not getting calculated properly..!!!
TC_08 : To verify that When Experiment is Saving Account, Policy SMFG_Direct
Eligibility is not getting calculated properly..!!!
TC_08 : To verify that When Experiment is Saving Account, Policy SMFG_Direct
Capping = 0.0 And Grade = NA when fixed capping =500000  Eligibility is getting calculated properly..!!!
TC_09 : To verify that Max capping where “no experiment” is applied (excl DSA,) where Business vintage is > 3 years & one property is owned
BTO Capping = 500000.0 And Grade = A when fixed capping =2000000.0 Eligibility is getting calculated properly..!!!
ABB Capping = 187524.2 And Grade = A when fixed capping =1500000.0 Eligibility is getting calculated properly..!!!
TC_09 : To verify that Max capping where “no experiment” is applied (excl DSA,) where Business vintage is > 3 years & one property is owned
BTO Capping = 500000.0 And Grade = B when fixed capping =2000000.0 Eligibility is getting calculated properly..!!!
ABB Capping = 156404.53 And Grade = B when fixed capping =1500000.0 Eligibility is getting calculated properly..!!!
TC_09 : To verify that Max capping where “no experiment” is applied (excl DSA,) where Business vintage is > 3 years & one property is owned
BTO Capping = 500000.0 And Grade = C when fixed capping =2000000.0 Eligibility is getting calculated properly..!!!
ABB Capping = 122376.93 And Grade = C when fixed capping =1500000.0 Eligibility is getting calculated properly..!!!
TC_09 : To verify that Max capping where “no experiment” is applied (excl DSA,) where Business vintage is > 3 years & one property is owned
BTO Capping = 408141.62 And Grade = D when fixed capping =2000000.0 Eligibility is getting calculated properly..!!!
ABB Capping = 85169.68 And Grade = D when fixed capping =1500000.0 Eligibility is getting calculated properly..!!!
TC_10 : To verify that Max Capping of NTC and Thin Cibil
BTO Capping = 500000.0 And Grade = A when fixed capping =500000 Eligibility is getting calculated properly..!!!
TC_10 : To verify that Max Capping of NTC and Thin Cibil
BTO Capping = 500000.0 And Grade = B when fixed capping =500000 Eligibility is getting calculated properly..!!!
TC_10 : To verify that Max Capping of NTC and Thin Cibil
BTO Capping = 500000.0 And Grade = C when fixed capping =500000 Eligibility is getting calculated properly..!!!
TC_10 : To verify that Max Capping of NTC and Thin Cibil
BTO Capping = 408141.62 And Grade = D when fixed capping =500000 Eligibility is getting calculated properly..!!!
TC_10 : To verify that Max Capping of NTC and Thin Cibil
BTO Capping = 408141.62 And Grade = E when fixed capping =500000 Eligibility is getting calculated properly..!!!
TC_10 : To verify that Max Capping of NTC and Thin Cibil
BTO Capping = 0.0 And Grade = NA when fixed capping =500000 Eligibility is getting calculated properly..!!!
TC_11 : To verify that NTC with limit
IF Risk_Garde IS 'A' And Cibil_Score IS '-1' Than Final_BTO_Capping IS '500000.0' when fixed capping = '500000' ... Eligibility Capping is calculated Properly..!!!!
IF Risk_Garde IS 'A' And Cibil_Score IS '0' Than Final_BTO_Capping IS '500000.0' when fixed capping = '500000' ... Eligibility Capping is calculated Properly..!!!!
IF Risk_Garde IS 'A' And Cibil_Score IS '200' Than Final_BTO_Capping IS '500000.0' when fixed capping = '500000' ... Eligibility Capping is calculated Properly..!!!!
IF Risk_Garde IS 'A' And Cibil_Score IS '300' Than Final_BTO_Capping IS '500000.0' when fixed capping = '500000' ... Eligibility Capping is calculated Properly..!!!!
TC_11 : To verify that NTC with limit
IF Risk_Garde IS 'B' And Cibil_Score IS '-1' Than Final_BTO_Capping IS '500000.0' when fixed capping = '500000' ... Eligibility Capping is calculated Properly..!!!!
IF Risk_Garde IS 'B' And Cibil_Score IS '0' Than Final_BTO_Capping IS '500000.0' when fixed capping = '500000' ... Eligibility Capping is calculated Properly..!!!!
IF Risk_Garde IS 'B' And Cibil_Score IS '200' Than Final_BTO_Capping IS '500000.0' when fixed capping = '500000' ... Eligibility Capping is calculated Properly..!!!!
IF Risk_Garde IS 'B' And Cibil_Score IS '300' Than Final_BTO_Capping IS '500000.0' when fixed capping = '500000' ... Eligibility Capping is calculated Properly..!!!!
TC_11 : To verify that NTC with limit
IF Risk_Garde IS 'C' And Cibil_Score IS '-1' Than Final_BTO_Capping IS '500000.0' when fixed capping = '500000' ... Eligibility Capping is calculated Properly..!!!!
IF Risk_Garde IS 'C' And Cibil_Score IS '0' Than Final_BTO_Capping IS '500000.0' when fixed capping = '500000' ... Eligibility Capping is calculated Properly..!!!!
IF Risk_Garde IS 'C' And Cibil_Score IS '200' Than Final_BTO_Capping IS '500000.0' when fixed capping = '500000' ... Eligibility Capping is calculated Properly..!!!!
IF Risk_Garde IS 'C' And Cibil_Score IS '300' Than Final_BTO_Capping IS '500000.0' when fixed capping = '500000' ... Eligibility Capping is calculated Properly..!!!!
TC_11 : To verify that NTC with limit
IF Risk_Garde IS 'D' And Cibil_Score IS '-1' Than Final_BTO_Capping IS '408141.62' when fixed capping = '500000' ... Eligibility Capping is calculated Properly..!!!!
IF Risk_Garde IS 'D' And Cibil_Score IS '0' Than Final_BTO_Capping IS '408141.62' when fixed capping = '500000' ... Eligibility Capping is calculated Properly..!!!!
IF Risk_Garde IS 'D' And Cibil_Score IS '200' Than Final_BTO_Capping IS '408141.62' when fixed capping = '500000' ... Eligibility Capping is calculated Properly..!!!!
IF Risk_Garde IS 'D' And Cibil_Score IS '300' Than Final_BTO_Capping IS '408141.62' when fixed capping = '500000' ... Eligibility Capping is calculated Properly..!!!!
TC_11 : To verify that NTC with limit
IF Risk_Garde IS 'E' And Cibil_Score IS '-1' Than Final_BTO_Capping IS '408141.62' when fixed capping = '500000' ... Eligibility Capping is calculated Properly..!!!!
IF Risk_Garde IS 'E' And Cibil_Score IS '0' Than Final_BTO_Capping IS '408141.62' when fixed capping = '500000' ... Eligibility Capping is calculated Properly..!!!!
IF Risk_Garde IS 'E' And Cibil_Score IS '200' Than Final_BTO_Capping IS '408141.62' when fixed capping = '500000' ... Eligibility Capping is calculated Properly..!!!!
IF Risk_Garde IS 'E' And Cibil_Score IS '300' Than Final_BTO_Capping IS '408141.62' when fixed capping = '500000' ... Eligibility Capping is calculated Properly..!!!!
TC_11 : To verify that NTC with limit
IF Risk_Garde IS 'NA' And Cibil_Score IS '-1' Than Final_BTO_Capping IS '0.0' when fixed capping = '500000' ... Eligibility Capping is calculated Properly..!!!!
IF Risk_Garde IS 'NA' And Cibil_Score IS '0' Than Final_BTO_Capping IS '0.0' when fixed capping = '500000' ... Eligibility Capping is calculated Properly..!!!!
IF Risk_Garde IS 'NA' And Cibil_Score IS '200' Than Final_BTO_Capping IS '0.0' when fixed capping = '500000' ... Eligibility Capping is calculated Properly..!!!!
IF Risk_Garde IS 'NA' And Cibil_Score IS '300' Than Final_BTO_Capping IS '0.0' when fixed capping = '500000' ... Eligibility Capping is calculated Properly..!!!!
TC_12 : To verify that When ODCC, Policy SMFG_Direct (only ABB)
ABB Capping = 133945.86 And Grade = Awhen fixed capping =1000000  Eligibility is getting calculated properly..!!!
TC_12 : To verify that When ODCC, Policy SMFG_Direct (only ABB)
ABB Capping = 94959.892 And Grade = Bwhen fixed capping =1000000  Eligibility is getting calculated properly..!!!
TC_12 : To verify that When ODCC, Policy SMFG_Direct (only ABB)
ABB Capping = 65559.0675 And Grade = Cwhen fixed capping =1000000  Eligibility is getting calculated properly..!!!
TC_12 : To verify that When ODCC, Policy SMFG_Direct (only ABB)
ABB Capping = 45626.6175 And Grade = Dwhen fixed capping =1000000  Eligibility is getting calculated properly..!!!
TC_12 : To verify that When ODCC, Policy SMFG_Direct (only ABB)
ABB Capping = 0.0 And Grade = Ewhen fixed capping =1000000  Eligibility is getting calculated properly..!!!
TC_12 : To verify that When ODCC, Policy SMFG_Direct (only ABB)
ABB Capping = 0.0 And Grade = NAwhen fixed capping =1000000  Eligibility is getting calculated properly..!!!
TC_13 : To verify that When experiment is Both Rented, Policy SMFG_Direct and account is NTC
IF Risk_Garde IS 'A' And Cibil_Score IS '-1' Experiment Is Both_Rented Then Final_BTO_Capping IS '500000.0' when fixed capping = '500000' ... Eligibility Capping is calculated Properly..!!!!
IF Risk_Garde IS 'A' And Cibil_Score IS '0' Experiment Is Both_Rented Then Final_BTO_Capping IS '500000.0' when fixed capping = '500000' ... Eligibility Capping is calculated Properly..!!!!
IF Risk_Garde IS 'A' And Cibil_Score IS '200' Experiment Is Both_Rented Then Final_BTO_Capping IS '500000.0' when fixed capping = '500000' ... Eligibility Capping is calculated Properly..!!!!
Eligibility is not getting calculated properly..!!!
TC_13 : To verify that When experiment is Both Rented, Policy SMFG_Direct and account is NTC
IF Risk_Garde IS 'B' And Cibil_Score IS '-1' Experiment Is Both_Rented Then Final_BTO_Capping IS '500000.0' when fixed capping = '500000' ... Eligibility Capping is calculated Properly..!!!!
IF Risk_Garde IS 'B' And Cibil_Score IS '0' Experiment Is Both_Rented Then Final_BTO_Capping IS '500000.0' when fixed capping = '500000' ... Eligibility Capping is calculated Properly..!!!!
IF Risk_Garde IS 'B' And Cibil_Score IS '200' Experiment Is Both_Rented Then Final_BTO_Capping IS '500000.0' when fixed capping = '500000' ... Eligibility Capping is calculated Properly..!!!!
Eligibility is not getting calculated properly..!!!
TC_13 : To verify that When experiment is Both Rented, Policy SMFG_Direct and account is NTC
IF Risk_Garde IS 'C' And Cibil_Score IS '-1' Experiment Is Both_Rented Then Final_BTO_Capping IS '500000.0' when fixed capping = '500000' ... Eligibility Capping is calculated Properly..!!!!
IF Risk_Garde IS 'C' And Cibil_Score IS '0' Experiment Is Both_Rented Then Final_BTO_Capping IS '500000.0' when fixed capping = '500000' ... Eligibility Capping is calculated Properly..!!!!
IF Risk_Garde IS 'C' And Cibil_Score IS '200' Experiment Is Both_Rented Then Final_BTO_Capping IS '500000.0' when fixed capping = '500000' ... Eligibility Capping is calculated Properly..!!!!
Eligibility is not getting calculated properly..!!!
TC_13 : To verify that When experiment is Both Rented, Policy SMFG_Direct and account is NTC
IF Risk_Garde IS 'D' And Cibil_Score IS '-1' Experiment Is Both_Rented Then Final_BTO_Capping IS '500000.0' when fixed capping = '500000' ... Eligibility Capping is calculated Properly..!!!!
IF Risk_Garde IS 'D' And Cibil_Score IS '0' Experiment Is Both_Rented Then Final_BTO_Capping IS '500000.0' when fixed capping = '500000' ... Eligibility Capping is calculated Properly..!!!!
IF Risk_Garde IS 'D' And Cibil_Score IS '200' Experiment Is Both_Rented Then Final_BTO_Capping IS '500000.0' when fixed capping = '500000' ... Eligibility Capping is calculated Properly..!!!!
Eligibility is not getting calculated properly..!!!
TC_13 : To verify that When experiment is Both Rented, Policy SMFG_Direct and account is NTC
IF Risk_Garde IS 'E' And Cibil_Score IS '-1' Experiment Is Both_Rented Then Final_BTO_Capping IS '500000.0' when fixed capping = '500000' ... Eligibility Capping is calculated Properly..!!!!
IF Risk_Garde IS 'E' And Cibil_Score IS '0' Experiment Is Both_Rented Then Final_BTO_Capping IS '500000.0' when fixed capping = '500000' ... Eligibility Capping is calculated Properly..!!!!
IF Risk_Garde IS 'E' And Cibil_Score IS '200' Experiment Is Both_Rented Then Final_BTO_Capping IS '500000.0' when fixed capping = '500000' ... Eligibility Capping is calculated Properly..!!!!
Eligibility is not getting calculated properly..!!!
TC_13 : To verify that When experiment is Both Rented, Policy SMFG_Direct and account is NTC
IF Risk_Garde IS 'NA' And Cibil_Score IS '-1' Experiment Is Both_Rented Then Final_BTO_Capping IS '0.0' when fixed capping = '500000' ... Eligibility Capping is calculated Properly..!!!!
IF Risk_Garde IS 'NA' And Cibil_Score IS '0' Experiment Is Both_Rented Then Final_BTO_Capping IS '0.0' when fixed capping = '500000' ... Eligibility Capping is calculated Properly..!!!!
IF Risk_Garde IS 'NA' And Cibil_Score IS '200' Experiment Is Both_Rented Then Final_BTO_Capping IS '0.0' when fixed capping = '500000' ... Eligibility Capping is calculated Properly..!!!!
IF Risk_Garde IS 'NA' And Cibil_Score IS '300' Experiment Is Both_Rented Then Final_BTO_Capping IS '0.0' when fixed capping = '500000' ... Eligibility Capping is calculated Properly..!!!!
TC_14 : To verify that When experiment is Both Rented, Policy SMFG_Direct and account is Thin cibil
IF Risk_Garde IS 'A Than Final_BTO_Capping IS '1000000.0' when fixed capping = '500000'  ... Eligibility Capping is calculated Properly..!!!!
TC_14 : To verify that When experiment is Both Rented, Policy SMFG_Direct and account is Thin cibil
IF Risk_Garde IS 'B Than Final_BTO_Capping IS '800000.0' when fixed capping = '500000'  ... Eligibility Capping is calculated Properly..!!!!
TC_14 : To verify that When experiment is Both Rented, Policy SMFG_Direct and account is Thin cibil
IF Risk_Garde IS 'C Than Final_BTO_Capping IS '600000.0' when fixed capping = '500000'  ... Eligibility Capping is calculated Properly..!!!!
TC_14 : To verify that When experiment is Both Rented, Policy SMFG_Direct and account is Thin cibil
IF Risk_Garde IS 'D Than Final_BTO_Capping IS '0.0' when fixed capping = '500000'  ... Eligibility Capping is calculated Properly..!!!!
TC_14 : To verify that When experiment is Both Rented, Policy SMFG_Direct and account is Thin cibil
IF Risk_Garde IS 'E Than Final_BTO_Capping IS '0.0' when fixed capping = '500000'  ... Eligibility Capping is calculated Properly..!!!!
TC_14 : To verify that When experiment is Both Rented, Policy SMFG_Direct and account is Thin cibil
IF Risk_Garde IS 'NA Than Final_BTO_Capping IS '0.0' when fixed capping = '500000'  ... Eligibility Capping is calculated Properly..!!!!
TC_01 : To verify that When experiment is Both Rented, Policy SMFG_Direct and account is ODCC
 Risk Grade Is 'A'  And Experiment Is Both Rented Then ODCC Capping Is '191351.23' when fixed capping = '1000000'  ... Eligibility is getting calculated Properly.!!! 
TC_01 : To verify that When experiment is Both Rented, Policy SMFG_Direct and account is ODCC
 Risk Grade Is 'B'  And Experiment Is Both Rented Then ODCC Capping Is '135656.98' when fixed capping = '1000000'  ... Eligibility is getting calculated Properly.!!! 
TC_01 : To verify that When experiment is Both Rented, Policy SMFG_Direct and account is ODCC
 Risk Grade Is 'C'  And Experiment Is Both Rented Then ODCC Capping Is '93655.82' when fixed capping = '1000000'  ... Eligibility is getting calculated Properly.!!! 
TC_01 : To verify that When experiment is Both Rented, Policy SMFG_Direct and account is ODCC
 Risk Grade Is 'D'  And Experiment Is Both Rented Then ODCC Capping Is '0.0' when fixed capping = '1000000'  ... Eligibility is getting calculated Properly.!!! 
TC_01 : To verify that When experiment is Both Rented, Policy SMFG_Direct and account is ODCC
 Risk Grade Is 'E'  And Experiment Is Both Rented Then ODCC Capping Is '0.0' when fixed capping = '1000000'  ... Eligibility is getting calculated Properly.!!! 
TC_01 : To verify that When experiment is Both Rented, Policy SMFG_Direct and account is ODCC
 Risk Grade Is 'NA'  And Experiment Is Both Rented Then ODCC Capping Is '0.0' when fixed capping = '0'  ... Eligibility is getting calculated Properly.!!! ]]>
  </system-out>
</testsuite> <!-- Eligibility_Automation.Smfg_Direct -->
